Log file open, 04/27/15 16:15:01
LogInit:Display: Running engine for game: MyThirdPersonGame
LogInit: Version: 4.7.5-2503383+++depot+UE4-Releases+4.7
LogInit: API Version: 2455222
LogInit: Compiled (64-bit): Apr  6 2015 23:21:51
LogInit: Compiled with Visual C++: 18.00.21005.01
LogInit: Build Configuration: Development
LogInit: Branch Name: ++depot+UE4-Releases+4.7
LogInit: Command line: 
LogInit: Base directory: C:/Program Files/Epic Games/4.7/Engine/Binaries/Win64/
LogInit: Rocket: 1
[2015.04.27-23.15.01:041][  0]LogTaskGraph: Started task graph with 3 named threads and 4 total threads.
[2015.04.27-23.15.01:119][  0]LogOnline:Warning: No default platform service specified for OnlineSubsystem
[2015.04.27-23.15.01:177][  0]LogInit: Presizing for 0 objects not considered by GC, pre-allocating 0 bytes.
[2015.04.27-23.15.01:210][  0]LogInit: Object subsystem initialized
[2015.04.27-23.15.01:216][  0]LogConsoleResponse:Warning: Skipping Unknown console variable: 'TranslucentSortAxis = (X=0.000000,Y=-1.000000,Z=0.000000)'
[2015.04.27-23.15.01:216][  0]LogConsoleResponse:Warning:   Found in ini file 'C:/Users/Dean/Documents/Unreal Projects/MyThirdPersonGame/Saved/Config/Windows/Engine.ini', in section '[/Script/Engine.RendererSettings]'
[2015.04.27-23.15.01:217][  0]LogConsoleResponse:Warning: Skipping Unknown console variable: 'UIScaleRule = ShortestSide'
[2015.04.27-23.15.01:217][  0]LogConsoleResponse:Warning:   Found in ini file 'C:/Users/Dean/Documents/Unreal Projects/MyThirdPersonGame/Saved/Config/Windows/Engine.ini', in section '[/Script/Engine.RendererSettings]'
[2015.04.27-23.15.01:217][  0]LogConsoleResponse:Warning: Skipping Unknown console variable: 'UIScaleCurve = (EditorCurveData=(Keys=),ExternalCurve=None)'
[2015.04.27-23.15.01:217][  0]LogConsoleResponse:Warning:   Found in ini file 'C:/Users/Dean/Documents/Unreal Projects/MyThirdPersonGame/Saved/Config/Windows/Engine.ini', in section '[/Script/Engine.RendererSettings]'
[2015.04.27-23.15.01:218][  0]LogInit: Selected Device Profile: [Windows]
[2015.04.27-23.15.01:218][  0]LogInit: Applying CVar settings loaded from the selected device profile: [Windows]
[2015.04.27-23.15.01:257][  0]LogInit: Computer: DEAN
[2015.04.27-23.15.01:257][  0]LogInit: User: Dean
[2015.04.27-23.15.01:257][  0]LogInit: CPU Page size=4096, Cores=2
[2015.04.27-23.15.01:257][  0]LogInit: High frequency timer resolution =2.338336 MHz
[2015.04.27-23.15.01:257][  0]LogMemory: Memory total: Physical=7.9GB (8GB approx) Virtual=131072.0GB
[2015.04.27-23.15.01:258][  0]LogMemory: Platform Memory Stats for Windows
[2015.04.27-23.15.01:258][  0]LogMemory: Process Physical Memory: 46.49 MB used, 46.49 MB peak
[2015.04.27-23.15.01:258][  0]LogMemory: Process Virtual Memory: 24.72 MB used, 24.73 MB peak
[2015.04.27-23.15.01:258][  0]LogMemory: Physical Memory: 2591.22 MB used, 8075.46 MB total
[2015.04.27-23.15.01:258][  0]LogMemory: Virtual Memory: 286.87 MB used, 134217728.00 MB total
[2015.04.27-23.15.01:846][  0]LogD3D11RHI: Found D3D11 adapter 0: Intel(R) HD Graphics Family (Feature Level 11_0)
[2015.04.27-23.15.01:846][  0]LogD3D11RHI: Adapter has 32MB of dedicated video memory, 0MB of dedicated system memory, and 1760MB of shared system memory, 1 output[s]
[2015.04.27-23.15.01:892][  0]LogD3D11RHI: Found D3D11 adapter 1: NVIDIA GeForce GT 740M             (Feature Level 11_0)
[2015.04.27-23.15.01:892][  0]LogD3D11RHI: Adapter has 1972MB of dedicated video memory, 0MB of dedicated system memory, and 2048MB of shared system memory, 0 output[s]
[2015.04.27-23.15.01:896][  0]LogD3D11RHI: Found D3D11 adapter 2: Microsoft Basic Render Driver (Feature Level 11_0)
[2015.04.27-23.15.01:896][  0]LogD3D11RHI: Adapter has 0MB of dedicated video memory, 0MB of dedicated system memory, and 256MB of shared system memory, 0 output[s]
[2015.04.27-23.15.01:896][  0]LogD3D11RHI: Chosen D3D11 Adapter Id = 0
[2015.04.27-23.15.01:909][  0]LogRHI: Texture pool is 638 MB (70% of 912 MB)
[2015.04.27-23.15.01:949][  0]LogD3D11RHI: Async texture creation enabled
[2015.04.27-23.15.02:093][  0]LogTextLocalizationManager: The requested culture ('en_US') has no localization data; parent culture's ('en') localization data will be used.
[2015.04.27-23.15.02:330][  0]LogTextLocalizationManager:Warning: Loading localization resources contain conflicting entries for (Namespace:UICommands, Key:Save_ToolTip):
Resource: (C:/Program Files/Epic Games/4.7/Engine/Content/Localization/Editor/en/Editor.locres) Hash: (-29098895) String: (Saves the current level to disk)
Resource: (C:/Program Files/Epic Games/4.7/Engine/Content/Localization/Engine/en/Engine.locres) Hash: (-1280300587) String: (Save selected data to vlog file)
[2015.04.27-23.15.02:330][  0]LogTextLocalizationManager:Warning: Loading localization resources contain conflicting entries for (Namespace:ContentBrowser, Key:ImportAssetToolTip):
Resource: (C:/Program Files/Epic Games/4.7/Engine/Content/Localization/Editor/en/Editor.locres) Hash: (-630476809) String: (Import to {0}...)
Resource: (C:/Program Files/Epic Games/4.7/Engine/Content/Localization/Editor/en/Editor.locres) Hash: (1271782899) String: (Imports an asset from file to this folder.)
[2015.04.27-23.15.02:609][  0]LogContentStreaming: Texture pool size is 0.000000MB
[2015.04.27-23.15.11:582][  0]LogTargetPlatformManager:Display: Building Assets For Windows
[2015.04.27-23.15.13:976][  0]LogTargetPlatformManager:Display: Building Assets For Windows
[2015.04.27-23.15.14:248][  0]LogDerivedDataCache:Display: Max Cache Size: 512 MB
[2015.04.27-23.15.14:380][  0]LogDerivedDataCache: Loaded boot cache 0.13s 39MB C:/Users/Dean/AppData/Local/UnrealEngine/4.7/DerivedDataCache/Boot.ddc.
[2015.04.27-23.15.14:380][  0]LogDerivedDataCache:Display: Loaded Boot cache: C:/Users/Dean/AppData/Local/UnrealEngine/4.7/DerivedDataCache/Boot.ddc
[2015.04.27-23.15.14:380][  0]LogDerivedDataCache: FDerivedDataBackendGraph:  Pak pak cache file ../../../../../../Users/Dean/Documents/Unreal Projects/MyThirdPersonGame/DerivedDataCache/DDC.ddp not found, will not use a pak cache.
[2015.04.27-23.15.14:380][  0]LogDerivedDataCache: Unable to find inner node Pak for hierarchical cache Hierarchy.
[2015.04.27-23.15.14:817][  0]LogDerivedDataCache:Display: Pak cache opened for reading ../../../Engine/DerivedDataCache/Compressed.ddp.
[2015.04.27-23.15.14:837][  0]LogDerivedDataCache: Using Local data cache path C:/Users/Dean/AppData/Local/UnrealEngine/Common/DerivedDataCache: Writable
[2015.04.27-23.15.15:932][  0]LogMeshUtilities: No automatic mesh reduction module available
[2015.04.27-23.15.15:932][  0]LogMeshUtilities: No automatic mesh merging module available
[2015.04.27-23.15.17:510][  0]LogInit: WinSock: version 1.1 (2.2), MaxSocks=32767, MaxUdp=65467
[2015.04.27-23.15.17:888][  0]LogSlate:Warning: Failed to load font data from '../../../Engine/Content/Slate/Fonts/Roboto-Italic.ttf'
[2015.04.27-23.15.21:625][  0]UdpMessaging: Initializing bridge on interface 0.0.0.0:0 to multicast group 230.0.0.1:6666.
[2015.04.27-23.15.22:434][  0]SourceControl: Info Source control is disabled
[2015.04.27-23.15.22:434][  0]SourceControl: Info Source control is disabled
[2015.04.27-23.15.22:435][  0]SourceControl: Info Source control is disabled
[2015.04.27-23.15.22:435][  0]LogSourceControl: RunCommandInternalRaw: 'git version'
[2015.04.27-23.15.22:435][  0]LogSourceControl: RunCommandInternalRaw: ExecProcess ReturnCode=2 OutResults=''
[2015.04.27-23.15.22:480][  0]SourceControl: Info Source control is disabled
[2015.04.27-23.15.23:396][  0]LogObj: 24232 objects as part of root set at end of initial load.
[2015.04.27-23.15.23:396][  0]LogUObjectAllocator: 5137176 out of 0 bytes used by permanent object pool.
[2015.04.27-23.15.23:693][  0]LogEngine: Initializing Engine...
[2015.04.27-23.15.26:242][  0]LogInit: XAudio2 using 'Speakers (Realtek High Definition Audio)' : 2 channels at 48 kHz using 32 bits per sample (channel mask 0x3)
[2015.04.27-23.15.26:297][  0]LogInit: FAudioDevice initialized.
[2015.04.27-23.15.26:478][  0]LogAIModule: Creating AISystem for world NewWorld
[2015.04.27-23.15.26:537][  0]LogDerivedDataCache: Saved boot cache 0.06s 39MB C:/Users/Dean/AppData/Local/UnrealEngine/4.7/DerivedDataCache/Boot.ddc.
[2015.04.27-23.15.26:547][  0]LogInit: Texture streaming: Enabled
[2015.04.27-23.15.26:968][  0]LogAnalytics: Creating configured Analytics provider AnalyticsET
[2015.04.27-23.15.26:968][  0]LogAnalytics: ET APIKey = Rocket.Release. APIServer = http://et2.epicgames.com/ET2/. AppVersion = 4.7.5-2503383+++depot+UE4-Releases+4.7
[2015.04.27-23.15.26:968][  0]LogAnalytics: ET APIKey = Rocket.Release. DataRouterUploadURL = https://datarouter-public-service-gamedev.ol.epicgames.net/datarouter/api/v1/public/data. AppVersion = 4.7.5-2503383+++depot+UE4-Releases+4.7
[2015.04.27-23.15.26:968][  0]LogAnalytics: SetUserId 910d50be45690666f5f2d593bf8be2f0|066eb542fbc44451808d2154e76a0e26|8364f941-f0a8-46f3-a7e2-f1f90b6af0a2
[2015.04.27-23.15.26:969][  0]LogAnalytics: AnalyticsET::StartSession [Rocket.Release]
[2015.04.27-23.15.27:079][  0]LogInit: Transaction tracking system initialized
[2015.04.27-23.15.28:059][  0]BlueprintLog: New page: Editor Load
[2015.04.27-23.15.28:210][  0]LogAssetRegistry: FAssetRegistry took 0.0116 seconds to start up
[2015.04.27-23.15.28:212][  0]LogDirectoryWatcher:Warning: Failed to begin reading directory changes for ../../../Engine/Plugins/Experimental/CharacterAI/Content/. Error: 0
[2015.04.27-23.15.31:354][  0]LogTargetPlatformManager:Display: Building Assets For Windows
[2015.04.27-23.15.32:811][  0]LogTargetPlatformManager:Display: Building Assets For Windows
[2015.04.27-23.15.34:304][  0]LogSlate:Warning: Failed to load font data from '../../../Engine/Content/Editor/Slate/Fonts/Roboto-Regular.ttf'
[2015.04.27-23.15.34:305][  0]LogSlate:Warning: Failed to load font data from '../../../Engine/Content/Editor/Slate/Fonts/Roboto-Bold.ttf'
[2015.04.27-23.15.34:317][  0]LogConsoleResponse:Display: 
[2015.04.27-23.15.38:976][  0]LogCook:Display: Done creating registry. It took  0.00s.
[2015.04.27-23.15.39:694][  0]SourceControl: Info Source control is disabled
[2015.04.27-23.15.39:694][  0]Cmd: MAP LOAD FILE="../../../../../../Users/Dean/Documents/Unreal Projects/MyThirdPersonGame/Content/StarterContent/Maps/Minimal_Default.umap" TEMPLATE=0 SHOWPROGRESS=1 FEATURELEVEL=3
[2015.04.27-23.15.40:129][  0]LightingResults: New page: Lighting Build
[2015.04.27-23.15.40:186][  0]MapCheck: New page: Map Check
[2015.04.27-23.15.40:186][  0]LightingResults: New page: Lighting Build
[2015.04.27-23.15.40:237][  0]LogParticles: Destroying 0 GPU particle simulations for FXSystem 0x00000048EFA30C20
[2015.04.27-23.15.50:172][  0]LogEditorServer: Finished looking for orphan Actors (0.000 secs)
[2015.04.27-23.15.50:234][  0]LogAIModule: Creating AISystem for world Minimal_Default
[2015.04.27-23.15.50:280][  0]Cmd: MAP CHECKDEP
[2015.04.27-23.15.50:280][  0]MapCheck: New page: Minimal_Default - Apr 27, 2015, 9:15:50 AM
[2015.04.27-23.15.50:986][  0]MapCheck: Info Map check complete: 0 Error(s), 0 Warning(s), took 706.111ms to complete.
[2015.04.27-23.15.50:987][  0]LogFileHelpers: Loading map 'Minimal_Default' took 11.292
[2015.04.27-23.15.51:707][  0]LogCollectionManager: Loaded 0 collections in 0.007318 seconds
[2015.04.27-23.15.51:784][  0]LogContentBrowser: Native class hierarchy populated in 0.0764 seconds. Added 1696 classes and 261 folders.
[2015.04.27-23.15.52:119][  0]LogContentBrowser: Native class hierarchy updated for 'SceneOutliner' in 0.0105 seconds. Added 1 classes and 2 folders.
[2015.04.27-23.15.52:954][  0]LogCrashTracker: Crashtracker disabled due to settings.
[2015.04.27-23.15.52:991][  0]LogSlate:Warning: Failed to load font data from 'Veranda'
[2015.04.27-23.15.53:098][  0]LogUObjectGlobals:Warning: Failed to find object 'Class None.'
[2015.04.27-23.15.53:238][  0]LogLoad: Full Startup: 57.42 seconds (BP compile: 1.97 seconds)
[2015.04.27-23.15.54:281][  0]LogRenderer:Warning: Reallocating scene render targets to support 856x376 (Frame:2).
[2015.04.27-23.15.57:798][  1]LogContentBrowser:Verbose: The content browser source was changed by the sources view to '/Game/StarterContent/Character'
[2015.04.27-23.16.00:153][ 21]LogAssetRegistry: Asset discovery search completed in 31.9548 seconds
[2015.04.27-23.16.09:160][248]LogActorComponent: UnregisterComponent: (/Engine/Transient.SkeletalMeshComponent_0) Not registered. Aborting.
[2015.04.27-23.16.09:298][248]LogActorComponent: UnregisterComponent: (/Engine/Transient.SkeletalMeshComponent_0) Not registered. Aborting.
[2015.04.27-23.16.09:298][248]LogActorComponent: RegisterComponentWithWorld: (/Engine/Transient.MaterialEditorMeshComponent_0) Already registered. Aborting.
[2015.04.27-23.16.09:372][248]LogMaterial: Missing cached shader map for material Character_Parent, compiling. 
[2015.04.27-23.16.09:555][248]LogActorComponent: UnregisterComponent: (/Engine/Transient.SkeletalMeshComponent_1) Not registered. Aborting.
[2015.04.27-23.16.09:782][248]LogActorComponent: UnregisterComponent: (/Engine/Transient.SkeletalMeshComponent_1) Not registered. Aborting.
[2015.04.27-23.16.09:782][248]LogActorComponent: RegisterComponentWithWorld: (/Engine/Transient.MaterialEditorMeshComponent_1) Already registered. Aborting.
[2015.04.27-23.16.09:783][248]LogActorComponent: UnregisterComponent: (/Engine/Transient.SkeletalMeshComponent_1) Not registered. Aborting.
[2015.04.27-23.16.09:783][248]LogActorComponent: RegisterComponentWithWorld: (/Engine/Transient.MaterialEditorMeshComponent_1) Already registered. Aborting.
[2015.04.27-23.16.09:806][248]LogMaterial: Missing cached shader map for material Character_Parent, compiling. 
[2015.04.27-23.16.09:869][248]LogMaterial: 0.000118 seconds spent updating 1 materials, 1 interfaces, 0 instances, 0 with static permutations.
[2015.04.27-23.16.09:898][248]LogMaterial: Missing cached shader map for material FMatExpressionPreview MaterialExpressionVectorParameter_1, compiling. 
[2015.04.27-23.16.14:260][396]LogMaterialEditor: Saving and Compiling material Character_Parent
[2015.04.27-23.16.18:277][396]LogMaterial: Missing cached shader map for material Character_Parent, compiling. 
[2015.04.27-23.16.18:365][396]LogMaterial: 0.000074 seconds spent updating 1 materials, 1 interfaces, 0 instances, 0 with static permutations.
[2015.04.27-23.16.18:448][396]LogMaterial: Missing cached shader map for material Character_Parent, compiling. 
[2015.04.27-23.16.18:540][396]LogMaterial: Missing cached shader map for material Character_Parent, compiling. 
[2015.04.27-23.16.18:596][396]LogMaterial: 0.011372 seconds spent updating 1 materials, 1 interfaces, 1 instances, 0 with static permutations.
[2015.04.27-23.16.39:263][396]LogSavePackage: Save=1510.080688ms
[2015.04.27-23.16.39:264][396]LogSavePackage: Moving '../../../../../../Users/Dean/Documents/Unreal Projects/MyThirdPersonGame/Saved/Character_Parent6571ED104FF980401784038AF2A51329.tmp' to '../../../../../../Users/Dean/Documents/Unreal Projects/MyThirdPersonGame/Content/StarterContent/Character/Character_Parent.uasset'
[2015.04.27-23.16.39:321][396]MaterialEditorStats: Info Base pass shader with only dynamic lighting: 76 instructions
[2015.04.27-23.16.39:321][396]MaterialEditorStats: Info Vertex shader: 31 instructions
[2015.04.27-23.16.39:321][396]MaterialEditorStats: Info Texture samplers: 3/16
[2015.04.27-23.16.42:171][504]LogRenderer:Warning: Reallocating scene render targets to support 992x616 (Frame:508).
[2015.04.27-23.16.45:257][609]LogActorComponent: UnregisterComponent: (/Engine/Transient.CharMoveComp) Not registered. Aborting.
[2015.04.27-23.16.45:369][609]LogParticles: Destroying 0 GPU particle simulations for FXSystem 0x00000048F484BBA0
[2015.04.27-23.16.45:370][609]LogParticles: Destroying 0 GPU particle simulations for FXSystem 0x00000048E6C825C0
[2015.04.27-23.16.46:001][609]LogSavePackage: Save=524.768494ms
[2015.04.27-23.16.46:001][609]LogSavePackage: Moving '../../../../../../Users/Dean/Documents/Unreal Projects/MyThirdPersonGame/Saved/Minimal_Default7AD18BFF44DBB8F0FF775882C2557931.tmp' to '../../../../../../Users/Dean/Documents/Unreal Projects/MyThirdPersonGame/Content/StarterContent/Maps/Minimal_Default.umap'
[2015.04.27-23.16.52:646][644]LogPlayLevel: PIE:  No blueprints needed recompiling
[2015.04.27-23.16.52:647][644]PIE: New page: PIE session: Minimal_Default (Apr 27, 2015, 9:16:52 AM)
[2015.04.27-23.16.52:663][644]LogPlayLevel: PIE: StaticDuplicateObject took: (0.014578s)
[2015.04.27-23.16.52:665][644]LogPlayLevel: PIE: World Init took: (0.001924s)
[2015.04.27-23.16.52:666][644]LogPlayLevel: PIE: Created PIE world by copying editor world from /Game/StarterContent/Maps/Minimal_Default.Minimal_Default to /Game/StarterContent/Maps/UEDPIE_0_Minimal_Default.Minimal_Default (0.017156s)
[2015.04.27-23.16.52:843][644]LogWorld: Game class is 'MyGame_C'
[2015.04.27-23.16.52:871][644]LogAIModule: Creating AISystem for world Minimal_Default
[2015.04.27-23.16.52:884][644]LogWorld: Bringing World /Game/StarterContent/Maps/UEDPIE_0_Minimal_Default.Minimal_Default up for play (max tick rate 60) at 2015.04.27-16.16.52
[2015.04.27-23.16.52:887][644]LogWorld: Bringing up level for play took: 0.014391
[2015.04.27-23.16.52:927][644]PIE: Info Play in editor start time for /Game/StarterContent/Maps/UEDPIE_0_Minimal_Default 1.045
[2015.04.27-23.16.58:349][812]Cmd: LevelEditor.ToggleImmersive
[2015.04.27-23.16.58:673][813]LogRenderer:Warning: Reallocating scene render targets to support 1368x728 (Frame:744).
[2015.04.27-23.17.24:551][406]LogActorComponent: UnregisterComponent: (/Engine/Transient.CharMoveComp) Not registered. Aborting.
[2015.04.27-23.17.24:655][406]LogParticles: Destroying 0 GPU particle simulations for FXSystem 0x00000048F48496C0
[2015.04.27-23.17.54:166][855]BlueprintLog: New page: Compile MyCharacter
[2015.04.27-23.17.54:419][855]LogActorComponent: UnregisterComponent: (/Engine/Transient.CharMoveComp) Not registered. Aborting.
[2015.04.27-23.17.54:570][855]BlueprintEditorCompileResults: Info [0178.75] Compile of MyCharacter successful! [in 403 ms]
[2015.04.27-23.17.57:683][877]LogSavePackage: Save=1649.117554ms
[2015.04.27-23.17.57:683][877]LogSavePackage: Moving '../../../../../../Users/Dean/Documents/Unreal Projects/MyThirdPersonGame/Saved/MyCharacterC06B9FAE46A2A65F13DFD28CC8FF1816.tmp' to '../../../../../../Users/Dean/Documents/Unreal Projects/MyThirdPersonGame/Content/StarterContent/Character/MyCharacter.uasset'
[2015.04.27-23.18.01:489][947]LogPlayLevel: PIE:  No blueprints needed recompiling
[2015.04.27-23.18.01:490][947]PIE: New page: PIE session: Minimal_Default (Apr 27, 2015, 9:18:01 AM)
[2015.04.27-23.18.01:506][947]LogPlayLevel: PIE: StaticDuplicateObject took: (0.015071s)
[2015.04.27-23.18.01:508][947]LogPlayLevel: PIE: World Init took: (0.001806s)
[2015.04.27-23.18.01:508][947]LogPlayLevel: PIE: Created PIE world by copying editor world from /Game/StarterContent/Maps/Minimal_Default.Minimal_Default to /Game/StarterContent/Maps/UEDPIE_0_Minimal_Default.Minimal_Default (0.017477s)
[2015.04.27-23.18.01:566][947]LogWorld: Game class is 'MyGame_C'
[2015.04.27-23.18.01:573][947]LogAIModule: Creating AISystem for world Minimal_Default
[2015.04.27-23.18.01:588][947]LogWorld: Bringing World /Game/StarterContent/Maps/UEDPIE_0_Minimal_Default.Minimal_Default up for play (max tick rate 60) at 2015.04.27-16.18.01
[2015.04.27-23.18.01:590][947]LogWorld: Bringing up level for play took: 0.014842
[2015.04.27-23.18.01:602][947]PIE: Info Play in editor start time for /Game/StarterContent/Maps/UEDPIE_0_Minimal_Default -0.28
[2015.04.27-23.18.03:981][ 20]Cmd: LevelEditor.ToggleImmersive
[2015.04.27-23.18.29:395][602]LogActorComponent: UnregisterComponent: (/Engine/Transient.CharMoveComp) Not registered. Aborting.
[2015.04.27-23.18.29:507][602]LogParticles: Destroying 0 GPU particle simulations for FXSystem 0x00000048E7945C60
[2015.04.27-23.18.29:508][602]LogParticles: Destroying 0 GPU particle simulations for FXSystem 0x00000048ED8F8D60
[2015.04.27-23.18.49:765][ 58]LogActorComponent: UnregisterComponent: (/Engine/Transient.CharMoveComp) Not registered. Aborting.
[2015.04.27-23.18.51:800][ 59]Cmd: QUIT_EDITOR
[2015.04.27-23.18.52:653][ 59]LogExit: Preparing to exit.
[2015.04.27-23.18.52:916][ 59]LogExit: Editor shut down
[2015.04.27-23.18.52:917][ 59]LogExit: Transaction tracking system shut down
[2015.04.27-23.18.52:921][ 59]LogParticles: Destroying 0 GPU particle simulations for FXSystem 0x00000048E6DD1A80
[2015.04.27-23.18.52:921][ 59]LogParticles: Destroying 0 GPU particle simulations for FXSystem 0x00000048F4CF9B20
[2015.04.27-23.18.52:922][ 59]LogParticles: Destroying 0 GPU particle simulations for FXSystem 0x00000048F644CFE0
[2015.04.27-23.18.52:922][ 59]LogParticles: Destroying 0 GPU particle simulations for FXSystem 0x00000048E6C711C0
[2015.04.27-23.18.52:922][ 59]LogParticles: Destroying 0 GPU particle simulations for FXSystem 0x00000048E463DBC0
[2015.04.27-23.18.52:923][ 59]LogParticles: Destroying 0 GPU particle simulations for FXSystem 0x00000048F6FCBCE0
[2015.04.27-23.18.53:139][ 59]LogExit: Object subsystem successfully closed.
[2015.04.27-23.18.53:319][ 59]LogModuleManager: Shutting down and abandoning module MaterialEditor (178)
[2015.04.27-23.18.53:319][ 59]LogModuleManager: Shutting down and abandoning module CrashTracker (177)
[2015.04.27-23.18.53:319][ 59]LogModuleManager: Shutting down and abandoning module SuperSearch (176)
[2015.04.27-23.18.53:319][ 59]LogModuleManager: Shutting down and abandoning module SceneOutliner (175)
[2015.04.27-23.18.53:319][ 59]LogModuleManager: Shutting down and abandoning module EditorWidgets (174)
[2015.04.27-23.18.53:319][ 59]LogModuleManager: Shutting down and abandoning module CollectionManager (173)
[2015.04.27-23.18.53:319][ 59]LogModuleManager: Shutting down and abandoning module StatsViewer (172)
[2015.04.27-23.18.53:319][ 59]LogModuleManager: Shutting down and abandoning module FoliageEdit (171)
[2015.04.27-23.18.53:319][ 59]LogModuleManager: Shutting down and abandoning module LandscapeEditor (170)
[2015.04.27-23.18.53:320][ 59]LogModuleManager: Shutting down and abandoning module MeshPaint (169)
[2015.04.27-23.18.53:320][ 59]LogModuleManager: Shutting down and abandoning module ActorPickerMode (168)
[2015.04.27-23.18.53:320][ 59]LogModuleManager: Shutting down and abandoning module GeometryMode (167)
[2015.04.27-23.18.53:320][ 59]LogModuleManager: Shutting down and abandoning module TextureAlignMode (166)
[2015.04.27-23.18.53:320][ 59]LogModuleManager: Shutting down and abandoning module BspMode (165)
[2015.04.27-23.18.53:320][ 59]LogModuleManager: Shutting down and abandoning module PlacementMode (164)
[2015.04.27-23.18.53:320][ 59]LogModuleManager: Shutting down and abandoning module AutomationWorker (163)
[2015.04.27-23.18.53:320][ 59]LogModuleManager: Shutting down and abandoning module CharacterAI (162)
[2015.04.27-23.18.53:320][ 59]LogModuleManager: Shutting down and abandoning module SmartSnapping (161)
[2015.04.27-23.18.53:320][ 59]LogModuleManager: Shutting down and abandoning module ViewportSnapping (160)
[2015.04.27-23.18.53:320][ 59]LogModuleManager: Shutting down and abandoning module LogVisualizer (159)
[2015.04.27-23.18.53:320][ 59]LogModuleManager: Shutting down and abandoning module GameProjectGeneration (158)
[2015.04.27-23.18.53:320][ 59]LogModuleManager: Shutting down and abandoning module IntroTutorials (157)
[2015.04.27-23.18.53:321][ 59]LogModuleManager: Shutting down and abandoning module EditorLiveStreaming (156)
[2015.04.27-23.18.53:321][ 59]LogModuleManager: Shutting down and abandoning module HardwareTargeting (155)
[2015.04.27-23.18.53:321][ 59]LogModuleManager: Shutting down and abandoning module DeviceProfileEditor (154)
[2015.04.27-23.18.53:321][ 59]LogModuleManager: Shutting down and abandoning module UndoHistory (153)
[2015.04.27-23.18.53:321][ 59]LogModuleManager: Shutting down and abandoning module GameplayTagsEditor (152)
[2015.04.27-23.18.53:321][ 59]LogModuleManager: Shutting down and abandoning module UserFeedback (151)
[2015.04.27-23.18.53:321][ 59]LogModuleManager: Shutting down and abandoning module XmlParser (150)
[2015.04.27-23.18.53:321][ 59]LogModuleManager: Shutting down and abandoning module Blutility (149)
[2015.04.27-23.18.53:321][ 59]LogModuleManager: Shutting down and abandoning module IOSPlatformEditor (148)
[2015.04.27-23.18.53:321][ 59]LogModuleManager: Shutting down and abandoning module IOSRuntimeSettings (147)
[2015.04.27-23.18.53:321][ 59]LogModuleManager: Shutting down and abandoning module AndroidDeviceDetection (146)
[2015.04.27-23.18.54:284][ 59]LogModuleManager: Shutting down and abandoning module AndroidPlatformEditor (145)
[2015.04.27-23.18.54:284][ 59]LogModuleManager: Shutting down and abandoning module AndroidRuntimeSettings (144)
[2015.04.27-23.18.54:284][ 59]LogModuleManager: Shutting down and abandoning module ProjectTargetPlatformEditor (143)
[2015.04.27-23.18.54:285][ 59]LogModuleManager: Shutting down and abandoning module ProjectSettingsViewer (142)
[2015.04.27-23.18.54:285][ 59]LogModuleManager: Shutting down and abandoning module InputBindingEditor (141)
[2015.04.27-23.18.54:285][ 59]LogModuleManager: Shutting down and abandoning module EditorSettingsViewer (140)
[2015.04.27-23.18.54:285][ 59]LogModuleManager: Shutting down and abandoning module SettingsEditor (139)
[2015.04.27-23.18.54:285][ 59]LogModuleManager: Shutting down and abandoning module ProjectLauncher (138)
[2015.04.27-23.18.54:285][ 59]LogModuleManager: Shutting down and abandoning module SessionFrontend (137)
[2015.04.27-23.18.54:285][ 59]LogModuleManager: Shutting down and abandoning module ProfilerClient (136)
[2015.04.27-23.18.54:285][ 59]LogModuleManager: Shutting down and abandoning module TargetDeviceServices (135)
[2015.04.27-23.18.54:285][ 59]LogModuleManager: Shutting down and abandoning module DeviceManager (134)
[2015.04.27-23.18.54:286][ 59]LogModuleManager: Shutting down and abandoning module AutomationController (133)
[2015.04.27-23.18.54:286][ 59]LogModuleManager: Shutting down and abandoning module AutomationWindow (132)
[2015.04.27-23.18.54:286][ 59]LogModuleManager: Shutting down and abandoning module Layers (131)
[2015.04.27-23.18.54:286][ 59]LogModuleManager: Shutting down and abandoning module ComponentVisualizers (130)
[2015.04.27-23.18.54:286][ 59]LogModuleManager: Shutting down and abandoning module DetailCustomizations (129)
[2015.04.27-23.18.54:286][ 59]LogModuleManager: Shutting down and abandoning module PackagesDialog (128)
[2015.04.27-23.18.54:287][ 59]LogModuleManager: Shutting down and abandoning module AssetRegistry (127)
[2015.04.27-23.18.54:450][ 59]LogModuleManager: Shutting down and abandoning module Persona (126)
[2015.04.27-23.18.54:450][ 59]LogModuleManager: Shutting down and abandoning module SlateReflector (125)
[2015.04.27-23.18.54:450][ 59]LogModuleManager: Shutting down and abandoning module LevelEditor (124)
[2015.04.27-23.18.54:453][ 59]LogModuleManager: Shutting down and abandoning module Kismet (123)
[2015.04.27-23.18.54:453][ 59]LogModuleManager: Shutting down and abandoning module GraphEditor (122)
[2015.04.27-23.18.54:453][ 59]LogModuleManager: Shutting down and abandoning module ClassViewer (121)
[2015.04.27-23.18.54:453][ 59]LogModuleManager: Shutting down and abandoning module Toolbox (120)
[2015.04.27-23.18.54:453][ 59]LogModuleManager: Shutting down and abandoning module ModuleUI (119)
[2015.04.27-23.18.54:453][ 59]LogModuleManager: Shutting down and abandoning module MovieSceneTools (118)
[2015.04.27-23.18.54:453][ 59]LogModuleManager: Shutting down and abandoning module OutputLog (117)
[2015.04.27-23.18.54:453][ 59]LogModuleManager: Shutting down and abandoning module GammaUI (116)
[2015.04.27-23.18.54:453][ 59]LogModuleManager: Shutting down and abandoning module Documentation (115)
[2015.04.27-23.18.54:454][ 59]LogModuleManager: Shutting down and abandoning module GameLiveStreaming (114)
[2015.04.27-23.18.54:454][ 59]LogModuleManager: Shutting down and abandoning module StreamingPauseRendering (113)
[2015.04.27-23.18.54:454][ 59]LogModuleManager: Shutting down and abandoning module HTTP (112)
[2015.04.27-23.18.54:454][ 59]LogModuleManager: Shutting down and abandoning module AnalyticsET (111)
[2015.04.27-23.18.54:454][ 59]LogModuleManager: Shutting down and abandoning module Analytics (110)
[2015.04.27-23.18.54:454][ 59]LogModuleManager: Shutting down and abandoning module AITestSuite (109)
[2015.04.27-23.18.54:454][ 59]LogModuleManager: Shutting down and abandoning module GameplayDebugger (108)
[2015.04.27-23.18.54:454][ 59]LogModuleManager: Shutting down and abandoning module AIModule (107)
[2015.04.27-23.18.54:454][ 59]LogModuleManager: Shutting down and abandoning module ProfilerService (106)
[2015.04.27-23.18.54:691][ 59]LogModuleManager: Shutting down and abandoning module TaskGraph (105)
[2015.04.27-23.18.54:691][ 59]LogModuleManager: Shutting down and abandoning module SlateRemote (104)
[2015.04.27-23.18.54:691][ 59]LogModuleManager: Shutting down and abandoning module ScriptEditorPlugin (103)
[2015.04.27-23.18.54:691][ 59]LogModuleManager: Shutting down and abandoning module CustomMeshComponent (102)
[2015.04.27-23.18.54:692][ 59]LogModuleManager: Shutting down and abandoning module CableComponent (101)
[2015.04.27-23.18.54:692][ 59]LogModuleManager: Shutting down and abandoning module MessagingDebugger (100)
[2015.04.27-23.18.54:692][ 59]LogModuleManager: Shutting down and abandoning module MediaPlayerEditor (99)
[2015.04.27-23.18.54:692][ 59]LogModuleManager: Shutting down and abandoning module SpeedTreeImporter (98)
[2015.04.27-23.18.54:692][ 59]LogModuleManager: Shutting down and abandoning module PluginsEditor (97)
[2015.04.27-23.18.54:692][ 59]LogModuleManager: Shutting down and abandoning module MainFrame (96)
[2015.04.27-23.18.54:692][ 59]LogModuleManager: Shutting down and abandoning module EpicSurvey (95)
[2015.04.27-23.18.54:692][ 59]LogModuleManager: Shutting down and abandoning module DesktopPlatform (94)
[2015.04.27-23.18.54:692][ 59]LogModuleManager: Shutting down and abandoning module DirectoryWatcher (93)
[2015.04.27-23.18.54:693][ 59]LogModuleManager: Shutting down and abandoning module HotReload (92)
[2015.04.27-23.18.54:693][ 59]LogModuleManager: Shutting down and abandoning module VisualStudioSourceCodeAccess (91)
[2015.04.27-23.18.54:693][ 59]LogModuleManager: Shutting down and abandoning module UObjectPlugin (90)
[2015.04.27-23.18.54:693][ 59]LogModuleManager: Shutting down and abandoning module SubversionSourceControl (89)
[2015.04.27-23.18.54:693][ 59]LogModuleManager: Shutting down and abandoning module PerforceSourceControl (88)
[2015.04.27-23.18.54:693][ 59]LogModuleManager: Shutting down and abandoning module SourceControl (87)
[2015.04.27-23.18.54:693][ 59]LogModuleManager: Shutting down and abandoning module GitSourceControl (86)
[2015.04.27-23.18.54:693][ 59]LogModuleManager: Shutting down and abandoning module BlankPlugin (85)
[2015.04.27-23.18.54:693][ 59]LogModuleManager: Shutting down and abandoning module PaperTiledImporter (84)
[2015.04.27-23.18.54:693][ 59]LogModuleManager: Shutting down and abandoning module PaperJsonImporter (83)
[2015.04.27-23.18.54:693][ 59]LogModuleManager: Shutting down and abandoning module ContentBrowser (82)
[2015.04.27-23.18.54:695][ 59]LogModuleManager: Shutting down and abandoning module Paper2DEditor (81)
[2015.04.27-23.18.54:696][ 59]LogModuleManager: Shutting down and abandoning module ScriptPlugin (80)
[2015.04.27-23.18.54:696][ 59]LogModuleManager: Shutting down and abandoning module UdpMessaging (79)
[2015.04.27-23.18.54:798][ 59]LogModuleManager: Shutting down and abandoning module Paper2D (78)
[2015.04.27-23.18.54:798][ 59]LogModuleManager: Shutting down and abandoning module WindowsMoviePlayer (77)
[2015.04.27-23.18.54:806][ 59]LogModuleManager: Shutting down and abandoning module Media (76)
[2015.04.27-23.18.54:806][ 59]LogModuleManager: Shutting down and abandoning module WmfMedia (75)
[2015.04.27-23.18.54:806][ 59]LogModuleManager: Shutting down and abandoning module OnlineBlueprintSupport (74)
[2015.04.27-23.18.54:806][ 59]LogModuleManager: Shutting down and abandoning module PropertyEditor (73)
[2015.04.27-23.18.54:806][ 59]LogModuleManager: Shutting down and abandoning module BehaviorTreeEditor (72)
[2015.04.27-23.18.54:806][ 59]LogModuleManager: Shutting down and abandoning module FunctionalTesting (71)
[2015.04.27-23.18.54:806][ 59]LogModuleManager: Shutting down and abandoning module CollisionAnalyzer (70)
[2015.04.27-23.18.54:806][ 59]LogModuleManager: Shutting down and abandoning module WorkspaceMenuStructure (69)
[2015.04.27-23.18.54:807][ 59]LogModuleManager: Shutting down and abandoning module MessageLog (68)
[2015.04.27-23.18.54:807][ 59]LogModuleManager: Shutting down and abandoning module Sequencer (67)
[2015.04.27-23.18.54:807][ 59]LogModuleManager: Shutting down and abandoning module AssetTools (66)
[2015.04.27-23.18.54:807][ 59]LogModuleManager: Shutting down and abandoning module UMGEditor (65)
[2015.04.27-23.18.54:807][ 59]LogModuleManager: Shutting down and abandoning module UMG (64)
[2015.04.27-23.18.54:807][ 59]LogModuleManager: Shutting down and abandoning module Slate (63)
[2015.04.27-23.18.54:807][ 59]LogModuleManager: Shutting down and abandoning module EditorStyle (62)
[2015.04.27-23.18.54:824][ 59]LogModuleManager: Shutting down and abandoning module SessionServices (61)
[2015.04.27-23.18.54:824][ 59]LogModuleManager: Shutting down and abandoning module SourceCodeAccess (60)
[2015.04.27-23.18.54:824][ 59]LogModuleManager: Shutting down and abandoning module HeadMountedDisplay (59)
[2015.04.27-23.18.54:824][ 59]LogModuleManager: Shutting down and abandoning module XAudio2 (58)
[2015.04.27-23.18.54:824][ 59]LogModuleManager: Shutting down and abandoning module Networking (56)
[2015.04.27-23.18.54:824][ 59]LogModuleManager: Shutting down and abandoning module Core (55)
[2015.04.27-23.18.54:824][ 59]LogModuleManager: Shutting down and abandoning module KismetCompiler (54)
[2015.04.27-23.18.54:824][ 59]LogModuleManager: Shutting down and abandoning module PhysXFormats (53)
[2015.04.27-23.18.54:824][ 59]LogModuleManager: Shutting down and abandoning module MeshUtilities (52)
[2015.04.27-23.18.54:824][ 59]LogModuleManager: Shutting down and abandoning module DerivedDataCache (51)
[2015.04.27-23.18.54:881][ 59]LogDerivedDataCache: Shutdown
[2015.04.27-23.18.54:881][ 59]LogModuleManager: Shutting down and abandoning module ShaderFormatOpenGL (50)
[2015.04.27-23.18.54:881][ 59]LogModuleManager: Shutting down and abandoning module ShaderFormatD3D (49)
[2015.04.27-23.18.54:881][ 59]LogModuleManager: Shutting down and abandoning module MetalShaderFormat (48)
[2015.04.27-23.18.54:881][ 59]LogModuleManager: Shutting down and abandoning module TextureFormatUncompressed (47)
[2015.04.27-23.18.54:881][ 59]LogModuleManager: Shutting down and abandoning module TextureFormatPVR (46)
[2015.04.27-23.18.54:881][ 59]LogModuleManager: Shutting down and abandoning module TextureFormatIntelISPCTexComp (45)
[2015.04.27-23.18.54:881][ 59]LogModuleManager: Shutting down and abandoning module TextureFormatDXT (44)
[2015.04.27-23.18.54:881][ 59]LogModuleManager: Shutting down and abandoning module ImageWrapper (43)
[2015.04.27-23.18.54:881][ 59]LogModuleManager: Shutting down and abandoning module TextureFormatASTC (42)
[2015.04.27-23.18.54:881][ 59]LogModuleManager: Shutting down and abandoning module TextureFormatAndroid (41)
[2015.04.27-23.18.54:881][ 59]LogModuleManager: Shutting down and abandoning module AudioFormatOpus (40)
[2015.04.27-23.18.54:882][ 59]LogModuleManager: Shutting down and abandoning module AudioFormatOgg (39)
[2015.04.27-23.18.54:882][ 59]LogModuleManager: Shutting down and abandoning module AudioFormatADPCM (38)
[2015.04.27-23.18.54:882][ 59]LogModuleManager: Shutting down and abandoning module LinuxTargetPlatform (37)
[2015.04.27-23.18.54:882][ 59]LogModuleManager: Shutting down and abandoning module LinuxServerTargetPlatform (36)
[2015.04.27-23.18.54:882][ 59]LogModuleManager: Shutting down and abandoning module LinuxNoEditorTargetPlatform (35)
[2015.04.27-23.18.54:882][ 59]LogModuleManager: Shutting down and abandoning module Messaging (34)
[2015.04.27-23.18.54:882][ 59]LogModuleManager: Shutting down and abandoning module IOSTargetPlatform (33)
[2015.04.27-23.18.54:882][ 59]LogModuleManager: Shutting down and abandoning module HTML5TargetPlatform (32)
[2015.04.27-23.18.54:882][ 59]LogModuleManager: Shutting down and abandoning module Android_PVRTCTargetPlatform (31)
[2015.04.27-23.18.54:882][ 59]LogModuleManager: Shutting down and abandoning module Android_ETC2TargetPlatform (30)
[2015.04.27-23.18.54:882][ 59]LogModuleManager: Shutting down and abandoning module Android_ETC1TargetPlatform (29)
[2015.04.27-23.18.54:882][ 59]LogModuleManager: Shutting down and abandoning module Android_ES31TargetPlatform (28)
[2015.04.27-23.18.54:882][ 59]LogModuleManager: Shutting down and abandoning module Android_DXTTargetPlatform (27)
[2015.04.27-23.18.54:882][ 59]LogModuleManager: Shutting down and abandoning module Android_ATCTargetPlatform (26)
[2015.04.27-23.18.54:882][ 59]LogModuleManager: Shutting down and abandoning module AndroidTargetPlatform (25)
[2015.04.27-23.18.54:882][ 59]LogModuleManager: Shutting down and abandoning module WindowsTargetPlatform (24)
[2015.04.27-23.18.54:882][ 59]LogModuleManager: Shutting down and abandoning module WindowsServerTargetPlatform (23)
[2015.04.27-23.18.54:882][ 59]LogModuleManager: Shutting down and abandoning module WindowsNoEditorTargetPlatform (22)
[2015.04.27-23.18.54:882][ 59]LogModuleManager: Shutting down and abandoning module WindowsClientTargetPlatform (21)
[2015.04.27-23.18.54:882][ 59]LogModuleManager: Shutting down and abandoning module TargetPlatform (20)
[2015.04.27-23.18.54:882][ 59]LogModuleManager: Shutting down and abandoning module InputCore (19)
[2015.04.27-23.18.54:883][ 59]LogModuleManager: Shutting down and abandoning module Settings (18)
[2015.04.27-23.18.54:883][ 59]LogModuleManager: Shutting down and abandoning module OnlineSubsystem (16)
[2015.04.27-23.18.54:883][ 59]LogModuleManager: Shutting down and abandoning module OculusRift (15)
[2015.04.27-23.18.54:883][ 59]LogModuleManager: Shutting down and abandoning module ExampleDeviceProfileSelector (14)
[2015.04.27-23.18.54:883][ 59]LogModuleManager: Shutting down and abandoning module TextureCompressor (13)
[2015.04.27-23.18.54:883][ 59]LogModuleManager: Shutting down and abandoning module ShaderCore (12)
[2015.04.27-23.18.54:883][ 59]LogModuleManager: Shutting down and abandoning module Landscape (11)
[2015.04.27-23.18.54:883][ 59]LogModuleManager: Shutting down and abandoning module SlateRHIRenderer (10)
[2015.04.27-23.18.54:890][ 59]LogModuleManager: Shutting down and abandoning module OpenGLDrv (9)
[2015.04.27-23.18.54:890][ 59]LogModuleManager: Shutting down and abandoning module D3D11RHI (8)
[2015.04.27-23.18.54:890][ 59]LogModuleManager: Shutting down and abandoning module Renderer (7)
[2015.04.27-23.18.54:890][ 59]LogModuleManager: Shutting down and abandoning module Engine (6)
[2015.04.27-23.18.54:890][ 59]LogModuleManager: Shutting down and abandoning module CoreUObject (5)
[2015.04.27-23.18.54:890][ 59]LogModuleManager: Shutting down and abandoning module NetworkFile (4)
[2015.04.27-23.18.54:890][ 59]LogModuleManager: Shutting down and abandoning module StreamingFile (3)
[2015.04.27-23.18.54:890][ 59]LogModuleManager: Shutting down and abandoning module SandboxFile (2)
[2015.04.27-23.18.54:890][ 59]LogModuleManager: Shutting down and abandoning module PakFile (1)
[2015.04.27-23.18.54:891][ 59]LogExit: Exiting.
[2015.04.27-23.18.54:907][ 59]Log file closed, 04/27/15 16:18:54
