Log file open, 04/28/15 12:22:14
LogInit:Display: Running engine for game: MyThirdPersonGame
LogInit: Version: 4.7.5-2503383+++depot+UE4-Releases+4.7
LogInit: API Version: 2455222
LogInit: Compiled (64-bit): Apr  6 2015 23:21:51
LogInit: Compiled with Visual C++: 18.00.21005.01
LogInit: Build Configuration: Development
LogInit: Branch Name: ++depot+UE4-Releases+4.7
LogInit: Command line: 
LogInit: Base directory: C:/Program Files/Epic Games/4.7/Engine/Binaries/Win64/
LogInit: Rocket: 1
[2015.04.28-19.22.14:305][  0]LogTaskGraph: Started task graph with 3 named threads and 4 total threads.
[2015.04.28-19.22.14:357][  0]LogOnline:Warning: No default platform service specified for OnlineSubsystem
[2015.04.28-19.22.14:389][  0]LogInit: Presizing for 0 objects not considered by GC, pre-allocating 0 bytes.
[2015.04.28-19.22.14:406][  0]LogInit: Object subsystem initialized
[2015.04.28-19.22.14:409][  0]LogConsoleResponse:Warning: Skipping Unknown console variable: 'TranslucentSortAxis = (X=0.000000,Y=-1.000000,Z=0.000000)'
[2015.04.28-19.22.14:409][  0]LogConsoleResponse:Warning:   Found in ini file 'C:/Users/Dean/Documents/Unreal Projects/MyThirdPersonGame/Saved/Config/Windows/Engine.ini', in section '[/Script/Engine.RendererSettings]'
[2015.04.28-19.22.14:410][  0]LogConsoleResponse:Warning: Skipping Unknown console variable: 'UIScaleRule = ShortestSide'
[2015.04.28-19.22.14:410][  0]LogConsoleResponse:Warning:   Found in ini file 'C:/Users/Dean/Documents/Unreal Projects/MyThirdPersonGame/Saved/Config/Windows/Engine.ini', in section '[/Script/Engine.RendererSettings]'
[2015.04.28-19.22.14:410][  0]LogConsoleResponse:Warning: Skipping Unknown console variable: 'UIScaleCurve = (EditorCurveData=(Keys=),ExternalCurve=None)'
[2015.04.28-19.22.14:410][  0]LogConsoleResponse:Warning:   Found in ini file 'C:/Users/Dean/Documents/Unreal Projects/MyThirdPersonGame/Saved/Config/Windows/Engine.ini', in section '[/Script/Engine.RendererSettings]'
[2015.04.28-19.22.14:410][  0]LogInit: Selected Device Profile: [Windows]
[2015.04.28-19.22.14:410][  0]LogInit: Applying CVar settings loaded from the selected device profile: [Windows]
[2015.04.28-19.22.14:423][  0]LogInit: Computer: DEAN
[2015.04.28-19.22.14:423][  0]LogInit: User: Dean
[2015.04.28-19.22.14:423][  0]LogInit: CPU Page size=4096, Cores=2
[2015.04.28-19.22.14:423][  0]LogInit: High frequency timer resolution =2.338336 MHz
[2015.04.28-19.22.14:423][  0]LogMemory: Memory total: Physical=7.9GB (8GB approx) Virtual=131072.0GB
[2015.04.28-19.22.14:424][  0]LogMemory: Platform Memory Stats for Windows
[2015.04.28-19.22.14:424][  0]LogMemory: Process Physical Memory: 46.57 MB used, 46.57 MB peak
[2015.04.28-19.22.14:424][  0]LogMemory: Process Virtual Memory: 26.66 MB used, 26.67 MB peak
[2015.04.28-19.22.14:424][  0]LogMemory: Physical Memory: 2912.16 MB used, 8075.46 MB total
[2015.04.28-19.22.14:424][  0]LogMemory: Virtual Memory: 288.80 MB used, 134217728.00 MB total
[2015.04.28-19.22.14:541][  0]LogD3D11RHI: Found D3D11 adapter 0: Intel(R) HD Graphics Family (Feature Level 11_0)
[2015.04.28-19.22.14:542][  0]LogD3D11RHI: Adapter has 32MB of dedicated video memory, 0MB of dedicated system memory, and 1760MB of shared system memory, 1 output[s]
[2015.04.28-19.22.14:565][  0]LogD3D11RHI: Found D3D11 adapter 1: NVIDIA GeForce GT 740M             (Feature Level 11_0)
[2015.04.28-19.22.14:565][  0]LogD3D11RHI: Adapter has 1972MB of dedicated video memory, 0MB of dedicated system memory, and 2048MB of shared system memory, 0 output[s]
[2015.04.28-19.22.14:568][  0]LogD3D11RHI: Found D3D11 adapter 2: Microsoft Basic Render Driver (Feature Level 11_0)
[2015.04.28-19.22.14:568][  0]LogD3D11RHI: Adapter has 0MB of dedicated video memory, 0MB of dedicated system memory, and 256MB of shared system memory, 0 output[s]
[2015.04.28-19.22.14:568][  0]LogD3D11RHI: Chosen D3D11 Adapter Id = 0
[2015.04.28-19.22.14:575][  0]LogRHI: Texture pool is 638 MB (70% of 912 MB)
[2015.04.28-19.22.14:597][  0]LogD3D11RHI: Async texture creation enabled
[2015.04.28-19.22.14:686][  0]LogTextLocalizationManager: The requested culture ('en_US') has no localization data; parent culture's ('en') localization data will be used.
[2015.04.28-19.22.14:804][  0]LogTextLocalizationManager:Warning: Loading localization resources contain conflicting entries for (Namespace:UICommands, Key:Save_ToolTip):
Resource: (C:/Program Files/Epic Games/4.7/Engine/Content/Localization/Editor/en/Editor.locres) Hash: (-29098895) String: (Saves the current level to disk)
Resource: (C:/Program Files/Epic Games/4.7/Engine/Content/Localization/Engine/en/Engine.locres) Hash: (-1280300587) String: (Save selected data to vlog file)
[2015.04.28-19.22.14:804][  0]LogTextLocalizationManager:Warning: Loading localization resources contain conflicting entries for (Namespace:ContentBrowser, Key:ImportAssetToolTip):
Resource: (C:/Program Files/Epic Games/4.7/Engine/Content/Localization/Editor/en/Editor.locres) Hash: (-630476809) String: (Import to {0}...)
Resource: (C:/Program Files/Epic Games/4.7/Engine/Content/Localization/Editor/en/Editor.locres) Hash: (1271782899) String: (Imports an asset from file to this folder.)
[2015.04.28-19.22.14:957][  0]LogContentStreaming: Texture pool size is 0.000000MB
[2015.04.28-19.22.19:716][  0]LogTargetPlatformManager:Display: Building Assets For Windows
[2015.04.28-19.22.20:957][  0]LogTargetPlatformManager:Display: Building Assets For Windows
[2015.04.28-19.22.21:100][  0]LogDerivedDataCache:Display: Max Cache Size: 512 MB
[2015.04.28-19.22.21:170][  0]LogDerivedDataCache: Loaded boot cache 0.07s 39MB C:/Users/Dean/AppData/Local/UnrealEngine/4.7/DerivedDataCache/Boot.ddc.
[2015.04.28-19.22.21:170][  0]LogDerivedDataCache:Display: Loaded Boot cache: C:/Users/Dean/AppData/Local/UnrealEngine/4.7/DerivedDataCache/Boot.ddc
[2015.04.28-19.22.21:170][  0]LogDerivedDataCache: FDerivedDataBackendGraph:  Pak pak cache file ../../../../../../Users/Dean/Documents/Unreal Projects/MyThirdPersonGame/DerivedDataCache/DDC.ddp not found, will not use a pak cache.
[2015.04.28-19.22.21:170][  0]LogDerivedDataCache: Unable to find inner node Pak for hierarchical cache Hierarchy.
[2015.04.28-19.22.21:401][  0]LogDerivedDataCache:Display: Pak cache opened for reading ../../../Engine/DerivedDataCache/Compressed.ddp.
[2015.04.28-19.22.21:418][  0]LogDerivedDataCache: Using Local data cache path C:/Users/Dean/AppData/Local/UnrealEngine/Common/DerivedDataCache: Writable
[2015.04.28-19.22.22:204][  0]LogMeshUtilities: No automatic mesh reduction module available
[2015.04.28-19.22.22:204][  0]LogMeshUtilities: No automatic mesh merging module available
[2015.04.28-19.22.23:300][  0]LogInit: WinSock: version 1.1 (2.2), MaxSocks=32767, MaxUdp=65467
[2015.04.28-19.22.23:494][  0]LogSlate:Warning: Failed to load font data from '../../../Engine/Content/Slate/Fonts/Roboto-Italic.ttf'
[2015.04.28-19.22.26:813][  0]UdpMessaging: Initializing bridge on interface 0.0.0.0:0 to multicast group 230.0.0.1:6666.
[2015.04.28-19.22.27:585][  0]SourceControl: Info Source control is disabled
[2015.04.28-19.22.27:585][  0]SourceControl: Info Source control is disabled
[2015.04.28-19.22.27:586][  0]SourceControl: Info Source control is disabled
[2015.04.28-19.22.27:586][  0]LogSourceControl: RunCommandInternalRaw: 'git version'
[2015.04.28-19.22.27:586][  0]LogSourceControl: RunCommandInternalRaw: ExecProcess ReturnCode=2 OutResults=''
[2015.04.28-19.22.27:630][  0]SourceControl: Info Source control is disabled
[2015.04.28-19.22.28:532][  0]LogObj: 24232 objects as part of root set at end of initial load.
[2015.04.28-19.22.28:532][  0]LogUObjectAllocator: 5137176 out of 0 bytes used by permanent object pool.
[2015.04.28-19.22.28:832][  0]LogEngine: Initializing Engine...
[2015.04.28-19.22.31:374][  0]LogInit: XAudio2 using 'Speakers (Realtek High Definition Audio)' : 2 channels at 48 kHz using 32 bits per sample (channel mask 0x3)
[2015.04.28-19.22.31:431][  0]LogInit: FAudioDevice initialized.
[2015.04.28-19.22.31:615][  0]LogAIModule: Creating AISystem for world NewWorld
[2015.04.28-19.22.31:673][  0]LogDerivedDataCache: Saved boot cache 0.06s 39MB C:/Users/Dean/AppData/Local/UnrealEngine/4.7/DerivedDataCache/Boot.ddc.
[2015.04.28-19.22.31:682][  0]LogInit: Texture streaming: Enabled
[2015.04.28-19.22.32:116][  0]LogAnalytics: Creating configured Analytics provider AnalyticsET
[2015.04.28-19.22.32:117][  0]LogAnalytics: ET APIKey = Rocket.Release. APIServer = http://et2.epicgames.com/ET2/. AppVersion = 4.7.5-2503383+++depot+UE4-Releases+4.7
[2015.04.28-19.22.32:117][  0]LogAnalytics: ET APIKey = Rocket.Release. DataRouterUploadURL = https://datarouter-public-service-gamedev.ol.epicgames.net/datarouter/api/v1/public/data. AppVersion = 4.7.5-2503383+++depot+UE4-Releases+4.7
[2015.04.28-19.22.32:117][  0]LogAnalytics: SetUserId 910d50be45690666f5f2d593bf8be2f0|066eb542fbc44451808d2154e76a0e26|8364f941-f0a8-46f3-a7e2-f1f90b6af0a2
[2015.04.28-19.22.32:118][  0]LogAnalytics: AnalyticsET::StartSession [Rocket.Release]
[2015.04.28-19.22.32:491][  0]LogInit: Transaction tracking system initialized
[2015.04.28-19.22.33:368][  0]BlueprintLog: New page: Editor Load
[2015.04.28-19.22.33:494][  0]LogAssetRegistry: FAssetRegistry took 0.0116 seconds to start up
[2015.04.28-19.22.33:496][  0]LogDirectoryWatcher:Warning: Failed to begin reading directory changes for ../../../Engine/Plugins/Experimental/CharacterAI/Content/. Error: 0
[2015.04.28-19.22.36:285][  0]LogTargetPlatformManager:Display: Building Assets For Windows
[2015.04.28-19.22.37:913][  0]LogTargetPlatformManager:Display: Building Assets For Windows
[2015.04.28-19.22.39:187][  0]LogSlate:Warning: Failed to load font data from '../../../Engine/Content/Editor/Slate/Fonts/Roboto-Regular.ttf'
[2015.04.28-19.22.39:189][  0]LogSlate:Warning: Failed to load font data from '../../../Engine/Content/Editor/Slate/Fonts/Roboto-Bold.ttf'
[2015.04.28-19.22.39:207][  0]LogConsoleResponse:Display: 
[2015.04.28-19.22.39:894][  0]LogCook:Display: Done creating registry. It took  0.00s.
[2015.04.28-19.22.40:630][  0]SourceControl: Info Source control is disabled
[2015.04.28-19.22.40:631][  0]Cmd: MAP LOAD FILE="../../../../../../Users/Dean/Documents/Unreal Projects/MyThirdPersonGame/Content/StarterContent/Maps/Minimal_Default.umap" TEMPLATE=0 SHOWPROGRESS=1 FEATURELEVEL=3
[2015.04.28-19.22.40:633][  0]LightingResults: New page: Lighting Build
[2015.04.28-19.22.40:699][  0]MapCheck: New page: Map Check
[2015.04.28-19.22.40:699][  0]LightingResults: New page: Lighting Build
[2015.04.28-19.22.40:749][  0]LogParticles: Destroying 0 GPU particle simulations for FXSystem 0x000000DBC5480C20
[2015.04.28-19.22.46:761][  0]LogEditorServer: Finished looking for orphan Actors (0.000 secs)
[2015.04.28-19.22.46:923][  0]LogAIModule: Creating AISystem for world Minimal_Default
[2015.04.28-19.22.46:927][  0]Cmd: MAP CHECKDEP
[2015.04.28-19.22.46:927][  0]MapCheck: New page: Minimal_Default - Apr 28, 2015, 5:22:46 AM
[2015.04.28-19.22.47:486][  0]MapCheck: Info Map check complete: 0 Error(s), 0 Warning(s), took 558.007ms to complete.
[2015.04.28-19.22.47:486][  0]LogFileHelpers: Loading map 'Minimal_Default' took 6.855
[2015.04.28-19.22.47:950][  0]LogCollectionManager: Loaded 0 collections in 0.007209 seconds
[2015.04.28-19.22.47:987][  0]LogContentBrowser: Native class hierarchy populated in 0.0361 seconds. Added 1696 classes and 261 folders.
[2015.04.28-19.22.48:128][  0]LogContentBrowser: Native class hierarchy updated for 'SceneOutliner' in 0.0122 seconds. Added 1 classes and 2 folders.
[2015.04.28-19.22.48:499][  0]LogCrashTracker: Crashtracker disabled due to settings.
[2015.04.28-19.22.48:503][  0]LogSlate:Warning: Failed to load font data from 'Veranda'
[2015.04.28-19.22.48:598][  0]LogUObjectGlobals:Warning: Failed to find object 'Class None.'
[2015.04.28-19.22.48:671][  0]LogLoad: Full Startup: 37.29 seconds (BP compile: 2.02 seconds)
[2015.04.28-19.22.49:178][  0]LogRenderer:Warning: Reallocating scene render targets to support 32x32 (Frame:2).
[2015.04.28-19.22.49:960][  0]LogRenderer:Warning: Reallocating scene render targets to support 856x376 (Frame:3).
[2015.04.28-19.22.51:856][  1]LogContentBrowser:Verbose: The content browser source was changed by the sources view to '/Game/StarterContent/Character'
[2015.04.28-19.22.54:537][ 29]LogAssetRegistry: Asset discovery search completed in 21.0549 seconds
[2015.04.28-19.23.22:381][ 55]LogPlayLevel: PIE:  No blueprints needed recompiling
[2015.04.28-19.23.22:382][ 55]PIE: New page: PIE session: Minimal_Default (Apr 28, 2015, 5:23:22 AM)
[2015.04.28-19.23.22:406][ 55]LogPlayLevel: PIE: StaticDuplicateObject took: (0.022244s)
[2015.04.28-19.23.22:410][ 55]LogPlayLevel: PIE: World Init took: (0.003880s)
[2015.04.28-19.23.22:410][ 55]LogPlayLevel: PIE: Created PIE world by copying editor world from /Game/StarterContent/Maps/Minimal_Default.Minimal_Default to /Game/StarterContent/Maps/UEDPIE_0_Minimal_Default.Minimal_Default (0.027024s)
[2015.04.28-19.23.22:527][ 55]LogWorld: Game class is 'MyGame_C'
[2015.04.28-19.23.22:534][ 55]LogAIModule: Creating AISystem for world Minimal_Default
[2015.04.28-19.23.22:553][ 55]LogWorld: Bringing World /Game/StarterContent/Maps/UEDPIE_0_Minimal_Default.Minimal_Default up for play (max tick rate 60) at 2015.04.28-12.23.22
[2015.04.28-19.23.22:557][ 55]LogWorld: Bringing up level for play took: 0.020626
[2015.04.28-19.23.22:573][ 55]PIE: Info Play in editor start time for /Game/StarterContent/Maps/UEDPIE_0_Minimal_Default 0.786
[2015.04.28-19.23.24:418][102]Cmd: LevelEditor.ToggleImmersive
[2015.04.28-19.23.24:699][103]LogRenderer:Warning: Reallocating scene render targets to support 1288x680 (Frame:1107).
[2015.04.28-19.23.24:945][104]LogRenderer:Warning: Reallocating scene render targets to support 1368x728 (Frame:1109).
[2015.04.28-19.24.11:821][344]LogActorComponent: UnregisterComponent: (/Engine/Transient.CharMoveComp) Not registered. Aborting.
[2015.04.28-19.24.11:899][344]LogParticles: Destroying 0 GPU particle simulations for FXSystem 0x000000DBCDB04E00
[2015.04.28-19.24.52:519][ 14]LogActorComponent: UnregisterComponent: (/Engine/Transient.CharMoveComp) Not registered. Aborting.
[2015.04.28-19.25.10:889][366]LogActorComponent: UnregisterComponent: (/Engine/Transient.CharacterMovementComponent_0) Not registered. Aborting.
[2015.04.28-19.30.03:870][313]BlueprintLog: New page: Compile MyCharacter
[2015.04.28-19.30.04:314][313]LogActorComponent: UnregisterComponent: (/Engine/Transient.CharacterMovementComponent_1) Not registered. Aborting.
[2015.04.28-19.30.04:489][313]BlueprintEditorCompileResults: Info [0473.10] Compile of MyCharacter successful! [in 618 ms]
[2015.04.28-19.30.07:603][332]LogSavePackage: Save=1849.840210ms
[2015.04.28-19.30.07:603][332]LogSavePackage: Moving '../../../../../../Users/Dean/Documents/Unreal Projects/MyThirdPersonGame/Saved/MyCharacter54B877D74F8C53C8C3C104B2279ABAEF.tmp' to '../../../../../../Users/Dean/Documents/Unreal Projects/MyThirdPersonGame/Content/StarterContent/Character/MyCharacter.uasset'
[2015.04.28-19.30.19:995][643]BlueprintLog: New page: Pre-PIE auto-recompile
[2015.04.28-19.30.20:010][643]LogPlayLevel: [PIE] Compiling CharacterAnimBP before PIE...
[2015.04.28-19.30.20:611][643]LogActorComponent: UnregisterComponent: (/Engine/Transient.CharMoveComp) Not registered. Aborting.
[2015.04.28-19.30.20:751][643]LogPlayLevel: PIE:  Blueprint regeneration took 755 ms (1 blueprints)
[2015.04.28-19.30.20:751][643]PIE: New page: PIE session: Minimal_Default (Apr 28, 2015, 5:30:20 AM)
[2015.04.28-19.30.20:770][643]LogPlayLevel: PIE: StaticDuplicateObject took: (0.017561s)
[2015.04.28-19.30.20:773][643]LogPlayLevel: PIE: World Init took: (0.002380s)
[2015.04.28-19.30.20:773][643]LogPlayLevel: PIE: Created PIE world by copying editor world from /Game/StarterContent/Maps/Minimal_Default.Minimal_Default to /Game/StarterContent/Maps/UEDPIE_0_Minimal_Default.Minimal_Default (0.020589s)
[2015.04.28-19.30.20:840][643]LogWorld: Game class is 'MyGame_C'
[2015.04.28-19.30.20:845][643]LogAIModule: Creating AISystem for world Minimal_Default
[2015.04.28-19.30.20:859][643]LogWorld: Bringing World /Game/StarterContent/Maps/UEDPIE_0_Minimal_Default.Minimal_Default up for play (max tick rate 60) at 2015.04.28-12.30.20
[2015.04.28-19.30.20:861][643]LogWorld: Bringing up level for play took: 0.014930
[2015.04.28-19.30.20:873][643]PIE: Info Play in editor start time for /Game/StarterContent/Maps/UEDPIE_0_Minimal_Default 1.086
[2015.04.28-19.30.30:095][969]LogParticles: Destroying 0 GPU particle simulations for FXSystem 0x000000DBDE297F60
[2015.04.28-19.30.37:469][ 94]LogSavePackage: Save=377.699768ms
[2015.04.28-19.30.37:469][ 94]LogSavePackage: Moving '../../../../../../Users/Dean/Documents/Unreal Projects/MyThirdPersonGame/Saved/MyCharacterB7E78B0B4DCC45DF96780F92627045DC.tmp' to '../../../../../../Users/Dean/Documents/Unreal Projects/MyThirdPersonGame/Content/StarterContent/Character/MyCharacter.uasset'
[2015.04.28-19.31.20:465][938]BlueprintLog: New page: Compile MyCharacter
[2015.04.28-19.31.20:846][938]LogActorComponent: UnregisterComponent: (/Engine/Transient.CharMoveComp) Not registered. Aborting.
[2015.04.28-19.31.21:004][938]BlueprintEditorCompileResults: Info [0549.62] Compile of MyCharacter successful! [in 538 ms]
[2015.04.28-19.31.23:951][956]LogSavePackage: Save=1821.753540ms
[2015.04.28-19.31.23:951][956]LogSavePackage: Moving '../../../../../../Users/Dean/Documents/Unreal Projects/MyThirdPersonGame/Saved/MyCharacter6513328747CBC23BA385FC99A1A80B18.tmp' to '../../../../../../Users/Dean/Documents/Unreal Projects/MyThirdPersonGame/Content/StarterContent/Character/MyCharacter.uasset'
[2015.04.28-19.31.30:319][108]LogActorComponent: UnregisterComponent: (/Engine/Transient.CharMoveComp) Not registered. Aborting.
[2015.04.28-19.31.31:202][108]LogSavePackage: Save=660.271667ms
[2015.04.28-19.31.31:203][108]LogSavePackage: Moving '../../../../../../Users/Dean/Documents/Unreal Projects/MyThirdPersonGame/Saved/Minimal_Default5B7FE95F4D240E95153C00845D9E72D4.tmp' to '../../../../../../Users/Dean/Documents/Unreal Projects/MyThirdPersonGame/Content/StarterContent/Maps/Minimal_Default.umap'
[2015.04.28-19.31.32:115][125]BlueprintLog: New page: Pre-PIE auto-recompile
[2015.04.28-19.31.32:131][125]LogPlayLevel: [PIE] Compiling CharacterAnimBP before PIE...
[2015.04.28-19.31.32:930][125]LogPlayLevel: PIE:  Blueprint regeneration took 815 ms (1 blueprints)
[2015.04.28-19.31.32:931][125]PIE: New page: PIE session: Minimal_Default (Apr 28, 2015, 5:31:32 AM)
[2015.04.28-19.31.32:952][125]LogPlayLevel: PIE: StaticDuplicateObject took: (0.019854s)
[2015.04.28-19.31.32:955][125]LogPlayLevel: PIE: World Init took: (0.002384s)
[2015.04.28-19.31.32:955][125]LogPlayLevel: PIE: Created PIE world by copying editor world from /Game/StarterContent/Maps/Minimal_Default.Minimal_Default to /Game/StarterContent/Maps/UEDPIE_0_Minimal_Default.Minimal_Default (0.022902s)
[2015.04.28-19.31.33:029][125]LogWorld: Game class is 'MyGame_C'
[2015.04.28-19.31.33:035][125]LogAIModule: Creating AISystem for world Minimal_Default
[2015.04.28-19.31.33:056][125]LogWorld: Bringing World /Game/StarterContent/Maps/UEDPIE_0_Minimal_Default.Minimal_Default up for play (max tick rate 60) at 2015.04.28-12.31.33
[2015.04.28-19.31.33:058][125]LogWorld: Bringing up level for play took: 0.020571
[2015.04.28-19.31.33:073][125]PIE: Info Play in editor start time for /Game/StarterContent/Maps/UEDPIE_0_Minimal_Default 1.286
[2015.04.28-19.31.44:004][522]LogParticles: Destroying 0 GPU particle simulations for FXSystem 0x000000DBE5D88360
[2015.04.28-19.31.57:742][823]LogUObjectBase:Warning: Object is not registered
[2015.04.28-19.33.13:399][823]LogOutputDevice: === Handled error: ===

Ensure condition failed: false [File:D:\BuildFarm\buildmachine_++depot+UE4-Releases+4.7\Engine\Source\Editor\Kismet\Private\SKismetInspector.cpp] [Line: 465]
Object in KismetInspector is invalid, see TTP 281915
Stack: 
UE4Editor-Core.dll!FWindowsPlatformStackWalk::StackWalkAndDump() (0x00007fffdaff9ed6) + 0 bytes [d:\buildfarm\buildmachine_++depot+ue4-releases+4.7\engine\source\runtime\core\private\windows\windowsplatformstackwalk.cpp:174]
UE4Editor-Core.dll!FDebug::EnsureFailed() (0x00007fffdae62ffd) + 0 bytes [d:\buildfarm\buildmachine_++depot+ue4-releases+4.7\engine\source\runtime\core\private\misc\outputdevice.cpp:279]
UE4Editor-Kismet.dll!SKismetInspector::UpdateFromObjects() (0x00007fffd5518ed5) + 0 bytes [d:\buildfarm\buildmachine_++depot+ue4-releases+4.7\engine\source\editor\kismet\private\skismetinspector.cpp:466]
UE4Editor-Kismet.dll!SKismetInspector::Tick() (0x00007fffd5516790) + 0 bytes [d:\buildfarm\buildmachine_++depot+ue4-releases+4.7\engine\source\editor\kismet\private\skismetinspector.cpp:45]
UE4Editor-SlateCore.dll!SWidget::Paint() (0x00007fffd7b2d483) + 0 bytes [d:\buildfarm\buildmachine_++depot+ue4-releases+4.7\engine\source\runtime\slatecore\private\widgets\swidget.cpp:638]
UE4Editor-SlateCore.dll!SCompoundWidget::OnPaint() (0x00007fffd7b2c7d1) + 135 bytes [d:\buildfarm\buildmachine_++depot+ue4-releases+4.7\engine\source\runtime\slatecore\private\widgets\scompoundwidget.cpp:30]
UE4Editor-Slate.dll!SBorder::OnPaint() (0x00007fffd7f42538) + 0 bytes [d:\buildfarm\buildmachine_++depot+ue4-releases+4.7\engine\source\runtime\slate\private\widgets\layout\sborder.cpp:101]
UE4Editor-SlateCore.dll!SWidget::Paint() (0x00007fffd7b2d4dd) + 63 bytes [d:\buildfarm\buildmachine_++depot+ue4-releases+4.7\engine\source\runtime\slatecore\private\widgets\swidget.cpp:639]
UE4Editor-SlateCore.dll!SOverlay::OnPaint() (0x00007fffd7b2ca75) + 0 bytes [d:\buildfarm\buildmachine_++depot+ue4-releases+4.7\engine\source\runtime\slatecore\private\widgets\soverlay.cpp:102]
UE4Editor-SlateCore.dll!SWidget::Paint() (0x00007fffd7b2d4dd) + 63 bytes [d:\buildfarm\buildmachine_++depot+ue4-releases+4.7\engine\source\runtime\slatecore\private\widgets\swidget.cpp:639]
UE4Editor-SlateCore.dll!SPanel::PaintArrangedChildren() (0x00007fffd7b2d9dc) + 0 bytes [d:\buildfarm\buildmachine_++depot+ue4-releases+4.7\engine\source\runtime\slatecore\private\widgets\spanel.cpp:45]
UE4Editor-SlateCore.dll!SPanel::OnPaint() (0x00007fffd7b2cbac) + 68 bytes [d:\buildfarm\buildmachine_++depot+ue4-releases+4.7\engine\source\runtime\slatecore\private\widgets\spanel.cpp:24]
UE4Editor-SlateCore.dll!SWidget::Paint() (0x00007fffd7b2d4dd) + 63 bytes [d:\buildfarm\buildmachine_++depot+ue4-releases+4.7\engine\source\runtime\slatecore\private\widgets\swidget.cpp:639]
UE4Editor-SlateCore.dll!SCompoundWidget::OnPaint() (0x00007fffd7b2c7d1) + 135 bytes [d:\buildfarm\buildmachine_++depot+ue4-releases+4.7\engine\source\runtime\slatecore\private\widgets\scompoundwidget.cpp:30]
UE4Editor-SlateCore.dll!SWidget::Paint() (0x00007fffd7b2d4dd) + 63 bytes [d:\buildfarm\buildmachine_++depot+ue4-releases+4.7\engine\source\runtime\slatecore\private\widgets\swidget.cpp:639]
UE4Editor-SlateCore.dll!SPanel::PaintArrangedChildren() (0x00007fffd7b2d9dc) + 0 bytes [d:\buildfarm\buildmachine_++depot+ue4-releases+4.7\engine\source\runtime\slatecore\private\widgets\spanel.cpp:45]
UE4Editor-Slate.dll!SSplitter::OnPaint() (0x00007fffd7f455f7) + 0 bytes [d:\buildfarm\buildmachine_++depot+ue4-releases+4.7\engine\source\runtime\slate\private\widgets\layout\ssplitter.cpp:169]
UE4Editor-SlateCore.dll!SWidget::Paint() (0x00007fffd7b2d4dd) + 63 bytes [d:\buildfarm\buildmachine_++depot+ue4-releases+4.7\engine\source\runtime\slatecore\private\widgets\swidget.cpp:639]
UE4Editor-SlateCore.dll!SCompoundWidget::OnPaint() (0x00007fffd7b2c7d1) + 135 bytes [d:\buildfarm\buildmachine_++depot+ue4-releases+4.7\engine\source\runtime\slatecore\private\widgets\scompoundwidget.cpp:30]
UE4Editor-SlateCore.dll!SWidget::Paint() (0x00007fffd7b2d4dd) + 63 bytes [d:\buildfarm\buildmachine_++depot+ue4-releases+4.7\engine\source\runtime\slatecore\private\widgets\swidget.cpp:639]
UE4Editor-SlateCore.dll!SPanel::PaintArrangedChildren() (0x00007fffd7b2d9dc) + 0 bytes [d:\buildfarm\buildmachine_++depot+ue4-releases+4.7\engine\source\runtime\slatecore\private\widgets\spanel.cpp:45]
UE4Editor-Slate.dll!SSplitter::OnPaint() (0x00007fffd7f455f7) + 0 bytes [d:\buildfarm\buildmachine_++depot+ue4-releases+4.7\engine\source\runtime\slate\private\widgets\layout\ssplitter.cpp:169]
UE4Editor-SlateCore.dll!SWidget::Paint() (0x00007fffd7b2d4dd) + 63 bytes [d:\buildfarm\buildmachine_++depot+ue4-releases+4.7\engine\source\runtime\slatecore\private\widgets\swidget.cpp:639]
UE4Editor-SlateCore.dll!SOverlay::OnPaint() (0x00007fffd7b2ca75) + 0 bytes [d:\buildfarm\buildmachine_++depot+ue4-releases+4.7\engine\source\runtime\slatecore\private\widgets\soverlay.cpp:102]
UE4Editor-SlateCore.dll!SWidget::Paint() (0x00007fffd7b2d4dd) + 63 bytes [d:\buildfarm\buildmachine_++depot+ue4-releases+4.7\engine\source\runtime\slatecore\private\widgets\swidget.cpp:639]
UE4Editor-SlateCore.dll!SCompoundWidget::OnPaint() (0x00007fffd7b2c7d1) + 135 bytes [d:\buildfarm\buildmachine_++depot+ue4-releases+4.7\engine\source\runtime\slatecore\private\widgets\scompoundwidget.cpp:30]
UE4Editor-SlateCore.dll!SWidget::Paint() (0x00007fffd7b2d4dd) + 63 bytes [d:\buildfarm\buildmachine_++depot+ue4-releases+4.7\engine\source\runtime\slatecore\private\widgets\swidget.cpp:639]
UE4Editor-SlateCore.dll!SPanel::PaintArrangedChildren() (0x00007fffd7b2d9dc) + 0 bytes [d:\buildfarm\buildmachine_++depot+ue4-releases+4.7\engine\source\runtime\slatecore\private\widgets\spanel.cpp:45]
UE4Editor-SlateCore.dll!SPanel::OnPaint() (0x00007fffd7b2cbac) + 68 bytes [d:\buildfarm\buildmachine_++depot+ue4-releases+4.7\engine\source\runtime\slatecore\private\widgets\spanel.cpp:24]
UE4Editor-SlateCore.dll!SWidget::Paint() (0x00007fffd7b2d4dd) + 63 bytes [d:\buildfarm\buildmachine_++depot+ue4-releases+4.7\engine\source\runtime\slatecore\private\widgets\swidget.cpp:639]
UE4Editor-SlateCore.dll!SCompoundWidget::OnPaint() (0x00007fffd7b2c7d1) + 135 bytes [d:\buildfarm\buildmachine_++depot+ue4-releases+4.7\engine\source\runtime\slatecore\private\widgets\scompoundwidget.cpp:30]
UE4Editor-SlateCore.dll!SWidget::Paint() (0x00007fffd7b2d4dd) + 63 bytes [d:\buildfarm\buildmachine_++depot+ue4-releases+4.7\engine\source\runtime\slatecore\private\widgets\swidget.cpp:639]
UE4Editor-SlateCore.dll!SCompoundWidget::OnPaint() (0x00007fffd7b2c7d1) + 135 bytes [d:\buildfarm\buildmachine_++depot+ue4-releases+4.7\engine\source\runtime\slatecore\private\widgets\scompoundwidget.cpp:30]
UE4Editor-Slate.dll!SBorder::OnPaint() (0x00007fffd7f42538) + 0 bytes [d:\buildfarm\buildmachine_++depot+ue4-releases+4.7\engine\source\runtime\slate\private\widgets\layout\sborder.cpp:101]
UE4Editor-SlateCore.dll!SWidget::Paint() (0x00007fffd7b2d4dd) + 63 bytes [d:\buildfarm\buildmachine_++depot+ue4-releases+4.7\engine\source\runtime\slatecore\private\widgets\swidget.cpp:639]
UE4Editor-SlateCore.dll!SOverlay::OnPaint() (0x00007fffd7b2ca75) + 0 bytes [d:\buildfarm\buildmachine_++depot+ue4-releases+4.7\engine\source\runtime\slatecore\private\widgets\soverlay.cpp:102]
UE4Editor-SlateCore.dll!SWidget::Paint() (0x00007fffd7b2d4dd) + 63 bytes [d:\buildfarm\buildmachine_++depot+ue4-releases+4.7\engine\source\runtime\slatecore\private\widgets\swidget.cpp:639]
UE4Editor-SlateCore.dll!SPanel::PaintArrangedChildren() (0x00007fffd7b2d9dc) + 0 bytes [d:\buildfarm\buildmachine_++depot+ue4-releases+4.7\engine\source\runtime\slatecore\private\widgets\spanel.cpp:45]
UE4Editor-SlateCore.dll!SPanel::OnPaint() (0x00007fffd7b2cbac) + 68 bytes [d:\buildfarm\buildmachine_++depot+ue4-releases+4.7\engine\source\runtime\slatecore\private\widgets\spanel.cpp:24]
UE4Editor-SlateCore.dll!SWidget::Paint() (0x00007fffd7b2d4dd) + 63 bytes [d:\buildfarm\buildmachine_++depot+ue4-releases+4.7\engine\source\runtime\slatecore\private\widgets\swidget.cpp:639]
UE4Editor-SlateCore.dll!SCompoundWidget::OnPaint() (0x00007fffd7b2c7d1) + 135 bytes [d:\buildfarm\buildmachine_++depot+ue4-releases+4.7\engine\source\runtime\slatecore\private\widgets\scompoundwidget.cpp:30]
UE4Editor-SlateCore.dll!SWidget::Paint() (0x00007fffd7b2d4dd) + 63 bytes [d:\buildfarm\buildmachine_++depot+ue4-releases+4.7\engine\source\runtime\slatecore\private\widgets\swidget.cpp:639]
UE4Editor-SlateCore.dll!SPanel::PaintArrangedChildren() (0x00007fffd7b2d9dc) + 0 bytes [d:\buildfarm\buildmachine_++depot+ue4-releases+4.7\engine\source\runtime\slatecore\private\widgets\spanel.cpp:45]
UE4Editor-Slate.dll!SSplitter::OnPaint() (0x00007fffd7f455f7) + 0 bytes [d:\buildfarm\buildmachine_++depot+ue4-releases+4.7\engine\source\runtime\slate\private\widgets\layout\ssplitter.cpp:169]
UE4Editor-SlateCore.dll!SWidget::Paint() (0x00007fffd7b2d4dd) + 63 bytes [d:\buildfarm\buildmachine_++depot+ue4-releases+4.7\engine\source\runtime\slatecore\private\widgets\swidget.cpp:639]
UE4Editor-SlateCore.dll!SOverlay::OnPaint() (0x00007fffd7b2ca75) + 0 bytes [d:\buildfarm\buildmachine_++depot+ue4-releases+4.7\engine\source\runtime\slatecore\private\widgets\soverlay.cpp:102]
UE4Editor-SlateCore.dll!SWidget::Paint() (0x00007fffd7b2d4dd) + 63 bytes [d:\buildfarm\buildmachine_++depot+ue4-releases+4.7\engine\source\runtime\slatecore\private\widgets\swidget.cpp:639]
UE4Editor-SlateCore.dll!SCompoundWidget::OnPaint() (0x00007fffd7b2c7d1) + 135 bytes [d:\buildfarm\buildmachine_++depot+ue4-releases+4.7\engine\source\runtime\slatecore\private\widgets\scompoundwidget.cpp:30]
UE4Editor-SlateCore.dll!SWidget::Paint() (0x00007fffd7b2d4dd) + 63 bytes [d:\buildfarm\buildmachine_++depot+ue4-releases+4.7\engine\source\runtime\slatecore\private\widgets\swidget.cpp:639]
UE4Editor-SlateCore.dll!SPanel::PaintArrangedChildren() (0x00007fffd7b2d9dc) + 0 bytes [d:\buildfarm\buildmachine_++depot+ue4-releases+4.7\engine\source\runtime\slatecore\private\widgets\spanel.cpp:45]
UE4Editor-SlateCore.dll!SPanel::OnPaint() (0x00007fffd7b2cbac) + 68 bytes [d:\buildfarm\buildmachine_++depot+ue4-releases+4.7\engine\source\runtime\slatecore\private\widgets\spanel.cpp:24]
UE4Editor-SlateCore.dll!SWidget::Paint() (0x00007fffd7b2d4dd) + 63 bytes [d:\buildfarm\buildmachine_++depot+ue4-releases+4.7\engine\source\runtime\slatecore\private\widgets\swidget.cpp:639]
UE4Editor-SlateCore.dll!SPanel::PaintArrangedChildren() (0x00007fffd7b2d9dc) + 0 bytes [d:\buildfarm\buildmachine_++depot+ue4-releases+4.7\engine\source\runtime\slatecore\private\widgets\spanel.cpp:45]
UE4Editor-SlateCore.dll!SPanel::OnPaint() (0x00007fffd7b2cbac) + 68 bytes [d:\buildfarm\buildmachine_++depot+ue4-releases+4.7\engine\source\runtime\slatecore\private\widgets\spanel.cpp:24]
UE4Editor-SlateCore.dll!SWidget::Paint() (0x00007fffd7b2d4dd) + 63 bytes [d:\buildfarm\buildmachine_++depot+ue4-releases+4.7\engine\source\runtime\slatecore\private\widgets\swidget.cpp:639]
UE4Editor-SlateCore.dll!SOverlay::OnPaint() (0x00007fffd7b2ca75) + 0 bytes [d:\buildfarm\buildmachine_++depot+ue4-releases+4.7\engine\source\runtime\slatecore\private\widgets\soverlay.cpp:102]
UE4Editor-SlateCore.dll!SWidget::Paint() (0x00007fffd7b2d4dd) + 63 bytes [d:\buildfarm\buildmachine_++depot+ue4-releases+4.7\engine\source\runtime\slatecore\private\widgets\swidget.cpp:639]
UE4Editor-SlateCore.dll!SCompoundWidget::OnPaint() (0x00007fffd7b2c7d1) + 135 bytes [d:\buildfarm\buildmachine_++depot+ue4-releases+4.7\engine\source\runtime\slatecore\private\widgets\scompoundwidget.cpp:30]
UE4Editor-SlateCore.dll!SWidget::Paint() (0x00007fffd7b2d4dd) + 63 bytes [d:\buildfarm\buildmachine_++depot+ue4-releases+4.7\engine\source\runtime\slatecore\private\widgets\swidget.cpp:639]
UE4Editor-SlateCore.dll!SWindow::PaintWindow() (0x00007fffd7b2db16) + 0 bytes [d:\buildfarm\buildmachine_++depot+ue4-releases+4.7\engine\source\runtime\slatecore\private\widgets\swindow.cpp:1660]
UE4Editor-Slate.dll!FSlateApplication::DrawWindowAndChildren() (0x00007fffd7d81ae4) + 235 bytes [d:\buildfarm\buildmachine_++depot+ue4-releases+4.7\engine\source\runtime\slate\private\framework\application\slateapplication.cpp:927]
UE4Editor-Slate.dll!FSlateApplication::DrawWindowAndChildren() (0x00007fffd7d82045) + 0 bytes [d:\buildfarm\buildmachine_++depot+ue4-releases+4.7\engine\source\runtime\slate\private\framework\application\slateapplication.cpp:971]
UE4Editor-Slate.dll!FSlateApplication::PrivateDrawWindows() (0x00007fffd7dc2b91) + 20 bytes [d:\buildfarm\buildmachine_++depot+ue4-releases+4.7\engine\source\runtime\slate\private\framework\application\slateapplication.cpp:1107]
UE4Editor-Slate.dll!FSlateApplication::Tick() (0x00007fffd7de03ff) + 12 bytes [d:\buildfarm\buildmachine_++depot+ue4-releases+4.7\engine\source\runtime\slate\private\framework\application\slateapplication.cpp:1323]
UE4Editor.exe!FEngineLoop::Tick() (0x00007ff60de7036f) + 0 bytes [d:\buildfarm\buildmachine_++depot+ue4-releases+4.7\engine\source\runtime\launch\private\launchengineloop.cpp:2284]
UE4Editor.exe!GuardedMain() (0x00007ff60de6267c) + 0 bytes [d:\buildfarm\buildmachine_++depot+ue4-releases+4.7\engine\source\runtime\launch\private\launch.cpp:142]
UE4Editor.exe!GuardedMainWrapper() (0x00007ff60de626ea) + 5 bytes [d:\buildfarm\buildmachine_++depot+ue4-releases+4.7\engine\source\runtime\launch\private\windows\launchwindows.cpp:126]
UE4Editor.exe!WinMain() (0x00007ff60de72219) + 17 bytes [d:\buildfarm\buildmachine_++depot+ue4-releases+4.7\engine\source\runtime\launch\private\windows\launchwindows.cpp:202]
UE4Editor.exe!__tmainCRTStartup() (0x00007ff60de73159) + 21 bytes [f:\dd\vctools\crt\crtw32\dllstuff\crtexe.c:618]
KERNEL32.DLL!UnknownFunction (0x00007ff8013c13d2) + 0 bytes [UnknownFile:0]
ntdll.dll!UnknownFunction (0x00007ff801bb5444) + 0 bytes [UnknownFile:0]
ntdll.dll!UnknownFunction (0x00007ff801bb5444) + 0 bytes [UnknownFile:0]

[2015.04.28-19.40.48:424][764]BlueprintLog: New page: Compile MyCharacter
[2015.04.28-19.40.48:836][764]LogActorComponent: UnregisterComponent: (/Engine/Transient.CharMoveComp) Not registered. Aborting.
[2015.04.28-19.40.49:019][764]BlueprintEditorCompileResults: Info [1117.63] Compile of MyCharacter successful! [in 593 ms]
[2015.04.28-19.40.55:970][927]BlueprintLog: New page: Pre-PIE auto-recompile
[2015.04.28-19.40.55:983][927]LogPlayLevel: [PIE] Compiling CharacterAnimBP before PIE...
[2015.04.28-19.40.56:611][927]LogActorComponent: UnregisterComponent: (/Engine/Transient.CharMoveComp) Not registered. Aborting.
[2015.04.28-19.40.56:758][927]LogPlayLevel: PIE:  Blueprint regeneration took 788 ms (1 blueprints)
[2015.04.28-19.40.56:759][927]PIE: New page: PIE session: Minimal_Default (Apr 28, 2015, 5:40:56 AM)
[2015.04.28-19.40.56:778][927]LogPlayLevel: PIE: StaticDuplicateObject took: (0.018332s)
[2015.04.28-19.40.56:781][927]LogPlayLevel: PIE: World Init took: (0.002237s)
[2015.04.28-19.40.56:781][927]LogPlayLevel: PIE: Created PIE world by copying editor world from /Game/StarterContent/Maps/Minimal_Default.Minimal_Default to /Game/StarterContent/Maps/UEDPIE_0_Minimal_Default.Minimal_Default (0.021224s)
[2015.04.28-19.40.56:840][927]LogWorld: Game class is 'MyGame_C'
[2015.04.28-19.40.56:845][927]LogAIModule: Creating AISystem for world Minimal_Default
[2015.04.28-19.40.56:860][927]LogWorld: Bringing World /Game/StarterContent/Maps/UEDPIE_0_Minimal_Default.Minimal_Default up for play (max tick rate 0) at 2015.04.28-12.40.56
[2015.04.28-19.40.56:862][927]LogWorld: Bringing up level for play took: 0.015051
[2015.04.28-19.40.56:874][927]PIE: Info Play in editor start time for /Game/StarterContent/Maps/UEDPIE_0_Minimal_Default 1.087
[2015.04.28-19.40.57:424][941]Cmd: LevelEditor.ToggleImmersive
[2015.04.28-19.41.49:004][278]Cmd: LevelEditor.ToggleImmersive
[2015.04.28-19.41.50:450][316]LogParticles: Destroying 0 GPU particle simulations for FXSystem 0x000000DBE19EEA20
[2015.04.28-19.42.00:691][538]LogActorComponent: UnregisterComponent: (/Engine/Transient.CharMoveComp) Not registered. Aborting.
[2015.04.28-19.42.01:590][538]LogSavePackage: Save=665.579285ms
[2015.04.28-19.42.01:590][538]LogSavePackage: Moving '../../../../../../Users/Dean/Documents/Unreal Projects/MyThirdPersonGame/Saved/Minimal_Default5CCC72864DAD0CF6CCEA8FBA899502FB.tmp' to '../../../../../../Users/Dean/Documents/Unreal Projects/MyThirdPersonGame/Content/StarterContent/Maps/Minimal_Default.umap'
[2015.04.28-19.45.16:085][ 13]BlueprintLog: New page: Compile MyCharacter
[2015.04.28-19.45.16:468][ 13]LogActorComponent: UnregisterComponent: (/Engine/Transient.CharMoveComp) Not registered. Aborting.
[2015.04.28-19.45.16:628][ 13]BlueprintEditorCompileResults: Info [1385.24] Compile of MyCharacter successful! [in 542 ms]
[2015.04.28-19.45.19:639][ 32]LogSavePackage: Save=1837.043945ms
[2015.04.28-19.45.19:639][ 32]LogSavePackage: Moving '../../../../../../Users/Dean/Documents/Unreal Projects/MyThirdPersonGame/Saved/MyCharacterAC7CD6284507920B9CB3DF8A9BAFC479.tmp' to '../../../../../../Users/Dean/Documents/Unreal Projects/MyThirdPersonGame/Content/StarterContent/Character/MyCharacter.uasset'
[2015.04.28-19.45.23:914][148]BlueprintLog: New page: Pre-PIE auto-recompile
[2015.04.28-19.45.23:928][148]LogPlayLevel: [PIE] Compiling CharacterAnimBP before PIE...
[2015.04.28-19.45.24:520][148]LogActorComponent: UnregisterComponent: (/Engine/Transient.CharMoveComp) Not registered. Aborting.
[2015.04.28-19.45.24:654][148]LogPlayLevel: PIE:  Blueprint regeneration took 740 ms (1 blueprints)
[2015.04.28-19.45.24:654][148]PIE: New page: PIE session: Minimal_Default (Apr 28, 2015, 5:45:24 AM)
[2015.04.28-19.45.24:673][148]LogPlayLevel: PIE: StaticDuplicateObject took: (0.017936s)
[2015.04.28-19.45.24:676][148]LogPlayLevel: PIE: World Init took: (0.002395s)
[2015.04.28-19.45.24:676][148]LogPlayLevel: PIE: Created PIE world by copying editor world from /Game/StarterContent/Maps/Minimal_Default.Minimal_Default to /Game/StarterContent/Maps/UEDPIE_0_Minimal_Default.Minimal_Default (0.020930s)
[2015.04.28-19.45.24:743][148]LogWorld: Game class is 'MyGame_C'
[2015.04.28-19.45.24:748][148]LogAIModule: Creating AISystem for world Minimal_Default
[2015.04.28-19.45.24:761][148]LogWorld: Bringing World /Game/StarterContent/Maps/UEDPIE_0_Minimal_Default.Minimal_Default up for play (max tick rate 0) at 2015.04.28-12.45.24
[2015.04.28-19.45.24:763][148]LogWorld: Bringing up level for play took: 0.013999
[2015.04.28-19.45.24:804][148]PIE: Info Play in editor start time for /Game/StarterContent/Maps/UEDPIE_0_Minimal_Default 1.018
[2015.04.28-19.45.31:075][380]LogParticles: Destroying 0 GPU particle simulations for FXSystem 0x000000DBDB8CE8E0
[2015.04.28-19.50.15:917][635]BlueprintLog: New page: Compile MyCharacter
[2015.04.28-19.50.16:317][635]LogActorComponent: UnregisterComponent: (/Engine/Transient.CharMoveComp) Not registered. Aborting.
[2015.04.28-19.50.16:487][635]BlueprintEditorCompileResults: Info [1685.10] Compile of MyCharacter successful! [in 569 ms]
[2015.04.28-19.50.31:364][929]LogSavePackage: Save=1843.851318ms
[2015.04.28-19.50.31:364][929]LogSavePackage: Moving '../../../../../../Users/Dean/Documents/Unreal Projects/MyThirdPersonGame/Saved/MyCharacterB31092904169DCE9EB3C3FA18C8532B3.tmp' to '../../../../../../Users/Dean/Documents/Unreal Projects/MyThirdPersonGame/Content/StarterContent/Character/MyCharacter.uasset'
[2015.04.28-19.50.55:526][463]LogActorComponent: UnregisterComponent: (/Engine/Transient.CharMoveComp) Not registered. Aborting.
[2015.04.28-19.51.03:594][602]LogSavePackage: Save=410.270386ms
[2015.04.28-19.51.03:594][602]LogSavePackage: Moving '../../../../../../Users/Dean/Documents/Unreal Projects/MyThirdPersonGame/Saved/MyCharacter11E2F45447C696ABBC5C8B84381F6307.tmp' to '../../../../../../Users/Dean/Documents/Unreal Projects/MyThirdPersonGame/Content/StarterContent/Character/MyCharacter.uasset'
[2015.04.28-19.51.10:046][742]BlueprintLog: New page: Pre-PIE auto-recompile
[2015.04.28-19.51.10:064][742]LogPlayLevel: [PIE] Compiling CharacterAnimBP before PIE...
[2015.04.28-19.51.10:893][742]LogPlayLevel: PIE:  Blueprint regeneration took 846 ms (1 blueprints)
[2015.04.28-19.51.10:893][742]PIE: New page: PIE session: Minimal_Default (Apr 28, 2015, 5:51:10 AM)
[2015.04.28-19.51.10:912][742]LogPlayLevel: PIE: StaticDuplicateObject took: (0.017568s)
[2015.04.28-19.51.10:914][742]LogPlayLevel: PIE: World Init took: (0.002522s)
[2015.04.28-19.51.10:915][742]LogPlayLevel: PIE: Created PIE world by copying editor world from /Game/StarterContent/Maps/Minimal_Default.Minimal_Default to /Game/StarterContent/Maps/UEDPIE_0_Minimal_Default.Minimal_Default (0.020621s)
[2015.04.28-19.51.10:977][742]LogWorld: Game class is 'MyGame_C'
[2015.04.28-19.51.10:982][742]LogAIModule: Creating AISystem for world Minimal_Default
[2015.04.28-19.51.10:998][742]LogWorld: Bringing World /Game/StarterContent/Maps/UEDPIE_0_Minimal_Default.Minimal_Default up for play (max tick rate 0) at 2015.04.28-12.51.10
[2015.04.28-19.51.11:000][742]LogWorld: Bringing up level for play took: 0.016387
[2015.04.28-19.51.11:012][742]PIE: Info Play in editor start time for /Game/StarterContent/Maps/UEDPIE_0_Minimal_Default 1.225
[2015.04.28-19.51.23:771][225]LogParticles: Destroying 0 GPU particle simulations for FXSystem 0x000000DBE564E520
[2015.04.28-19.52.16:406][329]LogActorComponent: UnregisterComponent: (/Engine/Transient.CharMoveComp) Not registered. Aborting.
[2015.04.28-19.52.16:559][329]LogFileHelpers: Editor autosave (incl. sublevels) for '/Game/StarterContent/Maps/Minimal_Default' took 0.153
[2015.04.28-19.53.05:345][214]LogActorComponent: UnregisterComponent: (/Engine/Transient.CharMoveComp) Not registered. Aborting.
[2015.04.28-19.53.14:958][472]LogActorComponent: UnregisterComponent: (/Engine/Transient.CharacterMovementComponent_2) Not registered. Aborting.
[2015.04.28-19.54.04:089][528]BlueprintLog: New page: Compile MyCharacter
[2015.04.28-19.54.04:499][528]LogActorComponent: UnregisterComponent: (/Engine/Transient.CharacterMovementComponent_3) Not registered. Aborting.
[2015.04.28-19.54.04:658][528]BlueprintEditorCompileResults: Info [1913.27] Compile of MyCharacter successful! [in 569 ms]
[2015.04.28-19.54.08:858][575]LogSavePackage: Save=1849.610107ms
[2015.04.28-19.54.08:858][575]LogSavePackage: Moving '../../../../../../Users/Dean/Documents/Unreal Projects/MyThirdPersonGame/Saved/MyCharacter930E38E74DE0EB5E80AB488C11064338.tmp' to '../../../../../../Users/Dean/Documents/Unreal Projects/MyThirdPersonGame/Content/StarterContent/Character/MyCharacter.uasset'
[2015.04.28-19.54.32:209][ 88]BlueprintLog: New page: Pre-PIE auto-recompile
[2015.04.28-19.54.32:226][ 88]LogPlayLevel: [PIE] Compiling CharacterAnimBP before PIE...
[2015.04.28-19.54.32:831][ 88]LogActorComponent: UnregisterComponent: (/Engine/Transient.CharMoveComp) Not registered. Aborting.
[2015.04.28-19.54.32:975][ 88]LogPlayLevel: PIE:  Blueprint regeneration took 765 ms (1 blueprints)
[2015.04.28-19.54.32:976][ 88]PIE: New page: PIE session: Minimal_Default (Apr 28, 2015, 5:54:32 AM)
[2015.04.28-19.54.32:995][ 88]LogPlayLevel: PIE: StaticDuplicateObject took: (0.018390s)
[2015.04.28-19.54.32:998][ 88]LogPlayLevel: PIE: World Init took: (0.003215s)
[2015.04.28-19.54.32:999][ 88]LogPlayLevel: PIE: Created PIE world by copying editor world from /Game/StarterContent/Maps/Minimal_Default.Minimal_Default to /Game/StarterContent/Maps/UEDPIE_0_Minimal_Default.Minimal_Default (0.022298s)
[2015.04.28-19.54.33:062][ 88]LogWorld: Game class is 'MyGame_C'
[2015.04.28-19.54.33:067][ 88]LogAIModule: Creating AISystem for world Minimal_Default
[2015.04.28-19.54.33:082][ 88]LogWorld: Bringing World /Game/StarterContent/Maps/UEDPIE_0_Minimal_Default.Minimal_Default up for play (max tick rate 0) at 2015.04.28-12.54.33
[2015.04.28-19.54.33:084][ 88]LogWorld: Bringing up level for play took: 0.014923
[2015.04.28-19.54.33:096][ 88]PIE: Info Play in editor start time for /Game/StarterContent/Maps/UEDPIE_0_Minimal_Default 1.309
[2015.04.28-19.55.42:429][866]LogParticles: Destroying 0 GPU particle simulations for FXSystem 0x000000DBE155F060
[2015.04.28-19.58.37:645][264]BlueprintLog: New page: Compile MyCharacter
[2015.04.28-19.58.38:058][264]LogActorComponent: UnregisterComponent: (/Engine/Transient.CharMoveComp) Not registered. Aborting.
[2015.04.28-19.58.38:227][264]BlueprintEditorCompileResults: Info [2186.84] Compile of MyCharacter successful! [in 581 ms]
[2015.04.28-19.58.41:052][278]LogSavePackage: Save=1858.025513ms
[2015.04.28-19.58.41:052][278]LogSavePackage: Moving '../../../../../../Users/Dean/Documents/Unreal Projects/MyThirdPersonGame/Saved/MyCharacterBDA9677C44721DEB6B7446974237A9F4.tmp' to '../../../../../../Users/Dean/Documents/Unreal Projects/MyThirdPersonGame/Content/StarterContent/Character/MyCharacter.uasset'
[2015.04.28-19.58.44:664][370]LogActorComponent: UnregisterComponent: (/Engine/Transient.CharMoveComp) Not registered. Aborting.
[2015.04.28-19.58.45:565][370]LogSavePackage: Save=676.502441ms
[2015.04.28-19.58.45:565][370]LogSavePackage: Moving '../../../../../../Users/Dean/Documents/Unreal Projects/MyThirdPersonGame/Saved/Minimal_Default073110234EB28619F483BFBE1BC7B58E.tmp' to '../../../../../../Users/Dean/Documents/Unreal Projects/MyThirdPersonGame/Content/StarterContent/Maps/Minimal_Default.umap'
[2015.04.28-19.58.47:077][408]BlueprintLog: New page: Pre-PIE auto-recompile
[2015.04.28-19.58.47:095][408]LogPlayLevel: [PIE] Compiling CharacterAnimBP before PIE...
[2015.04.28-19.58.47:790][408]LogPlayLevel: PIE:  Blueprint regeneration took 712 ms (1 blueprints)
[2015.04.28-19.58.47:790][408]PIE: New page: PIE session: Minimal_Default (Apr 28, 2015, 5:58:47 AM)
[2015.04.28-19.58.47:812][408]LogPlayLevel: PIE: StaticDuplicateObject took: (0.020670s)
[2015.04.28-19.58.47:815][408]LogPlayLevel: PIE: World Init took: (0.002455s)
[2015.04.28-19.58.47:815][408]LogPlayLevel: PIE: Created PIE world by copying editor world from /Game/StarterContent/Maps/Minimal_Default.Minimal_Default to /Game/StarterContent/Maps/UEDPIE_0_Minimal_Default.Minimal_Default (0.023645s)
[2015.04.28-19.58.47:878][408]LogWorld: Game class is 'MyGame_C'
[2015.04.28-19.58.47:883][408]LogAIModule: Creating AISystem for world Minimal_Default
[2015.04.28-19.58.47:898][408]LogWorld: Bringing World /Game/StarterContent/Maps/UEDPIE_0_Minimal_Default.Minimal_Default up for play (max tick rate 0) at 2015.04.28-12.58.47
[2015.04.28-19.58.47:901][408]LogWorld: Bringing up level for play took: 0.016235
[2015.04.28-19.58.47:913][408]PIE: Info Play in editor start time for /Game/StarterContent/Maps/UEDPIE_0_Minimal_Default 0.126
[2015.04.28-19.58.59:045][836]LogParticles: Destroying 0 GPU particle simulations for FXSystem 0x000000DC3BB0F060
[2015.04.28-19.59.05:145][998]LogPlayLevel: PIE:  No blueprints needed recompiling
[2015.04.28-19.59.05:145][998]PIE: New page: PIE session: Minimal_Default (Apr 28, 2015, 5:59:05 AM)
[2015.04.28-19.59.05:169][998]LogPlayLevel: PIE: StaticDuplicateObject took: (0.023221s)
[2015.04.28-19.59.05:172][998]LogPlayLevel: PIE: World Init took: (0.002194s)
[2015.04.28-19.59.05:172][998]LogPlayLevel: PIE: Created PIE world by copying editor world from /Game/StarterContent/Maps/Minimal_Default.Minimal_Default to /Game/StarterContent/Maps/UEDPIE_0_Minimal_Default.Minimal_Default (0.026090s)
[2015.04.28-19.59.05:235][998]LogWorld: Game class is 'MyGame_C'
[2015.04.28-19.59.05:241][998]LogAIModule: Creating AISystem for world Minimal_Default
[2015.04.28-19.59.05:257][998]LogWorld: Bringing World /Game/StarterContent/Maps/UEDPIE_0_Minimal_Default.Minimal_Default up for play (max tick rate 0) at 2015.04.28-12.59.05
[2015.04.28-19.59.05:259][998]LogWorld: Bringing up level for play took: 0.016354
[2015.04.28-19.59.05:271][998]PIE: Info Play in editor start time for /Game/StarterContent/Maps/UEDPIE_0_Minimal_Default -0.516
[2015.04.28-19.59.13:158][266]LogParticles: Destroying 0 GPU particle simulations for FXSystem 0x000000DBE6082340
[2015.04.28-19.59.48:944][614]Cmd: SELECT NONE
[2015.04.28-20.09.08:023][946]LogActorComponent: UnregisterComponent: (/Engine/Transient.CharMoveComp) Not registered. Aborting.
[2015.04.28-20.09.08:191][946]LogFileHelpers: Editor autosave (incl. sublevels) for '/Game/StarterContent/Maps/Minimal_Default' took 0.168
[2015.04.28-20.09.08:286][946]OBJ SavePackage: Generating thumbnails for [1] asset(s) in package [/Game/StarterContent/Character/MyCharacter] ([1] browsable assets)...
[2015.04.28-20.09.08:409][946]OBJ SavePackage:     Rendered thumbnail for [Blueprint /Game/StarterContent/Character/MyCharacter.MyCharacter]
[2015.04.28-20.09.08:409][946]OBJ SavePackage: Finished generating thumbnails for package [/Game/StarterContent/Character/MyCharacter]
[2015.04.28-20.09.10:881][946]LogSavePackage: Save=2339.537109ms
[2015.04.28-20.09.10:919][946]LogSavePackage: Moving '../../../../../../Users/Dean/Documents/Unreal Projects/MyThirdPersonGame/Saved/MyCharacter_Auto1746643404F1EF0044BEA37AE50C5776A.tmp' to '../../../../../../Users/Dean/Documents/Unreal Projects/MyThirdPersonGame/Saved/Autosaves/Game/StarterContent/Character/MyCharacter_Auto1.uasset'
[2015.04.28-20.09.11:003][946]LogFileHelpers: Auto-saving content packages took 2.811
[2015.04.28-20.12.25:436][502]LogActorComponent: UnregisterComponent: (/Engine/Transient.CharMoveComp) Not registered. Aborting.
[2015.04.28-20.12.25:556][502]LogParticles: Destroying 0 GPU particle simulations for FXSystem 0x000000DBCDB05800
[2015.04.28-20.12.30:203][502]LogSavePackage: Save=1818.284058ms
[2015.04.28-20.12.30:203][502]LogSavePackage: Moving '../../../../../../Users/Dean/Documents/Unreal Projects/MyThirdPersonGame/Saved/MyCharacter0A1BB4024B351734CC6266B91B25B34B.tmp' to '../../../../../../Users/Dean/Documents/Unreal Projects/MyThirdPersonGame/Content/StarterContent/Character/MyCharacter.uasset'
[2015.04.28-20.12.31:802][503]Cmd: QUIT_EDITOR
[2015.04.28-20.12.32:722][503]LogExit: Preparing to exit.
[2015.04.28-20.12.33:758][503]LogExit: Editor shut down
[2015.04.28-20.12.33:760][503]LogExit: Transaction tracking system shut down
[2015.04.28-20.12.33:767][503]LogParticles: Destroying 0 GPU particle simulations for FXSystem 0x000000DBD8C3DD00
[2015.04.28-20.12.33:769][503]LogParticles: Destroying 0 GPU particle simulations for FXSystem 0x000000DBDC7F58A0
[2015.04.28-20.12.33:770][503]LogParticles: Destroying 0 GPU particle simulations for FXSystem 0x000000DBDC66AAC0
[2015.04.28-20.12.33:770][503]LogParticles: Destroying 0 GPU particle simulations for FXSystem 0x000000DBDC3CCAE0
[2015.04.28-20.12.33:770][503]LogParticles: Destroying 0 GPU particle simulations for FXSystem 0x000000DBDDA536A0
[2015.04.28-20.12.33:770][503]LogParticles: Destroying 0 GPU particle simulations for FXSystem 0x000000DBDDA53A60
[2015.04.28-20.12.34:012][503]LogExit: Object subsystem successfully closed.
[2015.04.28-20.12.34:202][503]LogModuleManager: Shutting down and abandoning module ExternalImagePicker (178)
[2015.04.28-20.12.34:202][503]LogModuleManager: Shutting down and abandoning module CrashTracker (177)
[2015.04.28-20.12.34:202][503]LogModuleManager: Shutting down and abandoning module SuperSearch (176)
[2015.04.28-20.12.34:202][503]LogModuleManager: Shutting down and abandoning module SceneOutliner (175)
[2015.04.28-20.12.34:202][503]LogModuleManager: Shutting down and abandoning module EditorWidgets (174)
[2015.04.28-20.12.34:202][503]LogModuleManager: Shutting down and abandoning module CollectionManager (173)
[2015.04.28-20.12.34:203][503]LogModuleManager: Shutting down and abandoning module StatsViewer (172)
[2015.04.28-20.12.34:203][503]LogModuleManager: Shutting down and abandoning module FoliageEdit (171)
[2015.04.28-20.12.34:203][503]LogModuleManager: Shutting down and abandoning module LandscapeEditor (170)
[2015.04.28-20.12.34:203][503]LogModuleManager: Shutting down and abandoning module MeshPaint (169)
[2015.04.28-20.12.34:203][503]LogModuleManager: Shutting down and abandoning module ActorPickerMode (168)
[2015.04.28-20.12.34:203][503]LogModuleManager: Shutting down and abandoning module GeometryMode (167)
[2015.04.28-20.12.34:203][503]LogModuleManager: Shutting down and abandoning module TextureAlignMode (166)
[2015.04.28-20.12.34:203][503]LogModuleManager: Shutting down and abandoning module BspMode (165)
[2015.04.28-20.12.34:203][503]LogModuleManager: Shutting down and abandoning module PlacementMode (164)
[2015.04.28-20.12.34:204][503]LogModuleManager: Shutting down and abandoning module AutomationWorker (163)
[2015.04.28-20.12.34:204][503]LogModuleManager: Shutting down and abandoning module CharacterAI (162)
[2015.04.28-20.12.34:204][503]LogModuleManager: Shutting down and abandoning module SmartSnapping (161)
[2015.04.28-20.12.34:204][503]LogModuleManager: Shutting down and abandoning module ViewportSnapping (160)
[2015.04.28-20.12.34:204][503]LogModuleManager: Shutting down and abandoning module LogVisualizer (159)
[2015.04.28-20.12.34:204][503]LogModuleManager: Shutting down and abandoning module GameProjectGeneration (158)
[2015.04.28-20.12.34:204][503]LogModuleManager: Shutting down and abandoning module IntroTutorials (157)
[2015.04.28-20.12.34:204][503]LogModuleManager: Shutting down and abandoning module EditorLiveStreaming (156)
[2015.04.28-20.12.34:205][503]LogModuleManager: Shutting down and abandoning module HardwareTargeting (155)
[2015.04.28-20.12.34:205][503]LogModuleManager: Shutting down and abandoning module DeviceProfileEditor (154)
[2015.04.28-20.12.34:205][503]LogModuleManager: Shutting down and abandoning module UndoHistory (153)
[2015.04.28-20.12.34:205][503]LogModuleManager: Shutting down and abandoning module GameplayTagsEditor (152)
[2015.04.28-20.12.34:205][503]LogModuleManager: Shutting down and abandoning module UserFeedback (151)
[2015.04.28-20.12.34:205][503]LogModuleManager: Shutting down and abandoning module XmlParser (150)
[2015.04.28-20.12.34:205][503]LogModuleManager: Shutting down and abandoning module Blutility (149)
[2015.04.28-20.12.34:205][503]LogModuleManager: Shutting down and abandoning module IOSPlatformEditor (148)
[2015.04.28-20.12.34:205][503]LogModuleManager: Shutting down and abandoning module IOSRuntimeSettings (147)
[2015.04.28-20.12.34:205][503]LogModuleManager: Shutting down and abandoning module AndroidDeviceDetection (146)
[2015.04.28-20.12.34:504][503]LogModuleManager: Shutting down and abandoning module AndroidPlatformEditor (145)
[2015.04.28-20.12.34:504][503]LogModuleManager: Shutting down and abandoning module AndroidRuntimeSettings (144)
[2015.04.28-20.12.34:504][503]LogModuleManager: Shutting down and abandoning module ProjectTargetPlatformEditor (143)
[2015.04.28-20.12.34:504][503]LogModuleManager: Shutting down and abandoning module ProjectSettingsViewer (142)
[2015.04.28-20.12.34:505][503]LogModuleManager: Shutting down and abandoning module InputBindingEditor (141)
[2015.04.28-20.12.34:505][503]LogModuleManager: Shutting down and abandoning module EditorSettingsViewer (140)
[2015.04.28-20.12.34:505][503]LogModuleManager: Shutting down and abandoning module SettingsEditor (139)
[2015.04.28-20.12.34:505][503]LogModuleManager: Shutting down and abandoning module ProjectLauncher (138)
[2015.04.28-20.12.34:505][503]LogModuleManager: Shutting down and abandoning module SessionFrontend (137)
[2015.04.28-20.12.34:505][503]LogModuleManager: Shutting down and abandoning module ProfilerClient (136)
[2015.04.28-20.12.34:505][503]LogModuleManager: Shutting down and abandoning module TargetDeviceServices (135)
[2015.04.28-20.12.34:505][503]LogModuleManager: Shutting down and abandoning module DeviceManager (134)
[2015.04.28-20.12.34:507][503]LogModuleManager: Shutting down and abandoning module AutomationController (133)
[2015.04.28-20.12.34:507][503]LogModuleManager: Shutting down and abandoning module AutomationWindow (132)
[2015.04.28-20.12.34:507][503]LogModuleManager: Shutting down and abandoning module Layers (131)
[2015.04.28-20.12.34:507][503]LogModuleManager: Shutting down and abandoning module ComponentVisualizers (130)
[2015.04.28-20.12.34:507][503]LogModuleManager: Shutting down and abandoning module DetailCustomizations (129)
[2015.04.28-20.12.34:507][503]LogModuleManager: Shutting down and abandoning module PackagesDialog (128)
[2015.04.28-20.12.34:508][503]LogModuleManager: Shutting down and abandoning module AssetRegistry (127)
[2015.04.28-20.12.34:701][503]LogModuleManager: Shutting down and abandoning module Persona (126)
[2015.04.28-20.12.34:702][503]LogModuleManager: Shutting down and abandoning module SlateReflector (125)
[2015.04.28-20.12.34:702][503]LogModuleManager: Shutting down and abandoning module LevelEditor (124)
[2015.04.28-20.12.34:704][503]LogModuleManager: Shutting down and abandoning module Kismet (123)
[2015.04.28-20.12.34:704][503]LogModuleManager: Shutting down and abandoning module GraphEditor (122)
[2015.04.28-20.12.34:705][503]LogModuleManager: Shutting down and abandoning module ClassViewer (121)
[2015.04.28-20.12.34:705][503]LogModuleManager: Shutting down and abandoning module Toolbox (120)
[2015.04.28-20.12.34:705][503]LogModuleManager: Shutting down and abandoning module ModuleUI (119)
[2015.04.28-20.12.34:705][503]LogModuleManager: Shutting down and abandoning module MovieSceneTools (118)
[2015.04.28-20.12.34:705][503]LogModuleManager: Shutting down and abandoning module OutputLog (117)
[2015.04.28-20.12.34:705][503]LogModuleManager: Shutting down and abandoning module GammaUI (116)
[2015.04.28-20.12.34:705][503]LogModuleManager: Shutting down and abandoning module Documentation (115)
[2015.04.28-20.12.34:705][503]LogModuleManager: Shutting down and abandoning module GameLiveStreaming (114)
[2015.04.28-20.12.34:705][503]LogModuleManager: Shutting down and abandoning module StreamingPauseRendering (113)
[2015.04.28-20.12.34:705][503]LogModuleManager: Shutting down and abandoning module HTTP (112)
[2015.04.28-20.12.34:705][503]LogModuleManager: Shutting down and abandoning module AnalyticsET (111)
[2015.04.28-20.12.34:705][503]LogModuleManager: Shutting down and abandoning module Analytics (110)
[2015.04.28-20.12.34:705][503]LogModuleManager: Shutting down and abandoning module AITestSuite (109)
[2015.04.28-20.12.34:705][503]LogModuleManager: Shutting down and abandoning module GameplayDebugger (108)
[2015.04.28-20.12.34:706][503]LogModuleManager: Shutting down and abandoning module AIModule (107)
[2015.04.28-20.12.34:706][503]LogModuleManager: Shutting down and abandoning module ProfilerService (106)
[2015.04.28-20.12.34:796][503]LogModuleManager: Shutting down and abandoning module TaskGraph (105)
[2015.04.28-20.12.34:796][503]LogModuleManager: Shutting down and abandoning module SlateRemote (104)
[2015.04.28-20.12.34:796][503]LogModuleManager: Shutting down and abandoning module ScriptEditorPlugin (103)
[2015.04.28-20.12.34:796][503]LogModuleManager: Shutting down and abandoning module CustomMeshComponent (102)
[2015.04.28-20.12.34:796][503]LogModuleManager: Shutting down and abandoning module CableComponent (101)
[2015.04.28-20.12.34:797][503]LogModuleManager: Shutting down and abandoning module MessagingDebugger (100)
[2015.04.28-20.12.34:797][503]LogModuleManager: Shutting down and abandoning module MediaPlayerEditor (99)
[2015.04.28-20.12.34:797][503]LogModuleManager: Shutting down and abandoning module SpeedTreeImporter (98)
[2015.04.28-20.12.34:797][503]LogModuleManager: Shutting down and abandoning module PluginsEditor (97)
[2015.04.28-20.12.34:797][503]LogModuleManager: Shutting down and abandoning module MainFrame (96)
[2015.04.28-20.12.34:797][503]LogModuleManager: Shutting down and abandoning module EpicSurvey (95)
[2015.04.28-20.12.34:797][503]LogModuleManager: Shutting down and abandoning module DesktopPlatform (94)
[2015.04.28-20.12.34:797][503]LogModuleManager: Shutting down and abandoning module DirectoryWatcher (93)
[2015.04.28-20.12.34:800][503]LogModuleManager: Shutting down and abandoning module HotReload (92)
[2015.04.28-20.12.34:800][503]LogModuleManager: Shutting down and abandoning module VisualStudioSourceCodeAccess (91)
[2015.04.28-20.12.34:800][503]LogModuleManager: Shutting down and abandoning module UObjectPlugin (90)
[2015.04.28-20.12.34:800][503]LogModuleManager: Shutting down and abandoning module SubversionSourceControl (89)
[2015.04.28-20.12.34:800][503]LogModuleManager: Shutting down and abandoning module PerforceSourceControl (88)
[2015.04.28-20.12.34:800][503]LogModuleManager: Shutting down and abandoning module SourceControl (87)
[2015.04.28-20.12.34:800][503]LogModuleManager: Shutting down and abandoning module GitSourceControl (86)
[2015.04.28-20.12.34:801][503]LogModuleManager: Shutting down and abandoning module BlankPlugin (85)
[2015.04.28-20.12.34:801][503]LogModuleManager: Shutting down and abandoning module PaperTiledImporter (84)
[2015.04.28-20.12.34:801][503]LogModuleManager: Shutting down and abandoning module PaperJsonImporter (83)
[2015.04.28-20.12.34:801][503]LogModuleManager: Shutting down and abandoning module ContentBrowser (82)
[2015.04.28-20.12.34:803][503]LogModuleManager: Shutting down and abandoning module Paper2DEditor (81)
[2015.04.28-20.12.34:803][503]LogModuleManager: Shutting down and abandoning module ScriptPlugin (80)
[2015.04.28-20.12.34:803][503]LogModuleManager: Shutting down and abandoning module UdpMessaging (79)
[2015.04.28-20.12.34:904][503]LogModuleManager: Shutting down and abandoning module Paper2D (78)
[2015.04.28-20.12.34:904][503]LogModuleManager: Shutting down and abandoning module WindowsMoviePlayer (77)
[2015.04.28-20.12.34:912][503]LogModuleManager: Shutting down and abandoning module Media (76)
[2015.04.28-20.12.34:912][503]LogModuleManager: Shutting down and abandoning module WmfMedia (75)
[2015.04.28-20.12.34:913][503]LogModuleManager: Shutting down and abandoning module OnlineBlueprintSupport (74)
[2015.04.28-20.12.34:913][503]LogModuleManager: Shutting down and abandoning module PropertyEditor (73)
[2015.04.28-20.12.34:913][503]LogModuleManager: Shutting down and abandoning module BehaviorTreeEditor (72)
[2015.04.28-20.12.34:913][503]LogModuleManager: Shutting down and abandoning module FunctionalTesting (71)
[2015.04.28-20.12.34:913][503]LogModuleManager: Shutting down and abandoning module CollisionAnalyzer (70)
[2015.04.28-20.12.34:913][503]LogModuleManager: Shutting down and abandoning module WorkspaceMenuStructure (69)
[2015.04.28-20.12.34:913][503]LogModuleManager: Shutting down and abandoning module MessageLog (68)
[2015.04.28-20.12.34:913][503]LogModuleManager: Shutting down and abandoning module Sequencer (67)
[2015.04.28-20.12.34:913][503]LogModuleManager: Shutting down and abandoning module AssetTools (66)
[2015.04.28-20.12.34:913][503]LogModuleManager: Shutting down and abandoning module UMGEditor (65)
[2015.04.28-20.12.34:913][503]LogModuleManager: Shutting down and abandoning module UMG (64)
[2015.04.28-20.12.34:913][503]LogModuleManager: Shutting down and abandoning module Slate (63)
[2015.04.28-20.12.34:913][503]LogModuleManager: Shutting down and abandoning module EditorStyle (62)
[2015.04.28-20.12.34:932][503]LogModuleManager: Shutting down and abandoning module SessionServices (61)
[2015.04.28-20.12.34:932][503]LogModuleManager: Shutting down and abandoning module SourceCodeAccess (60)
[2015.04.28-20.12.34:932][503]LogModuleManager: Shutting down and abandoning module HeadMountedDisplay (59)
[2015.04.28-20.12.34:932][503]LogModuleManager: Shutting down and abandoning module XAudio2 (58)
[2015.04.28-20.12.34:932][503]LogModuleManager: Shutting down and abandoning module Networking (56)
[2015.04.28-20.12.34:932][503]LogModuleManager: Shutting down and abandoning module Core (55)
[2015.04.28-20.12.34:932][503]LogModuleManager: Shutting down and abandoning module KismetCompiler (54)
[2015.04.28-20.12.34:932][503]LogModuleManager: Shutting down and abandoning module PhysXFormats (53)
[2015.04.28-20.12.34:932][503]LogModuleManager: Shutting down and abandoning module MeshUtilities (52)
[2015.04.28-20.12.34:932][503]LogModuleManager: Shutting down and abandoning module DerivedDataCache (51)
[2015.04.28-20.12.34:939][503]LogDerivedDataCache: Shutdown
[2015.04.28-20.12.34:939][503]LogModuleManager: Shutting down and abandoning module ShaderFormatOpenGL (50)
[2015.04.28-20.12.34:939][503]LogModuleManager: Shutting down and abandoning module ShaderFormatD3D (49)
[2015.04.28-20.12.34:939][503]LogModuleManager: Shutting down and abandoning module MetalShaderFormat (48)
[2015.04.28-20.12.34:939][503]LogModuleManager: Shutting down and abandoning module TextureFormatUncompressed (47)
[2015.04.28-20.12.34:939][503]LogModuleManager: Shutting down and abandoning module TextureFormatPVR (46)
[2015.04.28-20.12.34:939][503]LogModuleManager: Shutting down and abandoning module TextureFormatIntelISPCTexComp (45)
[2015.04.28-20.12.34:939][503]LogModuleManager: Shutting down and abandoning module TextureFormatDXT (44)
[2015.04.28-20.12.34:939][503]LogModuleManager: Shutting down and abandoning module ImageWrapper (43)
[2015.04.28-20.12.34:939][503]LogModuleManager: Shutting down and abandoning module TextureFormatASTC (42)
[2015.04.28-20.12.34:939][503]LogModuleManager: Shutting down and abandoning module TextureFormatAndroid (41)
[2015.04.28-20.12.34:940][503]LogModuleManager: Shutting down and abandoning module AudioFormatOpus (40)
[2015.04.28-20.12.34:940][503]LogModuleManager: Shutting down and abandoning module AudioFormatOgg (39)
[2015.04.28-20.12.34:940][503]LogModuleManager: Shutting down and abandoning module AudioFormatADPCM (38)
[2015.04.28-20.12.34:940][503]LogModuleManager: Shutting down and abandoning module LinuxTargetPlatform (37)
[2015.04.28-20.12.34:940][503]LogModuleManager: Shutting down and abandoning module LinuxServerTargetPlatform (36)
[2015.04.28-20.12.34:940][503]LogModuleManager: Shutting down and abandoning module LinuxNoEditorTargetPlatform (35)
[2015.04.28-20.12.34:940][503]LogModuleManager: Shutting down and abandoning module Messaging (34)
[2015.04.28-20.12.34:940][503]LogModuleManager: Shutting down and abandoning module IOSTargetPlatform (33)
[2015.04.28-20.12.34:940][503]LogModuleManager: Shutting down and abandoning module HTML5TargetPlatform (32)
[2015.04.28-20.12.34:940][503]LogModuleManager: Shutting down and abandoning module Android_PVRTCTargetPlatform (31)
[2015.04.28-20.12.34:940][503]LogModuleManager: Shutting down and abandoning module Android_ETC2TargetPlatform (30)
[2015.04.28-20.12.34:940][503]LogModuleManager: Shutting down and abandoning module Android_ETC1TargetPlatform (29)
[2015.04.28-20.12.34:940][503]LogModuleManager: Shutting down and abandoning module Android_ES31TargetPlatform (28)
[2015.04.28-20.12.34:940][503]LogModuleManager: Shutting down and abandoning module Android_DXTTargetPlatform (27)
[2015.04.28-20.12.34:940][503]LogModuleManager: Shutting down and abandoning module Android_ATCTargetPlatform (26)
[2015.04.28-20.12.34:940][503]LogModuleManager: Shutting down and abandoning module AndroidTargetPlatform (25)
[2015.04.28-20.12.34:940][503]LogModuleManager: Shutting down and abandoning module WindowsTargetPlatform (24)
[2015.04.28-20.12.34:940][503]LogModuleManager: Shutting down and abandoning module WindowsServerTargetPlatform (23)
[2015.04.28-20.12.34:940][503]LogModuleManager: Shutting down and abandoning module WindowsNoEditorTargetPlatform (22)
[2015.04.28-20.12.34:941][503]LogModuleManager: Shutting down and abandoning module WindowsClientTargetPlatform (21)
[2015.04.28-20.12.34:941][503]LogModuleManager: Shutting down and abandoning module TargetPlatform (20)
[2015.04.28-20.12.34:941][503]LogModuleManager: Shutting down and abandoning module InputCore (19)
[2015.04.28-20.12.34:941][503]LogModuleManager: Shutting down and abandoning module Settings (18)
[2015.04.28-20.12.34:941][503]LogModuleManager: Shutting down and abandoning module OnlineSubsystem (16)
[2015.04.28-20.12.34:941][503]LogModuleManager: Shutting down and abandoning module OculusRift (15)
[2015.04.28-20.12.34:941][503]LogModuleManager: Shutting down and abandoning module ExampleDeviceProfileSelector (14)
[2015.04.28-20.12.34:941][503]LogModuleManager: Shutting down and abandoning module TextureCompressor (13)
[2015.04.28-20.12.34:941][503]LogModuleManager: Shutting down and abandoning module ShaderCore (12)
[2015.04.28-20.12.34:941][503]LogModuleManager: Shutting down and abandoning module Landscape (11)
[2015.04.28-20.12.34:941][503]LogModuleManager: Shutting down and abandoning module SlateRHIRenderer (10)
[2015.04.28-20.12.34:965][503]LogModuleManager: Shutting down and abandoning module OpenGLDrv (9)
[2015.04.28-20.12.34:965][503]LogModuleManager: Shutting down and abandoning module D3D11RHI (8)
[2015.04.28-20.12.34:965][503]LogModuleManager: Shutting down and abandoning module Renderer (7)
[2015.04.28-20.12.34:965][503]LogModuleManager: Shutting down and abandoning module Engine (6)
[2015.04.28-20.12.34:966][503]LogModuleManager: Shutting down and abandoning module CoreUObject (5)
[2015.04.28-20.12.34:966][503]LogModuleManager: Shutting down and abandoning module NetworkFile (4)
[2015.04.28-20.12.34:966][503]LogModuleManager: Shutting down and abandoning module StreamingFile (3)
[2015.04.28-20.12.34:966][503]LogModuleManager: Shutting down and abandoning module SandboxFile (2)
[2015.04.28-20.12.34:966][503]LogModuleManager: Shutting down and abandoning module PakFile (1)
[2015.04.28-20.12.34:967][503]LogExit: Exiting.
[2015.04.28-20.12.34:984][503]Log file closed, 04/28/15 13:12:34
