Log file open, 04/28/15 11:13:50
LogInit:Display: Running engine for game: MyThirdPersonGame
LogInit: Version: 4.7.5-2503383+++depot+UE4-Releases+4.7
LogInit: API Version: 2455222
LogInit: Compiled (64-bit): Apr  6 2015 23:21:51
LogInit: Compiled with Visual C++: 18.00.21005.01
LogInit: Build Configuration: Development
LogInit: Branch Name: ++depot+UE4-Releases+4.7
LogInit: Command line: 
LogInit: Base directory: C:/Program Files/Epic Games/4.7/Engine/Binaries/Win64/
LogInit: Rocket: 1
[2015.04.28-18.13.50:111][  0]LogTaskGraph: Started task graph with 3 named threads and 4 total threads.
[2015.04.28-18.13.50:147][  0]LogOnline:Warning: No default platform service specified for OnlineSubsystem
[2015.04.28-18.13.50:163][  0]LogInit: Presizing for 0 objects not considered by GC, pre-allocating 0 bytes.
[2015.04.28-18.13.50:173][  0]LogInit: Object subsystem initialized
[2015.04.28-18.13.50:174][  0]LogConsoleResponse:Warning: Skipping Unknown console variable: 'TranslucentSortAxis = (X=0.000000,Y=-1.000000,Z=0.000000)'
[2015.04.28-18.13.50:174][  0]LogConsoleResponse:Warning:   Found in ini file 'C:/Users/Dean/Documents/Unreal Projects/MyThirdPersonGame/Saved/Config/Windows/Engine.ini', in section '[/Script/Engine.RendererSettings]'
[2015.04.28-18.13.50:174][  0]LogConsoleResponse:Warning: Skipping Unknown console variable: 'UIScaleRule = ShortestSide'
[2015.04.28-18.13.50:174][  0]LogConsoleResponse:Warning:   Found in ini file 'C:/Users/Dean/Documents/Unreal Projects/MyThirdPersonGame/Saved/Config/Windows/Engine.ini', in section '[/Script/Engine.RendererSettings]'
[2015.04.28-18.13.50:174][  0]LogConsoleResponse:Warning: Skipping Unknown console variable: 'UIScaleCurve = (EditorCurveData=(Keys=),ExternalCurve=None)'
[2015.04.28-18.13.50:174][  0]LogConsoleResponse:Warning:   Found in ini file 'C:/Users/Dean/Documents/Unreal Projects/MyThirdPersonGame/Saved/Config/Windows/Engine.ini', in section '[/Script/Engine.RendererSettings]'
[2015.04.28-18.13.50:175][  0]LogInit: Selected Device Profile: [Windows]
[2015.04.28-18.13.50:175][  0]LogInit: Applying CVar settings loaded from the selected device profile: [Windows]
[2015.04.28-18.13.50:182][  0]LogInit: Computer: DEAN
[2015.04.28-18.13.50:182][  0]LogInit: User: Dean
[2015.04.28-18.13.50:182][  0]LogInit: CPU Page size=4096, Cores=2
[2015.04.28-18.13.50:182][  0]LogInit: High frequency timer resolution =2.338336 MHz
[2015.04.28-18.13.50:182][  0]LogMemory: Memory total: Physical=7.9GB (8GB approx) Virtual=131072.0GB
[2015.04.28-18.13.50:183][  0]LogMemory: Platform Memory Stats for Windows
[2015.04.28-18.13.50:183][  0]LogMemory: Process Physical Memory: 46.55 MB used, 46.55 MB peak
[2015.04.28-18.13.50:183][  0]LogMemory: Process Virtual Memory: 26.66 MB used, 26.66 MB peak
[2015.04.28-18.13.50:183][  0]LogMemory: Physical Memory: 2840.70 MB used, 8075.46 MB total
[2015.04.28-18.13.50:183][  0]LogMemory: Virtual Memory: 288.80 MB used, 134217728.00 MB total
[2015.04.28-18.13.50:681][  0]LogD3D11RHI: Found D3D11 adapter 0: Intel(R) HD Graphics Family (Feature Level 11_0)
[2015.04.28-18.13.50:681][  0]LogD3D11RHI: Adapter has 32MB of dedicated video memory, 0MB of dedicated system memory, and 1760MB of shared system memory, 1 output[s]
[2015.04.28-18.13.50:695][  0]LogD3D11RHI: Found D3D11 adapter 1: NVIDIA GeForce GT 740M             (Feature Level 11_0)
[2015.04.28-18.13.50:695][  0]LogD3D11RHI: Adapter has 1972MB of dedicated video memory, 0MB of dedicated system memory, and 2048MB of shared system memory, 0 output[s]
[2015.04.28-18.13.50:696][  0]LogD3D11RHI: Found D3D11 adapter 2: Microsoft Basic Render Driver (Feature Level 11_0)
[2015.04.28-18.13.50:696][  0]LogD3D11RHI: Adapter has 0MB of dedicated video memory, 0MB of dedicated system memory, and 256MB of shared system memory, 0 output[s]
[2015.04.28-18.13.50:696][  0]LogD3D11RHI: Chosen D3D11 Adapter Id = 0
[2015.04.28-18.13.50:701][  0]LogRHI: Texture pool is 638 MB (70% of 912 MB)
[2015.04.28-18.13.50:713][  0]LogD3D11RHI: Async texture creation enabled
[2015.04.28-18.13.50:774][  0]LogTextLocalizationManager: The requested culture ('en_US') has no localization data; parent culture's ('en') localization data will be used.
[2015.04.28-18.13.50:834][  0]LogTextLocalizationManager:Warning: Loading localization resources contain conflicting entries for (Namespace:UICommands, Key:Save_ToolTip):
Resource: (C:/Program Files/Epic Games/4.7/Engine/Content/Localization/Editor/en/Editor.locres) Hash: (-29098895) String: (Saves the current level to disk)
Resource: (C:/Program Files/Epic Games/4.7/Engine/Content/Localization/Engine/en/Engine.locres) Hash: (-1280300587) String: (Save selected data to vlog file)
[2015.04.28-18.13.50:834][  0]LogTextLocalizationManager:Warning: Loading localization resources contain conflicting entries for (Namespace:ContentBrowser, Key:ImportAssetToolTip):
Resource: (C:/Program Files/Epic Games/4.7/Engine/Content/Localization/Editor/en/Editor.locres) Hash: (-630476809) String: (Import to {0}...)
Resource: (C:/Program Files/Epic Games/4.7/Engine/Content/Localization/Editor/en/Editor.locres) Hash: (1271782899) String: (Imports an asset from file to this folder.)
[2015.04.28-18.13.50:912][  0]LogContentStreaming: Texture pool size is 0.000000MB
[2015.04.28-18.13.54:098][  0]LogTargetPlatformManager:Display: Building Assets For Windows
[2015.04.28-18.13.55:345][  0]LogTargetPlatformManager:Display: Building Assets For Windows
[2015.04.28-18.13.55:429][  0]LogDerivedDataCache:Display: Max Cache Size: 512 MB
[2015.04.28-18.13.55:471][  0]LogDerivedDataCache: Loaded boot cache 0.04s 39MB C:/Users/Dean/AppData/Local/UnrealEngine/4.7/DerivedDataCache/Boot.ddc.
[2015.04.28-18.13.55:471][  0]LogDerivedDataCache:Display: Loaded Boot cache: C:/Users/Dean/AppData/Local/UnrealEngine/4.7/DerivedDataCache/Boot.ddc
[2015.04.28-18.13.55:472][  0]LogDerivedDataCache: FDerivedDataBackendGraph:  Pak pak cache file ../../../../../../Users/Dean/Documents/Unreal Projects/MyThirdPersonGame/DerivedDataCache/DDC.ddp not found, will not use a pak cache.
[2015.04.28-18.13.55:472][  0]LogDerivedDataCache: Unable to find inner node Pak for hierarchical cache Hierarchy.
[2015.04.28-18.13.55:590][  0]LogDerivedDataCache:Display: Pak cache opened for reading ../../../Engine/DerivedDataCache/Compressed.ddp.
[2015.04.28-18.13.55:604][  0]LogDerivedDataCache: Using Local data cache path C:/Users/Dean/AppData/Local/UnrealEngine/Common/DerivedDataCache: Writable
[2015.04.28-18.13.55:908][  0]LogMeshUtilities: No automatic mesh reduction module available
[2015.04.28-18.13.55:908][  0]LogMeshUtilities: No automatic mesh merging module available
[2015.04.28-18.13.56:320][  0]LogInit: WinSock: version 1.1 (2.2), MaxSocks=32767, MaxUdp=65467
[2015.04.28-18.13.56:421][  0]LogSlate:Warning: Failed to load font data from '../../../Engine/Content/Slate/Fonts/Roboto-Italic.ttf'
[2015.04.28-18.13.57:416][  0]UdpMessaging: Initializing bridge on interface 0.0.0.0:0 to multicast group 230.0.0.1:6666.
[2015.04.28-18.13.57:662][  0]SourceControl: Info Source control is disabled
[2015.04.28-18.13.57:662][  0]SourceControl: Info Source control is disabled
[2015.04.28-18.13.57:662][  0]SourceControl: Info Source control is disabled
[2015.04.28-18.13.57:662][  0]LogSourceControl: RunCommandInternalRaw: 'git version'
[2015.04.28-18.13.57:662][  0]LogSourceControl: RunCommandInternalRaw: ExecProcess ReturnCode=2 OutResults=''
[2015.04.28-18.13.57:674][  0]SourceControl: Info Source control is disabled
[2015.04.28-18.13.57:906][  0]LogObj: 24232 objects as part of root set at end of initial load.
[2015.04.28-18.13.57:906][  0]LogUObjectAllocator: 5137176 out of 0 bytes used by permanent object pool.
[2015.04.28-18.13.58:000][  0]LogEngine: Initializing Engine...
[2015.04.28-18.14.00:160][  0]LogInit: XAudio2 using 'Speakers (Realtek High Definition Audio)' : 2 channels at 48 kHz using 32 bits per sample (channel mask 0x3)
[2015.04.28-18.14.00:177][  0]LogInit: FAudioDevice initialized.
[2015.04.28-18.14.00:223][  0]LogAIModule: Creating AISystem for world NewWorld
[2015.04.28-18.14.00:245][  0]LogDerivedDataCache: Saved boot cache 0.02s 39MB C:/Users/Dean/AppData/Local/UnrealEngine/4.7/DerivedDataCache/Boot.ddc.
[2015.04.28-18.14.00:248][  0]LogInit: Texture streaming: Enabled
[2015.04.28-18.14.00:352][  0]LogAnalytics: Creating configured Analytics provider AnalyticsET
[2015.04.28-18.14.00:352][  0]LogAnalytics: ET APIKey = Rocket.Release. APIServer = http://et2.epicgames.com/ET2/. AppVersion = 4.7.5-2503383+++depot+UE4-Releases+4.7
[2015.04.28-18.14.00:352][  0]LogAnalytics: ET APIKey = Rocket.Release. DataRouterUploadURL = https://datarouter-public-service-gamedev.ol.epicgames.net/datarouter/api/v1/public/data. AppVersion = 4.7.5-2503383+++depot+UE4-Releases+4.7
[2015.04.28-18.14.00:352][  0]LogAnalytics: SetUserId 910d50be45690666f5f2d593bf8be2f0|066eb542fbc44451808d2154e76a0e26|8364f941-f0a8-46f3-a7e2-f1f90b6af0a2
[2015.04.28-18.14.00:352][  0]LogAnalytics: AnalyticsET::StartSession [Rocket.Release]
[2015.04.28-18.14.00:380][  0]LogInit: Transaction tracking system initialized
[2015.04.28-18.14.00:620][  0]BlueprintLog: New page: Editor Load
[2015.04.28-18.14.00:662][  0]LogAssetRegistry: FAssetRegistry took 0.0110 seconds to start up
[2015.04.28-18.14.00:662][  0]LogDirectoryWatcher:Warning: Failed to begin reading directory changes for ../../../Engine/Plugins/Experimental/CharacterAI/Content/. Error: 0
[2015.04.28-18.14.01:576][  0]LogTargetPlatformManager:Display: Building Assets For Windows
[2015.04.28-18.14.02:152][  0]LogTargetPlatformManager:Display: Building Assets For Windows
[2015.04.28-18.14.02:594][  0]LogSlate:Warning: Failed to load font data from '../../../Engine/Content/Editor/Slate/Fonts/Roboto-Regular.ttf'
[2015.04.28-18.14.02:595][  0]LogSlate:Warning: Failed to load font data from '../../../Engine/Content/Editor/Slate/Fonts/Roboto-Bold.ttf'
[2015.04.28-18.14.02:602][  0]LogConsoleResponse:Display: 
[2015.04.28-18.14.02:805][  0]LogCook:Display: Done creating registry. It took  0.00s.
[2015.04.28-18.14.03:038][  0]SourceControl: Info Source control is disabled
[2015.04.28-18.14.03:039][  0]Cmd: MAP LOAD FILE="../../../../../../Users/Dean/Documents/Unreal Projects/MyThirdPersonGame/Content/StarterContent/Maps/Minimal_Default.umap" TEMPLATE=0 SHOWPROGRESS=1 FEATURELEVEL=3
[2015.04.28-18.14.03:039][  0]LightingResults: New page: Lighting Build
[2015.04.28-18.14.03:061][  0]MapCheck: New page: Map Check
[2015.04.28-18.14.03:061][  0]LightingResults: New page: Lighting Build
[2015.04.28-18.14.03:080][  0]LogParticles: Destroying 0 GPU particle simulations for FXSystem 0x000000FB1CCC0C20
[2015.04.28-18.14.10:368][  0]LogEditorServer: Finished looking for orphan Actors (0.000 secs)
[2015.04.28-18.14.10:394][  0]LogAIModule: Creating AISystem for world Minimal_Default
[2015.04.28-18.14.10:395][  0]Cmd: MAP CHECKDEP
[2015.04.28-18.14.10:395][  0]MapCheck: New page: Minimal_Default - Apr 28, 2015, 4:14:10 AM
[2015.04.28-18.14.10:561][  0]MapCheck: Info Map check complete: 0 Error(s), 0 Warning(s), took 165.612ms to complete.
[2015.04.28-18.14.10:561][  0]LogFileHelpers: Loading map 'Minimal_Default' took 7.522
[2015.04.28-18.14.10:696][  0]LogCollectionManager: Loaded 0 collections in 0.001938 seconds
[2015.04.28-18.14.10:706][  0]LogContentBrowser: Native class hierarchy populated in 0.0103 seconds. Added 1696 classes and 261 folders.
[2015.04.28-18.14.10:748][  0]LogContentBrowser: Native class hierarchy updated for 'SceneOutliner' in 0.0026 seconds. Added 1 classes and 2 folders.
[2015.04.28-18.14.10:833][  0]LogCrashTracker: Crashtracker disabled due to settings.
[2015.04.28-18.14.10:835][  0]LogSlate:Warning: Failed to load font data from 'Veranda'
[2015.04.28-18.14.10:842][  0]LogUObjectGlobals:Warning: Failed to find object 'Class None.'
[2015.04.28-18.14.13:929][  0]LogLoad: Full Startup: 26.86 seconds (BP compile: 0.69 seconds)
[2015.04.28-18.14.13:970][  0]LogContentBrowser:Verbose: The content browser source was changed by the sources view to '/Game/StarterContent/Blueprints'
[2015.04.28-18.14.14:665][  0]LogRenderer:Warning: Reallocating scene render targets to support 32x32 (Frame:2).
[2015.04.28-18.14.14:868][  0]LogRenderer:Warning: Reallocating scene render targets to support 856x376 (Frame:3).
[2015.04.28-18.14.15:604][  6]LogAssetRegistry: Asset discovery search completed in 14.9545 seconds
[2015.04.28-18.14.20:671][176]LogPlayLevel: PIE:  No blueprints needed recompiling
[2015.04.28-18.14.20:671][176]PIE: New page: PIE session: Minimal_Default (Apr 28, 2015, 4:14:20 AM)
[2015.04.28-18.14.20:679][176]LogPlayLevel: PIE: StaticDuplicateObject took: (0.007016s)
[2015.04.28-18.14.20:680][176]LogPlayLevel: PIE: World Init took: (0.000740s)
[2015.04.28-18.14.20:680][176]LogPlayLevel: PIE: Created PIE world by copying editor world from /Game/StarterContent/Maps/Minimal_Default.Minimal_Default to /Game/StarterContent/Maps/UEDPIE_0_Minimal_Default.Minimal_Default (0.007993s)
[2015.04.28-18.14.20:733][176]LogWorld: Game class is 'MyGame_C'
[2015.04.28-18.14.20:735][176]LogAIModule: Creating AISystem for world Minimal_Default
[2015.04.28-18.14.20:739][176]LogWorld: Bringing World /Game/StarterContent/Maps/UEDPIE_0_Minimal_Default.Minimal_Default up for play (max tick rate 60) at 2015.04.28-11.14.20
[2015.04.28-18.14.20:740][176]LogWorld: Bringing up level for play took: 0.004801
[2015.04.28-18.14.20:744][176]PIE: Info Play in editor start time for /Game/StarterContent/Maps/UEDPIE_0_Minimal_Default 0.91
[2015.04.28-18.14.24:101][332]Cmd: LevelEditor.ToggleImmersive
[2015.04.28-18.14.24:265][333]LogRenderer:Warning: Reallocating scene render targets to support 1192x608 (Frame:333).
[2015.04.28-18.14.24:378][334]LogRenderer:Warning: Reallocating scene render targets to support 1368x728 (Frame:335).
[2015.04.28-18.15.14:764][650]LogParticles: Destroying 0 GPU particle simulations for FXSystem 0x000000FB346832E0
[2015.04.28-18.15.20:507][807]LogContentBrowser:Verbose: The content browser source was changed by the sources view to '/Game/StarterContent/Character'
[2015.04.28-18.15.25:367][849]LogSkeletalMesh: InitArticulated: Bodies already created (/Engine/Transient.DebugSkelMeshComponent_0) - call TermArticulated first.
[2015.04.28-18.15.25:454][849]LogLinker:Warning: Asset '../../../Engine/Content/Tutorial/SubEditors/PersonaAnimEditorTutorial.uasset' has been saved with empty engine version. The asset will be loaded but may be incompatible.
[2015.04.28-18.15.36:961][138]LogContentBrowser:Verbose: The majority of assets in the view are of type: AnimSequence
[2015.04.28-18.18.35:771][855]LogSavePackage: Save=781.855103ms
[2015.04.28-18.18.35:771][855]LogSavePackage: Moving '../../../../../../Users/Dean/Documents/Unreal Projects/MyThirdPersonGame/Saved/Punching_Montage10F457BA4DF9BA5A9D04E6A87FB7775C.tmp' to '../../../../../../Users/Dean/Documents/Unreal Projects/MyThirdPersonGame/Content/StarterContent/Character/Animations/Punching_Montage.uasset'
[2015.04.28-18.18.39:210][923]LogSavePackage: Save=39.670090ms
[2015.04.28-18.18.39:210][923]LogSavePackage: Moving '../../../../../../Users/Dean/Documents/Unreal Projects/MyThirdPersonGame/Saved/Punching_Montage8F84480B4B3B8656034E75B02E9D701C.tmp' to '../../../../../../Users/Dean/Documents/Unreal Projects/MyThirdPersonGame/Content/StarterContent/Character/Animations/Punching_Montage.uasset'
[2015.04.28-18.18.44:575][ 40]BlueprintLog: New page: Compile CharacterAnimBP
[2015.04.28-18.18.45:004][ 40]LogActorComponent: UnregisterComponent: (/Engine/Transient.CharMoveComp) Not registered. Aborting.
[2015.04.28-18.18.45:064][ 40]LogParticles: Destroying 0 GPU particle simulations for FXSystem 0x000000FB3A2254E0
[2015.04.28-18.18.45:066][ 40]LogParticles: Destroying 0 GPU particle simulations for FXSystem 0x000000FB37126020
[2015.04.28-18.18.45:067][ 40]LogParticles: Destroying 0 GPU particle simulations for FXSystem 0x000000FB3D0EA020
[2015.04.28-18.18.45:087][ 40]BlueprintEditorCompileResults: Info [0298.02] Compile of CharacterAnimBP successful! [in 511 ms]
[2015.04.28-18.18.46:834][ 59]LogSavePackage: Save=765.463562ms
[2015.04.28-18.18.46:834][ 59]LogSavePackage: Moving '../../../../../../Users/Dean/Documents/Unreal Projects/MyThirdPersonGame/Saved/CharacterAnimBP8884DEEE414ECBF727218C877B5D498D.tmp' to '../../../../../../Users/Dean/Documents/Unreal Projects/MyThirdPersonGame/Content/StarterContent/Character/CharacterAnimBP.uasset'
[2015.04.28-18.18.49:671][140]LogPlayLevel: PIE:  No blueprints needed recompiling
[2015.04.28-18.18.49:671][140]PIE: New page: PIE session: Minimal_Default (Apr 28, 2015, 4:18:49 AM)
[2015.04.28-18.18.49:682][140]LogPlayLevel: PIE: StaticDuplicateObject took: (0.006757s)
[2015.04.28-18.18.49:683][140]LogPlayLevel: PIE: World Init took: (0.000699s)
[2015.04.28-18.18.49:683][140]LogPlayLevel: PIE: Created PIE world by copying editor world from /Game/StarterContent/Maps/Minimal_Default.Minimal_Default to /Game/StarterContent/Maps/UEDPIE_0_Minimal_Default.Minimal_Default (0.007694s)
[2015.04.28-18.18.49:714][140]LogWorld: Game class is 'MyGame_C'
[2015.04.28-18.18.49:716][140]LogAIModule: Creating AISystem for world Minimal_Default
[2015.04.28-18.18.49:720][140]LogWorld: Bringing World /Game/StarterContent/Maps/UEDPIE_0_Minimal_Default.Minimal_Default up for play (max tick rate 0) at 2015.04.28-11.18.49
[2015.04.28-18.18.49:721][140]LogWorld: Bringing up level for play took: 0.004750
[2015.04.28-18.18.49:724][140]PIE: Info Play in editor start time for /Game/StarterContent/Maps/UEDPIE_0_Minimal_Default -0.11
[2015.04.28-18.18.51:805][225]Cmd: LevelEditor.ToggleImmersive
[2015.04.28-18.19.21:626][ 12]LogParticles: Destroying 0 GPU particle simulations for FXSystem 0x000000FB337189A0
[2015.04.28-18.19.21:627][ 12]LogParticles: Destroying 0 GPU particle simulations for FXSystem 0x000000FB33718220
[2015.04.28-18.19.21:629][ 12]LogParticles: Destroying 0 GPU particle simulations for FXSystem 0x000000FB37415DA0
[2015.04.28-18.19.21:646][ 12]LogParticles: Destroying 0 GPU particle simulations for FXSystem 0x000000FB3E6DEA20
[2015.04.28-18.19.27:307][143]LogSavePackage: Save=469.322205ms
[2015.04.28-18.19.27:307][143]LogSavePackage: Moving '../../../../../../Users/Dean/Documents/Unreal Projects/MyThirdPersonGame/Saved/Minimal_DefaultD394AC3746954D0E4024969C90F5ECAD.tmp' to '../../../../../../Users/Dean/Documents/Unreal Projects/MyThirdPersonGame/Content/StarterContent/Maps/Minimal_Default.umap'
[2015.04.28-18.19.30:685][244]Cmd: QUIT_EDITOR
[2015.04.28-18.19.30:960][244]LogExit: Preparing to exit.
[2015.04.28-18.19.31:751][244]LogExit: Editor shut down
[2015.04.28-18.19.31:751][244]LogExit: Transaction tracking system shut down
[2015.04.28-18.19.31:753][244]LogParticles: Destroying 0 GPU particle simulations for FXSystem 0x000000FB2FCC9D00
[2015.04.28-18.19.31:754][244]LogParticles: Destroying 0 GPU particle simulations for FXSystem 0x000000FB3440B060
[2015.04.28-18.19.31:754][244]LogParticles: Destroying 0 GPU particle simulations for FXSystem 0x000000FB344EC400
[2015.04.28-18.19.31:754][244]LogParticles: Destroying 0 GPU particle simulations for FXSystem 0x000000FB24C11D00
[2015.04.28-18.19.31:754][244]LogParticles: Destroying 0 GPU particle simulations for FXSystem 0x000000FB24C13600
[2015.04.28-18.19.31:755][244]LogParticles: Destroying 0 GPU particle simulations for FXSystem 0x000000FB24C12CA0
[2015.04.28-18.19.31:755][244]LogParticles: Destroying 0 GPU particle simulations for FXSystem 0x000000FB3C6AD080
[2015.04.28-18.19.31:821][244]LogExit: Object subsystem successfully closed.
[2015.04.28-18.19.31:884][244]LogModuleManager: Shutting down and abandoning module CrashTracker (177)
[2015.04.28-18.19.31:884][244]LogModuleManager: Shutting down and abandoning module SuperSearch (176)
[2015.04.28-18.19.31:884][244]LogModuleManager: Shutting down and abandoning module SceneOutliner (175)
[2015.04.28-18.19.31:884][244]LogModuleManager: Shutting down and abandoning module EditorWidgets (174)
[2015.04.28-18.19.31:884][244]LogModuleManager: Shutting down and abandoning module CollectionManager (173)
[2015.04.28-18.19.31:884][244]LogModuleManager: Shutting down and abandoning module StatsViewer (172)
[2015.04.28-18.19.31:884][244]LogModuleManager: Shutting down and abandoning module FoliageEdit (171)
[2015.04.28-18.19.31:885][244]LogModuleManager: Shutting down and abandoning module LandscapeEditor (170)
[2015.04.28-18.19.31:885][244]LogModuleManager: Shutting down and abandoning module MeshPaint (169)
[2015.04.28-18.19.31:885][244]LogModuleManager: Shutting down and abandoning module ActorPickerMode (168)
[2015.04.28-18.19.31:885][244]LogModuleManager: Shutting down and abandoning module GeometryMode (167)
[2015.04.28-18.19.31:885][244]LogModuleManager: Shutting down and abandoning module TextureAlignMode (166)
[2015.04.28-18.19.31:885][244]LogModuleManager: Shutting down and abandoning module BspMode (165)
[2015.04.28-18.19.31:885][244]LogModuleManager: Shutting down and abandoning module PlacementMode (164)
[2015.04.28-18.19.31:885][244]LogModuleManager: Shutting down and abandoning module AutomationWorker (163)
[2015.04.28-18.19.31:885][244]LogModuleManager: Shutting down and abandoning module CharacterAI (162)
[2015.04.28-18.19.31:885][244]LogModuleManager: Shutting down and abandoning module SmartSnapping (161)
[2015.04.28-18.19.31:885][244]LogModuleManager: Shutting down and abandoning module ViewportSnapping (160)
[2015.04.28-18.19.31:885][244]LogModuleManager: Shutting down and abandoning module LogVisualizer (159)
[2015.04.28-18.19.31:885][244]LogModuleManager: Shutting down and abandoning module GameProjectGeneration (158)
[2015.04.28-18.19.31:885][244]LogModuleManager: Shutting down and abandoning module IntroTutorials (157)
[2015.04.28-18.19.31:885][244]LogModuleManager: Shutting down and abandoning module EditorLiveStreaming (156)
[2015.04.28-18.19.31:885][244]LogModuleManager: Shutting down and abandoning module HardwareTargeting (155)
[2015.04.28-18.19.31:885][244]LogModuleManager: Shutting down and abandoning module DeviceProfileEditor (154)
[2015.04.28-18.19.31:885][244]LogModuleManager: Shutting down and abandoning module UndoHistory (153)
[2015.04.28-18.19.31:885][244]LogModuleManager: Shutting down and abandoning module GameplayTagsEditor (152)
[2015.04.28-18.19.31:885][244]LogModuleManager: Shutting down and abandoning module UserFeedback (151)
[2015.04.28-18.19.31:885][244]LogModuleManager: Shutting down and abandoning module XmlParser (150)
[2015.04.28-18.19.31:885][244]LogModuleManager: Shutting down and abandoning module Blutility (149)
[2015.04.28-18.19.31:885][244]LogModuleManager: Shutting down and abandoning module IOSPlatformEditor (148)
[2015.04.28-18.19.31:886][244]LogModuleManager: Shutting down and abandoning module IOSRuntimeSettings (147)
[2015.04.28-18.19.31:886][244]LogModuleManager: Shutting down and abandoning module AndroidDeviceDetection (146)
[2015.04.28-18.19.32:509][244]LogModuleManager: Shutting down and abandoning module AndroidPlatformEditor (145)
[2015.04.28-18.19.32:509][244]LogModuleManager: Shutting down and abandoning module AndroidRuntimeSettings (144)
[2015.04.28-18.19.32:509][244]LogModuleManager: Shutting down and abandoning module ProjectTargetPlatformEditor (143)
[2015.04.28-18.19.32:509][244]LogModuleManager: Shutting down and abandoning module ProjectSettingsViewer (142)
[2015.04.28-18.19.32:509][244]LogModuleManager: Shutting down and abandoning module InputBindingEditor (141)
[2015.04.28-18.19.32:509][244]LogModuleManager: Shutting down and abandoning module EditorSettingsViewer (140)
[2015.04.28-18.19.32:509][244]LogModuleManager: Shutting down and abandoning module SettingsEditor (139)
[2015.04.28-18.19.32:509][244]LogModuleManager: Shutting down and abandoning module ProjectLauncher (138)
[2015.04.28-18.19.32:509][244]LogModuleManager: Shutting down and abandoning module SessionFrontend (137)
[2015.04.28-18.19.32:509][244]LogModuleManager: Shutting down and abandoning module ProfilerClient (136)
[2015.04.28-18.19.32:509][244]LogModuleManager: Shutting down and abandoning module TargetDeviceServices (135)
[2015.04.28-18.19.32:509][244]LogModuleManager: Shutting down and abandoning module DeviceManager (134)
[2015.04.28-18.19.32:509][244]LogModuleManager: Shutting down and abandoning module AutomationController (133)
[2015.04.28-18.19.32:509][244]LogModuleManager: Shutting down and abandoning module AutomationWindow (132)
[2015.04.28-18.19.32:509][244]LogModuleManager: Shutting down and abandoning module Layers (131)
[2015.04.28-18.19.32:509][244]LogModuleManager: Shutting down and abandoning module ComponentVisualizers (130)
[2015.04.28-18.19.32:509][244]LogModuleManager: Shutting down and abandoning module DetailCustomizations (129)
[2015.04.28-18.19.32:509][244]LogModuleManager: Shutting down and abandoning module PackagesDialog (128)
[2015.04.28-18.19.32:510][244]LogModuleManager: Shutting down and abandoning module AssetRegistry (127)
[2015.04.28-18.19.32:602][244]LogModuleManager: Shutting down and abandoning module Persona (126)
[2015.04.28-18.19.32:602][244]LogModuleManager: Shutting down and abandoning module SlateReflector (125)
[2015.04.28-18.19.32:602][244]LogModuleManager: Shutting down and abandoning module LevelEditor (124)
[2015.04.28-18.19.32:602][244]LogModuleManager: Shutting down and abandoning module Kismet (123)
[2015.04.28-18.19.32:602][244]LogModuleManager: Shutting down and abandoning module GraphEditor (122)
[2015.04.28-18.19.32:603][244]LogModuleManager: Shutting down and abandoning module ClassViewer (121)
[2015.04.28-18.19.32:603][244]LogModuleManager: Shutting down and abandoning module Toolbox (120)
[2015.04.28-18.19.32:603][244]LogModuleManager: Shutting down and abandoning module ModuleUI (119)
[2015.04.28-18.19.32:603][244]LogModuleManager: Shutting down and abandoning module MovieSceneTools (118)
[2015.04.28-18.19.32:603][244]LogModuleManager: Shutting down and abandoning module OutputLog (117)
[2015.04.28-18.19.32:603][244]LogModuleManager: Shutting down and abandoning module GammaUI (116)
[2015.04.28-18.19.32:603][244]LogModuleManager: Shutting down and abandoning module Documentation (115)
[2015.04.28-18.19.32:603][244]LogModuleManager: Shutting down and abandoning module GameLiveStreaming (114)
[2015.04.28-18.19.32:603][244]LogModuleManager: Shutting down and abandoning module StreamingPauseRendering (113)
[2015.04.28-18.19.32:603][244]LogModuleManager: Shutting down and abandoning module HTTP (112)
[2015.04.28-18.19.32:603][244]LogModuleManager: Shutting down and abandoning module AnalyticsET (111)
[2015.04.28-18.19.32:603][244]LogModuleManager: Shutting down and abandoning module Analytics (110)
[2015.04.28-18.19.32:603][244]LogModuleManager: Shutting down and abandoning module AITestSuite (109)
[2015.04.28-18.19.32:603][244]LogModuleManager: Shutting down and abandoning module GameplayDebugger (108)
[2015.04.28-18.19.32:603][244]LogModuleManager: Shutting down and abandoning module AIModule (107)
[2015.04.28-18.19.32:603][244]LogModuleManager: Shutting down and abandoning module ProfilerService (106)
[2015.04.28-18.19.32:691][244]LogModuleManager: Shutting down and abandoning module TaskGraph (105)
[2015.04.28-18.19.32:691][244]LogModuleManager: Shutting down and abandoning module SlateRemote (104)
[2015.04.28-18.19.32:691][244]LogModuleManager: Shutting down and abandoning module ScriptEditorPlugin (103)
[2015.04.28-18.19.32:691][244]LogModuleManager: Shutting down and abandoning module CustomMeshComponent (102)
[2015.04.28-18.19.32:691][244]LogModuleManager: Shutting down and abandoning module CableComponent (101)
[2015.04.28-18.19.32:691][244]LogModuleManager: Shutting down and abandoning module MessagingDebugger (100)
[2015.04.28-18.19.32:691][244]LogModuleManager: Shutting down and abandoning module MediaPlayerEditor (99)
[2015.04.28-18.19.32:691][244]LogModuleManager: Shutting down and abandoning module SpeedTreeImporter (98)
[2015.04.28-18.19.32:691][244]LogModuleManager: Shutting down and abandoning module PluginsEditor (97)
[2015.04.28-18.19.32:691][244]LogModuleManager: Shutting down and abandoning module MainFrame (96)
[2015.04.28-18.19.32:691][244]LogModuleManager: Shutting down and abandoning module EpicSurvey (95)
[2015.04.28-18.19.32:691][244]LogModuleManager: Shutting down and abandoning module DesktopPlatform (94)
[2015.04.28-18.19.32:691][244]LogModuleManager: Shutting down and abandoning module DirectoryWatcher (93)
[2015.04.28-18.19.32:691][244]LogModuleManager: Shutting down and abandoning module HotReload (92)
[2015.04.28-18.19.32:691][244]LogModuleManager: Shutting down and abandoning module VisualStudioSourceCodeAccess (91)
[2015.04.28-18.19.32:691][244]LogModuleManager: Shutting down and abandoning module UObjectPlugin (90)
[2015.04.28-18.19.32:691][244]LogModuleManager: Shutting down and abandoning module SubversionSourceControl (89)
[2015.04.28-18.19.32:691][244]LogModuleManager: Shutting down and abandoning module PerforceSourceControl (88)
[2015.04.28-18.19.32:691][244]LogModuleManager: Shutting down and abandoning module SourceControl (87)
[2015.04.28-18.19.32:691][244]LogModuleManager: Shutting down and abandoning module GitSourceControl (86)
[2015.04.28-18.19.32:692][244]LogModuleManager: Shutting down and abandoning module BlankPlugin (85)
[2015.04.28-18.19.32:692][244]LogModuleManager: Shutting down and abandoning module PaperTiledImporter (84)
[2015.04.28-18.19.32:692][244]LogModuleManager: Shutting down and abandoning module PaperJsonImporter (83)
[2015.04.28-18.19.32:692][244]LogModuleManager: Shutting down and abandoning module ContentBrowser (82)
[2015.04.28-18.19.32:692][244]LogModuleManager: Shutting down and abandoning module Paper2DEditor (81)
[2015.04.28-18.19.32:692][244]LogModuleManager: Shutting down and abandoning module ScriptPlugin (80)
[2015.04.28-18.19.32:692][244]LogModuleManager: Shutting down and abandoning module UdpMessaging (79)
[2015.04.28-18.19.32:793][244]LogModuleManager: Shutting down and abandoning module Paper2D (78)
[2015.04.28-18.19.32:793][244]LogModuleManager: Shutting down and abandoning module WindowsMoviePlayer (77)
[2015.04.28-18.19.32:796][244]LogModuleManager: Shutting down and abandoning module Media (76)
[2015.04.28-18.19.32:796][244]LogModuleManager: Shutting down and abandoning module WmfMedia (75)
[2015.04.28-18.19.32:796][244]LogModuleManager: Shutting down and abandoning module OnlineBlueprintSupport (74)
[2015.04.28-18.19.32:796][244]LogModuleManager: Shutting down and abandoning module PropertyEditor (73)
[2015.04.28-18.19.32:796][244]LogModuleManager: Shutting down and abandoning module BehaviorTreeEditor (72)
[2015.04.28-18.19.32:796][244]LogModuleManager: Shutting down and abandoning module FunctionalTesting (71)
[2015.04.28-18.19.32:797][244]LogModuleManager: Shutting down and abandoning module CollisionAnalyzer (70)
[2015.04.28-18.19.32:797][244]LogModuleManager: Shutting down and abandoning module WorkspaceMenuStructure (69)
[2015.04.28-18.19.32:797][244]LogModuleManager: Shutting down and abandoning module MessageLog (68)
[2015.04.28-18.19.32:797][244]LogModuleManager: Shutting down and abandoning module Sequencer (67)
[2015.04.28-18.19.32:797][244]LogModuleManager: Shutting down and abandoning module AssetTools (66)
[2015.04.28-18.19.32:797][244]LogModuleManager: Shutting down and abandoning module UMGEditor (65)
[2015.04.28-18.19.32:797][244]LogModuleManager: Shutting down and abandoning module UMG (64)
[2015.04.28-18.19.32:797][244]LogModuleManager: Shutting down and abandoning module Slate (63)
[2015.04.28-18.19.32:797][244]LogModuleManager: Shutting down and abandoning module EditorStyle (62)
[2015.04.28-18.19.32:801][244]LogModuleManager: Shutting down and abandoning module SessionServices (61)
[2015.04.28-18.19.32:801][244]LogModuleManager: Shutting down and abandoning module SourceCodeAccess (60)
[2015.04.28-18.19.32:801][244]LogModuleManager: Shutting down and abandoning module HeadMountedDisplay (59)
[2015.04.28-18.19.32:801][244]LogModuleManager: Shutting down and abandoning module XAudio2 (58)
[2015.04.28-18.19.32:801][244]LogModuleManager: Shutting down and abandoning module Networking (56)
[2015.04.28-18.19.32:801][244]LogModuleManager: Shutting down and abandoning module Core (55)
[2015.04.28-18.19.32:801][244]LogModuleManager: Shutting down and abandoning module KismetCompiler (54)
[2015.04.28-18.19.32:801][244]LogModuleManager: Shutting down and abandoning module PhysXFormats (53)
[2015.04.28-18.19.32:801][244]LogModuleManager: Shutting down and abandoning module MeshUtilities (52)
[2015.04.28-18.19.32:801][244]LogModuleManager: Shutting down and abandoning module DerivedDataCache (51)
[2015.04.28-18.19.32:896][244]LogDerivedDataCache: Shutdown
[2015.04.28-18.19.32:896][244]LogModuleManager: Shutting down and abandoning module ShaderFormatOpenGL (50)
[2015.04.28-18.19.32:896][244]LogModuleManager: Shutting down and abandoning module ShaderFormatD3D (49)
[2015.04.28-18.19.32:896][244]LogModuleManager: Shutting down and abandoning module MetalShaderFormat (48)
[2015.04.28-18.19.32:896][244]LogModuleManager: Shutting down and abandoning module TextureFormatUncompressed (47)
[2015.04.28-18.19.32:896][244]LogModuleManager: Shutting down and abandoning module TextureFormatPVR (46)
[2015.04.28-18.19.32:896][244]LogModuleManager: Shutting down and abandoning module TextureFormatIntelISPCTexComp (45)
[2015.04.28-18.19.32:896][244]LogModuleManager: Shutting down and abandoning module TextureFormatDXT (44)
[2015.04.28-18.19.32:896][244]LogModuleManager: Shutting down and abandoning module ImageWrapper (43)
[2015.04.28-18.19.32:896][244]LogModuleManager: Shutting down and abandoning module TextureFormatASTC (42)
[2015.04.28-18.19.32:896][244]LogModuleManager: Shutting down and abandoning module TextureFormatAndroid (41)
[2015.04.28-18.19.32:896][244]LogModuleManager: Shutting down and abandoning module AudioFormatOpus (40)
[2015.04.28-18.19.32:896][244]LogModuleManager: Shutting down and abandoning module AudioFormatOgg (39)
[2015.04.28-18.19.32:896][244]LogModuleManager: Shutting down and abandoning module AudioFormatADPCM (38)
[2015.04.28-18.19.32:896][244]LogModuleManager: Shutting down and abandoning module LinuxTargetPlatform (37)
[2015.04.28-18.19.32:896][244]LogModuleManager: Shutting down and abandoning module LinuxServerTargetPlatform (36)
[2015.04.28-18.19.32:896][244]LogModuleManager: Shutting down and abandoning module LinuxNoEditorTargetPlatform (35)
[2015.04.28-18.19.32:896][244]LogModuleManager: Shutting down and abandoning module Messaging (34)
[2015.04.28-18.19.32:896][244]LogModuleManager: Shutting down and abandoning module IOSTargetPlatform (33)
[2015.04.28-18.19.32:896][244]LogModuleManager: Shutting down and abandoning module HTML5TargetPlatform (32)
[2015.04.28-18.19.32:896][244]LogModuleManager: Shutting down and abandoning module Android_PVRTCTargetPlatform (31)
[2015.04.28-18.19.32:896][244]LogModuleManager: Shutting down and abandoning module Android_ETC2TargetPlatform (30)
[2015.04.28-18.19.32:896][244]LogModuleManager: Shutting down and abandoning module Android_ETC1TargetPlatform (29)
[2015.04.28-18.19.32:896][244]LogModuleManager: Shutting down and abandoning module Android_ES31TargetPlatform (28)
[2015.04.28-18.19.32:896][244]LogModuleManager: Shutting down and abandoning module Android_DXTTargetPlatform (27)
[2015.04.28-18.19.32:896][244]LogModuleManager: Shutting down and abandoning module Android_ATCTargetPlatform (26)
[2015.04.28-18.19.32:896][244]LogModuleManager: Shutting down and abandoning module AndroidTargetPlatform (25)
[2015.04.28-18.19.32:896][244]LogModuleManager: Shutting down and abandoning module WindowsTargetPlatform (24)
[2015.04.28-18.19.32:896][244]LogModuleManager: Shutting down and abandoning module WindowsServerTargetPlatform (23)
[2015.04.28-18.19.32:896][244]LogModuleManager: Shutting down and abandoning module WindowsNoEditorTargetPlatform (22)
[2015.04.28-18.19.32:896][244]LogModuleManager: Shutting down and abandoning module WindowsClientTargetPlatform (21)
[2015.04.28-18.19.32:896][244]LogModuleManager: Shutting down and abandoning module TargetPlatform (20)
[2015.04.28-18.19.32:896][244]LogModuleManager: Shutting down and abandoning module InputCore (19)
[2015.04.28-18.19.32:896][244]LogModuleManager: Shutting down and abandoning module Settings (18)
[2015.04.28-18.19.32:896][244]LogModuleManager: Shutting down and abandoning module OnlineSubsystem (16)
[2015.04.28-18.19.32:896][244]LogModuleManager: Shutting down and abandoning module OculusRift (15)
[2015.04.28-18.19.32:896][244]LogModuleManager: Shutting down and abandoning module ExampleDeviceProfileSelector (14)
[2015.04.28-18.19.32:896][244]LogModuleManager: Shutting down and abandoning module TextureCompressor (13)
[2015.04.28-18.19.32:896][244]LogModuleManager: Shutting down and abandoning module ShaderCore (12)
[2015.04.28-18.19.32:896][244]LogModuleManager: Shutting down and abandoning module Landscape (11)
[2015.04.28-18.19.32:896][244]LogModuleManager: Shutting down and abandoning module SlateRHIRenderer (10)
[2015.04.28-18.19.32:898][244]LogModuleManager: Shutting down and abandoning module OpenGLDrv (9)
[2015.04.28-18.19.32:898][244]LogModuleManager: Shutting down and abandoning module D3D11RHI (8)
[2015.04.28-18.19.32:898][244]LogModuleManager: Shutting down and abandoning module Renderer (7)
[2015.04.28-18.19.32:898][244]LogModuleManager: Shutting down and abandoning module Engine (6)
[2015.04.28-18.19.32:898][244]LogModuleManager: Shutting down and abandoning module CoreUObject (5)
[2015.04.28-18.19.32:898][244]LogModuleManager: Shutting down and abandoning module NetworkFile (4)
[2015.04.28-18.19.32:898][244]LogModuleManager: Shutting down and abandoning module StreamingFile (3)
[2015.04.28-18.19.32:898][244]LogModuleManager: Shutting down and abandoning module SandboxFile (2)
[2015.04.28-18.19.32:898][244]LogModuleManager: Shutting down and abandoning module PakFile (1)
[2015.04.28-18.19.32:899][244]LogExit: Exiting.
[2015.04.28-18.19.32:904][244]Log file closed, 04/28/15 11:19:32
