Log file open, 04/25/15 14:09:16
LogInit:Display: Running engine for game: MyThirdPersonGame
LogInit: Version: 4.7.5-2503383+++depot+UE4-Releases+4.7
LogInit: API Version: 2455222
LogInit: Compiled (64-bit): Apr  6 2015 23:21:51
LogInit: Compiled with Visual C++: 18.00.21005.01
LogInit: Build Configuration: Development
LogInit: Branch Name: ++depot+UE4-Releases+4.7
LogInit: Command line: 
LogInit: Base directory: C:/Program Files/Epic Games/4.7/Engine/Binaries/Win64/
LogInit: Rocket: 1
[2015.04.25-21.09.16:153][  0]LogTaskGraph: Started task graph with 3 named threads and 4 total threads.
[2015.04.25-21.09.16:232][  0]LogOnline:Warning: No default platform service specified for OnlineSubsystem
[2015.04.25-21.09.16:293][  0]LogInit: Presizing for 0 objects not considered by GC, pre-allocating 0 bytes.
[2015.04.25-21.09.16:331][  0]LogInit: Object subsystem initialized
[2015.04.25-21.09.16:340][  0]LogConsoleResponse:Warning: Skipping Unknown console variable: 'TranslucentSortAxis = (X=0.000000,Y=-1.000000,Z=0.000000)'
[2015.04.25-21.09.16:340][  0]LogConsoleResponse:Warning:   Found in ini file 'C:/Users/Dean/Documents/Unreal Projects/MyThirdPersonGame/Saved/Config/Windows/Engine.ini', in section '[/Script/Engine.RendererSettings]'
[2015.04.25-21.09.16:340][  0]LogConsoleResponse:Warning: Skipping Unknown console variable: 'UIScaleRule = ShortestSide'
[2015.04.25-21.09.16:340][  0]LogConsoleResponse:Warning:   Found in ini file 'C:/Users/Dean/Documents/Unreal Projects/MyThirdPersonGame/Saved/Config/Windows/Engine.ini', in section '[/Script/Engine.RendererSettings]'
[2015.04.25-21.09.16:340][  0]LogConsoleResponse:Warning: Skipping Unknown console variable: 'UIScaleCurve = (EditorCurveData=(Keys=),ExternalCurve=None)'
[2015.04.25-21.09.16:341][  0]LogConsoleResponse:Warning:   Found in ini file 'C:/Users/Dean/Documents/Unreal Projects/MyThirdPersonGame/Saved/Config/Windows/Engine.ini', in section '[/Script/Engine.RendererSettings]'
[2015.04.25-21.09.16:342][  0]LogInit: Selected Device Profile: [Windows]
[2015.04.25-21.09.16:342][  0]LogInit: Applying CVar settings loaded from the selected device profile: [Windows]
[2015.04.25-21.09.16:373][  0]LogInit: Computer: DEAN
[2015.04.25-21.09.16:373][  0]LogInit: User: Dean
[2015.04.25-21.09.16:373][  0]LogInit: CPU Page size=4096, Cores=2
[2015.04.25-21.09.16:373][  0]LogInit: High frequency timer resolution =2.338336 MHz
[2015.04.25-21.09.16:374][  0]LogMemory: Memory total: Physical=7.9GB (8GB approx) Virtual=131072.0GB
[2015.04.25-21.09.16:375][  0]LogMemory: Platform Memory Stats for Windows
[2015.04.25-21.09.16:375][  0]LogMemory: Process Physical Memory: 46.26 MB used, 46.26 MB peak
[2015.04.25-21.09.16:375][  0]LogMemory: Process Virtual Memory: 24.59 MB used, 24.60 MB peak
[2015.04.25-21.09.16:375][  0]LogMemory: Physical Memory: 2351.92 MB used, 8075.46 MB total
[2015.04.25-21.09.16:375][  0]LogMemory: Virtual Memory: 286.74 MB used, 134217728.00 MB total
[2015.04.25-21.09.16:481][  0]LogD3D11RHI: Found D3D11 adapter 0: Intel(R) HD Graphics Family (Feature Level 11_0)
[2015.04.25-21.09.16:481][  0]LogD3D11RHI: Adapter has 32MB of dedicated video memory, 0MB of dedicated system memory, and 1760MB of shared system memory, 1 output[s]
[2015.04.25-21.09.16:523][  0]LogD3D11RHI: Found D3D11 adapter 1: NVIDIA GeForce GT 740M             (Feature Level 11_0)
[2015.04.25-21.09.16:523][  0]LogD3D11RHI: Adapter has 1972MB of dedicated video memory, 0MB of dedicated system memory, and 2048MB of shared system memory, 0 output[s]
[2015.04.25-21.09.16:529][  0]LogD3D11RHI: Found D3D11 adapter 2: Microsoft Basic Render Driver (Feature Level 11_0)
[2015.04.25-21.09.16:529][  0]LogD3D11RHI: Adapter has 0MB of dedicated video memory, 0MB of dedicated system memory, and 256MB of shared system memory, 0 output[s]
[2015.04.25-21.09.16:529][  0]LogD3D11RHI: Chosen D3D11 Adapter Id = 0
[2015.04.25-21.09.16:543][  0]LogRHI: Texture pool is 638 MB (70% of 912 MB)
[2015.04.25-21.09.16:588][  0]LogD3D11RHI: Async texture creation enabled
[2015.04.25-21.09.16:759][  0]LogTextLocalizationManager: The requested culture ('en_US') has no localization data; parent culture's ('en') localization data will be used.
[2015.04.25-21.09.17:040][  0]LogTextLocalizationManager:Warning: Loading localization resources contain conflicting entries for (Namespace:UICommands, Key:Save_ToolTip):
Resource: (C:/Program Files/Epic Games/4.7/Engine/Content/Localization/Editor/en/Editor.locres) Hash: (-29098895) String: (Saves the current level to disk)
Resource: (C:/Program Files/Epic Games/4.7/Engine/Content/Localization/Engine/en/Engine.locres) Hash: (-1280300587) String: (Save selected data to vlog file)
[2015.04.25-21.09.17:040][  0]LogTextLocalizationManager:Warning: Loading localization resources contain conflicting entries for (Namespace:ContentBrowser, Key:ImportAssetToolTip):
Resource: (C:/Program Files/Epic Games/4.7/Engine/Content/Localization/Editor/en/Editor.locres) Hash: (-630476809) String: (Import to {0}...)
Resource: (C:/Program Files/Epic Games/4.7/Engine/Content/Localization/Editor/en/Editor.locres) Hash: (1271782899) String: (Imports an asset from file to this folder.)
[2015.04.25-21.09.17:377][  0]LogContentStreaming: Texture pool size is 0.000000MB
[2015.04.25-21.09.27:169][  0]LogTargetPlatformManager:Display: Building Assets For Windows
[2015.04.25-21.09.29:576][  0]LogTargetPlatformManager:Display: Building Assets For Windows
[2015.04.25-21.09.29:959][  0]LogDerivedDataCache:Display: Max Cache Size: 512 MB
[2015.04.25-21.09.30:117][  0]LogDerivedDataCache: Loaded boot cache 0.16s 39MB C:/Users/Dean/AppData/Local/UnrealEngine/4.7/DerivedDataCache/Boot.ddc.
[2015.04.25-21.09.30:117][  0]LogDerivedDataCache:Display: Loaded Boot cache: C:/Users/Dean/AppData/Local/UnrealEngine/4.7/DerivedDataCache/Boot.ddc
[2015.04.25-21.09.30:118][  0]LogDerivedDataCache: FDerivedDataBackendGraph:  Pak pak cache file ../../../../../../Users/Dean/Documents/Unreal Projects/MyThirdPersonGame/DerivedDataCache/DDC.ddp not found, will not use a pak cache.
[2015.04.25-21.09.30:118][  0]LogDerivedDataCache: Unable to find inner node Pak for hierarchical cache Hierarchy.
[2015.04.25-21.09.30:657][  0]LogDerivedDataCache:Display: Pak cache opened for reading ../../../Engine/DerivedDataCache/Compressed.ddp.
[2015.04.25-21.09.30:677][  0]LogDerivedDataCache: Using Local data cache path C:/Users/Dean/AppData/Local/UnrealEngine/Common/DerivedDataCache: Writable
[2015.04.25-21.09.32:306][  0]LogMeshUtilities: No automatic mesh reduction module available
[2015.04.25-21.09.32:306][  0]LogMeshUtilities: No automatic mesh merging module available
[2015.04.25-21.09.34:725][  0]LogInit: WinSock: version 1.1 (2.2), MaxSocks=32767, MaxUdp=65467
[2015.04.25-21.09.35:238][  0]LogSlate:Warning: Failed to load font data from '../../../Engine/Content/Slate/Fonts/Roboto-Italic.ttf'
[2015.04.25-21.09.39:793][  0]UdpMessaging: Initializing bridge on interface 0.0.0.0:0 to multicast group 230.0.0.1:6666.
[2015.04.25-21.09.40:727][  0]SourceControl: Info Source control is disabled
[2015.04.25-21.09.40:727][  0]SourceControl: Info Source control is disabled
[2015.04.25-21.09.40:727][  0]SourceControl: Info Source control is disabled
[2015.04.25-21.09.40:727][  0]LogSourceControl: RunCommandInternalRaw: 'git version'
[2015.04.25-21.09.40:728][  0]LogSourceControl: RunCommandInternalRaw: ExecProcess ReturnCode=2 OutResults=''
[2015.04.25-21.09.40:781][  0]SourceControl: Info Source control is disabled
[2015.04.25-21.09.41:947][  0]LogObj: 24232 objects as part of root set at end of initial load.
[2015.04.25-21.09.41:947][  0]LogUObjectAllocator: 5137176 out of 0 bytes used by permanent object pool.
[2015.04.25-21.09.42:328][  0]LogEngine: Initializing Engine...
[2015.04.25-21.09.44:892][  0]LogInit: XAudio2 using 'Speakers (Realtek High Definition Audio)' : 2 channels at 48 kHz using 32 bits per sample (channel mask 0x3)
[2015.04.25-21.09.44:951][  0]LogInit: FAudioDevice initialized.
[2015.04.25-21.09.45:170][  0]LogAIModule: Creating AISystem for world NewWorld
[2015.04.25-21.09.45:233][  0]LogDerivedDataCache: Saved boot cache 0.06s 39MB C:/Users/Dean/AppData/Local/UnrealEngine/4.7/DerivedDataCache/Boot.ddc.
[2015.04.25-21.09.45:245][  0]LogInit: Texture streaming: Enabled
[2015.04.25-21.09.45:825][  0]LogAnalytics: Creating configured Analytics provider AnalyticsET
[2015.04.25-21.09.45:825][  0]LogAnalytics: ET APIKey = Rocket.Release. APIServer = http://et2.epicgames.com/ET2/. AppVersion = 4.7.5-2503383+++depot+UE4-Releases+4.7
[2015.04.25-21.09.45:825][  0]LogAnalytics: ET APIKey = Rocket.Release. DataRouterUploadURL = https://datarouter-public-service-gamedev.ol.epicgames.net/datarouter/api/v1/public/data. AppVersion = 4.7.5-2503383+++depot+UE4-Releases+4.7
[2015.04.25-21.09.45:826][  0]LogAnalytics: SetUserId 910d50be45690666f5f2d593bf8be2f0|066eb542fbc44451808d2154e76a0e26|8364f941-f0a8-46f3-a7e2-f1f90b6af0a2
[2015.04.25-21.09.45:827][  0]LogAnalytics: AnalyticsET::StartSession [Rocket.Release]
[2015.04.25-21.09.45:944][  0]LogInit: Transaction tracking system initialized
[2015.04.25-21.09.47:043][  0]BlueprintLog: New page: Editor Load
[2015.04.25-21.09.47:203][  0]LogAssetRegistry: FAssetRegistry took 0.0112 seconds to start up
[2015.04.25-21.09.47:205][  0]LogDirectoryWatcher:Warning: Failed to begin reading directory changes for ../../../Engine/Plugins/Experimental/CharacterAI/Content/. Error: 0
[2015.04.25-21.09.50:351][  0]LogTargetPlatformManager:Display: Building Assets For Windows
[2015.04.25-21.09.51:688][  0]LogTargetPlatformManager:Display: Building Assets For Windows
[2015.04.25-21.09.52:625][  0]LogSlate:Warning: Failed to load font data from '../../../Engine/Content/Editor/Slate/Fonts/Roboto-Regular.ttf'
[2015.04.25-21.09.52:626][  0]LogSlate:Warning: Failed to load font data from '../../../Engine/Content/Editor/Slate/Fonts/Roboto-Bold.ttf'
[2015.04.25-21.09.52:641][  0]LogConsoleResponse:Display: 
[2015.04.25-21.09.53:026][  0]LogCook:Display: Done creating registry. It took  0.00s.
[2015.04.25-21.09.53:408][  0]SourceControl: Info Source control is disabled
[2015.04.25-21.09.53:408][  0]Cmd: MAP LOAD FILE="../../../../../../Users/Dean/Documents/Unreal Projects/MyThirdPersonGame/Content/StarterContent/Maps/Minimal_Default.umap" TEMPLATE=0 SHOWPROGRESS=1 FEATURELEVEL=3
[2015.04.25-21.09.53:409][  0]LightingResults: New page: Lighting Build
[2015.04.25-21.09.53:443][  0]MapCheck: New page: Map Check
[2015.04.25-21.09.53:443][  0]LightingResults: New page: Lighting Build
[2015.04.25-21.09.53:469][  0]LogParticles: Destroying 0 GPU particle simulations for FXSystem 0x0000004056B38C20
[2015.04.25-21.09.58:525][  0]LogEditorServer: Finished looking for orphan Actors (0.000 secs)
[2015.04.25-21.09.58:590][  0]LogAIModule: Creating AISystem for world Minimal_Default
[2015.04.25-21.09.58:593][  0]Cmd: MAP CHECKDEP
[2015.04.25-21.09.58:594][  0]MapCheck: New page: Minimal_Default - Apr 25, 2015, 7:09:58 AM
[2015.04.25-21.09.59:217][  0]MapCheck: Info Map check complete: 0 Error(s), 0 Warning(s), took 624.075ms to complete.
[2015.04.25-21.09.59:218][  0]LogFileHelpers: Loading map 'Minimal_Default' took 5.810
[2015.04.25-21.09.59:840][  0]LogCollectionManager: Loaded 0 collections in 0.009293 seconds
[2015.04.25-21.09.59:877][  0]LogContentBrowser: Native class hierarchy populated in 0.0367 seconds. Added 1696 classes and 261 folders.
[2015.04.25-21.10.00:048][  0]LogContentBrowser: Native class hierarchy updated for 'SceneOutliner' in 0.0104 seconds. Added 1 classes and 2 folders.
[2015.04.25-21.10.00:492][  0]LogCrashTracker: Crashtracker disabled due to settings.
[2015.04.25-21.10.00:498][  0]LogSlate:Warning: Failed to load font data from 'Veranda'
[2015.04.25-21.10.00:601][  0]LogUObjectGlobals:Warning: Failed to find object 'Class None.'
[2015.04.25-21.10.00:675][  0]LogLoad: Full Startup: 49.44 seconds (BP compile: 1.77 seconds)
[2015.04.25-21.10.01:586][  0]LogRenderer:Warning: Reallocating scene render targets to support 856x376 (Frame:2).
[2015.04.25-21.10.04:133][  1]LogContentBrowser:Verbose: The content browser source was changed by the sources view to '/Game/StarterContent/Character'
[2015.04.25-21.10.35:497][449]LogAssetRegistry: Asset discovery search completed in 48.3059 seconds
[2015.04.25-21.10.39:427][514]LogRenderer:Warning: Reallocating scene render targets to support 1048x592 (Frame:988).
[2015.04.25-21.13.22:356][600]BlueprintLog: New page: Compile MyCharacter
[2015.04.25-21.13.22:713][600]LogActorComponent: UnregisterComponent: (/Engine/Transient.CharMoveComp) Not registered. Aborting.
[2015.04.25-21.13.22:925][600]BlueprintEditorCompileResults: Info [0251.69] Compile of MyCharacter successful! [in 568 ms]
[2015.04.25-21.13.26:432][624]LogSavePackage: Save=1768.322388ms
[2015.04.25-21.13.26:432][624]LogSavePackage: Moving '../../../../../../Users/Dean/Documents/Unreal Projects/MyThirdPersonGame/Saved/MyCharacterF0A22C774D7EFAC6328CA9962AE0D999.tmp' to '../../../../../../Users/Dean/Documents/Unreal Projects/MyThirdPersonGame/Content/StarterContent/Character/MyCharacter.uasset'
[2015.04.25-21.14.13:636][ 26]LogActorComponent: UnregisterComponent: (/Engine/Transient.CharMoveComp) Not registered. Aborting.
[2015.04.25-21.14.18:763][122]BlueprintLog: New page: Compile MyCharacter
[2015.04.25-21.14.19:025][122]LogActorComponent: UnregisterComponent: (/Engine/Transient.CharacterMovementComponent_0) Not registered. Aborting.
[2015.04.25-21.14.19:140][122]LogParticles: Destroying 0 GPU particle simulations for FXSystem 0x0000004063D9AF20
[2015.04.25-21.14.19:171][122]BlueprintEditorCompileResults: Info [0307.93] Compile of MyCharacter successful! [in 406 ms]
[2015.04.25-21.14.22:622][153]LogSavePackage: Save=1576.392822ms
[2015.04.25-21.14.22:622][153]LogSavePackage: Moving '../../../../../../Users/Dean/Documents/Unreal Projects/MyThirdPersonGame/Saved/MyCharacterEA5C0C7C4C2DCA870276AA86B2CCC80A.tmp' to '../../../../../../Users/Dean/Documents/Unreal Projects/MyThirdPersonGame/Content/StarterContent/Character/MyCharacter.uasset'
[2015.04.25-21.14.26:827][231]LogPlayLevel: PIE:  No blueprints needed recompiling
[2015.04.25-21.14.26:827][231]PIE: New page: PIE session: Minimal_Default (Apr 25, 2015, 7:14:26 AM)
[2015.04.25-21.14.26:849][231]LogPlayLevel: PIE: StaticDuplicateObject took: (0.020264s)
[2015.04.25-21.14.26:852][231]LogPlayLevel: PIE: World Init took: (0.002500s)
[2015.04.25-21.14.26:852][231]LogPlayLevel: PIE: Created PIE world by copying editor world from /Game/StarterContent/Maps/Minimal_Default.Minimal_Default to /Game/StarterContent/Maps/UEDPIE_0_Minimal_Default.Minimal_Default (0.023312s)
[2015.04.25-21.14.26:997][231]LogWorld: Game class is 'MyGame_C'
[2015.04.25-21.14.27:005][231]LogAIModule: Creating AISystem for world Minimal_Default
[2015.04.25-21.14.27:021][231]LogWorld: Bringing World /Game/StarterContent/Maps/UEDPIE_0_Minimal_Default.Minimal_Default up for play (max tick rate 0) at 2015.04.25-14.14.27
[2015.04.25-21.14.27:024][231]LogWorld: Bringing up level for play took: 0.016337
[2015.04.25-21.14.27:039][231]PIE: Info Play in editor start time for /Game/StarterContent/Maps/UEDPIE_0_Minimal_Default 1.106
[2015.04.25-21.15.26:759][368]LogActorComponent: UnregisterComponent: (/Engine/Transient.CharMoveComp) Not registered. Aborting.
[2015.04.25-21.16.26:911][544]LogParticles: Destroying 0 GPU particle simulations for FXSystem 0x00000040637A0A40
[2015.04.25-21.21.08:847][476]LogActorComponent: UnregisterComponent: (/Engine/Transient.CharMoveComp) Not registered. Aborting.
[2015.04.25-21.21.09:660][476]LogSavePackage: Save=609.432068ms
[2015.04.25-21.21.09:660][476]LogSavePackage: Moving '../../../../../../Users/Dean/Documents/Unreal Projects/MyThirdPersonGame/Saved/Minimal_Default8B0308F843F113DF218BAEA422F4A28B.tmp' to '../../../../../../Users/Dean/Documents/Unreal Projects/MyThirdPersonGame/Content/StarterContent/Maps/Minimal_Default.umap'
[2015.04.25-21.31.16:350][667]LogActorComponent: UnregisterComponent: (/Engine/Transient.CharMoveComp) Not registered. Aborting.
[2015.04.25-21.31.16:484][667]LogParticles: Destroying 0 GPU particle simulations for FXSystem 0x0000004063D9A5C0
[2015.04.25-21.31.16:494][667]LogFileHelpers: Editor autosave (incl. sublevels) for '/Game/StarterContent/Maps/Minimal_Default' took 0.145
[2015.04.25-21.31.16:590][667]OBJ SavePackage: Generating thumbnails for [1] asset(s) in package [/Game/StarterContent/Character/MyCharacter] ([1] browsable assets)...
[2015.04.25-21.31.16:722][667]OBJ SavePackage:     Rendered thumbnail for [Blueprint /Game/StarterContent/Character/MyCharacter.MyCharacter]
[2015.04.25-21.31.16:722][667]OBJ SavePackage: Finished generating thumbnails for package [/Game/StarterContent/Character/MyCharacter]
[2015.04.25-21.31.18:710][667]LogSavePackage: Save=1925.259277ms
[2015.04.25-21.31.18:738][667]LogSavePackage: Moving '../../../../../../Users/Dean/Documents/Unreal Projects/MyThirdPersonGame/Saved/MyCharacter_Auto13ACC198F4AC27061A858DE958ED906E2.tmp' to '../../../../../../Users/Dean/Documents/Unreal Projects/MyThirdPersonGame/Saved/Autosaves/Game/StarterContent/Character/MyCharacter_Auto1.uasset'
[2015.04.25-21.31.18:796][667]LogFileHelpers: Auto-saving content packages took 2.302
[2015.04.25-21.37.02:480][648]BlueprintLog: New page: Compile MyCharacter
[2015.04.25-21.37.02:766][648]LogActorComponent: UnregisterComponent: (/Engine/Transient.CharMoveComp) Not registered. Aborting.
[2015.04.25-21.37.02:904][648]BlueprintEditorCompileResults: Info [1671.67] Compile of MyCharacter successful! [in 423 ms]
[2015.04.25-21.37.05:839][670]LogSavePackage: Save=1560.919434ms
[2015.04.25-21.37.05:839][670]LogSavePackage: Moving '../../../../../../Users/Dean/Documents/Unreal Projects/MyThirdPersonGame/Saved/MyCharacter87C7E26747B7DDDBBB9FFA89AA40980F.tmp' to '../../../../../../Users/Dean/Documents/Unreal Projects/MyThirdPersonGame/Content/StarterContent/Character/MyCharacter.uasset'
[2015.04.25-21.37.12:778][818]LogPlayLevel: PIE:  No blueprints needed recompiling
[2015.04.25-21.37.12:779][818]PIE: New page: PIE session: Minimal_Default (Apr 25, 2015, 7:37:12 AM)
[2015.04.25-21.37.12:797][818]LogPlayLevel: PIE: StaticDuplicateObject took: (0.016344s)
[2015.04.25-21.37.12:800][818]LogPlayLevel: PIE: World Init took: (0.002578s)
[2015.04.25-21.37.12:800][818]LogPlayLevel: PIE: Created PIE world by copying editor world from /Game/StarterContent/Maps/Minimal_Default.Minimal_Default to /Game/StarterContent/Maps/UEDPIE_0_Minimal_Default.Minimal_Default (0.019624s)
[2015.04.25-21.37.12:871][818]LogWorld: Game class is 'MyGame_C'
[2015.04.25-21.37.12:876][818]LogAIModule: Creating AISystem for world Minimal_Default
[2015.04.25-21.37.12:890][818]LogWorld: Bringing World /Game/StarterContent/Maps/UEDPIE_0_Minimal_Default.Minimal_Default up for play (max tick rate 0) at 2015.04.25-14.37.12
[2015.04.25-21.37.12:892][818]LogWorld: Bringing up level for play took: 0.014231
[2015.04.25-21.37.12:903][818]PIE: Info Play in editor start time for /Game/StarterContent/Maps/UEDPIE_0_Minimal_Default 0.971
[2015.04.25-21.38.00:370][519]LogActorComponent: UnregisterComponent: (/Engine/Transient.CharMoveComp) Not registered. Aborting.
[2015.04.25-21.38.00:480][519]LogParticles: Destroying 0 GPU particle simulations for FXSystem 0x000000406355D760
[2015.04.25-21.38.00:497][519]LogParticles: Destroying 0 GPU particle simulations for FXSystem 0x0000004052430900
[2015.04.25-21.38.35:954][590]LogSkeletalMesh: InitArticulated: Bodies already created (/Engine/Transient.DebugSkelMeshComponent_0) - call TermArticulated first.
[2015.04.25-21.38.36:176][590]LogLinker:Warning: Asset '../../../Engine/Content/Tutorial/SubEditors/PersonaAnimEditorTutorial.uasset' has been saved with empty engine version. The asset will be loaded but may be incompatible.
[2015.04.25-21.39.41:603][738]LogSkeletalMesh: InitArticulated: Bodies already created (/Engine/Transient.DebugSkelMeshComponent_2) - call TermArticulated first.
[2015.04.25-21.39.41:882][738]LogContentBrowser:Verbose: The majority of assets in the view are of type: AnimSequence
[2015.04.25-21.40.06:652][477]LogContentBrowser:Verbose: The majority of assets in the view are of type: AnimSequence
[2015.04.25-21.40.23:706][162]LogSkeletalMesh: InitArticulated: Bodies already created (/Engine/Transient.DebugSkelMeshComponent_5) - call TermArticulated first.
[2015.04.25-21.40.23:988][162]LogContentBrowser:Verbose: The majority of assets in the view are of type: AnimSequence
[2015.04.25-21.40.50:031][900]LogWindows: LaunchURL http://docs.unrealengine.com/latest/INT/Engine/Animation/Sequences/index.html?utm_source=editor&utm_medium=docs&utm_campaign=doc_anchors
[2015.04.25-21.42.01:003][303]LogPlayLevel: PIE:  No blueprints needed recompiling
[2015.04.25-21.42.01:003][303]PIE: New page: PIE session: Minimal_Default (Apr 25, 2015, 7:42:01 AM)
[2015.04.25-21.42.01:022][303]LogPlayLevel: PIE: StaticDuplicateObject took: (0.017596s)
[2015.04.25-21.42.01:025][303]LogPlayLevel: PIE: World Init took: (0.002386s)
[2015.04.25-21.42.01:025][303]LogPlayLevel: PIE: Created PIE world by copying editor world from /Game/StarterContent/Maps/Minimal_Default.Minimal_Default to /Game/StarterContent/Maps/UEDPIE_0_Minimal_Default.Minimal_Default (0.020657s)
[2015.04.25-21.42.01:104][303]LogWorld: Game class is 'MyGame_C'
[2015.04.25-21.42.01:110][303]LogAIModule: Creating AISystem for world Minimal_Default
[2015.04.25-21.42.01:124][303]LogWorld: Bringing World /Game/StarterContent/Maps/UEDPIE_0_Minimal_Default.Minimal_Default up for play (max tick rate 0) at 2015.04.25-14.42.01
[2015.04.25-21.42.01:126][303]LogWorld: Bringing up level for play took: 0.014783
[2015.04.25-21.42.01:137][303]PIE: Info Play in editor start time for /Game/StarterContent/Maps/UEDPIE_0_Minimal_Default -0.795
[2015.04.25-21.42.33:077][425]LogActorComponent: UnregisterComponent: (/Engine/Transient.CharMoveComp) Not registered. Aborting.
[2015.04.25-21.42.33:192][425]LogParticles: Destroying 0 GPU particle simulations for FXSystem 0x000000404DC0A840
[2015.04.25-21.42.33:193][425]LogParticles: Destroying 0 GPU particle simulations for FXSystem 0x00000040638CDE40
[2015.04.25-21.42.33:193][425]LogParticles: Destroying 0 GPU particle simulations for FXSystem 0x000000406D296D40
[2015.04.25-21.42.33:194][425]LogParticles: Destroying 0 GPU particle simulations for FXSystem 0x00000040652B49A0
[2015.04.25-21.42.33:195][425]LogParticles: Destroying 0 GPU particle simulations for FXSystem 0x000000404DB4ED40
[2015.04.25-21.42.33:196][425]LogParticles: Destroying 0 GPU particle simulations for FXSystem 0x0000004050FF2980
[2015.04.25-21.42.33:197][425]LogParticles: Destroying 0 GPU particle simulations for FXSystem 0x000000404DC0AA20
[2015.04.25-21.42.33:198][425]LogParticles: Destroying 0 GPU particle simulations for FXSystem 0x000000404DB7CF40
[2015.04.25-21.42.33:199][425]LogParticles: Destroying 0 GPU particle simulations for FXSystem 0x0000004047A9C720
[2015.04.25-21.42.33:199][425]LogParticles: Destroying 0 GPU particle simulations for FXSystem 0x0000004047A9E200
[2015.04.25-21.42.33:201][425]LogParticles: Destroying 0 GPU particle simulations for FXSystem 0x0000004050EB7C40
[2015.04.25-21.42.33:202][425]LogParticles: Destroying 0 GPU particle simulations for FXSystem 0x000000405253BD80
[2015.04.25-21.42.33:203][425]LogParticles: Destroying 0 GPU particle simulations for FXSystem 0x00000040638CE700
[2015.04.25-21.42.37:577][514]LogActorComponent: UnregisterComponent: (/Engine/Transient.CharMoveComp) Not registered. Aborting.
[2015.04.25-21.42.37:725][514]LogFileHelpers: Editor autosave (incl. sublevels) for '/Game/StarterContent/Maps/Minimal_Default' took 0.149
[2015.04.25-21.42.37:835][514]OBJ SavePackage: Generating thumbnails for [1] asset(s) in package [/Game/StarterContent/Character/Animations/Run] ([1] browsable assets)...
[2015.04.25-21.42.37:981][514]OBJ SavePackage:     Rendered thumbnail for [AnimSequence /Game/StarterContent/Character/Animations/Run.Run]
[2015.04.25-21.42.37:981][514]OBJ SavePackage: Finished generating thumbnails for package [/Game/StarterContent/Character/Animations/Run]
[2015.04.25-21.42.40:086][514]LogSavePackage: Save=2032.059937ms
[2015.04.25-21.42.40:095][514]LogSavePackage: Moving '../../../../../../Users/Dean/Documents/Unreal Projects/MyThirdPersonGame/Saved/Run_Auto243E3C4CF4D96A19BCAA22EBF955F4B92.tmp' to '../../../../../../Users/Dean/Documents/Unreal Projects/MyThirdPersonGame/Saved/Autosaves/Game/StarterContent/Character/Animations/Run_Auto2.uasset'
[2015.04.25-21.42.40:162][514]LogFileHelpers: Auto-saving content packages took 2.436
[2015.04.25-21.42.45:037][626]LogTexture:Display: Building textures: Texture2D_2 (G8)
[2015.04.25-21.42.52:374][804]LogEditorViewport: Clicking on Actor (LMB): StaticMeshActor (Floor)
[2015.04.25-21.43.14:945][317]LogActorComponent: UnregisterComponent: (/Engine/Transient.MovementComponent0) Not registered. Aborting.
[2015.04.25-21.43.22:674][317]LogSavePackage: Save=19.315872ms
[2015.04.25-21.43.22:674][317]LogSavePackage: Moving '../../../../../../Users/Dean/Documents/Unreal Projects/MyThirdPersonGame/Saved/RunC4086B414F7212EF82E8D1B9A66771D3.tmp' to '../../../../../../Users/Dean/Documents/Unreal Projects/MyThirdPersonGame/Content/StarterContent/Character/Animations/Run.uasset'
[2015.04.25-21.43.24:579][318]Cmd: QUIT_EDITOR
[2015.04.25-21.43.25:452][318]LogExit: Preparing to exit.
[2015.04.25-21.43.26:425][318]LogExit: Editor shut down
[2015.04.25-21.43.26:426][318]LogExit: Transaction tracking system shut down
[2015.04.25-21.43.26:429][318]LogParticles: Destroying 0 GPU particle simulations for FXSystem 0x00000040505A7060
[2015.04.25-21.43.26:429][318]LogParticles: Destroying 0 GPU particle simulations for FXSystem 0x000000405DD29440
[2015.04.25-21.43.26:430][318]LogParticles: Destroying 0 GPU particle simulations for FXSystem 0x000000405DFC9940
[2015.04.25-21.43.26:430][318]LogParticles: Destroying 0 GPU particle simulations for FXSystem 0x000000405DEFAAC0
[2015.04.25-21.43.26:430][318]LogParticles: Destroying 0 GPU particle simulations for FXSystem 0x000000405DEFA840
[2015.04.25-21.43.26:430][318]LogParticles: Destroying 0 GPU particle simulations for FXSystem 0x000000405DEF9080
[2015.04.25-21.43.26:432][318]LogParticles: Destroying 0 GPU particle simulations for FXSystem 0x00000040505A5DA0
[2015.04.25-21.43.26:659][318]LogParticles: Destroying 0 GPU particle simulations for FXSystem 0x0000004063592160
[2015.04.25-21.43.26:659][318]LogExit: Object subsystem successfully closed.
[2015.04.25-21.43.26:844][318]LogModuleManager: Shutting down and abandoning module ExternalImagePicker (178)
[2015.04.25-21.43.26:844][318]LogModuleManager: Shutting down and abandoning module CrashTracker (177)
[2015.04.25-21.43.26:844][318]LogModuleManager: Shutting down and abandoning module SuperSearch (176)
[2015.04.25-21.43.26:844][318]LogModuleManager: Shutting down and abandoning module SceneOutliner (175)
[2015.04.25-21.43.26:844][318]LogModuleManager: Shutting down and abandoning module EditorWidgets (174)
[2015.04.25-21.43.26:844][318]LogModuleManager: Shutting down and abandoning module CollectionManager (173)
[2015.04.25-21.43.26:844][318]LogModuleManager: Shutting down and abandoning module StatsViewer (172)
[2015.04.25-21.43.26:844][318]LogModuleManager: Shutting down and abandoning module FoliageEdit (171)
[2015.04.25-21.43.26:844][318]LogModuleManager: Shutting down and abandoning module LandscapeEditor (170)
[2015.04.25-21.43.26:845][318]LogModuleManager: Shutting down and abandoning module MeshPaint (169)
[2015.04.25-21.43.26:845][318]LogModuleManager: Shutting down and abandoning module ActorPickerMode (168)
[2015.04.25-21.43.26:845][318]LogModuleManager: Shutting down and abandoning module GeometryMode (167)
[2015.04.25-21.43.26:845][318]LogModuleManager: Shutting down and abandoning module TextureAlignMode (166)
[2015.04.25-21.43.26:845][318]LogModuleManager: Shutting down and abandoning module BspMode (165)
[2015.04.25-21.43.26:845][318]LogModuleManager: Shutting down and abandoning module PlacementMode (164)
[2015.04.25-21.43.26:845][318]LogModuleManager: Shutting down and abandoning module AutomationWorker (163)
[2015.04.25-21.43.26:845][318]LogModuleManager: Shutting down and abandoning module CharacterAI (162)
[2015.04.25-21.43.26:845][318]LogModuleManager: Shutting down and abandoning module SmartSnapping (161)
[2015.04.25-21.43.26:845][318]LogModuleManager: Shutting down and abandoning module ViewportSnapping (160)
[2015.04.25-21.43.26:845][318]LogModuleManager: Shutting down and abandoning module LogVisualizer (159)
[2015.04.25-21.43.26:846][318]LogModuleManager: Shutting down and abandoning module GameProjectGeneration (158)
[2015.04.25-21.43.26:846][318]LogModuleManager: Shutting down and abandoning module IntroTutorials (157)
[2015.04.25-21.43.26:846][318]LogModuleManager: Shutting down and abandoning module EditorLiveStreaming (156)
[2015.04.25-21.43.26:846][318]LogModuleManager: Shutting down and abandoning module HardwareTargeting (155)
[2015.04.25-21.43.26:846][318]LogModuleManager: Shutting down and abandoning module DeviceProfileEditor (154)
[2015.04.25-21.43.26:846][318]LogModuleManager: Shutting down and abandoning module UndoHistory (153)
[2015.04.25-21.43.26:846][318]LogModuleManager: Shutting down and abandoning module GameplayTagsEditor (152)
[2015.04.25-21.43.26:846][318]LogModuleManager: Shutting down and abandoning module UserFeedback (151)
[2015.04.25-21.43.26:846][318]LogModuleManager: Shutting down and abandoning module XmlParser (150)
[2015.04.25-21.43.26:846][318]LogModuleManager: Shutting down and abandoning module Blutility (149)
[2015.04.25-21.43.26:846][318]LogModuleManager: Shutting down and abandoning module IOSPlatformEditor (148)
[2015.04.25-21.43.26:846][318]LogModuleManager: Shutting down and abandoning module IOSRuntimeSettings (147)
[2015.04.25-21.43.26:846][318]LogModuleManager: Shutting down and abandoning module AndroidDeviceDetection (146)
[2015.04.25-21.43.27:279][318]LogModuleManager: Shutting down and abandoning module AndroidPlatformEditor (145)
[2015.04.25-21.43.27:279][318]LogModuleManager: Shutting down and abandoning module AndroidRuntimeSettings (144)
[2015.04.25-21.43.27:279][318]LogModuleManager: Shutting down and abandoning module ProjectTargetPlatformEditor (143)
[2015.04.25-21.43.27:279][318]LogModuleManager: Shutting down and abandoning module ProjectSettingsViewer (142)
[2015.04.25-21.43.27:280][318]LogModuleManager: Shutting down and abandoning module InputBindingEditor (141)
[2015.04.25-21.43.27:280][318]LogModuleManager: Shutting down and abandoning module EditorSettingsViewer (140)
[2015.04.25-21.43.27:280][318]LogModuleManager: Shutting down and abandoning module SettingsEditor (139)
[2015.04.25-21.43.27:280][318]LogModuleManager: Shutting down and abandoning module ProjectLauncher (138)
[2015.04.25-21.43.27:280][318]LogModuleManager: Shutting down and abandoning module SessionFrontend (137)
[2015.04.25-21.43.27:280][318]LogModuleManager: Shutting down and abandoning module ProfilerClient (136)
[2015.04.25-21.43.27:280][318]LogModuleManager: Shutting down and abandoning module TargetDeviceServices (135)
[2015.04.25-21.43.27:280][318]LogModuleManager: Shutting down and abandoning module DeviceManager (134)
[2015.04.25-21.43.27:281][318]LogModuleManager: Shutting down and abandoning module AutomationController (133)
[2015.04.25-21.43.27:281][318]LogModuleManager: Shutting down and abandoning module AutomationWindow (132)
[2015.04.25-21.43.27:281][318]LogModuleManager: Shutting down and abandoning module Layers (131)
[2015.04.25-21.43.27:281][318]LogModuleManager: Shutting down and abandoning module ComponentVisualizers (130)
[2015.04.25-21.43.27:281][318]LogModuleManager: Shutting down and abandoning module DetailCustomizations (129)
[2015.04.25-21.43.27:281][318]LogModuleManager: Shutting down and abandoning module PackagesDialog (128)
[2015.04.25-21.43.27:282][318]LogModuleManager: Shutting down and abandoning module AssetRegistry (127)
[2015.04.25-21.43.27:460][318]LogModuleManager: Shutting down and abandoning module Persona (126)
[2015.04.25-21.43.27:460][318]LogModuleManager: Shutting down and abandoning module SlateReflector (125)
[2015.04.25-21.43.27:460][318]LogModuleManager: Shutting down and abandoning module LevelEditor (124)
[2015.04.25-21.43.27:463][318]LogModuleManager: Shutting down and abandoning module Kismet (123)
[2015.04.25-21.43.27:463][318]LogModuleManager: Shutting down and abandoning module GraphEditor (122)
[2015.04.25-21.43.27:463][318]LogModuleManager: Shutting down and abandoning module ClassViewer (121)
[2015.04.25-21.43.27:463][318]LogModuleManager: Shutting down and abandoning module Toolbox (120)
[2015.04.25-21.43.27:463][318]LogModuleManager: Shutting down and abandoning module ModuleUI (119)
[2015.04.25-21.43.27:463][318]LogModuleManager: Shutting down and abandoning module MovieSceneTools (118)
[2015.04.25-21.43.27:463][318]LogModuleManager: Shutting down and abandoning module OutputLog (117)
[2015.04.25-21.43.27:463][318]LogModuleManager: Shutting down and abandoning module GammaUI (116)
[2015.04.25-21.43.27:463][318]LogModuleManager: Shutting down and abandoning module Documentation (115)
[2015.04.25-21.43.27:464][318]LogModuleManager: Shutting down and abandoning module GameLiveStreaming (114)
[2015.04.25-21.43.27:464][318]LogModuleManager: Shutting down and abandoning module StreamingPauseRendering (113)
[2015.04.25-21.43.27:464][318]LogModuleManager: Shutting down and abandoning module HTTP (112)
[2015.04.25-21.43.27:464][318]LogModuleManager: Shutting down and abandoning module AnalyticsET (111)
[2015.04.25-21.43.27:464][318]LogModuleManager: Shutting down and abandoning module Analytics (110)
[2015.04.25-21.43.27:464][318]LogModuleManager: Shutting down and abandoning module AITestSuite (109)
[2015.04.25-21.43.27:464][318]LogModuleManager: Shutting down and abandoning module GameplayDebugger (108)
[2015.04.25-21.43.27:464][318]LogModuleManager: Shutting down and abandoning module AIModule (107)
[2015.04.25-21.43.27:464][318]LogModuleManager: Shutting down and abandoning module ProfilerService (106)
[2015.04.25-21.43.27:496][318]LogModuleManager: Shutting down and abandoning module TaskGraph (105)
[2015.04.25-21.43.27:496][318]LogModuleManager: Shutting down and abandoning module SlateRemote (104)
[2015.04.25-21.43.27:496][318]LogModuleManager: Shutting down and abandoning module ScriptEditorPlugin (103)
[2015.04.25-21.43.27:496][318]LogModuleManager: Shutting down and abandoning module CustomMeshComponent (102)
[2015.04.25-21.43.27:496][318]LogModuleManager: Shutting down and abandoning module CableComponent (101)
[2015.04.25-21.43.27:497][318]LogModuleManager: Shutting down and abandoning module MessagingDebugger (100)
[2015.04.25-21.43.27:497][318]LogModuleManager: Shutting down and abandoning module MediaPlayerEditor (99)
[2015.04.25-21.43.27:497][318]LogModuleManager: Shutting down and abandoning module SpeedTreeImporter (98)
[2015.04.25-21.43.27:497][318]LogModuleManager: Shutting down and abandoning module PluginsEditor (97)
[2015.04.25-21.43.27:497][318]LogModuleManager: Shutting down and abandoning module MainFrame (96)
[2015.04.25-21.43.27:497][318]LogModuleManager: Shutting down and abandoning module EpicSurvey (95)
[2015.04.25-21.43.27:497][318]LogModuleManager: Shutting down and abandoning module DesktopPlatform (94)
[2015.04.25-21.43.27:497][318]LogModuleManager: Shutting down and abandoning module DirectoryWatcher (93)
[2015.04.25-21.43.27:498][318]LogModuleManager: Shutting down and abandoning module HotReload (92)
[2015.04.25-21.43.27:498][318]LogModuleManager: Shutting down and abandoning module VisualStudioSourceCodeAccess (91)
[2015.04.25-21.43.27:498][318]LogModuleManager: Shutting down and abandoning module UObjectPlugin (90)
[2015.04.25-21.43.27:498][318]LogModuleManager: Shutting down and abandoning module SubversionSourceControl (89)
[2015.04.25-21.43.27:498][318]LogModuleManager: Shutting down and abandoning module PerforceSourceControl (88)
[2015.04.25-21.43.27:498][318]LogModuleManager: Shutting down and abandoning module SourceControl (87)
[2015.04.25-21.43.27:498][318]LogModuleManager: Shutting down and abandoning module GitSourceControl (86)
[2015.04.25-21.43.27:498][318]LogModuleManager: Shutting down and abandoning module BlankPlugin (85)
[2015.04.25-21.43.27:498][318]LogModuleManager: Shutting down and abandoning module PaperTiledImporter (84)
[2015.04.25-21.43.27:499][318]LogModuleManager: Shutting down and abandoning module PaperJsonImporter (83)
[2015.04.25-21.43.27:499][318]LogModuleManager: Shutting down and abandoning module ContentBrowser (82)
[2015.04.25-21.43.27:501][318]LogModuleManager: Shutting down and abandoning module Paper2DEditor (81)
[2015.04.25-21.43.27:501][318]LogModuleManager: Shutting down and abandoning module ScriptPlugin (80)
[2015.04.25-21.43.27:501][318]LogModuleManager: Shutting down and abandoning module UdpMessaging (79)
[2015.04.25-21.43.27:602][318]LogModuleManager: Shutting down and abandoning module Paper2D (78)
[2015.04.25-21.43.27:602][318]LogModuleManager: Shutting down and abandoning module WindowsMoviePlayer (77)
[2015.04.25-21.43.27:610][318]LogModuleManager: Shutting down and abandoning module Media (76)
[2015.04.25-21.43.27:610][318]LogModuleManager: Shutting down and abandoning module WmfMedia (75)
[2015.04.25-21.43.27:611][318]LogModuleManager: Shutting down and abandoning module OnlineBlueprintSupport (74)
[2015.04.25-21.43.27:611][318]LogModuleManager: Shutting down and abandoning module PropertyEditor (73)
[2015.04.25-21.43.27:611][318]LogModuleManager: Shutting down and abandoning module BehaviorTreeEditor (72)
[2015.04.25-21.43.27:611][318]LogModuleManager: Shutting down and abandoning module FunctionalTesting (71)
[2015.04.25-21.43.27:611][318]LogModuleManager: Shutting down and abandoning module CollisionAnalyzer (70)
[2015.04.25-21.43.27:611][318]LogModuleManager: Shutting down and abandoning module WorkspaceMenuStructure (69)
[2015.04.25-21.43.27:611][318]LogModuleManager: Shutting down and abandoning module MessageLog (68)
[2015.04.25-21.43.27:611][318]LogModuleManager: Shutting down and abandoning module Sequencer (67)
[2015.04.25-21.43.27:611][318]LogModuleManager: Shutting down and abandoning module AssetTools (66)
[2015.04.25-21.43.27:612][318]LogModuleManager: Shutting down and abandoning module UMGEditor (65)
[2015.04.25-21.43.27:612][318]LogModuleManager: Shutting down and abandoning module UMG (64)
[2015.04.25-21.43.27:612][318]LogModuleManager: Shutting down and abandoning module Slate (63)
[2015.04.25-21.43.27:612][318]LogModuleManager: Shutting down and abandoning module EditorStyle (62)
[2015.04.25-21.43.27:629][318]LogModuleManager: Shutting down and abandoning module SessionServices (61)
[2015.04.25-21.43.27:629][318]LogModuleManager: Shutting down and abandoning module SourceCodeAccess (60)
[2015.04.25-21.43.27:629][318]LogModuleManager: Shutting down and abandoning module HeadMountedDisplay (59)
[2015.04.25-21.43.27:629][318]LogModuleManager: Shutting down and abandoning module XAudio2 (58)
[2015.04.25-21.43.27:629][318]LogModuleManager: Shutting down and abandoning module Networking (56)
[2015.04.25-21.43.27:629][318]LogModuleManager: Shutting down and abandoning module Core (55)
[2015.04.25-21.43.27:629][318]LogModuleManager: Shutting down and abandoning module KismetCompiler (54)
[2015.04.25-21.43.27:629][318]LogModuleManager: Shutting down and abandoning module PhysXFormats (53)
[2015.04.25-21.43.27:629][318]LogModuleManager: Shutting down and abandoning module MeshUtilities (52)
[2015.04.25-21.43.27:629][318]LogModuleManager: Shutting down and abandoning module DerivedDataCache (51)
[2015.04.25-21.43.27:649][318]LogDerivedDataCache: Shutdown
[2015.04.25-21.43.27:649][318]LogModuleManager: Shutting down and abandoning module ShaderFormatOpenGL (50)
[2015.04.25-21.43.27:649][318]LogModuleManager: Shutting down and abandoning module ShaderFormatD3D (49)
[2015.04.25-21.43.27:649][318]LogModuleManager: Shutting down and abandoning module MetalShaderFormat (48)
[2015.04.25-21.43.27:649][318]LogModuleManager: Shutting down and abandoning module TextureFormatUncompressed (47)
[2015.04.25-21.43.27:649][318]LogModuleManager: Shutting down and abandoning module TextureFormatPVR (46)
[2015.04.25-21.43.27:649][318]LogModuleManager: Shutting down and abandoning module TextureFormatIntelISPCTexComp (45)
[2015.04.25-21.43.27:649][318]LogModuleManager: Shutting down and abandoning module TextureFormatDXT (44)
[2015.04.25-21.43.27:650][318]LogModuleManager: Shutting down and abandoning module ImageWrapper (43)
[2015.04.25-21.43.27:650][318]LogModuleManager: Shutting down and abandoning module TextureFormatASTC (42)
[2015.04.25-21.43.27:650][318]LogModuleManager: Shutting down and abandoning module TextureFormatAndroid (41)
[2015.04.25-21.43.27:650][318]LogModuleManager: Shutting down and abandoning module AudioFormatOpus (40)
[2015.04.25-21.43.27:650][318]LogModuleManager: Shutting down and abandoning module AudioFormatOgg (39)
[2015.04.25-21.43.27:650][318]LogModuleManager: Shutting down and abandoning module AudioFormatADPCM (38)
[2015.04.25-21.43.27:650][318]LogModuleManager: Shutting down and abandoning module LinuxTargetPlatform (37)
[2015.04.25-21.43.27:650][318]LogModuleManager: Shutting down and abandoning module LinuxServerTargetPlatform (36)
[2015.04.25-21.43.27:650][318]LogModuleManager: Shutting down and abandoning module LinuxNoEditorTargetPlatform (35)
[2015.04.25-21.43.27:650][318]LogModuleManager: Shutting down and abandoning module Messaging (34)
[2015.04.25-21.43.27:650][318]LogModuleManager: Shutting down and abandoning module IOSTargetPlatform (33)
[2015.04.25-21.43.27:650][318]LogModuleManager: Shutting down and abandoning module HTML5TargetPlatform (32)
[2015.04.25-21.43.27:650][318]LogModuleManager: Shutting down and abandoning module Android_PVRTCTargetPlatform (31)
[2015.04.25-21.43.27:650][318]LogModuleManager: Shutting down and abandoning module Android_ETC2TargetPlatform (30)
[2015.04.25-21.43.27:650][318]LogModuleManager: Shutting down and abandoning module Android_ETC1TargetPlatform (29)
[2015.04.25-21.43.27:650][318]LogModuleManager: Shutting down and abandoning module Android_ES31TargetPlatform (28)
[2015.04.25-21.43.27:650][318]LogModuleManager: Shutting down and abandoning module Android_DXTTargetPlatform (27)
[2015.04.25-21.43.27:650][318]LogModuleManager: Shutting down and abandoning module Android_ATCTargetPlatform (26)
[2015.04.25-21.43.27:650][318]LogModuleManager: Shutting down and abandoning module AndroidTargetPlatform (25)
[2015.04.25-21.43.27:650][318]LogModuleManager: Shutting down and abandoning module WindowsTargetPlatform (24)
[2015.04.25-21.43.27:650][318]LogModuleManager: Shutting down and abandoning module WindowsServerTargetPlatform (23)
[2015.04.25-21.43.27:650][318]LogModuleManager: Shutting down and abandoning module WindowsNoEditorTargetPlatform (22)
[2015.04.25-21.43.27:650][318]LogModuleManager: Shutting down and abandoning module WindowsClientTargetPlatform (21)
[2015.04.25-21.43.27:650][318]LogModuleManager: Shutting down and abandoning module TargetPlatform (20)
[2015.04.25-21.43.27:650][318]LogModuleManager: Shutting down and abandoning module InputCore (19)
[2015.04.25-21.43.27:650][318]LogModuleManager: Shutting down and abandoning module Settings (18)
[2015.04.25-21.43.27:651][318]LogModuleManager: Shutting down and abandoning module OnlineSubsystem (16)
[2015.04.25-21.43.27:651][318]LogModuleManager: Shutting down and abandoning module OculusRift (15)
[2015.04.25-21.43.27:651][318]LogModuleManager: Shutting down and abandoning module ExampleDeviceProfileSelector (14)
[2015.04.25-21.43.27:651][318]LogModuleManager: Shutting down and abandoning module TextureCompressor (13)
[2015.04.25-21.43.27:651][318]LogModuleManager: Shutting down and abandoning module ShaderCore (12)
[2015.04.25-21.43.27:651][318]LogModuleManager: Shutting down and abandoning module Landscape (11)
[2015.04.25-21.43.27:651][318]LogModuleManager: Shutting down and abandoning module SlateRHIRenderer (10)
[2015.04.25-21.43.27:661][318]LogModuleManager: Shutting down and abandoning module OpenGLDrv (9)
[2015.04.25-21.43.27:661][318]LogModuleManager: Shutting down and abandoning module D3D11RHI (8)
[2015.04.25-21.43.27:661][318]LogModuleManager: Shutting down and abandoning module Renderer (7)
[2015.04.25-21.43.27:661][318]LogModuleManager: Shutting down and abandoning module Engine (6)
[2015.04.25-21.43.27:661][318]LogModuleManager: Shutting down and abandoning module CoreUObject (5)
[2015.04.25-21.43.27:661][318]LogModuleManager: Shutting down and abandoning module NetworkFile (4)
[2015.04.25-21.43.27:661][318]LogModuleManager: Shutting down and abandoning module StreamingFile (3)
[2015.04.25-21.43.27:661][318]LogModuleManager: Shutting down and abandoning module SandboxFile (2)
[2015.04.25-21.43.27:661][318]LogModuleManager: Shutting down and abandoning module PakFile (1)
[2015.04.25-21.43.27:662][318]LogExit: Exiting.
[2015.04.25-21.43.27:679][318]Log file closed, 04/25/15 14:43:27
