Log file open, 04/27/15 09:57:46
LogInit:Display: Running engine for game: MyThirdPersonGame
LogInit: Version: 4.7.5-2503383+++depot+UE4-Releases+4.7
LogInit: API Version: 2455222
LogInit: Compiled (64-bit): Apr  6 2015 23:21:51
LogInit: Compiled with Visual C++: 18.00.21005.01
LogInit: Build Configuration: Development
LogInit: Branch Name: ++depot+UE4-Releases+4.7
LogInit: Command line: 
LogInit: Base directory: C:/Program Files/Epic Games/4.7/Engine/Binaries/Win64/
LogInit: Rocket: 1
[2015.04.27-16.57.46:288][  0]LogTaskGraph: Started task graph with 3 named threads and 4 total threads.
[2015.04.27-16.57.46:330][  0]LogOnline:Warning: No default platform service specified for OnlineSubsystem
[2015.04.27-16.57.46:354][  0]LogInit: Presizing for 0 objects not considered by GC, pre-allocating 0 bytes.
[2015.04.27-16.57.46:363][  0]LogInit: Object subsystem initialized
[2015.04.27-16.57.46:365][  0]LogConsoleResponse:Warning: Skipping Unknown console variable: 'TranslucentSortAxis = (X=0.000000,Y=-1.000000,Z=0.000000)'
[2015.04.27-16.57.46:365][  0]LogConsoleResponse:Warning:   Found in ini file 'C:/Users/Dean/Documents/Unreal Projects/MyThirdPersonGame/Saved/Config/Windows/Engine.ini', in section '[/Script/Engine.RendererSettings]'
[2015.04.27-16.57.46:365][  0]LogConsoleResponse:Warning: Skipping Unknown console variable: 'UIScaleRule = ShortestSide'
[2015.04.27-16.57.46:365][  0]LogConsoleResponse:Warning:   Found in ini file 'C:/Users/Dean/Documents/Unreal Projects/MyThirdPersonGame/Saved/Config/Windows/Engine.ini', in section '[/Script/Engine.RendererSettings]'
[2015.04.27-16.57.46:365][  0]LogConsoleResponse:Warning: Skipping Unknown console variable: 'UIScaleCurve = (EditorCurveData=(Keys=),ExternalCurve=None)'
[2015.04.27-16.57.46:365][  0]LogConsoleResponse:Warning:   Found in ini file 'C:/Users/Dean/Documents/Unreal Projects/MyThirdPersonGame/Saved/Config/Windows/Engine.ini', in section '[/Script/Engine.RendererSettings]'
[2015.04.27-16.57.46:366][  0]LogInit: Selected Device Profile: [Windows]
[2015.04.27-16.57.46:366][  0]LogInit: Applying CVar settings loaded from the selected device profile: [Windows]
[2015.04.27-16.57.46:377][  0]LogInit: Computer: DEAN
[2015.04.27-16.57.46:377][  0]LogInit: User: Dean
[2015.04.27-16.57.46:377][  0]LogInit: CPU Page size=4096, Cores=2
[2015.04.27-16.57.46:377][  0]LogInit: High frequency timer resolution =2.338336 MHz
[2015.04.27-16.57.46:377][  0]LogMemory: Memory total: Physical=7.9GB (8GB approx) Virtual=131072.0GB
[2015.04.27-16.57.46:377][  0]LogMemory: Platform Memory Stats for Windows
[2015.04.27-16.57.46:377][  0]LogMemory: Process Physical Memory: 46.22 MB used, 46.22 MB peak
[2015.04.27-16.57.46:377][  0]LogMemory: Process Virtual Memory: 24.58 MB used, 24.59 MB peak
[2015.04.27-16.57.46:377][  0]LogMemory: Physical Memory: 3287.82 MB used, 8075.46 MB total
[2015.04.27-16.57.46:377][  0]LogMemory: Virtual Memory: 286.74 MB used, 134217728.00 MB total
[2015.04.27-16.57.46:437][  0]LogD3D11RHI: Found D3D11 adapter 0: Intel(R) HD Graphics Family (Feature Level 11_0)
[2015.04.27-16.57.46:437][  0]LogD3D11RHI: Adapter has 32MB of dedicated video memory, 0MB of dedicated system memory, and 1760MB of shared system memory, 1 output[s]
[2015.04.27-16.57.46:453][  0]LogD3D11RHI: Found D3D11 adapter 1: NVIDIA GeForce GT 740M             (Feature Level 11_0)
[2015.04.27-16.57.46:453][  0]LogD3D11RHI: Adapter has 1972MB of dedicated video memory, 0MB of dedicated system memory, and 2048MB of shared system memory, 0 output[s]
[2015.04.27-16.57.46:456][  0]LogD3D11RHI: Found D3D11 adapter 2: Microsoft Basic Render Driver (Feature Level 11_0)
[2015.04.27-16.57.46:456][  0]LogD3D11RHI: Adapter has 0MB of dedicated video memory, 0MB of dedicated system memory, and 256MB of shared system memory, 0 output[s]
[2015.04.27-16.57.46:456][  0]LogD3D11RHI: Chosen D3D11 Adapter Id = 0
[2015.04.27-16.57.46:461][  0]LogRHI: Texture pool is 638 MB (70% of 912 MB)
[2015.04.27-16.57.46:477][  0]LogD3D11RHI: Async texture creation enabled
[2015.04.27-16.57.46:545][  0]LogTextLocalizationManager: The requested culture ('en_US') has no localization data; parent culture's ('en') localization data will be used.
[2015.04.27-16.57.46:624][  0]LogTextLocalizationManager:Warning: Loading localization resources contain conflicting entries for (Namespace:UICommands, Key:Save_ToolTip):
Resource: (C:/Program Files/Epic Games/4.7/Engine/Content/Localization/Editor/en/Editor.locres) Hash: (-29098895) String: (Saves the current level to disk)
Resource: (C:/Program Files/Epic Games/4.7/Engine/Content/Localization/Engine/en/Engine.locres) Hash: (-1280300587) String: (Save selected data to vlog file)
[2015.04.27-16.57.46:624][  0]LogTextLocalizationManager:Warning: Loading localization resources contain conflicting entries for (Namespace:ContentBrowser, Key:ImportAssetToolTip):
Resource: (C:/Program Files/Epic Games/4.7/Engine/Content/Localization/Editor/en/Editor.locres) Hash: (-630476809) String: (Import to {0}...)
Resource: (C:/Program Files/Epic Games/4.7/Engine/Content/Localization/Editor/en/Editor.locres) Hash: (1271782899) String: (Imports an asset from file to this folder.)
[2015.04.27-16.57.46:712][  0]LogContentStreaming: Texture pool size is 0.000000MB
[2015.04.27-16.57.49:421][  0]LogTargetPlatformManager:Display: Building Assets For Windows
[2015.04.27-16.57.50:377][  0]LogTargetPlatformManager:Display: Building Assets For Windows
[2015.04.27-16.57.50:460][  0]LogDerivedDataCache:Display: Max Cache Size: 512 MB
[2015.04.27-16.57.50:505][  0]LogDerivedDataCache: Loaded boot cache 0.04s 39MB C:/Users/Dean/AppData/Local/UnrealEngine/4.7/DerivedDataCache/Boot.ddc.
[2015.04.27-16.57.50:505][  0]LogDerivedDataCache:Display: Loaded Boot cache: C:/Users/Dean/AppData/Local/UnrealEngine/4.7/DerivedDataCache/Boot.ddc
[2015.04.27-16.57.50:505][  0]LogDerivedDataCache: FDerivedDataBackendGraph:  Pak pak cache file ../../../../../../Users/Dean/Documents/Unreal Projects/MyThirdPersonGame/DerivedDataCache/DDC.ddp not found, will not use a pak cache.
[2015.04.27-16.57.50:505][  0]LogDerivedDataCache: Unable to find inner node Pak for hierarchical cache Hierarchy.
[2015.04.27-16.57.50:636][  0]LogDerivedDataCache:Display: Pak cache opened for reading ../../../Engine/DerivedDataCache/Compressed.ddp.
[2015.04.27-16.57.50:652][  0]LogDerivedDataCache: Using Local data cache path C:/Users/Dean/AppData/Local/UnrealEngine/Common/DerivedDataCache: Writable
[2015.04.27-16.57.51:057][  0]LogMeshUtilities: No automatic mesh reduction module available
[2015.04.27-16.57.51:057][  0]LogMeshUtilities: No automatic mesh merging module available
[2015.04.27-16.57.51:592][  0]LogInit: WinSock: version 1.1 (2.2), MaxSocks=32767, MaxUdp=65467
[2015.04.27-16.57.51:763][  0]LogSlate:Warning: Failed to load font data from '../../../Engine/Content/Slate/Fonts/Roboto-Italic.ttf'
[2015.04.27-16.57.53:163][  0]UdpMessaging: Initializing bridge on interface 0.0.0.0:0 to multicast group 230.0.0.1:6666.
[2015.04.27-16.57.53:445][  0]SourceControl: Info Source control is disabled
[2015.04.27-16.57.53:445][  0]SourceControl: Info Source control is disabled
[2015.04.27-16.57.53:445][  0]SourceControl: Info Source control is disabled
[2015.04.27-16.57.53:445][  0]LogSourceControl: RunCommandInternalRaw: 'git version'
[2015.04.27-16.57.53:445][  0]LogSourceControl: RunCommandInternalRaw: ExecProcess ReturnCode=2 OutResults=''
[2015.04.27-16.57.53:458][  0]SourceControl: Info Source control is disabled
[2015.04.27-16.57.53:732][  0]LogObj: 24232 objects as part of root set at end of initial load.
[2015.04.27-16.57.53:732][  0]LogUObjectAllocator: 5137168 out of 0 bytes used by permanent object pool.
[2015.04.27-16.57.53:831][  0]LogEngine: Initializing Engine...
[2015.04.27-16.57.56:076][  0]LogInit: XAudio2 using 'Speakers (Realtek High Definition Audio)' : 2 channels at 48 kHz using 32 bits per sample (channel mask 0x3)
[2015.04.27-16.57.56:102][  0]LogInit: FAudioDevice initialized.
[2015.04.27-16.57.56:187][  0]LogAIModule: Creating AISystem for world NewWorld
[2015.04.27-16.57.56:212][  0]LogDerivedDataCache: Saved boot cache 0.02s 39MB C:/Users/Dean/AppData/Local/UnrealEngine/4.7/DerivedDataCache/Boot.ddc.
[2015.04.27-16.57.56:216][  0]LogInit: Texture streaming: Enabled
[2015.04.27-16.57.56:384][  0]LogAnalytics: Creating configured Analytics provider AnalyticsET
[2015.04.27-16.57.56:384][  0]LogAnalytics: ET APIKey = Rocket.Release. APIServer = http://et2.epicgames.com/ET2/. AppVersion = 4.7.5-2503383+++depot+UE4-Releases+4.7
[2015.04.27-16.57.56:384][  0]LogAnalytics: ET APIKey = Rocket.Release. DataRouterUploadURL = https://datarouter-public-service-gamedev.ol.epicgames.net/datarouter/api/v1/public/data. AppVersion = 4.7.5-2503383+++depot+UE4-Releases+4.7
[2015.04.27-16.57.56:384][  0]LogAnalytics: SetUserId 910d50be45690666f5f2d593bf8be2f0|066eb542fbc44451808d2154e76a0e26|8364f941-f0a8-46f3-a7e2-f1f90b6af0a2
[2015.04.27-16.57.56:384][  0]LogAnalytics: AnalyticsET::StartSession [Rocket.Release]
[2015.04.27-16.57.56:415][  0]LogInit: Transaction tracking system initialized
[2015.04.27-16.57.56:680][  0]BlueprintLog: New page: Editor Load
[2015.04.27-16.57.56:726][  0]LogAssetRegistry: FAssetRegistry took 0.0110 seconds to start up
[2015.04.27-16.57.56:726][  0]LogDirectoryWatcher:Warning: Failed to begin reading directory changes for ../../../Engine/Plugins/Experimental/CharacterAI/Content/. Error: 0
[2015.04.27-16.57.57:588][  0]LogTargetPlatformManager:Display: Building Assets For Windows
[2015.04.27-16.57.58:129][  0]LogTargetPlatformManager:Display: Building Assets For Windows
[2015.04.27-16.57.58:693][  0]LogSlate:Warning: Failed to load font data from '../../../Engine/Content/Editor/Slate/Fonts/Roboto-Regular.ttf'
[2015.04.27-16.57.58:693][  0]LogSlate:Warning: Failed to load font data from '../../../Engine/Content/Editor/Slate/Fonts/Roboto-Bold.ttf'
[2015.04.27-16.57.58:701][  0]LogConsoleResponse:Display: 
[2015.04.27-16.57.58:950][  0]LogCook:Display: Done creating registry. It took  0.00s.
[2015.04.27-16.57.59:215][  0]SourceControl: Info Source control is disabled
[2015.04.27-16.57.59:215][  0]Cmd: MAP LOAD FILE="../../../../../../Users/Dean/Documents/Unreal Projects/MyThirdPersonGame/Content/StarterContent/Maps/Minimal_Default.umap" TEMPLATE=0 SHOWPROGRESS=1 FEATURELEVEL=3
[2015.04.27-16.57.59:290][  0]LightingResults: New page: Lighting Build
[2015.04.27-16.57.59:316][  0]MapCheck: New page: Map Check
[2015.04.27-16.57.59:316][  0]LightingResults: New page: Lighting Build
[2015.04.27-16.57.59:335][  0]LogParticles: Destroying 0 GPU particle simulations for FXSystem 0x0000000CB2554C20
[2015.04.27-16.58.02:553][  0]LogEditorServer: Finished looking for orphan Actors (0.000 secs)
[2015.04.27-16.58.02:570][  0]LogAIModule: Creating AISystem for world Minimal_Default
[2015.04.27-16.58.02:571][  0]Cmd: MAP CHECKDEP
[2015.04.27-16.58.02:571][  0]MapCheck: New page: Minimal_Default - Apr 27, 2015, 2:58:02 AM
[2015.04.27-16.58.02:759][  0]MapCheck: Info Map check complete: 0 Error(s), 0 Warning(s), took 188.156ms to complete.
[2015.04.27-16.58.02:760][  0]LogFileHelpers: Loading map 'Minimal_Default' took 3.544
[2015.04.27-16.58.03:031][  0]LogCollectionManager: Loaded 0 collections in 0.003594 seconds
[2015.04.27-16.58.03:055][  0]LogContentBrowser: Native class hierarchy populated in 0.0233 seconds. Added 1696 classes and 261 folders.
[2015.04.27-16.58.03:107][  0]LogContentBrowser: Native class hierarchy updated for 'SceneOutliner' in 0.0026 seconds. Added 1 classes and 2 folders.
[2015.04.27-16.58.03:308][  0]LogCrashTracker: Crashtracker disabled due to settings.
[2015.04.27-16.58.03:309][  0]LogSlate:Warning: Failed to load font data from 'Veranda'
[2015.04.27-16.58.03:375][  0]LogUObjectGlobals:Warning: Failed to find object 'Class None.'
[2015.04.27-16.58.03:412][  0]LogLoad: Full Startup: 19.31 seconds (BP compile: 0.62 seconds)
[2015.04.27-16.58.03:452][  0]LogContentBrowser:Verbose: The content browser source was changed by the sources view to '/Game/StarterContent/Character'
[2015.04.27-16.58.03:922][  0]LogRenderer:Warning: Reallocating scene render targets to support 856x376 (Frame:2).
[2015.04.27-16.58.10:842][226]LogAssetRegistry: Asset discovery search completed in 14.1270 seconds
[2015.04.27-16.58.54:025][758]LogPlayLevel: PIE:  No blueprints needed recompiling
[2015.04.27-16.58.54:026][758]PIE: New page: PIE session: Minimal_Default (Apr 27, 2015, 2:58:54 AM)
[2015.04.27-16.58.54:032][758]LogPlayLevel: PIE: StaticDuplicateObject took: (0.005500s)
[2015.04.27-16.58.54:032][758]LogPlayLevel: PIE: World Init took: (0.000719s)
[2015.04.27-16.58.54:033][758]LogPlayLevel: PIE: Created PIE world by copying editor world from /Game/StarterContent/Maps/Minimal_Default.Minimal_Default to /Game/StarterContent/Maps/UEDPIE_0_Minimal_Default.Minimal_Default (0.006479s)
[2015.04.27-16.58.54:086][758]LogWorld: Game class is 'MyGame_C'
[2015.04.27-16.58.54:087][758]LogAIModule: Creating AISystem for world Minimal_Default
[2015.04.27-16.58.54:091][758]LogWorld: Bringing World /Game/StarterContent/Maps/UEDPIE_0_Minimal_Default.Minimal_Default up for play (max tick rate 0) at 2015.04.27-09.58.54
[2015.04.27-16.58.54:092][758]LogWorld: Bringing up level for play took: 0.004133
[2015.04.27-16.58.54:096][758]PIE: Info Play in editor start time for /Game/StarterContent/Maps/UEDPIE_0_Minimal_Default 0.189
[2015.04.27-16.59.13:022][564]LogActorComponent: UnregisterComponent: (/Engine/Transient.CharMoveComp) Not registered. Aborting.
[2015.04.27-16.59.13:046][564]LogParticles: Destroying 0 GPU particle simulations for FXSystem 0x0000000CB27D2840
[2015.04.27-17.08.23:355][265]LogActorComponent: UnregisterComponent: (/Engine/Transient.CharMoveComp) Not registered. Aborting.
[2015.04.27-17.08.23:840][265]LogSavePackage: Save=162.385132ms
[2015.04.27-17.08.23:840][265]LogSavePackage: Moving '../../../../../../Users/Dean/Documents/Unreal Projects/MyThirdPersonGame/Saved/Minimal_Default_Auto14C4802AE47155C6A2F1ABFA8E35A34EB.tmp' to '../../../../../../Users/Dean/Documents/Unreal Projects/MyThirdPersonGame/Saved/Autosaves/Game/StarterContent/Maps/Minimal_Default_Auto1.umap'
[2015.04.27-17.08.23:924][265]LogFileHelpers: Editor autosave (incl. sublevels) for '/Game/StarterContent/Maps/Minimal_Default' took 0.570
[2015.04.27-17.08.23:924][265]LogFileHelpers: Editor autosave (incl. sublevels) for all levels took 0.570
[2015.04.27-17.38.51:222][ 17]LogRenderer:Warning: Reallocating scene render targets to support 1048x592 (Frame:3095).
[2015.04.27-17.39.17:706][582]LogActorComponent: UnregisterComponent: (/Engine/Transient.CharMoveComp) Not registered. Aborting.
[2015.04.27-17.39.17:807][582]LogFileHelpers: Editor autosave (incl. sublevels) for '/Game/StarterContent/Maps/Minimal_Default' took 0.101
[2015.04.27-17.39.17:856][582]OBJ SavePackage: Generating thumbnails for [1] asset(s) in package [/Game/StarterContent/Character/MyCharacter] ([1] browsable assets)...
[2015.04.27-17.39.17:963][582]OBJ SavePackage:     Rendered thumbnail for [Blueprint /Game/StarterContent/Character/MyCharacter.MyCharacter]
[2015.04.27-17.39.17:963][582]OBJ SavePackage: Finished generating thumbnails for package [/Game/StarterContent/Character/MyCharacter]
[2015.04.27-17.39.18:788][582]LogSavePackage: Save=783.171448ms
[2015.04.27-17.39.18:795][582]LogSavePackage: Moving '../../../../../../Users/Dean/Documents/Unreal Projects/MyThirdPersonGame/Saved/MyCharacter_Auto26DD6ABF246579E08787960BCCEC4B03A.tmp' to '../../../../../../Users/Dean/Documents/Unreal Projects/MyThirdPersonGame/Saved/Autosaves/Game/StarterContent/Character/MyCharacter_Auto2.uasset'
[2015.04.27-17.39.18:823][582]LogFileHelpers: Auto-saving content packages took 1.015
[2015.04.27-17.39.20:176][612]BlueprintLog: New page: Compile MyCharacter
[2015.04.27-17.39.20:302][612]LogActorComponent: UnregisterComponent: (/Engine/Transient.CharMoveComp) Not registered. Aborting.
[2015.04.27-17.39.20:360][612]BlueprintEditorCompileResults: Info [2496.25] Compile of MyCharacter successful! [in 183 ms]
[2015.04.27-17.39.22:117][636]LogSavePackage: Save=456.442108ms
[2015.04.27-17.39.22:117][636]LogSavePackage: Moving '../../../../../../Users/Dean/Documents/Unreal Projects/MyThirdPersonGame/Saved/MyCharacterA173481840BFE1B73E1417B745F237C0.tmp' to '../../../../../../Users/Dean/Documents/Unreal Projects/MyThirdPersonGame/Content/StarterContent/Character/MyCharacter.uasset'
[2015.04.27-17.39.28:022][765]LogPlayLevel: PIE:  No blueprints needed recompiling
[2015.04.27-17.39.28:022][765]PIE: New page: PIE session: Minimal_Default (Apr 27, 2015, 3:39:28 AM)
[2015.04.27-17.39.28:117][765]LogPlayLevel: PIE: StaticDuplicateObject took: (0.093581s)
[2015.04.27-17.39.28:119][765]LogPlayLevel: PIE: World Init took: (0.001296s)
[2015.04.27-17.39.28:119][765]LogPlayLevel: PIE: Created PIE world by copying editor world from /Game/StarterContent/Maps/Minimal_Default.Minimal_Default to /Game/StarterContent/Maps/UEDPIE_0_Minimal_Default.Minimal_Default (0.095113s)
[2015.04.27-17.39.28:305][765]LogWorld: Game class is 'MyGame_C'
[2015.04.27-17.39.28:308][765]LogAIModule: Creating AISystem for world Minimal_Default
[2015.04.27-17.39.28:313][765]LogWorld: Bringing World /Game/StarterContent/Maps/UEDPIE_0_Minimal_Default.Minimal_Default up for play (max tick rate 60) at 2015.04.27-10.39.28
[2015.04.27-17.39.28:314][765]LogWorld: Bringing up level for play took: 0.005498
[2015.04.27-17.39.28:318][765]PIE: Info Play in editor start time for /Game/StarterContent/Maps/UEDPIE_0_Minimal_Default 0.411
[2015.04.27-17.39.50:028][686]LogActorComponent: UnregisterComponent: (/Engine/Transient.CharMoveComp) Not registered. Aborting.
[2015.04.27-17.39.50:061][686]LogParticles: Destroying 0 GPU particle simulations for FXSystem 0x0000000CAB2D3060
[2015.04.27-17.39.50:061][686]LogParticles: Destroying 0 GPU particle simulations for FXSystem 0x0000000CB88619E0
[2015.04.27-17.40.11:140][199]BlueprintLog: New page: Compile MyCharacter
[2015.04.27-17.40.11:293][199]LogActorComponent: UnregisterComponent: (/Engine/Transient.CharMoveComp) Not registered. Aborting.
[2015.04.27-17.40.11:364][199]BlueprintEditorCompileResults: Info [2547.26] Compile of MyCharacter successful! [in 223 ms]
[2015.04.27-17.40.12:880][220]LogSavePackage: Save=465.359131ms
[2015.04.27-17.40.12:880][220]LogSavePackage: Moving '../../../../../../Users/Dean/Documents/Unreal Projects/MyThirdPersonGame/Saved/MyCharacterA515BC834AEB4B87545B9FB87EDAD583.tmp' to '../../../../../../Users/Dean/Documents/Unreal Projects/MyThirdPersonGame/Content/StarterContent/Character/MyCharacter.uasset'
[2015.04.27-17.40.15:547][296]LogPlayLevel: PIE:  No blueprints needed recompiling
[2015.04.27-17.40.15:547][296]PIE: New page: PIE session: Minimal_Default (Apr 27, 2015, 3:40:15 AM)
[2015.04.27-17.40.15:554][296]LogPlayLevel: PIE: StaticDuplicateObject took: (0.007029s)
[2015.04.27-17.40.15:555][296]LogPlayLevel: PIE: World Init took: (0.000884s)
[2015.04.27-17.40.15:556][296]LogPlayLevel: PIE: Created PIE world by copying editor world from /Game/StarterContent/Maps/Minimal_Default.Minimal_Default to /Game/StarterContent/Maps/UEDPIE_0_Minimal_Default.Minimal_Default (0.008178s)
[2015.04.27-17.40.15:599][296]LogWorld: Game class is 'MyGame_C'
[2015.04.27-17.40.15:601][296]LogAIModule: Creating AISystem for world Minimal_Default
[2015.04.27-17.40.15:607][296]LogWorld: Bringing World /Game/StarterContent/Maps/UEDPIE_0_Minimal_Default.Minimal_Default up for play (max tick rate 60) at 2015.04.27-10.40.15
[2015.04.27-17.40.15:608][296]LogWorld: Bringing up level for play took: 0.006296
[2015.04.27-17.40.15:614][296]PIE: Info Play in editor start time for /Game/StarterContent/Maps/UEDPIE_0_Minimal_Default -0.293
[2015.04.27-17.40.53:997][941]LogActorComponent: UnregisterComponent: (/Engine/Transient.CharMoveComp) Not registered. Aborting.
[2015.04.27-17.40.54:063][941]LogParticles: Destroying 0 GPU particle simulations for FXSystem 0x0000000CB122AD40
[2015.04.27-17.40.54:065][941]LogParticles: Destroying 0 GPU particle simulations for FXSystem 0x0000000CBC8A6980
[2015.04.27-17.42.34:155][551]BlueprintLog: New page: Compile MyCharacter
[2015.04.27-17.42.34:262][551]LogActorComponent: UnregisterComponent: (/Engine/Transient.CharMoveComp) Not registered. Aborting.
[2015.04.27-17.42.34:314][551]BlueprintEditorCompileResults: Info [2690.21] Compile of MyCharacter successful! [in 159 ms]
[2015.04.27-17.42.36:191][581]LogSavePackage: Save=456.569550ms
[2015.04.27-17.42.36:191][581]LogSavePackage: Moving '../../../../../../Users/Dean/Documents/Unreal Projects/MyThirdPersonGame/Saved/MyCharacter2235A1D3455A4826AD34339FD195F096.tmp' to '../../../../../../Users/Dean/Documents/Unreal Projects/MyThirdPersonGame/Content/StarterContent/Character/MyCharacter.uasset'
[2015.04.27-17.57.27:957][703]LogActorComponent: UnregisterComponent: (/Engine/Transient.CharMoveComp) Not registered. Aborting.
[2015.04.27-17.57.28:372][703]LogSavePackage: Save=175.550903ms
[2015.04.27-17.57.28:372][703]LogSavePackage: Moving '../../../../../../Users/Dean/Documents/Unreal Projects/MyThirdPersonGame/Saved/Minimal_Default36E97B4B4A724CEEFF72B48178E88EEB.tmp' to '../../../../../../Users/Dean/Documents/Unreal Projects/MyThirdPersonGame/Content/StarterContent/Maps/Minimal_Default.umap'
[2015.04.27-17.57.33:947][844]Cmd: QUIT_EDITOR
[2015.04.27-17.57.35:115][844]LogExit: Preparing to exit.
[2015.04.27-17.57.40:898][844]LogExit: Editor shut down
[2015.04.27-17.57.40:898][844]LogExit: Transaction tracking system shut down
[2015.04.27-17.57.40:900][844]LogParticles: Destroying 0 GPU particle simulations for FXSystem 0x0000000CABC2EF20
[2015.04.27-17.57.40:900][844]LogParticles: Destroying 0 GPU particle simulations for FXSystem 0x0000000CB93E6700
[2015.04.27-17.57.40:901][844]LogParticles: Destroying 0 GPU particle simulations for FXSystem 0x0000000CBB2131A0
[2015.04.27-17.57.40:901][844]LogParticles: Destroying 0 GPU particle simulations for FXSystem 0x0000000CB9E0B9C0
[2015.04.27-17.57.40:901][844]LogParticles: Destroying 0 GPU particle simulations for FXSystem 0x0000000CA9F76A20
[2015.04.27-17.57.40:901][844]LogParticles: Destroying 0 GPU particle simulations for FXSystem 0x0000000CA9F76480
[2015.04.27-17.57.40:902][844]LogParticles: Destroying 0 GPU particle simulations for FXSystem 0x0000000CAB285120
[2015.04.27-17.57.45:903][844]LogExit: Object subsystem successfully closed.
[2015.04.27-17.57.47:803][844]LogModuleManager: Shutting down and abandoning module CrashTracker (177)
[2015.04.27-17.57.47:821][844]LogModuleManager: Shutting down and abandoning module SuperSearch (176)
[2015.04.27-17.57.47:821][844]LogModuleManager: Shutting down and abandoning module SceneOutliner (175)
[2015.04.27-17.57.47:837][844]LogModuleManager: Shutting down and abandoning module EditorWidgets (174)
[2015.04.27-17.57.47:837][844]LogModuleManager: Shutting down and abandoning module CollectionManager (173)
[2015.04.27-17.57.47:862][844]LogModuleManager: Shutting down and abandoning module StatsViewer (172)
[2015.04.27-17.57.47:939][844]LogModuleManager: Shutting down and abandoning module FoliageEdit (171)
[2015.04.27-17.57.47:939][844]LogModuleManager: Shutting down and abandoning module LandscapeEditor (170)
[2015.04.27-17.57.47:999][844]LogModuleManager: Shutting down and abandoning module MeshPaint (169)
[2015.04.27-17.57.48:007][844]LogModuleManager: Shutting down and abandoning module ActorPickerMode (168)
[2015.04.27-17.57.48:007][844]LogModuleManager: Shutting down and abandoning module GeometryMode (167)
[2015.04.27-17.57.48:007][844]LogModuleManager: Shutting down and abandoning module TextureAlignMode (166)
[2015.04.27-17.57.48:007][844]LogModuleManager: Shutting down and abandoning module BspMode (165)
[2015.04.27-17.57.48:007][844]LogModuleManager: Shutting down and abandoning module PlacementMode (164)
[2015.04.27-17.57.48:007][844]LogModuleManager: Shutting down and abandoning module AutomationWorker (163)
[2015.04.27-17.57.48:007][844]LogModuleManager: Shutting down and abandoning module CharacterAI (162)
[2015.04.27-17.57.48:007][844]LogModuleManager: Shutting down and abandoning module SmartSnapping (161)
[2015.04.27-17.57.48:007][844]LogModuleManager: Shutting down and abandoning module ViewportSnapping (160)
[2015.04.27-17.57.48:007][844]LogModuleManager: Shutting down and abandoning module LogVisualizer (159)
[2015.04.27-17.57.48:111][844]LogModuleManager: Shutting down and abandoning module GameProjectGeneration (158)
[2015.04.27-17.57.48:135][844]LogModuleManager: Shutting down and abandoning module IntroTutorials (157)
[2015.04.27-17.57.48:244][844]LogModuleManager: Shutting down and abandoning module EditorLiveStreaming (156)
[2015.04.27-17.57.48:268][844]LogModuleManager: Shutting down and abandoning module HardwareTargeting (155)
[2015.04.27-17.57.48:268][844]LogModuleManager: Shutting down and abandoning module DeviceProfileEditor (154)
[2015.04.27-17.57.48:293][844]LogModuleManager: Shutting down and abandoning module UndoHistory (153)
[2015.04.27-17.57.48:316][844]LogModuleManager: Shutting down and abandoning module GameplayTagsEditor (152)
[2015.04.27-17.57.48:316][844]LogModuleManager: Shutting down and abandoning module UserFeedback (151)
[2015.04.27-17.57.48:316][844]LogModuleManager: Shutting down and abandoning module XmlParser (150)
[2015.04.27-17.57.48:372][844]LogModuleManager: Shutting down and abandoning module Blutility (149)
[2015.04.27-17.57.48:372][844]LogModuleManager: Shutting down and abandoning module IOSPlatformEditor (148)
[2015.04.27-17.57.48:372][844]LogModuleManager: Shutting down and abandoning module IOSRuntimeSettings (147)
[2015.04.27-17.57.48:372][844]LogModuleManager: Shutting down and abandoning module AndroidDeviceDetection (146)
[2015.04.27-17.57.48:382][844]LogModuleManager: Shutting down and abandoning module AndroidPlatformEditor (145)
[2015.04.27-17.57.48:382][844]LogModuleManager: Shutting down and abandoning module AndroidRuntimeSettings (144)
[2015.04.27-17.57.48:382][844]LogModuleManager: Shutting down and abandoning module ProjectTargetPlatformEditor (143)
[2015.04.27-17.57.48:510][844]LogModuleManager: Shutting down and abandoning module ProjectSettingsViewer (142)
[2015.04.27-17.57.48:510][844]LogModuleManager: Shutting down and abandoning module InputBindingEditor (141)
[2015.04.27-17.57.48:653][844]LogModuleManager: Shutting down and abandoning module EditorSettingsViewer (140)
[2015.04.27-17.57.48:653][844]LogModuleManager: Shutting down and abandoning module SettingsEditor (139)
[2015.04.27-17.57.48:667][844]LogModuleManager: Shutting down and abandoning module ProjectLauncher (138)
[2015.04.27-17.57.48:711][844]LogModuleManager: Shutting down and abandoning module SessionFrontend (137)
[2015.04.27-17.57.48:715][844]LogModuleManager: Shutting down and abandoning module ProfilerClient (136)
[2015.04.27-17.57.48:732][844]LogModuleManager: Shutting down and abandoning module TargetDeviceServices (135)
[2015.04.27-17.57.48:760][844]LogModuleManager: Shutting down and abandoning module DeviceManager (134)
[2015.04.27-17.57.48:777][844]LogModuleManager: Shutting down and abandoning module AutomationController (133)
[2015.04.27-17.57.48:813][844]LogModuleManager: Shutting down and abandoning module AutomationWindow (132)
[2015.04.27-17.57.48:820][844]LogModuleManager: Shutting down and abandoning module Layers (131)
[2015.04.27-17.57.48:885][844]LogModuleManager: Shutting down and abandoning module ComponentVisualizers (130)
[2015.04.27-17.57.48:885][844]LogModuleManager: Shutting down and abandoning module DetailCustomizations (129)
[2015.04.27-17.57.48:917][844]LogModuleManager: Shutting down and abandoning module PackagesDialog (128)
[2015.04.27-17.57.48:939][844]LogModuleManager: Shutting down and abandoning module AssetRegistry (127)
[2015.04.27-17.57.49:063][844]LogModuleManager: Shutting down and abandoning module Persona (126)
[2015.04.27-17.57.49:167][844]LogModuleManager: Shutting down and abandoning module SlateReflector (125)
[2015.04.27-17.57.49:261][844]LogModuleManager: Shutting down and abandoning module LevelEditor (124)
[2015.04.27-17.57.49:308][844]LogModuleManager: Shutting down and abandoning module Kismet (123)
[2015.04.27-17.57.49:308][844]LogModuleManager: Shutting down and abandoning module GraphEditor (122)
[2015.04.27-17.57.49:330][844]LogModuleManager: Shutting down and abandoning module ClassViewer (121)
[2015.04.27-17.57.49:330][844]LogModuleManager: Shutting down and abandoning module Toolbox (120)
[2015.04.27-17.57.49:330][844]LogModuleManager: Shutting down and abandoning module ModuleUI (119)
[2015.04.27-17.57.49:368][844]LogModuleManager: Shutting down and abandoning module MovieSceneTools (118)
[2015.04.27-17.57.49:427][844]LogModuleManager: Shutting down and abandoning module OutputLog (117)
[2015.04.27-17.57.49:427][844]LogModuleManager: Shutting down and abandoning module GammaUI (116)
[2015.04.27-17.57.49:455][844]LogModuleManager: Shutting down and abandoning module Documentation (115)
[2015.04.27-17.57.49:455][844]LogModuleManager: Shutting down and abandoning module GameLiveStreaming (114)
[2015.04.27-17.57.49:482][844]LogModuleManager: Shutting down and abandoning module StreamingPauseRendering (113)
[2015.04.27-17.57.49:515][844]LogModuleManager: Shutting down and abandoning module HTTP (112)
[2015.04.27-17.57.49:515][844]LogModuleManager: Shutting down and abandoning module AnalyticsET (111)
[2015.04.27-17.57.49:515][844]LogModuleManager: Shutting down and abandoning module Analytics (110)
[2015.04.27-17.57.49:515][844]LogModuleManager: Shutting down and abandoning module AITestSuite (109)
[2015.04.27-17.57.49:536][844]LogModuleManager: Shutting down and abandoning module GameplayDebugger (108)
[2015.04.27-17.57.49:536][844]LogModuleManager: Shutting down and abandoning module AIModule (107)
[2015.04.27-17.57.49:571][844]LogModuleManager: Shutting down and abandoning module ProfilerService (106)
[2015.04.27-17.57.49:657][844]LogModuleManager: Shutting down and abandoning module TaskGraph (105)
[2015.04.27-17.57.49:830][844]LogModuleManager: Shutting down and abandoning module SlateRemote (104)
[2015.04.27-17.57.49:830][844]LogModuleManager: Shutting down and abandoning module ScriptEditorPlugin (103)
[2015.04.27-17.57.49:830][844]LogModuleManager: Shutting down and abandoning module CustomMeshComponent (102)
[2015.04.27-17.57.49:830][844]LogModuleManager: Shutting down and abandoning module CableComponent (101)
[2015.04.27-17.57.49:884][844]LogModuleManager: Shutting down and abandoning module MessagingDebugger (100)
[2015.04.27-17.57.49:995][844]LogModuleManager: Shutting down and abandoning module MediaPlayerEditor (99)
[2015.04.27-17.57.50:029][844]LogModuleManager: Shutting down and abandoning module SpeedTreeImporter (98)
[2015.04.27-17.57.50:029][844]LogModuleManager: Shutting down and abandoning module PluginsEditor (97)
[2015.04.27-17.57.50:035][844]LogModuleManager: Shutting down and abandoning module MainFrame (96)
[2015.04.27-17.57.50:035][844]LogModuleManager: Shutting down and abandoning module EpicSurvey (95)
[2015.04.27-17.57.50:057][844]LogModuleManager: Shutting down and abandoning module DesktopPlatform (94)
[2015.04.27-17.57.50:082][844]LogModuleManager: Shutting down and abandoning module DirectoryWatcher (93)
[2015.04.27-17.57.50:083][844]LogModuleManager: Shutting down and abandoning module HotReload (92)
[2015.04.27-17.57.50:084][844]LogModuleManager: Shutting down and abandoning module VisualStudioSourceCodeAccess (91)
[2015.04.27-17.57.50:084][844]LogModuleManager: Shutting down and abandoning module UObjectPlugin (90)
[2015.04.27-17.57.50:084][844]LogModuleManager: Shutting down and abandoning module SubversionSourceControl (89)
[2015.04.27-17.57.50:099][844]LogModuleManager: Shutting down and abandoning module PerforceSourceControl (88)
[2015.04.27-17.57.50:115][844]LogModuleManager: Shutting down and abandoning module SourceControl (87)
[2015.04.27-17.57.50:130][844]LogModuleManager: Shutting down and abandoning module GitSourceControl (86)
[2015.04.27-17.57.50:145][844]LogModuleManager: Shutting down and abandoning module BlankPlugin (85)
[2015.04.27-17.57.50:145][844]LogModuleManager: Shutting down and abandoning module PaperTiledImporter (84)
[2015.04.27-17.57.50:146][844]LogModuleManager: Shutting down and abandoning module PaperJsonImporter (83)
[2015.04.27-17.57.50:146][844]LogModuleManager: Shutting down and abandoning module ContentBrowser (82)
[2015.04.27-17.57.50:146][844]LogModuleManager: Shutting down and abandoning module Paper2DEditor (81)
[2015.04.27-17.57.50:192][844]LogModuleManager: Shutting down and abandoning module ScriptPlugin (80)
[2015.04.27-17.57.50:205][844]LogModuleManager: Shutting down and abandoning module UdpMessaging (79)
[2015.04.27-17.57.50:306][844]LogModuleManager: Shutting down and abandoning module Paper2D (78)
[2015.04.27-17.57.50:327][844]LogModuleManager: Shutting down and abandoning module WindowsMoviePlayer (77)
[2015.04.27-17.57.50:330][844]LogModuleManager: Shutting down and abandoning module Media (76)
[2015.04.27-17.57.50:330][844]LogModuleManager: Shutting down and abandoning module WmfMedia (75)
[2015.04.27-17.57.50:362][844]LogModuleManager: Shutting down and abandoning module OnlineBlueprintSupport (74)
[2015.04.27-17.57.50:362][844]LogModuleManager: Shutting down and abandoning module PropertyEditor (73)
[2015.04.27-17.57.50:362][844]LogModuleManager: Shutting down and abandoning module BehaviorTreeEditor (72)
[2015.04.27-17.57.50:404][844]LogModuleManager: Shutting down and abandoning module FunctionalTesting (71)
[2015.04.27-17.57.50:413][844]LogModuleManager: Shutting down and abandoning module CollisionAnalyzer (70)
[2015.04.27-17.57.50:424][844]LogModuleManager: Shutting down and abandoning module WorkspaceMenuStructure (69)
[2015.04.27-17.57.50:424][844]LogModuleManager: Shutting down and abandoning module MessageLog (68)
[2015.04.27-17.57.50:424][844]LogModuleManager: Shutting down and abandoning module Sequencer (67)
[2015.04.27-17.57.50:461][844]LogModuleManager: Shutting down and abandoning module AssetTools (66)
[2015.04.27-17.57.50:515][844]LogModuleManager: Shutting down and abandoning module UMGEditor (65)
[2015.04.27-17.57.50:587][844]LogModuleManager: Shutting down and abandoning module UMG (64)
[2015.04.27-17.57.50:615][844]LogModuleManager: Shutting down and abandoning module Slate (63)
[2015.04.27-17.57.50:615][844]LogModuleManager: Shutting down and abandoning module EditorStyle (62)
[2015.04.27-17.57.50:620][844]LogModuleManager: Shutting down and abandoning module SessionServices (61)
[2015.04.27-17.57.50:620][844]LogModuleManager: Shutting down and abandoning module SourceCodeAccess (60)
[2015.04.27-17.57.50:620][844]LogModuleManager: Shutting down and abandoning module HeadMountedDisplay (59)
[2015.04.27-17.57.50:620][844]LogModuleManager: Shutting down and abandoning module XAudio2 (58)
[2015.04.27-17.57.50:620][844]LogModuleManager: Shutting down and abandoning module Networking (56)
[2015.04.27-17.57.50:620][844]LogModuleManager: Shutting down and abandoning module Core (55)
[2015.04.27-17.57.50:620][844]LogModuleManager: Shutting down and abandoning module KismetCompiler (54)
[2015.04.27-17.57.50:620][844]LogModuleManager: Shutting down and abandoning module PhysXFormats (53)
[2015.04.27-17.57.50:620][844]LogModuleManager: Shutting down and abandoning module MeshUtilities (52)
[2015.04.27-17.57.50:659][844]LogModuleManager: Shutting down and abandoning module DerivedDataCache (51)
[2015.04.27-17.57.50:755][844]LogDerivedDataCache: Shutdown
[2015.04.27-17.57.50:755][844]LogModuleManager: Shutting down and abandoning module ShaderFormatOpenGL (50)
[2015.04.27-17.57.50:771][844]LogModuleManager: Shutting down and abandoning module ShaderFormatD3D (49)
[2015.04.27-17.57.50:797][844]LogModuleManager: Shutting down and abandoning module MetalShaderFormat (48)
[2015.04.27-17.57.50:815][844]LogModuleManager: Shutting down and abandoning module TextureFormatUncompressed (47)
[2015.04.27-17.57.50:815][844]LogModuleManager: Shutting down and abandoning module TextureFormatPVR (46)
[2015.04.27-17.57.50:815][844]LogModuleManager: Shutting down and abandoning module TextureFormatIntelISPCTexComp (45)
[2015.04.27-17.57.50:815][844]LogModuleManager: Shutting down and abandoning module TextureFormatDXT (44)
[2015.04.27-17.57.50:815][844]LogModuleManager: Shutting down and abandoning module ImageWrapper (43)
[2015.04.27-17.57.50:815][844]LogModuleManager: Shutting down and abandoning module TextureFormatASTC (42)
[2015.04.27-17.57.50:815][844]LogModuleManager: Shutting down and abandoning module TextureFormatAndroid (41)
[2015.04.27-17.57.50:815][844]LogModuleManager: Shutting down and abandoning module AudioFormatOpus (40)
[2015.04.27-17.57.50:844][844]LogModuleManager: Shutting down and abandoning module AudioFormatOgg (39)
[2015.04.27-17.57.50:844][844]LogModuleManager: Shutting down and abandoning module AudioFormatADPCM (38)
[2015.04.27-17.57.50:844][844]LogModuleManager: Shutting down and abandoning module LinuxTargetPlatform (37)
[2015.04.27-17.57.50:844][844]LogModuleManager: Shutting down and abandoning module LinuxServerTargetPlatform (36)
[2015.04.27-17.57.50:871][844]LogModuleManager: Shutting down and abandoning module LinuxNoEditorTargetPlatform (35)
[2015.04.27-17.57.50:901][844]LogModuleManager: Shutting down and abandoning module Messaging (34)
[2015.04.27-17.57.50:901][844]LogModuleManager: Shutting down and abandoning module IOSTargetPlatform (33)
[2015.04.27-17.57.50:901][844]LogModuleManager: Shutting down and abandoning module HTML5TargetPlatform (32)
[2015.04.27-17.57.50:901][844]LogModuleManager: Shutting down and abandoning module Android_PVRTCTargetPlatform (31)
[2015.04.27-17.57.50:901][844]LogModuleManager: Shutting down and abandoning module Android_ETC2TargetPlatform (30)
[2015.04.27-17.57.50:901][844]LogModuleManager: Shutting down and abandoning module Android_ETC1TargetPlatform (29)
[2015.04.27-17.57.50:901][844]LogModuleManager: Shutting down and abandoning module Android_ES31TargetPlatform (28)
[2015.04.27-17.57.50:901][844]LogModuleManager: Shutting down and abandoning module Android_DXTTargetPlatform (27)
[2015.04.27-17.57.50:901][844]LogModuleManager: Shutting down and abandoning module Android_ATCTargetPlatform (26)
[2015.04.27-17.57.50:901][844]LogModuleManager: Shutting down and abandoning module AndroidTargetPlatform (25)
[2015.04.27-17.57.50:901][844]LogModuleManager: Shutting down and abandoning module WindowsTargetPlatform (24)
[2015.04.27-17.57.50:901][844]LogModuleManager: Shutting down and abandoning module WindowsServerTargetPlatform (23)
[2015.04.27-17.57.50:901][844]LogModuleManager: Shutting down and abandoning module WindowsNoEditorTargetPlatform (22)
[2015.04.27-17.57.50:901][844]LogModuleManager: Shutting down and abandoning module WindowsClientTargetPlatform (21)
[2015.04.27-17.57.50:901][844]LogModuleManager: Shutting down and abandoning module TargetPlatform (20)
[2015.04.27-17.57.50:901][844]LogModuleManager: Shutting down and abandoning module InputCore (19)
[2015.04.27-17.57.50:901][844]LogModuleManager: Shutting down and abandoning module Settings (18)
[2015.04.27-17.57.50:901][844]LogModuleManager: Shutting down and abandoning module OnlineSubsystem (16)
[2015.04.27-17.57.50:901][844]LogModuleManager: Shutting down and abandoning module OculusRift (15)
[2015.04.27-17.57.50:901][844]LogModuleManager: Shutting down and abandoning module ExampleDeviceProfileSelector (14)
[2015.04.27-17.57.50:901][844]LogModuleManager: Shutting down and abandoning module TextureCompressor (13)
[2015.04.27-17.57.50:902][844]LogModuleManager: Shutting down and abandoning module ShaderCore (12)
[2015.04.27-17.57.50:902][844]LogModuleManager: Shutting down and abandoning module Landscape (11)
[2015.04.27-17.57.50:902][844]LogModuleManager: Shutting down and abandoning module SlateRHIRenderer (10)
[2015.04.27-17.57.50:915][844]LogModuleManager: Shutting down and abandoning module OpenGLDrv (9)
[2015.04.27-17.57.50:915][844]LogModuleManager: Shutting down and abandoning module D3D11RHI (8)
[2015.04.27-17.57.50:915][844]LogModuleManager: Shutting down and abandoning module Renderer (7)
[2015.04.27-17.57.50:915][844]LogModuleManager: Shutting down and abandoning module Engine (6)
[2015.04.27-17.57.50:915][844]LogModuleManager: Shutting down and abandoning module CoreUObject (5)
[2015.04.27-17.57.50:915][844]LogModuleManager: Shutting down and abandoning module NetworkFile (4)
[2015.04.27-17.57.50:924][844]LogModuleManager: Shutting down and abandoning module StreamingFile (3)
[2015.04.27-17.57.50:924][844]LogModuleManager: Shutting down and abandoning module SandboxFile (2)
[2015.04.27-17.57.50:930][844]LogModuleManager: Shutting down and abandoning module PakFile (1)
[2015.04.27-17.57.50:978][844]LogExit: Exiting.
[2015.04.27-17.57.50:985][844]Log file closed, 04/27/15 10:57:50
