Log file open, 04/28/15 21:25:08
LogInit:Display: Running engine for game: MyThirdPersonGame
LogInit: Version: 4.7.5-2503383+++depot+UE4-Releases+4.7
LogInit: API Version: 2455222
LogInit: Compiled (64-bit): Apr  6 2015 23:21:51
LogInit: Compiled with Visual C++: 18.00.21005.01
LogInit: Build Configuration: Development
LogInit: Branch Name: ++depot+UE4-Releases+4.7
LogInit: Command line: 
LogInit: Base directory: C:/Program Files/Epic Games/4.7/Engine/Binaries/Win64/
LogInit: Rocket: 1
[2015.04.29-04.25.08:846][  0]LogTaskGraph: Started task graph with 3 named threads and 4 total threads.
[2015.04.29-04.25.08:884][  0]LogOnline:Warning: No default platform service specified for OnlineSubsystem
[2015.04.29-04.25.08:901][  0]LogInit: Presizing for 0 objects not considered by GC, pre-allocating 0 bytes.
[2015.04.29-04.25.08:912][  0]LogInit: Object subsystem initialized
[2015.04.29-04.25.08:915][  0]LogConsoleResponse:Warning: Skipping Unknown console variable: 'TranslucentSortAxis = (X=0.000000,Y=-1.000000,Z=0.000000)'
[2015.04.29-04.25.08:915][  0]LogConsoleResponse:Warning:   Found in ini file 'C:/Users/Dean/Documents/Unreal Projects/MyThirdPersonGame/Saved/Config/Windows/Engine.ini', in section '[/Script/Engine.RendererSettings]'
[2015.04.29-04.25.08:915][  0]LogConsoleResponse:Warning: Skipping Unknown console variable: 'UIScaleRule = ShortestSide'
[2015.04.29-04.25.08:915][  0]LogConsoleResponse:Warning:   Found in ini file 'C:/Users/Dean/Documents/Unreal Projects/MyThirdPersonGame/Saved/Config/Windows/Engine.ini', in section '[/Script/Engine.RendererSettings]'
[2015.04.29-04.25.08:915][  0]LogConsoleResponse:Warning: Skipping Unknown console variable: 'UIScaleCurve = (EditorCurveData=(Keys=),ExternalCurve=None)'
[2015.04.29-04.25.08:915][  0]LogConsoleResponse:Warning:   Found in ini file 'C:/Users/Dean/Documents/Unreal Projects/MyThirdPersonGame/Saved/Config/Windows/Engine.ini', in section '[/Script/Engine.RendererSettings]'
[2015.04.29-04.25.08:915][  0]LogInit: Selected Device Profile: [Windows]
[2015.04.29-04.25.08:916][  0]LogInit: Applying CVar settings loaded from the selected device profile: [Windows]
[2015.04.29-04.25.08:925][  0]LogInit: Computer: DEAN
[2015.04.29-04.25.08:925][  0]LogInit: User: Dean
[2015.04.29-04.25.08:925][  0]LogInit: CPU Page size=4096, Cores=2
[2015.04.29-04.25.08:925][  0]LogInit: High frequency timer resolution =2.338335 MHz
[2015.04.29-04.25.08:925][  0]LogMemory: Memory total: Physical=7.9GB (8GB approx) Virtual=131072.0GB
[2015.04.29-04.25.08:926][  0]LogMemory: Platform Memory Stats for Windows
[2015.04.29-04.25.08:926][  0]LogMemory: Process Physical Memory: 46.59 MB used, 46.59 MB peak
[2015.04.29-04.25.08:926][  0]LogMemory: Process Virtual Memory: 26.62 MB used, 26.63 MB peak
[2015.04.29-04.25.08:926][  0]LogMemory: Physical Memory: 2431.76 MB used, 8075.46 MB total
[2015.04.29-04.25.08:926][  0]LogMemory: Virtual Memory: 288.80 MB used, 134217728.00 MB total
[2015.04.29-04.25.08:968][  0]LogD3D11RHI: Found D3D11 adapter 0: Intel(R) HD Graphics Family (Feature Level 11_0)
[2015.04.29-04.25.08:968][  0]LogD3D11RHI: Adapter has 32MB of dedicated video memory, 0MB of dedicated system memory, and 1760MB of shared system memory, 1 output[s]
[2015.04.29-04.25.08:984][  0]LogD3D11RHI: Found D3D11 adapter 1: NVIDIA GeForce GT 740M             (Feature Level 11_0)
[2015.04.29-04.25.08:984][  0]LogD3D11RHI: Adapter has 1972MB of dedicated video memory, 0MB of dedicated system memory, and 2048MB of shared system memory, 0 output[s]
[2015.04.29-04.25.08:986][  0]LogD3D11RHI: Found D3D11 adapter 2: Microsoft Basic Render Driver (Feature Level 11_0)
[2015.04.29-04.25.08:986][  0]LogD3D11RHI: Adapter has 0MB of dedicated video memory, 0MB of dedicated system memory, and 256MB of shared system memory, 0 output[s]
[2015.04.29-04.25.08:986][  0]LogD3D11RHI: Chosen D3D11 Adapter Id = 0
[2015.04.29-04.25.08:990][  0]LogRHI: Texture pool is 638 MB (70% of 912 MB)
[2015.04.29-04.25.09:004][  0]LogD3D11RHI: Async texture creation enabled
[2015.04.29-04.25.09:077][  0]LogTextLocalizationManager: The requested culture ('en_US') has no localization data; parent culture's ('en') localization data will be used.
[2015.04.29-04.25.09:156][  0]LogTextLocalizationManager:Warning: Loading localization resources contain conflicting entries for (Namespace:UICommands, Key:Save_ToolTip):
Resource: (C:/Program Files/Epic Games/4.7/Engine/Content/Localization/Editor/en/Editor.locres) Hash: (-29098895) String: (Saves the current level to disk)
Resource: (C:/Program Files/Epic Games/4.7/Engine/Content/Localization/Engine/en/Engine.locres) Hash: (-1280300587) String: (Save selected data to vlog file)
[2015.04.29-04.25.09:156][  0]LogTextLocalizationManager:Warning: Loading localization resources contain conflicting entries for (Namespace:ContentBrowser, Key:ImportAssetToolTip):
Resource: (C:/Program Files/Epic Games/4.7/Engine/Content/Localization/Editor/en/Editor.locres) Hash: (-630476809) String: (Import to {0}...)
Resource: (C:/Program Files/Epic Games/4.7/Engine/Content/Localization/Editor/en/Editor.locres) Hash: (1271782899) String: (Imports an asset from file to this folder.)
[2015.04.29-04.25.09:242][  0]LogContentStreaming: Texture pool size is 0.000000MB
[2015.04.29-04.25.11:895][  0]LogTargetPlatformManager:Display: Building Assets For Windows
[2015.04.29-04.25.12:591][  0]LogTargetPlatformManager:Display: Building Assets For Windows
[2015.04.29-04.25.12:673][  0]LogDerivedDataCache:Display: Max Cache Size: 512 MB
[2015.04.29-04.25.12:718][  0]LogDerivedDataCache: Loaded boot cache 0.04s 39MB C:/Users/Dean/AppData/Local/UnrealEngine/4.7/DerivedDataCache/Boot.ddc.
[2015.04.29-04.25.12:718][  0]LogDerivedDataCache:Display: Loaded Boot cache: C:/Users/Dean/AppData/Local/UnrealEngine/4.7/DerivedDataCache/Boot.ddc
[2015.04.29-04.25.12:719][  0]LogDerivedDataCache: FDerivedDataBackendGraph:  Pak pak cache file ../../../../../../Users/Dean/Documents/Unreal Projects/MyThirdPersonGame/DerivedDataCache/DDC.ddp not found, will not use a pak cache.
[2015.04.29-04.25.12:719][  0]LogDerivedDataCache: Unable to find inner node Pak for hierarchical cache Hierarchy.
[2015.04.29-04.25.12:846][  0]LogDerivedDataCache:Display: Pak cache opened for reading ../../../Engine/DerivedDataCache/Compressed.ddp.
[2015.04.29-04.25.12:861][  0]LogDerivedDataCache: Using Local data cache path C:/Users/Dean/AppData/Local/UnrealEngine/Common/DerivedDataCache: Writable
[2015.04.29-04.25.13:243][  0]LogMeshUtilities: No automatic mesh reduction module available
[2015.04.29-04.25.13:243][  0]LogMeshUtilities: No automatic mesh merging module available
[2015.04.29-04.25.13:719][  0]LogInit: WinSock: version 1.1 (2.2), MaxSocks=32767, MaxUdp=65467
[2015.04.29-04.25.13:827][  0]LogSlate:Warning: Failed to load font data from '../../../Engine/Content/Slate/Fonts/Roboto-Italic.ttf'
[2015.04.29-04.25.14:887][  0]UdpMessaging: Initializing bridge on interface 0.0.0.0:0 to multicast group 230.0.0.1:6666.
[2015.04.29-04.25.15:142][  0]SourceControl: Info Source control is disabled
[2015.04.29-04.25.15:142][  0]SourceControl: Info Source control is disabled
[2015.04.29-04.25.15:142][  0]SourceControl: Info Source control is disabled
[2015.04.29-04.25.15:142][  0]LogSourceControl: RunCommandInternalRaw: 'git version'
[2015.04.29-04.25.15:142][  0]LogSourceControl: RunCommandInternalRaw: ExecProcess ReturnCode=2 OutResults=''
[2015.04.29-04.25.15:154][  0]SourceControl: Info Source control is disabled
[2015.04.29-04.25.15:405][  0]LogObj: 24232 objects as part of root set at end of initial load.
[2015.04.29-04.25.15:405][  0]LogUObjectAllocator: 5137176 out of 0 bytes used by permanent object pool.
[2015.04.29-04.25.15:500][  0]LogEngine: Initializing Engine...
[2015.04.29-04.25.18:663][  0]LogInit: XAudio2 using 'Speakers (Realtek High Definition Audio)' : 2 channels at 48 kHz using 32 bits per sample (channel mask 0x3)
[2015.04.29-04.25.18:679][  0]LogInit: FAudioDevice initialized.
[2015.04.29-04.25.18:744][  0]LogAIModule: Creating AISystem for world NewWorld
[2015.04.29-04.25.18:765][  0]LogDerivedDataCache: Saved boot cache 0.02s 39MB C:/Users/Dean/AppData/Local/UnrealEngine/4.7/DerivedDataCache/Boot.ddc.
[2015.04.29-04.25.18:768][  0]LogInit: Texture streaming: Enabled
[2015.04.29-04.25.18:885][  0]LogAnalytics: Creating configured Analytics provider AnalyticsET
[2015.04.29-04.25.18:885][  0]LogAnalytics: ET APIKey = Rocket.Release. APIServer = http://et2.epicgames.com/ET2/. AppVersion = 4.7.5-2503383+++depot+UE4-Releases+4.7
[2015.04.29-04.25.18:885][  0]LogAnalytics: ET APIKey = Rocket.Release. DataRouterUploadURL = https://datarouter-public-service-gamedev.ol.epicgames.net/datarouter/api/v1/public/data. AppVersion = 4.7.5-2503383+++depot+UE4-Releases+4.7
[2015.04.29-04.25.18:885][  0]LogAnalytics: SetUserId 910d50be45690666f5f2d593bf8be2f0|066eb542fbc44451808d2154e76a0e26|8364f941-f0a8-46f3-a7e2-f1f90b6af0a2
[2015.04.29-04.25.18:885][  0]LogAnalytics: AnalyticsET::StartSession [Rocket.Release]
[2015.04.29-04.25.18:919][  0]LogInit: Transaction tracking system initialized
[2015.04.29-04.25.19:209][  0]BlueprintLog: New page: Editor Load
[2015.04.29-04.25.19:254][  0]LogAssetRegistry: FAssetRegistry took 0.0110 seconds to start up
[2015.04.29-04.25.19:254][  0]LogDirectoryWatcher:Warning: Failed to begin reading directory changes for ../../../Engine/Plugins/Experimental/CharacterAI/Content/. Error: 0
[2015.04.29-04.25.20:040][  0]LogTargetPlatformManager:Display: Building Assets For Windows
[2015.04.29-04.25.20:560][  0]LogTargetPlatformManager:Display: Building Assets For Windows
[2015.04.29-04.25.20:930][  0]LogSlate:Warning: Failed to load font data from '../../../Engine/Content/Editor/Slate/Fonts/Roboto-Regular.ttf'
[2015.04.29-04.25.20:930][  0]LogSlate:Warning: Failed to load font data from '../../../Engine/Content/Editor/Slate/Fonts/Roboto-Bold.ttf'
[2015.04.29-04.25.20:936][  0]LogConsoleResponse:Display: 
[2015.04.29-04.25.21:126][  0]LogCook:Display: Done creating registry. It took  0.00s.
[2015.04.29-04.25.21:374][  0]SourceControl: Info Source control is disabled
[2015.04.29-04.25.21:374][  0]Cmd: MAP LOAD FILE="../../../../../../Users/Dean/Documents/Unreal Projects/MyThirdPersonGame/Content/StarterContent/Maps/Minimal_Default.umap" TEMPLATE=0 SHOWPROGRESS=1 FEATURELEVEL=3
[2015.04.29-04.25.21:431][  0]LightingResults: New page: Lighting Build
[2015.04.29-04.25.21:449][  0]MapCheck: New page: Map Check
[2015.04.29-04.25.21:449][  0]LightingResults: New page: Lighting Build
[2015.04.29-04.25.21:466][  0]LogParticles: Destroying 0 GPU particle simulations for FXSystem 0x000000C2AD804C20
[2015.04.29-04.25.29:586][  0]LogEditorServer: Finished looking for orphan Actors (0.000 secs)
[2015.04.29-04.25.29:614][  0]LogAIModule: Creating AISystem for world Minimal_Default
[2015.04.29-04.25.29:615][  0]Cmd: MAP CHECKDEP
[2015.04.29-04.25.29:615][  0]MapCheck: New page: Minimal_Default - Apr 28, 2015, 2:25:29 PM
[2015.04.29-04.25.29:831][  0]MapCheck: Info Map check complete: 0 Error(s), 0 Warning(s), took 215.653ms to complete.
[2015.04.29-04.25.29:831][  0]LogFileHelpers: Loading map 'Minimal_Default' took 8.457
[2015.04.29-04.25.29:991][  0]LogCollectionManager: Loaded 0 collections in 0.002535 seconds
[2015.04.29-04.25.30:005][  0]LogContentBrowser: Native class hierarchy populated in 0.0141 seconds. Added 1696 classes and 261 folders.
[2015.04.29-04.25.30:053][  0]LogContentBrowser: Native class hierarchy updated for 'SceneOutliner' in 0.0026 seconds. Added 1 classes and 2 folders.
[2015.04.29-04.25.30:164][  0]LogCrashTracker: Crashtracker disabled due to settings.
[2015.04.29-04.25.30:166][  0]LogSlate:Warning: Failed to load font data from 'Veranda'
[2015.04.29-04.25.30:173][  0]LogUObjectGlobals:Warning: Failed to find object 'Class None.'
[2015.04.29-04.25.30:211][  0]LogLoad: Full Startup: 23.58 seconds (BP compile: 0.77 seconds)
[2015.04.29-04.25.30:780][  0]LogContentBrowser:Verbose: The content browser source was changed by the sources view to '/Game/StarterContent/Character'
[2015.04.29-04.25.30:932][  0]LogRenderer:Warning: Reallocating scene render targets to support 32x32 (Frame:2).
[2015.04.29-04.25.31:216][  0]LogRenderer:Warning: Reallocating scene render targets to support 856x384 (Frame:6).
[2015.04.29-04.25.38:073][ 95]LogPlayLevel: PIE:  No blueprints needed recompiling
[2015.04.29-04.25.38:073][ 95]PIE: New page: PIE session: Minimal_Default (Apr 28, 2015, 2:25:38 PM)
[2015.04.29-04.25.38:079][ 95]LogPlayLevel: PIE: StaticDuplicateObject took: (0.005583s)
[2015.04.29-04.25.38:080][ 95]LogPlayLevel: PIE: World Init took: (0.000806s)
[2015.04.29-04.25.38:080][ 95]LogPlayLevel: PIE: Created PIE world by copying editor world from /Game/StarterContent/Maps/Minimal_Default.Minimal_Default to /Game/StarterContent/Maps/UEDPIE_0_Minimal_Default.Minimal_Default (0.006655s)
[2015.04.29-04.25.38:139][ 95]LogWorld: Game class is 'MyGame_C'
[2015.04.29-04.25.38:140][ 95]LogAIModule: Creating AISystem for world Minimal_Default
[2015.04.29-04.25.38:146][ 95]LogWorld: Bringing World /Game/StarterContent/Maps/UEDPIE_0_Minimal_Default.Minimal_Default up for play (max tick rate 60) at 2015.04.28-21.25.38
[2015.04.29-04.25.38:146][ 95]LogWorld: Bringing up level for play took: 0.005530
[2015.04.29-04.25.38:150][ 95]PIE: Info Play in editor start time for /Game/StarterContent/Maps/UEDPIE_0_Minimal_Default 0.17
[2015.04.29-04.25.48:719][555]LogAssetRegistry: Asset discovery search completed in 29.4760 seconds
[2015.04.29-04.26.29:696][335]LogActorComponent: UnregisterComponent: (/Engine/Transient.CharMoveComp) Not registered. Aborting.
[2015.04.29-04.26.29:755][335]LogParticles: Destroying 0 GPU particle simulations for FXSystem 0x000000C2BAA34680
[2015.04.29-04.26.30:595][365]Cmd: SELECT NONE
[2015.04.29-04.26.41:662][780]LogSavePackage: Save=213.594711ms
[2015.04.29-04.26.41:662][780]LogSavePackage: Moving '../../../../../../Users/Dean/Documents/Unreal Projects/MyThirdPersonGame/Saved/Minimal_DefaultA2B962454E302A53239E5EAAAF507B3D.tmp' to '../../../../../../Users/Dean/Documents/Unreal Projects/MyThirdPersonGame/Content/StarterContent/Maps/Minimal_Default.umap'
[2015.04.29-04.30.17:996][383]LogEditorViewport: Clicking on Actor (LMB): StaticMeshActor (Shape_Wedge_B)
[2015.04.29-04.30.40:711][261]LogEditorViewport: Clicking on Actor (LMB): StaticMeshActor (Shape_Cube)
[2015.04.29-04.30.50:910][640]LogEditorViewport: Clicking on Actor (LMB): StaticMeshActor (Shape_Cube)
[2015.04.29-04.31.51:204][842]Cmd: SELECT NONE
[2015.04.29-04.31.52:715][894]LogPlayLevel: PIE:  No blueprints needed recompiling
[2015.04.29-04.31.52:716][894]PIE: New page: PIE session: Minimal_Default (Apr 28, 2015, 2:31:52 PM)
[2015.04.29-04.31.52:726][894]LogPlayLevel: PIE: StaticDuplicateObject took: (0.009376s)
[2015.04.29-04.31.52:727][894]LogPlayLevel: PIE: World Init took: (0.001383s)
[2015.04.29-04.31.52:728][894]LogPlayLevel: PIE: Created PIE world by copying editor world from /Game/StarterContent/Maps/Minimal_Default.Minimal_Default to /Game/StarterContent/Maps/UEDPIE_0_Minimal_Default.Minimal_Default (0.011077s)
[2015.04.29-04.31.52:777][894]LogWorld: Game class is 'MyGame_C'
[2015.04.29-04.31.52:780][894]LogAIModule: Creating AISystem for world Minimal_Default
[2015.04.29-04.31.52:792][894]LogWorld: Bringing World /Game/StarterContent/Maps/UEDPIE_0_Minimal_Default.Minimal_Default up for play (max tick rate 60) at 2015.04.28-21.31.52
[2015.04.29-04.31.52:793][894]LogWorld: Bringing up level for play took: 0.011237
[2015.04.29-04.31.52:848][894]PIE: Info Play in editor start time for /Game/StarterContent/Maps/UEDPIE_0_Minimal_Default 0.867
[2015.04.29-04.32.52:654][426]LogActorComponent: UnregisterComponent: (/Engine/Transient.CharMoveComp) Not registered. Aborting.
[2015.04.29-04.33.57:396][158]LogParticles: Destroying 0 GPU particle simulations for FXSystem 0x000000C2AB5237E0
[2015.04.29-04.35.06:994][356]LogEditorViewport: Clicking on Actor (LMB): StaticMeshActor (Shape_Wedge_B)
[2015.04.29-04.38.46:385][452]LogActorComponent: UnregisterComponent: (/Engine/Transient.CharMoveComp) Not registered. Aborting.
[2015.04.29-04.38.46:861][452]LogSavePackage: Save=196.552673ms
[2015.04.29-04.38.46:861][452]LogSavePackage: Moving '../../../../../../Users/Dean/Documents/Unreal Projects/MyThirdPersonGame/Saved/Minimal_Default_Auto17BBCABFD4B1AD70D8C7E72B2915A7B8A.tmp' to '../../../../../../Users/Dean/Documents/Unreal Projects/MyThirdPersonGame/Saved/Autosaves/Game/StarterContent/Maps/Minimal_Default_Auto1.umap'
[2015.04.29-04.38.46:916][452]LogFileHelpers: Editor autosave (incl. sublevels) for '/Game/StarterContent/Maps/Minimal_Default' took 0.532
[2015.04.29-04.38.46:916][452]LogFileHelpers: Editor autosave (incl. sublevels) for all levels took 0.532
[2015.04.29-04.40.18:915][914]LogActorComponent: UnregisterComponent: (/Engine/Transient.CharMoveComp) Not registered. Aborting.
[2015.04.29-04.40.19:195][914]LogSavePackage: Save=212.515747ms
[2015.04.29-04.40.19:195][914]LogSavePackage: Moving '../../../../../../Users/Dean/Documents/Unreal Projects/MyThirdPersonGame/Saved/Minimal_DefaultC6D45E6946F129510520798376EBE304.tmp' to '../../../../../../Users/Dean/Documents/Unreal Projects/MyThirdPersonGame/Content/StarterContent/Maps/Minimal_Default.umap'
[2015.04.29-04.43.52:812][169]LogActorComponent: UnregisterComponent: (/Engine/Transient.CharMoveComp) Not registered. Aborting.
[2015.04.29-04.48.57:252][651]LogActorComponent: UnregisterComponent: (/Engine/Transient.CharMoveComp) Not registered. Aborting.
[2015.04.29-04.48.57:811][652]Cmd: QUIT_EDITOR
[2015.04.29-04.48.58:049][652]LogExit: Preparing to exit.
[2015.04.29-04.48.58:845][652]LogExit: Editor shut down
[2015.04.29-04.48.58:846][652]LogExit: Transaction tracking system shut down
[2015.04.29-04.48.58:847][652]LogParticles: Destroying 0 GPU particle simulations for FXSystem 0x000000C2A9903420
[2015.04.29-04.48.58:847][652]LogParticles: Destroying 0 GPU particle simulations for FXSystem 0x000000C2B7E5B7E0
[2015.04.29-04.48.58:847][652]LogParticles: Destroying 0 GPU particle simulations for FXSystem 0x000000C2B7C089A0
[2015.04.29-04.48.58:847][652]LogParticles: Destroying 0 GPU particle simulations for FXSystem 0x000000C2B6AABC40
[2015.04.29-04.48.58:847][652]LogParticles: Destroying 0 GPU particle simulations for FXSystem 0x000000C2BA03DF80
[2015.04.29-04.48.58:847][652]LogParticles: Destroying 0 GPU particle simulations for FXSystem 0x000000C2BAA35F80
[2015.04.29-04.48.58:890][652]LogParticles: Destroying 0 GPU particle simulations for FXSystem 0x000000C2AA1C9800
[2015.04.29-04.48.58:890][652]LogExit: Object subsystem successfully closed.
[2015.04.29-04.48.58:949][652]LogModuleManager: Shutting down and abandoning module CrashTracker (177)
[2015.04.29-04.48.58:949][652]LogModuleManager: Shutting down and abandoning module SuperSearch (176)
[2015.04.29-04.48.58:949][652]LogModuleManager: Shutting down and abandoning module SceneOutliner (175)
[2015.04.29-04.48.58:949][652]LogModuleManager: Shutting down and abandoning module EditorWidgets (174)
[2015.04.29-04.48.58:949][652]LogModuleManager: Shutting down and abandoning module CollectionManager (173)
[2015.04.29-04.48.58:949][652]LogModuleManager: Shutting down and abandoning module StatsViewer (172)
[2015.04.29-04.48.58:949][652]LogModuleManager: Shutting down and abandoning module FoliageEdit (171)
[2015.04.29-04.48.58:949][652]LogModuleManager: Shutting down and abandoning module LandscapeEditor (170)
[2015.04.29-04.48.58:949][652]LogModuleManager: Shutting down and abandoning module MeshPaint (169)
[2015.04.29-04.48.58:949][652]LogModuleManager: Shutting down and abandoning module ActorPickerMode (168)
[2015.04.29-04.48.58:949][652]LogModuleManager: Shutting down and abandoning module GeometryMode (167)
[2015.04.29-04.48.58:949][652]LogModuleManager: Shutting down and abandoning module TextureAlignMode (166)
[2015.04.29-04.48.58:949][652]LogModuleManager: Shutting down and abandoning module BspMode (165)
[2015.04.29-04.48.58:949][652]LogModuleManager: Shutting down and abandoning module PlacementMode (164)
[2015.04.29-04.48.58:949][652]LogModuleManager: Shutting down and abandoning module AutomationWorker (163)
[2015.04.29-04.48.58:949][652]LogModuleManager: Shutting down and abandoning module CharacterAI (162)
[2015.04.29-04.48.58:949][652]LogModuleManager: Shutting down and abandoning module SmartSnapping (161)
[2015.04.29-04.48.58:949][652]LogModuleManager: Shutting down and abandoning module ViewportSnapping (160)
[2015.04.29-04.48.58:950][652]LogModuleManager: Shutting down and abandoning module LogVisualizer (159)
[2015.04.29-04.48.58:950][652]LogModuleManager: Shutting down and abandoning module GameProjectGeneration (158)
[2015.04.29-04.48.58:950][652]LogModuleManager: Shutting down and abandoning module IntroTutorials (157)
[2015.04.29-04.48.58:950][652]LogModuleManager: Shutting down and abandoning module EditorLiveStreaming (156)
[2015.04.29-04.48.58:950][652]LogModuleManager: Shutting down and abandoning module HardwareTargeting (155)
[2015.04.29-04.48.58:950][652]LogModuleManager: Shutting down and abandoning module DeviceProfileEditor (154)
[2015.04.29-04.48.58:950][652]LogModuleManager: Shutting down and abandoning module UndoHistory (153)
[2015.04.29-04.48.58:950][652]LogModuleManager: Shutting down and abandoning module GameplayTagsEditor (152)
[2015.04.29-04.48.58:950][652]LogModuleManager: Shutting down and abandoning module UserFeedback (151)
[2015.04.29-04.48.58:950][652]LogModuleManager: Shutting down and abandoning module XmlParser (150)
[2015.04.29-04.48.58:950][652]LogModuleManager: Shutting down and abandoning module Blutility (149)
[2015.04.29-04.48.58:950][652]LogModuleManager: Shutting down and abandoning module IOSPlatformEditor (148)
[2015.04.29-04.48.58:950][652]LogModuleManager: Shutting down and abandoning module IOSRuntimeSettings (147)
[2015.04.29-04.48.58:950][652]LogModuleManager: Shutting down and abandoning module AndroidDeviceDetection (146)
[2015.04.29-04.48.59:566][652]LogModuleManager: Shutting down and abandoning module AndroidPlatformEditor (145)
[2015.04.29-04.48.59:566][652]LogModuleManager: Shutting down and abandoning module AndroidRuntimeSettings (144)
[2015.04.29-04.48.59:566][652]LogModuleManager: Shutting down and abandoning module ProjectTargetPlatformEditor (143)
[2015.04.29-04.48.59:566][652]LogModuleManager: Shutting down and abandoning module ProjectSettingsViewer (142)
[2015.04.29-04.48.59:566][652]LogModuleManager: Shutting down and abandoning module InputBindingEditor (141)
[2015.04.29-04.48.59:566][652]LogModuleManager: Shutting down and abandoning module EditorSettingsViewer (140)
[2015.04.29-04.48.59:566][652]LogModuleManager: Shutting down and abandoning module SettingsEditor (139)
[2015.04.29-04.48.59:566][652]LogModuleManager: Shutting down and abandoning module ProjectLauncher (138)
[2015.04.29-04.48.59:566][652]LogModuleManager: Shutting down and abandoning module SessionFrontend (137)
[2015.04.29-04.48.59:566][652]LogModuleManager: Shutting down and abandoning module ProfilerClient (136)
[2015.04.29-04.48.59:566][652]LogModuleManager: Shutting down and abandoning module TargetDeviceServices (135)
[2015.04.29-04.48.59:566][652]LogModuleManager: Shutting down and abandoning module DeviceManager (134)
[2015.04.29-04.48.59:566][652]LogModuleManager: Shutting down and abandoning module AutomationController (133)
[2015.04.29-04.48.59:566][652]LogModuleManager: Shutting down and abandoning module AutomationWindow (132)
[2015.04.29-04.48.59:566][652]LogModuleManager: Shutting down and abandoning module Layers (131)
[2015.04.29-04.48.59:566][652]LogModuleManager: Shutting down and abandoning module ComponentVisualizers (130)
[2015.04.29-04.48.59:566][652]LogModuleManager: Shutting down and abandoning module DetailCustomizations (129)
[2015.04.29-04.48.59:566][652]LogModuleManager: Shutting down and abandoning module PackagesDialog (128)
[2015.04.29-04.48.59:567][652]LogModuleManager: Shutting down and abandoning module AssetRegistry (127)
[2015.04.29-04.48.59:620][652]LogModuleManager: Shutting down and abandoning module Persona (126)
[2015.04.29-04.48.59:620][652]LogModuleManager: Shutting down and abandoning module SlateReflector (125)
[2015.04.29-04.48.59:620][652]LogModuleManager: Shutting down and abandoning module LevelEditor (124)
[2015.04.29-04.48.59:621][652]LogModuleManager: Shutting down and abandoning module Kismet (123)
[2015.04.29-04.48.59:621][652]LogModuleManager: Shutting down and abandoning module GraphEditor (122)
[2015.04.29-04.48.59:621][652]LogModuleManager: Shutting down and abandoning module ClassViewer (121)
[2015.04.29-04.48.59:621][652]LogModuleManager: Shutting down and abandoning module Toolbox (120)
[2015.04.29-04.48.59:621][652]LogModuleManager: Shutting down and abandoning module ModuleUI (119)
[2015.04.29-04.48.59:621][652]LogModuleManager: Shutting down and abandoning module MovieSceneTools (118)
[2015.04.29-04.48.59:622][652]LogModuleManager: Shutting down and abandoning module OutputLog (117)
[2015.04.29-04.48.59:622][652]LogModuleManager: Shutting down and abandoning module GammaUI (116)
[2015.04.29-04.48.59:622][652]LogModuleManager: Shutting down and abandoning module Documentation (115)
[2015.04.29-04.48.59:622][652]LogModuleManager: Shutting down and abandoning module GameLiveStreaming (114)
[2015.04.29-04.48.59:622][652]LogModuleManager: Shutting down and abandoning module StreamingPauseRendering (113)
[2015.04.29-04.48.59:622][652]LogModuleManager: Shutting down and abandoning module HTTP (112)
[2015.04.29-04.48.59:622][652]LogModuleManager: Shutting down and abandoning module AnalyticsET (111)
[2015.04.29-04.48.59:622][652]LogModuleManager: Shutting down and abandoning module Analytics (110)
[2015.04.29-04.48.59:622][652]LogModuleManager: Shutting down and abandoning module AITestSuite (109)
[2015.04.29-04.48.59:622][652]LogModuleManager: Shutting down and abandoning module GameplayDebugger (108)
[2015.04.29-04.48.59:622][652]LogModuleManager: Shutting down and abandoning module AIModule (107)
[2015.04.29-04.48.59:622][652]LogModuleManager: Shutting down and abandoning module ProfilerService (106)
[2015.04.29-04.48.59:701][652]LogModuleManager: Shutting down and abandoning module TaskGraph (105)
[2015.04.29-04.48.59:701][652]LogModuleManager: Shutting down and abandoning module SlateRemote (104)
[2015.04.29-04.48.59:701][652]LogModuleManager: Shutting down and abandoning module ScriptEditorPlugin (103)
[2015.04.29-04.48.59:701][652]LogModuleManager: Shutting down and abandoning module CustomMeshComponent (102)
[2015.04.29-04.48.59:701][652]LogModuleManager: Shutting down and abandoning module CableComponent (101)
[2015.04.29-04.48.59:701][652]LogModuleManager: Shutting down and abandoning module MessagingDebugger (100)
[2015.04.29-04.48.59:701][652]LogModuleManager: Shutting down and abandoning module MediaPlayerEditor (99)
[2015.04.29-04.48.59:701][652]LogModuleManager: Shutting down and abandoning module SpeedTreeImporter (98)
[2015.04.29-04.48.59:701][652]LogModuleManager: Shutting down and abandoning module PluginsEditor (97)
[2015.04.29-04.48.59:701][652]LogModuleManager: Shutting down and abandoning module MainFrame (96)
[2015.04.29-04.48.59:701][652]LogModuleManager: Shutting down and abandoning module EpicSurvey (95)
[2015.04.29-04.48.59:701][652]LogModuleManager: Shutting down and abandoning module DesktopPlatform (94)
[2015.04.29-04.48.59:701][652]LogModuleManager: Shutting down and abandoning module DirectoryWatcher (93)
[2015.04.29-04.48.59:701][652]LogModuleManager: Shutting down and abandoning module HotReload (92)
[2015.04.29-04.48.59:701][652]LogModuleManager: Shutting down and abandoning module VisualStudioSourceCodeAccess (91)
[2015.04.29-04.48.59:701][652]LogModuleManager: Shutting down and abandoning module UObjectPlugin (90)
[2015.04.29-04.48.59:701][652]LogModuleManager: Shutting down and abandoning module SubversionSourceControl (89)
[2015.04.29-04.48.59:701][652]LogModuleManager: Shutting down and abandoning module PerforceSourceControl (88)
[2015.04.29-04.48.59:701][652]LogModuleManager: Shutting down and abandoning module SourceControl (87)
[2015.04.29-04.48.59:702][652]LogModuleManager: Shutting down and abandoning module GitSourceControl (86)
[2015.04.29-04.48.59:702][652]LogModuleManager: Shutting down and abandoning module BlankPlugin (85)
[2015.04.29-04.48.59:702][652]LogModuleManager: Shutting down and abandoning module PaperTiledImporter (84)
[2015.04.29-04.48.59:702][652]LogModuleManager: Shutting down and abandoning module PaperJsonImporter (83)
[2015.04.29-04.48.59:702][652]LogModuleManager: Shutting down and abandoning module ContentBrowser (82)
[2015.04.29-04.48.59:702][652]LogModuleManager: Shutting down and abandoning module Paper2DEditor (81)
[2015.04.29-04.48.59:702][652]LogModuleManager: Shutting down and abandoning module ScriptPlugin (80)
[2015.04.29-04.48.59:702][652]LogModuleManager: Shutting down and abandoning module UdpMessaging (79)
[2015.04.29-04.48.59:803][652]LogModuleManager: Shutting down and abandoning module Paper2D (78)
[2015.04.29-04.48.59:803][652]LogModuleManager: Shutting down and abandoning module WindowsMoviePlayer (77)
[2015.04.29-04.48.59:805][652]LogModuleManager: Shutting down and abandoning module Media (76)
[2015.04.29-04.48.59:805][652]LogModuleManager: Shutting down and abandoning module WmfMedia (75)
[2015.04.29-04.48.59:805][652]LogModuleManager: Shutting down and abandoning module OnlineBlueprintSupport (74)
[2015.04.29-04.48.59:805][652]LogModuleManager: Shutting down and abandoning module PropertyEditor (73)
[2015.04.29-04.48.59:805][652]LogModuleManager: Shutting down and abandoning module BehaviorTreeEditor (72)
[2015.04.29-04.48.59:805][652]LogModuleManager: Shutting down and abandoning module FunctionalTesting (71)
[2015.04.29-04.48.59:805][652]LogModuleManager: Shutting down and abandoning module CollisionAnalyzer (70)
[2015.04.29-04.48.59:805][652]LogModuleManager: Shutting down and abandoning module WorkspaceMenuStructure (69)
[2015.04.29-04.48.59:805][652]LogModuleManager: Shutting down and abandoning module MessageLog (68)
[2015.04.29-04.48.59:805][652]LogModuleManager: Shutting down and abandoning module Sequencer (67)
[2015.04.29-04.48.59:806][652]LogModuleManager: Shutting down and abandoning module AssetTools (66)
[2015.04.29-04.48.59:806][652]LogModuleManager: Shutting down and abandoning module UMGEditor (65)
[2015.04.29-04.48.59:806][652]LogModuleManager: Shutting down and abandoning module UMG (64)
[2015.04.29-04.48.59:806][652]LogModuleManager: Shutting down and abandoning module Slate (63)
[2015.04.29-04.48.59:806][652]LogModuleManager: Shutting down and abandoning module EditorStyle (62)
[2015.04.29-04.48.59:810][652]LogModuleManager: Shutting down and abandoning module SessionServices (61)
[2015.04.29-04.48.59:810][652]LogModuleManager: Shutting down and abandoning module SourceCodeAccess (60)
[2015.04.29-04.48.59:810][652]LogModuleManager: Shutting down and abandoning module HeadMountedDisplay (59)
[2015.04.29-04.48.59:810][652]LogModuleManager: Shutting down and abandoning module XAudio2 (58)
[2015.04.29-04.48.59:810][652]LogModuleManager: Shutting down and abandoning module Networking (56)
[2015.04.29-04.48.59:810][652]LogModuleManager: Shutting down and abandoning module Core (55)
[2015.04.29-04.48.59:810][652]LogModuleManager: Shutting down and abandoning module KismetCompiler (54)
[2015.04.29-04.48.59:810][652]LogModuleManager: Shutting down and abandoning module PhysXFormats (53)
[2015.04.29-04.48.59:810][652]LogModuleManager: Shutting down and abandoning module MeshUtilities (52)
[2015.04.29-04.48.59:810][652]LogModuleManager: Shutting down and abandoning module DerivedDataCache (51)
[2015.04.29-04.48.59:814][652]LogDerivedDataCache: Shutdown
[2015.04.29-04.48.59:814][652]LogModuleManager: Shutting down and abandoning module ShaderFormatOpenGL (50)
[2015.04.29-04.48.59:814][652]LogModuleManager: Shutting down and abandoning module ShaderFormatD3D (49)
[2015.04.29-04.48.59:814][652]LogModuleManager: Shutting down and abandoning module MetalShaderFormat (48)
[2015.04.29-04.48.59:814][652]LogModuleManager: Shutting down and abandoning module TextureFormatUncompressed (47)
[2015.04.29-04.48.59:814][652]LogModuleManager: Shutting down and abandoning module TextureFormatPVR (46)
[2015.04.29-04.48.59:814][652]LogModuleManager: Shutting down and abandoning module TextureFormatIntelISPCTexComp (45)
[2015.04.29-04.48.59:814][652]LogModuleManager: Shutting down and abandoning module TextureFormatDXT (44)
[2015.04.29-04.48.59:814][652]LogModuleManager: Shutting down and abandoning module ImageWrapper (43)
[2015.04.29-04.48.59:814][652]LogModuleManager: Shutting down and abandoning module TextureFormatASTC (42)
[2015.04.29-04.48.59:814][652]LogModuleManager: Shutting down and abandoning module TextureFormatAndroid (41)
[2015.04.29-04.48.59:814][652]LogModuleManager: Shutting down and abandoning module AudioFormatOpus (40)
[2015.04.29-04.48.59:814][652]LogModuleManager: Shutting down and abandoning module AudioFormatOgg (39)
[2015.04.29-04.48.59:814][652]LogModuleManager: Shutting down and abandoning module AudioFormatADPCM (38)
[2015.04.29-04.48.59:814][652]LogModuleManager: Shutting down and abandoning module LinuxTargetPlatform (37)
[2015.04.29-04.48.59:814][652]LogModuleManager: Shutting down and abandoning module LinuxServerTargetPlatform (36)
[2015.04.29-04.48.59:814][652]LogModuleManager: Shutting down and abandoning module LinuxNoEditorTargetPlatform (35)
[2015.04.29-04.48.59:814][652]LogModuleManager: Shutting down and abandoning module Messaging (34)
[2015.04.29-04.48.59:814][652]LogModuleManager: Shutting down and abandoning module IOSTargetPlatform (33)
[2015.04.29-04.48.59:814][652]LogModuleManager: Shutting down and abandoning module HTML5TargetPlatform (32)
[2015.04.29-04.48.59:814][652]LogModuleManager: Shutting down and abandoning module Android_PVRTCTargetPlatform (31)
[2015.04.29-04.48.59:814][652]LogModuleManager: Shutting down and abandoning module Android_ETC2TargetPlatform (30)
[2015.04.29-04.48.59:814][652]LogModuleManager: Shutting down and abandoning module Android_ETC1TargetPlatform (29)
[2015.04.29-04.48.59:814][652]LogModuleManager: Shutting down and abandoning module Android_ES31TargetPlatform (28)
[2015.04.29-04.48.59:814][652]LogModuleManager: Shutting down and abandoning module Android_DXTTargetPlatform (27)
[2015.04.29-04.48.59:814][652]LogModuleManager: Shutting down and abandoning module Android_ATCTargetPlatform (26)
[2015.04.29-04.48.59:814][652]LogModuleManager: Shutting down and abandoning module AndroidTargetPlatform (25)
[2015.04.29-04.48.59:814][652]LogModuleManager: Shutting down and abandoning module WindowsTargetPlatform (24)
[2015.04.29-04.48.59:814][652]LogModuleManager: Shutting down and abandoning module WindowsServerTargetPlatform (23)
[2015.04.29-04.48.59:814][652]LogModuleManager: Shutting down and abandoning module WindowsNoEditorTargetPlatform (22)
[2015.04.29-04.48.59:814][652]LogModuleManager: Shutting down and abandoning module WindowsClientTargetPlatform (21)
[2015.04.29-04.48.59:814][652]LogModuleManager: Shutting down and abandoning module TargetPlatform (20)
[2015.04.29-04.48.59:814][652]LogModuleManager: Shutting down and abandoning module InputCore (19)
[2015.04.29-04.48.59:814][652]LogModuleManager: Shutting down and abandoning module Settings (18)
[2015.04.29-04.48.59:814][652]LogModuleManager: Shutting down and abandoning module OnlineSubsystem (16)
[2015.04.29-04.48.59:814][652]LogModuleManager: Shutting down and abandoning module OculusRift (15)
[2015.04.29-04.48.59:814][652]LogModuleManager: Shutting down and abandoning module ExampleDeviceProfileSelector (14)
[2015.04.29-04.48.59:814][652]LogModuleManager: Shutting down and abandoning module TextureCompressor (13)
[2015.04.29-04.48.59:814][652]LogModuleManager: Shutting down and abandoning module ShaderCore (12)
[2015.04.29-04.48.59:814][652]LogModuleManager: Shutting down and abandoning module Landscape (11)
[2015.04.29-04.48.59:814][652]LogModuleManager: Shutting down and abandoning module SlateRHIRenderer (10)
[2015.04.29-04.48.59:817][652]LogModuleManager: Shutting down and abandoning module OpenGLDrv (9)
[2015.04.29-04.48.59:817][652]LogModuleManager: Shutting down and abandoning module D3D11RHI (8)
[2015.04.29-04.48.59:817][652]LogModuleManager: Shutting down and abandoning module Renderer (7)
[2015.04.29-04.48.59:817][652]LogModuleManager: Shutting down and abandoning module Engine (6)
[2015.04.29-04.48.59:817][652]LogModuleManager: Shutting down and abandoning module CoreUObject (5)
[2015.04.29-04.48.59:817][652]LogModuleManager: Shutting down and abandoning module NetworkFile (4)
[2015.04.29-04.48.59:817][652]LogModuleManager: Shutting down and abandoning module StreamingFile (3)
[2015.04.29-04.48.59:817][652]LogModuleManager: Shutting down and abandoning module SandboxFile (2)
[2015.04.29-04.48.59:817][652]LogModuleManager: Shutting down and abandoning module PakFile (1)
[2015.04.29-04.48.59:817][652]LogExit: Exiting.
[2015.04.29-04.48.59:822][652]Log file closed, 04/28/15 21:48:59
