Log file open, 04/28/15 11:54:33
LogInit:Display: Running engine for game: MyThirdPersonGame
LogInit: Version: 4.7.5-2503383+++depot+UE4-Releases+4.7
LogInit: API Version: 2455222
LogInit: Compiled (64-bit): Apr  6 2015 23:21:51
LogInit: Compiled with Visual C++: 18.00.21005.01
LogInit: Build Configuration: Development
LogInit: Branch Name: ++depot+UE4-Releases+4.7
LogInit: Command line: 
LogInit: Base directory: C:/Program Files/Epic Games/4.7/Engine/Binaries/Win64/
LogInit: Rocket: 1
[2015.04.28-18.54.33:170][  0]LogTaskGraph: Started task graph with 3 named threads and 4 total threads.
[2015.04.28-18.54.33:263][  0]LogOnline:Warning: No default platform service specified for OnlineSubsystem
[2015.04.28-18.54.33:342][  0]LogInit: Presizing for 0 objects not considered by GC, pre-allocating 0 bytes.
[2015.04.28-18.54.33:379][  0]LogInit: Object subsystem initialized
[2015.04.28-18.54.33:386][  0]LogConsoleResponse:Warning: Skipping Unknown console variable: 'TranslucentSortAxis = (X=0.000000,Y=-1.000000,Z=0.000000)'
[2015.04.28-18.54.33:386][  0]LogConsoleResponse:Warning:   Found in ini file 'C:/Users/Dean/Documents/Unreal Projects/MyThirdPersonGame/Saved/Config/Windows/Engine.ini', in section '[/Script/Engine.RendererSettings]'
[2015.04.28-18.54.33:386][  0]LogConsoleResponse:Warning: Skipping Unknown console variable: 'UIScaleRule = ShortestSide'
[2015.04.28-18.54.33:386][  0]LogConsoleResponse:Warning:   Found in ini file 'C:/Users/Dean/Documents/Unreal Projects/MyThirdPersonGame/Saved/Config/Windows/Engine.ini', in section '[/Script/Engine.RendererSettings]'
[2015.04.28-18.54.33:386][  0]LogConsoleResponse:Warning: Skipping Unknown console variable: 'UIScaleCurve = (EditorCurveData=(Keys=),ExternalCurve=None)'
[2015.04.28-18.54.33:386][  0]LogConsoleResponse:Warning:   Found in ini file 'C:/Users/Dean/Documents/Unreal Projects/MyThirdPersonGame/Saved/Config/Windows/Engine.ini', in section '[/Script/Engine.RendererSettings]'
[2015.04.28-18.54.33:388][  0]LogInit: Selected Device Profile: [Windows]
[2015.04.28-18.54.33:388][  0]LogInit: Applying CVar settings loaded from the selected device profile: [Windows]
[2015.04.28-18.54.33:415][  0]LogInit: Computer: DEAN
[2015.04.28-18.54.33:415][  0]LogInit: User: Dean
[2015.04.28-18.54.33:415][  0]LogInit: CPU Page size=4096, Cores=2
[2015.04.28-18.54.33:415][  0]LogInit: High frequency timer resolution =2.338336 MHz
[2015.04.28-18.54.33:416][  0]LogMemory: Memory total: Physical=7.9GB (8GB approx) Virtual=131072.0GB
[2015.04.28-18.54.33:417][  0]LogMemory: Platform Memory Stats for Windows
[2015.04.28-18.54.33:417][  0]LogMemory: Process Physical Memory: 46.54 MB used, 46.54 MB peak
[2015.04.28-18.54.33:417][  0]LogMemory: Process Virtual Memory: 26.67 MB used, 26.68 MB peak
[2015.04.28-18.54.33:417][  0]LogMemory: Physical Memory: 2843.52 MB used, 8075.46 MB total
[2015.04.28-18.54.33:417][  0]LogMemory: Virtual Memory: 288.80 MB used, 134217728.00 MB total
[2015.04.28-18.54.33:532][  0]LogD3D11RHI: Found D3D11 adapter 0: Intel(R) HD Graphics Family (Feature Level 11_0)
[2015.04.28-18.54.33:532][  0]LogD3D11RHI: Adapter has 32MB of dedicated video memory, 0MB of dedicated system memory, and 1760MB of shared system memory, 1 output[s]
[2015.04.28-18.54.33:581][  0]LogD3D11RHI: Found D3D11 adapter 1: NVIDIA GeForce GT 740M             (Feature Level 11_0)
[2015.04.28-18.54.33:581][  0]LogD3D11RHI: Adapter has 1972MB of dedicated video memory, 0MB of dedicated system memory, and 2048MB of shared system memory, 0 output[s]
[2015.04.28-18.54.33:588][  0]LogD3D11RHI: Found D3D11 adapter 2: Microsoft Basic Render Driver (Feature Level 11_0)
[2015.04.28-18.54.33:588][  0]LogD3D11RHI: Adapter has 0MB of dedicated video memory, 0MB of dedicated system memory, and 256MB of shared system memory, 0 output[s]
[2015.04.28-18.54.33:588][  0]LogD3D11RHI: Chosen D3D11 Adapter Id = 0
[2015.04.28-18.54.33:604][  0]LogRHI: Texture pool is 638 MB (70% of 912 MB)
[2015.04.28-18.54.33:651][  0]LogD3D11RHI: Async texture creation enabled
[2015.04.28-18.54.33:823][  0]LogTextLocalizationManager: The requested culture ('en_US') has no localization data; parent culture's ('en') localization data will be used.
[2015.04.28-18.54.34:105][  0]LogTextLocalizationManager:Warning: Loading localization resources contain conflicting entries for (Namespace:UICommands, Key:Save_ToolTip):
Resource: (C:/Program Files/Epic Games/4.7/Engine/Content/Localization/Editor/en/Editor.locres) Hash: (-29098895) String: (Saves the current level to disk)
Resource: (C:/Program Files/Epic Games/4.7/Engine/Content/Localization/Engine/en/Engine.locres) Hash: (-1280300587) String: (Save selected data to vlog file)
[2015.04.28-18.54.34:106][  0]LogTextLocalizationManager:Warning: Loading localization resources contain conflicting entries for (Namespace:ContentBrowser, Key:ImportAssetToolTip):
Resource: (C:/Program Files/Epic Games/4.7/Engine/Content/Localization/Editor/en/Editor.locres) Hash: (-630476809) String: (Import to {0}...)
Resource: (C:/Program Files/Epic Games/4.7/Engine/Content/Localization/Editor/en/Editor.locres) Hash: (1271782899) String: (Imports an asset from file to this folder.)
[2015.04.28-18.54.34:398][  0]LogContentStreaming: Texture pool size is 0.000000MB
[2015.04.28-18.54.43:496][  0]LogTargetPlatformManager:Display: Building Assets For Windows
[2015.04.28-18.54.45:902][  0]LogTargetPlatformManager:Display: Building Assets For Windows
[2015.04.28-18.54.46:186][  0]LogDerivedDataCache:Display: Max Cache Size: 512 MB
[2015.04.28-18.54.46:325][  0]LogDerivedDataCache: Loaded boot cache 0.14s 39MB C:/Users/Dean/AppData/Local/UnrealEngine/4.7/DerivedDataCache/Boot.ddc.
[2015.04.28-18.54.46:325][  0]LogDerivedDataCache:Display: Loaded Boot cache: C:/Users/Dean/AppData/Local/UnrealEngine/4.7/DerivedDataCache/Boot.ddc
[2015.04.28-18.54.46:325][  0]LogDerivedDataCache: FDerivedDataBackendGraph:  Pak pak cache file ../../../../../../Users/Dean/Documents/Unreal Projects/MyThirdPersonGame/DerivedDataCache/DDC.ddp not found, will not use a pak cache.
[2015.04.28-18.54.46:325][  0]LogDerivedDataCache: Unable to find inner node Pak for hierarchical cache Hierarchy.
[2015.04.28-18.54.46:778][  0]LogDerivedDataCache:Display: Pak cache opened for reading ../../../Engine/DerivedDataCache/Compressed.ddp.
[2015.04.28-18.54.46:798][  0]LogDerivedDataCache: Using Local data cache path C:/Users/Dean/AppData/Local/UnrealEngine/Common/DerivedDataCache: Writable
[2015.04.28-18.54.47:891][  0]LogMeshUtilities: No automatic mesh reduction module available
[2015.04.28-18.54.47:891][  0]LogMeshUtilities: No automatic mesh merging module available
[2015.04.28-18.54.49:461][  0]LogInit: WinSock: version 1.1 (2.2), MaxSocks=32767, MaxUdp=65467
[2015.04.28-18.54.49:832][  0]LogSlate:Warning: Failed to load font data from '../../../Engine/Content/Slate/Fonts/Roboto-Italic.ttf'
[2015.04.28-18.54.53:444][  0]UdpMessaging: Initializing bridge on interface 0.0.0.0:0 to multicast group 230.0.0.1:6666.
[2015.04.28-18.54.54:210][  0]SourceControl: Info Source control is disabled
[2015.04.28-18.54.54:210][  0]SourceControl: Info Source control is disabled
[2015.04.28-18.54.54:211][  0]SourceControl: Info Source control is disabled
[2015.04.28-18.54.54:211][  0]LogSourceControl: RunCommandInternalRaw: 'git version'
[2015.04.28-18.54.54:211][  0]LogSourceControl: RunCommandInternalRaw: ExecProcess ReturnCode=2 OutResults=''
[2015.04.28-18.54.54:255][  0]SourceControl: Info Source control is disabled
[2015.04.28-18.54.55:153][  0]LogObj: 24232 objects as part of root set at end of initial load.
[2015.04.28-18.54.55:153][  0]LogUObjectAllocator: 5137176 out of 0 bytes used by permanent object pool.
[2015.04.28-18.54.55:451][  0]LogEngine: Initializing Engine...
[2015.04.28-18.54.58:001][  0]LogInit: XAudio2 using 'Speakers (Realtek High Definition Audio)' : 2 channels at 48 kHz using 32 bits per sample (channel mask 0x3)
[2015.04.28-18.54.58:052][  0]LogInit: FAudioDevice initialized.
[2015.04.28-18.54.58:228][  0]LogAIModule: Creating AISystem for world NewWorld
[2015.04.28-18.54.58:286][  0]LogDerivedDataCache: Saved boot cache 0.06s 39MB C:/Users/Dean/AppData/Local/UnrealEngine/4.7/DerivedDataCache/Boot.ddc.
[2015.04.28-18.54.58:296][  0]LogInit: Texture streaming: Enabled
[2015.04.28-18.54.58:692][  0]LogAnalytics: Creating configured Analytics provider AnalyticsET
[2015.04.28-18.54.58:692][  0]LogAnalytics: ET APIKey = Rocket.Release. APIServer = http://et2.epicgames.com/ET2/. AppVersion = 4.7.5-2503383+++depot+UE4-Releases+4.7
[2015.04.28-18.54.58:692][  0]LogAnalytics: ET APIKey = Rocket.Release. DataRouterUploadURL = https://datarouter-public-service-gamedev.ol.epicgames.net/datarouter/api/v1/public/data. AppVersion = 4.7.5-2503383+++depot+UE4-Releases+4.7
[2015.04.28-18.54.58:692][  0]LogAnalytics: SetUserId 910d50be45690666f5f2d593bf8be2f0|066eb542fbc44451808d2154e76a0e26|8364f941-f0a8-46f3-a7e2-f1f90b6af0a2
[2015.04.28-18.54.58:693][  0]LogAnalytics: AnalyticsET::StartSession [Rocket.Release]
[2015.04.28-18.54.58:790][  0]LogInit: Transaction tracking system initialized
[2015.04.28-18.54.59:625][  0]BlueprintLog: New page: Editor Load
[2015.04.28-18.54.59:754][  0]LogAssetRegistry: FAssetRegistry took 0.0114 seconds to start up
[2015.04.28-18.54.59:756][  0]LogDirectoryWatcher:Warning: Failed to begin reading directory changes for ../../../Engine/Plugins/Experimental/CharacterAI/Content/. Error: 0
[2015.04.28-18.55.02:496][  0]LogTargetPlatformManager:Display: Building Assets For Windows
[2015.04.28-18.55.04:336][  0]LogTargetPlatformManager:Display: Building Assets For Windows
[2015.04.28-18.55.05:677][  0]LogSlate:Warning: Failed to load font data from '../../../Engine/Content/Editor/Slate/Fonts/Roboto-Regular.ttf'
[2015.04.28-18.55.05:679][  0]LogSlate:Warning: Failed to load font data from '../../../Engine/Content/Editor/Slate/Fonts/Roboto-Bold.ttf'
[2015.04.28-18.55.05:697][  0]LogConsoleResponse:Display: 
[2015.04.28-18.55.06:355][  0]LogCook:Display: Done creating registry. It took  0.00s.
[2015.04.28-18.55.07:108][  0]SourceControl: Info Source control is disabled
[2015.04.28-18.55.07:108][  0]Cmd: MAP LOAD FILE="../../../../../../Users/Dean/Documents/Unreal Projects/MyThirdPersonGame/Content/StarterContent/Maps/Minimal_Default.umap" TEMPLATE=0 SHOWPROGRESS=1 FEATURELEVEL=3
[2015.04.28-18.55.07:111][  0]LightingResults: New page: Lighting Build
[2015.04.28-18.55.07:169][  0]MapCheck: New page: Map Check
[2015.04.28-18.55.07:169][  0]LightingResults: New page: Lighting Build
[2015.04.28-18.55.07:220][  0]LogParticles: Destroying 0 GPU particle simulations for FXSystem 0x000000B7CAF3CC20
[2015.04.28-18.55.13:325][  0]LogEditorServer: Finished looking for orphan Actors (0.000 secs)
[2015.04.28-18.55.13:411][  0]LogAIModule: Creating AISystem for world Minimal_Default
[2015.04.28-18.55.13:415][  0]Cmd: MAP CHECKDEP
[2015.04.28-18.55.13:416][  0]MapCheck: New page: Minimal_Default - Apr 28, 2015, 4:55:13 AM
[2015.04.28-18.55.14:005][  0]MapCheck: Info Map check complete: 0 Error(s), 0 Warning(s), took 589.694ms to complete.
[2015.04.28-18.55.14:005][  0]LogFileHelpers: Loading map 'Minimal_Default' took 6.897
[2015.04.28-18.55.14:464][  0]LogCollectionManager: Loaded 0 collections in 0.007230 seconds
[2015.04.28-18.55.14:501][  0]LogContentBrowser: Native class hierarchy populated in 0.0367 seconds. Added 1696 classes and 261 folders.
[2015.04.28-18.55.14:640][  0]LogContentBrowser: Native class hierarchy updated for 'SceneOutliner' in 0.0090 seconds. Added 1 classes and 2 folders.
[2015.04.28-18.55.15:012][  0]LogCrashTracker: Crashtracker disabled due to settings.
[2015.04.28-18.55.15:016][  0]LogSlate:Warning: Failed to load font data from 'Veranda'
[2015.04.28-18.55.15:111][  0]LogUObjectGlobals:Warning: Failed to find object 'Class None.'
[2015.04.28-18.55.15:184][  0]LogLoad: Full Startup: 45.46 seconds (BP compile: 2.00 seconds)
[2015.04.28-18.55.16:268][  0]LogRenderer:Warning: Reallocating scene render targets to support 32x32 (Frame:2).
[2015.04.28-18.55.17:034][  0]LogRenderer:Warning: Reallocating scene render targets to support 856x376 (Frame:3).
[2015.04.28-18.55.19:057][  1]LogContentBrowser:Verbose: The content browser source was changed by the sources view to '/Game/StarterContent/Character'
[2015.04.28-18.55.25:363][ 20]LogAssetRegistry: Asset discovery search completed in 25.6213 seconds
[2015.04.28-18.55.32:739][ 42]LogPlayLevel: PIE:  No blueprints needed recompiling
[2015.04.28-18.55.32:739][ 42]PIE: New page: PIE session: Minimal_Default (Apr 28, 2015, 4:55:32 AM)
[2015.04.28-18.55.32:762][ 42]LogPlayLevel: PIE: StaticDuplicateObject took: (0.020120s)
[2015.04.28-18.55.32:763][ 42]LogPlayLevel: PIE: World Init took: (0.001620s)
[2015.04.28-18.55.32:763][ 42]LogPlayLevel: PIE: Created PIE world by copying editor world from /Game/StarterContent/Maps/Minimal_Default.Minimal_Default to /Game/StarterContent/Maps/UEDPIE_0_Minimal_Default.Minimal_Default (0.022305s)
[2015.04.28-18.55.32:956][ 42]LogWorld: Game class is 'MyGame_C'
[2015.04.28-18.55.32:963][ 42]LogAIModule: Creating AISystem for world Minimal_Default
[2015.04.28-18.55.32:983][ 42]LogWorld: Bringing World /Game/StarterContent/Maps/UEDPIE_0_Minimal_Default.Minimal_Default up for play (max tick rate 60) at 2015.04.28-11.55.32
[2015.04.28-18.55.32:986][ 42]LogWorld: Bringing up level for play took: 0.021170
[2015.04.28-18.55.33:000][ 42]PIE: Info Play in editor start time for /Game/StarterContent/Maps/UEDPIE_0_Minimal_Default 1.19
[2015.04.28-18.55.56:714][906]LogActorComponent: UnregisterComponent: (/Engine/Transient.CharMoveComp) Not registered. Aborting.
[2015.04.28-18.55.56:791][906]LogParticles: Destroying 0 GPU particle simulations for FXSystem 0x000000B7D55C13A0
[2015.04.28-18.56.20:867][321]LogRenderer:Warning: Reallocating scene render targets to support 1048x592 (Frame:1421).
[2015.04.28-18.57.43:047][899]LogSkeletalMesh: InitArticulated: Bodies already created (/Engine/Transient.DebugSkelMeshComponent_0) - call TermArticulated first.
[2015.04.28-18.57.43:317][899]LogLinker:Warning: Asset '../../../Engine/Content/Tutorial/SubEditors/PersonaAnimEditorTutorial.uasset' has been saved with empty engine version. The asset will be loaded but may be incompatible.
[2015.04.28-18.57.47:464][966]LogRenderer:Warning: Reallocating scene render targets to support 1048x608 (Frame:4854).
[2015.04.28-18.57.47:464][966]LogContentBrowser:Verbose: The majority of assets in the view are of type: AnimSequence
[2015.04.28-18.59.08:513][595]LogSavePackage: Save=1461.000488ms
[2015.04.28-18.59.08:513][595]LogSavePackage: Moving '../../../../../../Users/Dean/Documents/Unreal Projects/MyThirdPersonGame/Saved/Punching_MontageCD0750E94BF62A662D82CFB66872B862.tmp' to '../../../../../../Users/Dean/Documents/Unreal Projects/MyThirdPersonGame/Content/StarterContent/Character/Animations/Punching_Montage.uasset'
[2015.04.28-19.00.30:059][197]LogEditorTransaction: Undo Edit Section Start Time
[2015.04.28-19.00.31:718][218]LogEditorTransaction: Undo Edit Segment Start Time
[2015.04.28-19.00.33:552][246]LogEditorTransaction: Undo Edit Section Start Time
[2015.04.28-19.00.34:631][262]LogEditorTransaction: Undo Edit Section Start Time
[2015.04.28-19.00.49:321][532]LogSavePackage: Save=1439.856323ms
[2015.04.28-19.00.49:321][532]LogSavePackage: Moving '../../../../../../Users/Dean/Documents/Unreal Projects/MyThirdPersonGame/Saved/Punching_Montage019237DA4D826BAABBFADE927C5CEE72.tmp' to '../../../../../../Users/Dean/Documents/Unreal Projects/MyThirdPersonGame/Content/StarterContent/Character/Animations/Punching_Montage.uasset'
[2015.04.28-19.01.02:938][796]BlueprintLog: New page: Compile CharacterAnimBP
[2015.04.28-19.01.03:992][796]LogActorComponent: UnregisterComponent: (/Engine/Transient.CharMoveComp) Not registered. Aborting.
[2015.04.28-19.01.04:112][796]LogParticles: Destroying 0 GPU particle simulations for FXSystem 0x000000B7C6B80EA0
[2015.04.28-19.01.04:114][796]LogParticles: Destroying 0 GPU particle simulations for FXSystem 0x000000B7C666C680
[2015.04.28-19.01.04:116][796]LogParticles: Destroying 0 GPU particle simulations for FXSystem 0x000000B7DB617060
[2015.04.28-19.01.04:118][796]LogParticles: Destroying 0 GPU particle simulations for FXSystem 0x000000B7C666F740
[2015.04.28-19.01.04:119][796]LogParticles: Destroying 0 GPU particle simulations for FXSystem 0x000000B7C6AE7240
[2015.04.28-19.01.04:162][796]BlueprintEditorCompileResults: Info [0394.43] Compile of CharacterAnimBP successful! [in 1,223 ms]
[2015.04.28-19.01.09:283][863]LogSavePackage: Save=1912.835938ms
[2015.04.28-19.01.09:283][863]LogSavePackage: Moving '../../../../../../Users/Dean/Documents/Unreal Projects/MyThirdPersonGame/Saved/CharacterAnimBPE4A49D0143ECAD9D7CF655B07176B303.tmp' to '../../../../../../Users/Dean/Documents/Unreal Projects/MyThirdPersonGame/Content/StarterContent/Character/CharacterAnimBP.uasset'
[2015.04.28-19.01.27:090][292]LogPlayLevel: PIE:  No blueprints needed recompiling
[2015.04.28-19.01.27:091][292]PIE: New page: PIE session: Minimal_Default (Apr 28, 2015, 5:01:27 AM)
[2015.04.28-19.01.27:112][292]LogPlayLevel: PIE: StaticDuplicateObject took: (0.020019s)
[2015.04.28-19.01.27:114][292]LogPlayLevel: PIE: World Init took: (0.002390s)
[2015.04.28-19.01.27:115][292]LogPlayLevel: PIE: Created PIE world by copying editor world from /Game/StarterContent/Maps/Minimal_Default.Minimal_Default to /Game/StarterContent/Maps/UEDPIE_0_Minimal_Default.Minimal_Default (0.023058s)
[2015.04.28-19.01.27:188][292]LogWorld: Game class is 'MyGame_C'
[2015.04.28-19.01.27:193][292]LogAIModule: Creating AISystem for world Minimal_Default
[2015.04.28-19.01.27:209][292]LogWorld: Bringing World /Game/StarterContent/Maps/UEDPIE_0_Minimal_Default.Minimal_Default up for play (max tick rate 60) at 2015.04.28-12.01.27
[2015.04.28-19.01.27:211][292]LogWorld: Bringing up level for play took: 0.016178
[2015.04.28-19.01.27:224][292]PIE: Info Play in editor start time for /Game/StarterContent/Maps/UEDPIE_0_Minimal_Default -0.587
[2015.04.28-19.01.55:579][409]LogParticles: Destroying 0 GPU particle simulations for FXSystem 0x000000B7DBB04EA0
[2015.04.28-19.01.55:580][409]LogParticles: Destroying 0 GPU particle simulations for FXSystem 0x000000B7DA614D60
[2015.04.28-19.01.55:581][409]LogParticles: Destroying 0 GPU particle simulations for FXSystem 0x000000B7D87722A0
[2015.04.28-19.01.55:599][409]LogParticles: Destroying 0 GPU particle simulations for FXSystem 0x000000B7DFAD5940
[2015.04.28-19.01.59:702][504]LogSavePackage: Save=659.187988ms
[2015.04.28-19.01.59:702][504]LogSavePackage: Moving '../../../../../../Users/Dean/Documents/Unreal Projects/MyThirdPersonGame/Saved/Minimal_DefaultC438E2414242C12DD8742397A4D0A293.tmp' to '../../../../../../Users/Dean/Documents/Unreal Projects/MyThirdPersonGame/Content/StarterContent/Maps/Minimal_Default.umap'
[2015.04.28-19.02.03:763][563]Cmd: QUIT_EDITOR
[2015.04.28-19.02.04:631][563]LogExit: Preparing to exit.
[2015.04.28-19.02.04:993][563]LogExit: Editor shut down
[2015.04.28-19.02.04:994][563]LogExit: Transaction tracking system shut down
[2015.04.28-19.02.04:998][563]LogParticles: Destroying 0 GPU particle simulations for FXSystem 0x000000B7D1575D00
[2015.04.28-19.02.04:999][563]LogParticles: Destroying 0 GPU particle simulations for FXSystem 0x000000B7D56AA020
[2015.04.28-19.02.04:999][563]LogParticles: Destroying 0 GPU particle simulations for FXSystem 0x000000B7D57FF240
[2015.04.28-19.02.04:999][563]LogParticles: Destroying 0 GPU particle simulations for FXSystem 0x000000B7D8AB4F40
[2015.04.28-19.02.04:999][563]LogParticles: Destroying 0 GPU particle simulations for FXSystem 0x000000B7D8A2EB60
[2015.04.28-19.02.04:999][563]LogParticles: Destroying 0 GPU particle simulations for FXSystem 0x000000B7D8A2D940
[2015.04.28-19.02.05:003][563]LogParticles: Destroying 0 GPU particle simulations for FXSystem 0x000000B7DB415EE0
[2015.04.28-19.02.05:212][563]LogExit: Object subsystem successfully closed.
[2015.04.28-19.02.05:393][563]LogModuleManager: Shutting down and abandoning module CrashTracker (177)
[2015.04.28-19.02.05:394][563]LogModuleManager: Shutting down and abandoning module SuperSearch (176)
[2015.04.28-19.02.05:394][563]LogModuleManager: Shutting down and abandoning module SceneOutliner (175)
[2015.04.28-19.02.05:394][563]LogModuleManager: Shutting down and abandoning module EditorWidgets (174)
[2015.04.28-19.02.05:394][563]LogModuleManager: Shutting down and abandoning module CollectionManager (173)
[2015.04.28-19.02.05:394][563]LogModuleManager: Shutting down and abandoning module StatsViewer (172)
[2015.04.28-19.02.05:394][563]LogModuleManager: Shutting down and abandoning module FoliageEdit (171)
[2015.04.28-19.02.05:394][563]LogModuleManager: Shutting down and abandoning module LandscapeEditor (170)
[2015.04.28-19.02.05:395][563]LogModuleManager: Shutting down and abandoning module MeshPaint (169)
[2015.04.28-19.02.05:395][563]LogModuleManager: Shutting down and abandoning module ActorPickerMode (168)
[2015.04.28-19.02.05:395][563]LogModuleManager: Shutting down and abandoning module GeometryMode (167)
[2015.04.28-19.02.05:395][563]LogModuleManager: Shutting down and abandoning module TextureAlignMode (166)
[2015.04.28-19.02.05:395][563]LogModuleManager: Shutting down and abandoning module BspMode (165)
[2015.04.28-19.02.05:395][563]LogModuleManager: Shutting down and abandoning module PlacementMode (164)
[2015.04.28-19.02.05:395][563]LogModuleManager: Shutting down and abandoning module AutomationWorker (163)
[2015.04.28-19.02.05:395][563]LogModuleManager: Shutting down and abandoning module CharacterAI (162)
[2015.04.28-19.02.05:395][563]LogModuleManager: Shutting down and abandoning module SmartSnapping (161)
[2015.04.28-19.02.05:395][563]LogModuleManager: Shutting down and abandoning module ViewportSnapping (160)
[2015.04.28-19.02.05:395][563]LogModuleManager: Shutting down and abandoning module LogVisualizer (159)
[2015.04.28-19.02.05:396][563]LogModuleManager: Shutting down and abandoning module GameProjectGeneration (158)
[2015.04.28-19.02.05:396][563]LogModuleManager: Shutting down and abandoning module IntroTutorials (157)
[2015.04.28-19.02.05:396][563]LogModuleManager: Shutting down and abandoning module EditorLiveStreaming (156)
[2015.04.28-19.02.05:396][563]LogModuleManager: Shutting down and abandoning module HardwareTargeting (155)
[2015.04.28-19.02.05:396][563]LogModuleManager: Shutting down and abandoning module DeviceProfileEditor (154)
[2015.04.28-19.02.05:396][563]LogModuleManager: Shutting down and abandoning module UndoHistory (153)
[2015.04.28-19.02.05:396][563]LogModuleManager: Shutting down and abandoning module GameplayTagsEditor (152)
[2015.04.28-19.02.05:396][563]LogModuleManager: Shutting down and abandoning module UserFeedback (151)
[2015.04.28-19.02.05:396][563]LogModuleManager: Shutting down and abandoning module XmlParser (150)
[2015.04.28-19.02.05:396][563]LogModuleManager: Shutting down and abandoning module Blutility (149)
[2015.04.28-19.02.05:396][563]LogModuleManager: Shutting down and abandoning module IOSPlatformEditor (148)
[2015.04.28-19.02.05:396][563]LogModuleManager: Shutting down and abandoning module IOSRuntimeSettings (147)
[2015.04.28-19.02.05:396][563]LogModuleManager: Shutting down and abandoning module AndroidDeviceDetection (146)
[2015.04.28-19.02.06:083][563]LogModuleManager: Shutting down and abandoning module AndroidPlatformEditor (145)
[2015.04.28-19.02.06:083][563]LogModuleManager: Shutting down and abandoning module AndroidRuntimeSettings (144)
[2015.04.28-19.02.06:083][563]LogModuleManager: Shutting down and abandoning module ProjectTargetPlatformEditor (143)
[2015.04.28-19.02.06:084][563]LogModuleManager: Shutting down and abandoning module ProjectSettingsViewer (142)
[2015.04.28-19.02.06:084][563]LogModuleManager: Shutting down and abandoning module InputBindingEditor (141)
[2015.04.28-19.02.06:084][563]LogModuleManager: Shutting down and abandoning module EditorSettingsViewer (140)
[2015.04.28-19.02.06:084][563]LogModuleManager: Shutting down and abandoning module SettingsEditor (139)
[2015.04.28-19.02.06:084][563]LogModuleManager: Shutting down and abandoning module ProjectLauncher (138)
[2015.04.28-19.02.06:084][563]LogModuleManager: Shutting down and abandoning module SessionFrontend (137)
[2015.04.28-19.02.06:084][563]LogModuleManager: Shutting down and abandoning module ProfilerClient (136)
[2015.04.28-19.02.06:084][563]LogModuleManager: Shutting down and abandoning module TargetDeviceServices (135)
[2015.04.28-19.02.06:085][563]LogModuleManager: Shutting down and abandoning module DeviceManager (134)
[2015.04.28-19.02.06:085][563]LogModuleManager: Shutting down and abandoning module AutomationController (133)
[2015.04.28-19.02.06:085][563]LogModuleManager: Shutting down and abandoning module AutomationWindow (132)
[2015.04.28-19.02.06:085][563]LogModuleManager: Shutting down and abandoning module Layers (131)
[2015.04.28-19.02.06:085][563]LogModuleManager: Shutting down and abandoning module ComponentVisualizers (130)
[2015.04.28-19.02.06:085][563]LogModuleManager: Shutting down and abandoning module DetailCustomizations (129)
[2015.04.28-19.02.06:085][563]LogModuleManager: Shutting down and abandoning module PackagesDialog (128)
[2015.04.28-19.02.06:086][563]LogModuleManager: Shutting down and abandoning module AssetRegistry (127)
[2015.04.28-19.02.06:243][563]LogModuleManager: Shutting down and abandoning module Persona (126)
[2015.04.28-19.02.06:244][563]LogModuleManager: Shutting down and abandoning module SlateReflector (125)
[2015.04.28-19.02.06:244][563]LogModuleManager: Shutting down and abandoning module LevelEditor (124)
[2015.04.28-19.02.06:247][563]LogModuleManager: Shutting down and abandoning module Kismet (123)
[2015.04.28-19.02.06:247][563]LogModuleManager: Shutting down and abandoning module GraphEditor (122)
[2015.04.28-19.02.06:247][563]LogModuleManager: Shutting down and abandoning module ClassViewer (121)
[2015.04.28-19.02.06:247][563]LogModuleManager: Shutting down and abandoning module Toolbox (120)
[2015.04.28-19.02.06:247][563]LogModuleManager: Shutting down and abandoning module ModuleUI (119)
[2015.04.28-19.02.06:247][563]LogModuleManager: Shutting down and abandoning module MovieSceneTools (118)
[2015.04.28-19.02.06:247][563]LogModuleManager: Shutting down and abandoning module OutputLog (117)
[2015.04.28-19.02.06:247][563]LogModuleManager: Shutting down and abandoning module GammaUI (116)
[2015.04.28-19.02.06:248][563]LogModuleManager: Shutting down and abandoning module Documentation (115)
[2015.04.28-19.02.06:248][563]LogModuleManager: Shutting down and abandoning module GameLiveStreaming (114)
[2015.04.28-19.02.06:248][563]LogModuleManager: Shutting down and abandoning module StreamingPauseRendering (113)
[2015.04.28-19.02.06:248][563]LogModuleManager: Shutting down and abandoning module HTTP (112)
[2015.04.28-19.02.06:248][563]LogModuleManager: Shutting down and abandoning module AnalyticsET (111)
[2015.04.28-19.02.06:248][563]LogModuleManager: Shutting down and abandoning module Analytics (110)
[2015.04.28-19.02.06:248][563]LogModuleManager: Shutting down and abandoning module AITestSuite (109)
[2015.04.28-19.02.06:248][563]LogModuleManager: Shutting down and abandoning module GameplayDebugger (108)
[2015.04.28-19.02.06:248][563]LogModuleManager: Shutting down and abandoning module AIModule (107)
[2015.04.28-19.02.06:248][563]LogModuleManager: Shutting down and abandoning module ProfilerService (106)
[2015.04.28-19.02.06:389][563]LogModuleManager: Shutting down and abandoning module TaskGraph (105)
[2015.04.28-19.02.06:389][563]LogModuleManager: Shutting down and abandoning module SlateRemote (104)
[2015.04.28-19.02.06:389][563]LogModuleManager: Shutting down and abandoning module ScriptEditorPlugin (103)
[2015.04.28-19.02.06:389][563]LogModuleManager: Shutting down and abandoning module CustomMeshComponent (102)
[2015.04.28-19.02.06:389][563]LogModuleManager: Shutting down and abandoning module CableComponent (101)
[2015.04.28-19.02.06:389][563]LogModuleManager: Shutting down and abandoning module MessagingDebugger (100)
[2015.04.28-19.02.06:389][563]LogModuleManager: Shutting down and abandoning module MediaPlayerEditor (99)
[2015.04.28-19.02.06:389][563]LogModuleManager: Shutting down and abandoning module SpeedTreeImporter (98)
[2015.04.28-19.02.06:390][563]LogModuleManager: Shutting down and abandoning module PluginsEditor (97)
[2015.04.28-19.02.06:390][563]LogModuleManager: Shutting down and abandoning module MainFrame (96)
[2015.04.28-19.02.06:390][563]LogModuleManager: Shutting down and abandoning module EpicSurvey (95)
[2015.04.28-19.02.06:390][563]LogModuleManager: Shutting down and abandoning module DesktopPlatform (94)
[2015.04.28-19.02.06:390][563]LogModuleManager: Shutting down and abandoning module DirectoryWatcher (93)
[2015.04.28-19.02.06:391][563]LogModuleManager: Shutting down and abandoning module HotReload (92)
[2015.04.28-19.02.06:391][563]LogModuleManager: Shutting down and abandoning module VisualStudioSourceCodeAccess (91)
[2015.04.28-19.02.06:391][563]LogModuleManager: Shutting down and abandoning module UObjectPlugin (90)
[2015.04.28-19.02.06:391][563]LogModuleManager: Shutting down and abandoning module SubversionSourceControl (89)
[2015.04.28-19.02.06:391][563]LogModuleManager: Shutting down and abandoning module PerforceSourceControl (88)
[2015.04.28-19.02.06:391][563]LogModuleManager: Shutting down and abandoning module SourceControl (87)
[2015.04.28-19.02.06:391][563]LogModuleManager: Shutting down and abandoning module GitSourceControl (86)
[2015.04.28-19.02.06:391][563]LogModuleManager: Shutting down and abandoning module BlankPlugin (85)
[2015.04.28-19.02.06:391][563]LogModuleManager: Shutting down and abandoning module PaperTiledImporter (84)
[2015.04.28-19.02.06:391][563]LogModuleManager: Shutting down and abandoning module PaperJsonImporter (83)
[2015.04.28-19.02.06:391][563]LogModuleManager: Shutting down and abandoning module ContentBrowser (82)
[2015.04.28-19.02.06:393][563]LogModuleManager: Shutting down and abandoning module Paper2DEditor (81)
[2015.04.28-19.02.06:393][563]LogModuleManager: Shutting down and abandoning module ScriptPlugin (80)
[2015.04.28-19.02.06:393][563]LogModuleManager: Shutting down and abandoning module UdpMessaging (79)
[2015.04.28-19.02.06:494][563]LogModuleManager: Shutting down and abandoning module Paper2D (78)
[2015.04.28-19.02.06:494][563]LogModuleManager: Shutting down and abandoning module WindowsMoviePlayer (77)
[2015.04.28-19.02.06:502][563]LogModuleManager: Shutting down and abandoning module Media (76)
[2015.04.28-19.02.06:502][563]LogModuleManager: Shutting down and abandoning module WmfMedia (75)
[2015.04.28-19.02.06:502][563]LogModuleManager: Shutting down and abandoning module OnlineBlueprintSupport (74)
[2015.04.28-19.02.06:502][563]LogModuleManager: Shutting down and abandoning module PropertyEditor (73)
[2015.04.28-19.02.06:502][563]LogModuleManager: Shutting down and abandoning module BehaviorTreeEditor (72)
[2015.04.28-19.02.06:503][563]LogModuleManager: Shutting down and abandoning module FunctionalTesting (71)
[2015.04.28-19.02.06:503][563]LogModuleManager: Shutting down and abandoning module CollisionAnalyzer (70)
[2015.04.28-19.02.06:503][563]LogModuleManager: Shutting down and abandoning module WorkspaceMenuStructure (69)
[2015.04.28-19.02.06:503][563]LogModuleManager: Shutting down and abandoning module MessageLog (68)
[2015.04.28-19.02.06:503][563]LogModuleManager: Shutting down and abandoning module Sequencer (67)
[2015.04.28-19.02.06:503][563]LogModuleManager: Shutting down and abandoning module AssetTools (66)
[2015.04.28-19.02.06:503][563]LogModuleManager: Shutting down and abandoning module UMGEditor (65)
[2015.04.28-19.02.06:503][563]LogModuleManager: Shutting down and abandoning module UMG (64)
[2015.04.28-19.02.06:503][563]LogModuleManager: Shutting down and abandoning module Slate (63)
[2015.04.28-19.02.06:503][563]LogModuleManager: Shutting down and abandoning module EditorStyle (62)
[2015.04.28-19.02.06:520][563]LogModuleManager: Shutting down and abandoning module SessionServices (61)
[2015.04.28-19.02.06:521][563]LogModuleManager: Shutting down and abandoning module SourceCodeAccess (60)
[2015.04.28-19.02.06:521][563]LogModuleManager: Shutting down and abandoning module HeadMountedDisplay (59)
[2015.04.28-19.02.06:521][563]LogModuleManager: Shutting down and abandoning module XAudio2 (58)
[2015.04.28-19.02.06:521][563]LogModuleManager: Shutting down and abandoning module Networking (56)
[2015.04.28-19.02.06:521][563]LogModuleManager: Shutting down and abandoning module Core (55)
[2015.04.28-19.02.06:521][563]LogModuleManager: Shutting down and abandoning module KismetCompiler (54)
[2015.04.28-19.02.06:521][563]LogModuleManager: Shutting down and abandoning module PhysXFormats (53)
[2015.04.28-19.02.06:521][563]LogModuleManager: Shutting down and abandoning module MeshUtilities (52)
[2015.04.28-19.02.06:521][563]LogModuleManager: Shutting down and abandoning module DerivedDataCache (51)
[2015.04.28-19.02.06:575][563]LogDerivedDataCache: Shutdown
[2015.04.28-19.02.06:575][563]LogModuleManager: Shutting down and abandoning module ShaderFormatOpenGL (50)
[2015.04.28-19.02.06:575][563]LogModuleManager: Shutting down and abandoning module ShaderFormatD3D (49)
[2015.04.28-19.02.06:575][563]LogModuleManager: Shutting down and abandoning module MetalShaderFormat (48)
[2015.04.28-19.02.06:575][563]LogModuleManager: Shutting down and abandoning module TextureFormatUncompressed (47)
[2015.04.28-19.02.06:575][563]LogModuleManager: Shutting down and abandoning module TextureFormatPVR (46)
[2015.04.28-19.02.06:575][563]LogModuleManager: Shutting down and abandoning module TextureFormatIntelISPCTexComp (45)
[2015.04.28-19.02.06:575][563]LogModuleManager: Shutting down and abandoning module TextureFormatDXT (44)
[2015.04.28-19.02.06:575][563]LogModuleManager: Shutting down and abandoning module ImageWrapper (43)
[2015.04.28-19.02.06:575][563]LogModuleManager: Shutting down and abandoning module TextureFormatASTC (42)
[2015.04.28-19.02.06:575][563]LogModuleManager: Shutting down and abandoning module TextureFormatAndroid (41)
[2015.04.28-19.02.06:575][563]LogModuleManager: Shutting down and abandoning module AudioFormatOpus (40)
[2015.04.28-19.02.06:576][563]LogModuleManager: Shutting down and abandoning module AudioFormatOgg (39)
[2015.04.28-19.02.06:576][563]LogModuleManager: Shutting down and abandoning module AudioFormatADPCM (38)
[2015.04.28-19.02.06:576][563]LogModuleManager: Shutting down and abandoning module LinuxTargetPlatform (37)
[2015.04.28-19.02.06:576][563]LogModuleManager: Shutting down and abandoning module LinuxServerTargetPlatform (36)
[2015.04.28-19.02.06:576][563]LogModuleManager: Shutting down and abandoning module LinuxNoEditorTargetPlatform (35)
[2015.04.28-19.02.06:576][563]LogModuleManager: Shutting down and abandoning module Messaging (34)
[2015.04.28-19.02.06:576][563]LogModuleManager: Shutting down and abandoning module IOSTargetPlatform (33)
[2015.04.28-19.02.06:576][563]LogModuleManager: Shutting down and abandoning module HTML5TargetPlatform (32)
[2015.04.28-19.02.06:576][563]LogModuleManager: Shutting down and abandoning module Android_PVRTCTargetPlatform (31)
[2015.04.28-19.02.06:576][563]LogModuleManager: Shutting down and abandoning module Android_ETC2TargetPlatform (30)
[2015.04.28-19.02.06:576][563]LogModuleManager: Shutting down and abandoning module Android_ETC1TargetPlatform (29)
[2015.04.28-19.02.06:576][563]LogModuleManager: Shutting down and abandoning module Android_ES31TargetPlatform (28)
[2015.04.28-19.02.06:576][563]LogModuleManager: Shutting down and abandoning module Android_DXTTargetPlatform (27)
[2015.04.28-19.02.06:576][563]LogModuleManager: Shutting down and abandoning module Android_ATCTargetPlatform (26)
[2015.04.28-19.02.06:576][563]LogModuleManager: Shutting down and abandoning module AndroidTargetPlatform (25)
[2015.04.28-19.02.06:576][563]LogModuleManager: Shutting down and abandoning module WindowsTargetPlatform (24)
[2015.04.28-19.02.06:576][563]LogModuleManager: Shutting down and abandoning module WindowsServerTargetPlatform (23)
[2015.04.28-19.02.06:576][563]LogModuleManager: Shutting down and abandoning module WindowsNoEditorTargetPlatform (22)
[2015.04.28-19.02.06:576][563]LogModuleManager: Shutting down and abandoning module WindowsClientTargetPlatform (21)
[2015.04.28-19.02.06:577][563]LogModuleManager: Shutting down and abandoning module TargetPlatform (20)
[2015.04.28-19.02.06:577][563]LogModuleManager: Shutting down and abandoning module InputCore (19)
[2015.04.28-19.02.06:577][563]LogModuleManager: Shutting down and abandoning module Settings (18)
[2015.04.28-19.02.06:577][563]LogModuleManager: Shutting down and abandoning module OnlineSubsystem (16)
[2015.04.28-19.02.06:577][563]LogModuleManager: Shutting down and abandoning module OculusRift (15)
[2015.04.28-19.02.06:577][563]LogModuleManager: Shutting down and abandoning module ExampleDeviceProfileSelector (14)
[2015.04.28-19.02.06:577][563]LogModuleManager: Shutting down and abandoning module TextureCompressor (13)
[2015.04.28-19.02.06:577][563]LogModuleManager: Shutting down and abandoning module ShaderCore (12)
[2015.04.28-19.02.06:577][563]LogModuleManager: Shutting down and abandoning module Landscape (11)
[2015.04.28-19.02.06:577][563]LogModuleManager: Shutting down and abandoning module SlateRHIRenderer (10)
[2015.04.28-19.02.06:585][563]LogModuleManager: Shutting down and abandoning module OpenGLDrv (9)
[2015.04.28-19.02.06:585][563]LogModuleManager: Shutting down and abandoning module D3D11RHI (8)
[2015.04.28-19.02.06:585][563]LogModuleManager: Shutting down and abandoning module Renderer (7)
[2015.04.28-19.02.06:585][563]LogModuleManager: Shutting down and abandoning module Engine (6)
[2015.04.28-19.02.06:585][563]LogModuleManager: Shutting down and abandoning module CoreUObject (5)
[2015.04.28-19.02.06:585][563]LogModuleManager: Shutting down and abandoning module NetworkFile (4)
[2015.04.28-19.02.06:585][563]LogModuleManager: Shutting down and abandoning module StreamingFile (3)
[2015.04.28-19.02.06:585][563]LogModuleManager: Shutting down and abandoning module SandboxFile (2)
[2015.04.28-19.02.06:585][563]LogModuleManager: Shutting down and abandoning module PakFile (1)
[2015.04.28-19.02.06:586][563]LogExit: Exiting.
[2015.04.28-19.02.06:602][563]Log file closed, 04/28/15 12:02:06
