Log file open, 04/23/15 21:34:04
LogInit:Display: Running engine for game: MyThirdPersonGame
LogInit: Version: 4.7.5-2503383+++depot+UE4-Releases+4.7
LogInit: API Version: 2455222
LogInit: Compiled (64-bit): Apr  6 2015 23:21:51
LogInit: Compiled with Visual C++: 18.00.21005.01
LogInit: Build Configuration: Development
LogInit: Branch Name: ++depot+UE4-Releases+4.7
LogInit: Command line: 
LogInit: Base directory: C:/Program Files/Epic Games/4.7/Engine/Binaries/Win64/
LogInit: Rocket: 1
[2015.04.24-04.34.04:293][  0]LogTaskGraph: Started task graph with 3 named threads and 4 total threads.
[2015.04.24-04.34.04:345][  0]LogOnline:Warning: No default platform service specified for OnlineSubsystem
[2015.04.24-04.34.04:380][  0]LogInit: Presizing for 0 objects not considered by GC, pre-allocating 0 bytes.
[2015.04.24-04.34.04:404][  0]LogInit: Object subsystem initialized
[2015.04.24-04.34.04:407][  0]LogConsoleResponse:Warning: Skipping Unknown console variable: 'TranslucentSortAxis = (X=0.000000,Y=-1.000000,Z=0.000000)'
[2015.04.24-04.34.04:407][  0]LogConsoleResponse:Warning:   Found in ini file 'C:/Users/Dean/Documents/Unreal Projects/MyThirdPersonGame/Saved/Config/Windows/Engine.ini', in section '[/Script/Engine.RendererSettings]'
[2015.04.24-04.34.04:407][  0]LogConsoleResponse:Warning: Skipping Unknown console variable: 'UIScaleRule = ShortestSide'
[2015.04.24-04.34.04:407][  0]LogConsoleResponse:Warning:   Found in ini file 'C:/Users/Dean/Documents/Unreal Projects/MyThirdPersonGame/Saved/Config/Windows/Engine.ini', in section '[/Script/Engine.RendererSettings]'
[2015.04.24-04.34.04:407][  0]LogConsoleResponse:Warning: Skipping Unknown console variable: 'UIScaleCurve = (EditorCurveData=(Keys=),ExternalCurve=None)'
[2015.04.24-04.34.04:407][  0]LogConsoleResponse:Warning:   Found in ini file 'C:/Users/Dean/Documents/Unreal Projects/MyThirdPersonGame/Saved/Config/Windows/Engine.ini', in section '[/Script/Engine.RendererSettings]'
[2015.04.24-04.34.04:408][  0]LogInit: Selected Device Profile: [Windows]
[2015.04.24-04.34.04:408][  0]LogInit: Applying CVar settings loaded from the selected device profile: [Windows]
[2015.04.24-04.34.04:470][  0]LogInit: Computer: DEAN
[2015.04.24-04.34.04:470][  0]LogInit: User: Dean
[2015.04.24-04.34.04:470][  0]LogInit: CPU Page size=4096, Cores=2
[2015.04.24-04.34.04:470][  0]LogInit: High frequency timer resolution =2.338336 MHz
[2015.04.24-04.34.04:470][  0]LogMemory: Memory total: Physical=7.9GB (8GB approx) Virtual=131072.0GB
[2015.04.24-04.34.04:470][  0]LogMemory: Platform Memory Stats for Windows
[2015.04.24-04.34.04:470][  0]LogMemory: Process Physical Memory: 46.10 MB used, 46.10 MB peak
[2015.04.24-04.34.04:470][  0]LogMemory: Process Virtual Memory: 22.61 MB used, 22.61 MB peak
[2015.04.24-04.34.04:470][  0]LogMemory: Physical Memory: 2455.23 MB used, 8075.46 MB total
[2015.04.24-04.34.04:470][  0]LogMemory: Virtual Memory: 284.80 MB used, 134217728.00 MB total
[2015.04.24-04.34.04:581][  0]LogD3D11RHI: Found D3D11 adapter 0: Intel(R) HD Graphics Family (Feature Level 11_0)
[2015.04.24-04.34.04:581][  0]LogD3D11RHI: Adapter has 32MB of dedicated video memory, 0MB of dedicated system memory, and 1760MB of shared system memory, 1 output[s]
[2015.04.24-04.34.04:601][  0]LogD3D11RHI: Found D3D11 adapter 1: NVIDIA GeForce GT 740M             (Feature Level 11_0)
[2015.04.24-04.34.04:601][  0]LogD3D11RHI: Adapter has 1972MB of dedicated video memory, 0MB of dedicated system memory, and 2048MB of shared system memory, 0 output[s]
[2015.04.24-04.34.04:603][  0]LogD3D11RHI: Found D3D11 adapter 2: Microsoft Basic Render Driver (Feature Level 11_0)
[2015.04.24-04.34.04:603][  0]LogD3D11RHI: Adapter has 0MB of dedicated video memory, 0MB of dedicated system memory, and 256MB of shared system memory, 0 output[s]
[2015.04.24-04.34.04:603][  0]LogD3D11RHI: Chosen D3D11 Adapter Id = 0
[2015.04.24-04.34.04:608][  0]LogRHI: Texture pool is 638 MB (70% of 912 MB)
[2015.04.24-04.34.04:628][  0]LogD3D11RHI: Async texture creation enabled
[2015.04.24-04.34.04:713][  0]LogTextLocalizationManager: The requested culture ('en_US') has no localization data; parent culture's ('en') localization data will be used.
[2015.04.24-04.34.04:831][  0]LogTextLocalizationManager:Warning: Loading localization resources contain conflicting entries for (Namespace:UICommands, Key:Save_ToolTip):
Resource: (C:/Program Files/Epic Games/4.7/Engine/Content/Localization/Editor/en/Editor.locres) Hash: (-29098895) String: (Saves the current level to disk)
Resource: (C:/Program Files/Epic Games/4.7/Engine/Content/Localization/Engine/en/Engine.locres) Hash: (-1280300587) String: (Save selected data to vlog file)
[2015.04.24-04.34.04:831][  0]LogTextLocalizationManager:Warning: Loading localization resources contain conflicting entries for (Namespace:ContentBrowser, Key:ImportAssetToolTip):
Resource: (C:/Program Files/Epic Games/4.7/Engine/Content/Localization/Editor/en/Editor.locres) Hash: (-630476809) String: (Import to {0}...)
Resource: (C:/Program Files/Epic Games/4.7/Engine/Content/Localization/Editor/en/Editor.locres) Hash: (1271782899) String: (Imports an asset from file to this folder.)
[2015.04.24-04.34.04:981][  0]LogContentStreaming: Texture pool size is 0.000000MB
[2015.04.24-04.34.08:096][  0]LogTargetPlatformManager:Display: Building Assets For Windows
[2015.04.24-04.34.09:016][  0]LogTargetPlatformManager:Display: Building Assets For Windows
[2015.04.24-04.34.09:119][  0]LogDerivedDataCache:Display: Max Cache Size: 512 MB
[2015.04.24-04.34.09:167][  0]LogDerivedDataCache: Loaded boot cache 0.05s 39MB C:/Users/Dean/AppData/Local/UnrealEngine/4.7/DerivedDataCache/Boot.ddc.
[2015.04.24-04.34.09:167][  0]LogDerivedDataCache:Display: Loaded Boot cache: C:/Users/Dean/AppData/Local/UnrealEngine/4.7/DerivedDataCache/Boot.ddc
[2015.04.24-04.34.09:167][  0]LogDerivedDataCache: FDerivedDataBackendGraph:  Pak pak cache file ../../../../../../Users/Dean/Documents/Unreal Projects/MyThirdPersonGame/DerivedDataCache/DDC.ddp not found, will not use a pak cache.
[2015.04.24-04.34.09:167][  0]LogDerivedDataCache: Unable to find inner node Pak for hierarchical cache Hierarchy.
[2015.04.24-04.34.09:323][  0]LogDerivedDataCache:Display: Pak cache opened for reading ../../../Engine/DerivedDataCache/Compressed.ddp.
[2015.04.24-04.34.09:339][  0]LogDerivedDataCache: Using Local data cache path C:/Users/Dean/AppData/Local/UnrealEngine/Common/DerivedDataCache: Writable
[2015.04.24-04.34.09:754][  0]LogMeshUtilities: No automatic mesh reduction module available
[2015.04.24-04.34.09:754][  0]LogMeshUtilities: No automatic mesh merging module available
[2015.04.24-04.34.10:252][  0]LogInit: WinSock: version 1.1 (2.2), MaxSocks=32767, MaxUdp=65467
[2015.04.24-04.34.10:367][  0]LogSlate:Warning: Failed to load font data from '../../../Engine/Content/Slate/Fonts/Roboto-Italic.ttf'
[2015.04.24-04.34.11:520][  0]UdpMessaging: Initializing bridge on interface 0.0.0.0:0 to multicast group 230.0.0.1:6666.
[2015.04.24-04.34.11:821][  0]SourceControl: Info Source control is disabled
[2015.04.24-04.34.11:821][  0]SourceControl: Info Source control is disabled
[2015.04.24-04.34.11:821][  0]SourceControl: Info Source control is disabled
[2015.04.24-04.34.11:821][  0]LogSourceControl: RunCommandInternalRaw: 'git version'
[2015.04.24-04.34.11:821][  0]LogSourceControl: RunCommandInternalRaw: ExecProcess ReturnCode=2 OutResults=''
[2015.04.24-04.34.11:834][  0]SourceControl: Info Source control is disabled
[2015.04.24-04.34.12:132][  0]LogObj: 24232 objects as part of root set at end of initial load.
[2015.04.24-04.34.12:132][  0]LogUObjectAllocator: 5137176 out of 0 bytes used by permanent object pool.
[2015.04.24-04.34.12:229][  0]LogEngine: Initializing Engine...
[2015.04.24-04.34.14:525][  0]LogInit: XAudio2 using 'Speakers (Realtek High Definition Audio)' : 2 channels at 48 kHz using 32 bits per sample (channel mask 0x3)
[2015.04.24-04.34.14:541][  0]LogInit: FAudioDevice initialized.
[2015.04.24-04.34.14:637][  0]LogAIModule: Creating AISystem for world NewWorld
[2015.04.24-04.34.14:670][  0]LogDerivedDataCache: Saved boot cache 0.03s 39MB C:/Users/Dean/AppData/Local/UnrealEngine/4.7/DerivedDataCache/Boot.ddc.
[2015.04.24-04.34.14:673][  0]LogInit: Texture streaming: Enabled
[2015.04.24-04.34.14:881][  0]LogAnalytics: Creating configured Analytics provider AnalyticsET
[2015.04.24-04.34.14:881][  0]LogAnalytics: ET APIKey = Rocket.Release. APIServer = http://et2.epicgames.com/ET2/. AppVersion = 4.7.5-2503383+++depot+UE4-Releases+4.7
[2015.04.24-04.34.14:881][  0]LogAnalytics: ET APIKey = Rocket.Release. DataRouterUploadURL = https://datarouter-public-service-gamedev.ol.epicgames.net/datarouter/api/v1/public/data. AppVersion = 4.7.5-2503383+++depot+UE4-Releases+4.7
[2015.04.24-04.34.14:881][  0]LogAnalytics: SetUserId 910d50be45690666f5f2d593bf8be2f0|066eb542fbc44451808d2154e76a0e26|8364f941-f0a8-46f3-a7e2-f1f90b6af0a2
[2015.04.24-04.34.14:881][  0]LogAnalytics: AnalyticsET::StartSession [Rocket.Release]
[2015.04.24-04.34.14:915][  0]LogInit: Transaction tracking system initialized
[2015.04.24-04.34.15:204][  0]BlueprintLog: New page: Editor Load
[2015.04.24-04.34.15:258][  0]LogAssetRegistry: FAssetRegistry took 0.0110 seconds to start up
[2015.04.24-04.34.15:258][  0]LogDirectoryWatcher:Warning: Failed to begin reading directory changes for ../../../Engine/Plugins/Experimental/CharacterAI/Content/. Error: 0
[2015.04.24-04.34.16:049][  0]LogTargetPlatformManager:Display: Building Assets For Windows
[2015.04.24-04.34.16:551][  0]LogTargetPlatformManager:Display: Building Assets For Windows
[2015.04.24-04.34.17:064][  0]LogSlate:Warning: Failed to load font data from '../../../Engine/Content/Editor/Slate/Fonts/Roboto-Regular.ttf'
[2015.04.24-04.34.17:064][  0]LogSlate:Warning: Failed to load font data from '../../../Engine/Content/Editor/Slate/Fonts/Roboto-Bold.ttf'
[2015.04.24-04.34.17:111][  0]LogConsoleResponse:Display: 
[2015.04.24-04.34.17:467][  0]LogCook:Display: Done creating registry. It took  0.00s.
[2015.04.24-04.34.17:648][  0]SourceControl: Info Source control is disabled
[2015.04.24-04.34.32:109][  0]Cmd: MAP LOAD FILE="../../../../../../Users/Dean/Documents/Unreal Projects/MyThirdPersonGame/Content/StarterContent/Maps/Minimal_Default.umap" TEMPLATE=0 SHOWPROGRESS=1 FEATURELEVEL=3
[2015.04.24-04.34.32:196][  0]LightingResults: New page: Lighting Build
[2015.04.24-04.34.32:214][  0]MapCheck: New page: Map Check
[2015.04.24-04.34.32:214][  0]LightingResults: New page: Lighting Build
[2015.04.24-04.34.32:230][  0]LogParticles: Destroying 0 GPU particle simulations for FXSystem 0x00000034F44E0C20
[2015.04.24-04.34.35:614][  0]LogEditorServer: Finished looking for orphan Actors (0.000 secs)
[2015.04.24-04.34.35:626][  0]LogAIModule: Creating AISystem for world Minimal_Default
[2015.04.24-04.34.35:627][  0]Cmd: MAP CHECKDEP
[2015.04.24-04.34.35:627][  0]MapCheck: New page: Minimal_Default - Apr 23, 2015, 2:34:35 PM
[2015.04.24-04.34.35:759][  0]MapCheck: Info Map check complete: 0 Error(s), 0 Warning(s), took 132.099ms to complete.
[2015.04.24-04.34.35:760][  0]LogFileHelpers: Loading map 'Minimal_Default' took 3.651
[2015.04.24-04.34.36:052][  0]LogStats:Warning: MetaData mismatch. Did you assign a stat to two groups? New //STATGROUP_Threads//SplashScreenThread///Thread_d30_0///////STATCAT_Advanced//// old //STATGROUP_Threads//SplashScreenThread///Thread_b48_0///////STATCAT_Advanced////
[2015.04.24-04.34.36:052][  0]LogCollectionManager: Loaded 0 collections in 0.002293 seconds
[2015.04.24-04.34.36:063][  0]LogContentBrowser: Native class hierarchy populated in 0.0103 seconds. Added 1696 classes and 261 folders.
[2015.04.24-04.34.36:102][  0]LogContentBrowser: Native class hierarchy updated for 'SceneOutliner' in 0.0026 seconds. Added 1 classes and 2 folders.
[2015.04.24-04.34.36:376][  0]LogCrashTracker: Crashtracker disabled due to settings.
[2015.04.24-04.34.36:378][  0]LogSlate:Warning: Failed to load font data from 'Veranda'
[2015.04.24-04.34.36:386][  0]LogUObjectGlobals:Warning: Failed to find object 'Class None.'
[2015.04.24-04.34.36:420][  0]LogLoad: Full Startup: 34.96 seconds (BP compile: 0.19 seconds)
[2015.04.24-04.34.36:458][  0]LogContentBrowser:Verbose: The content browser source was changed by the sources view to '/Game/StarterContent/Character/Animations'
[2015.04.24-04.34.37:017][  0]LogRenderer:Warning: Reallocating scene render targets to support 856x376 (Frame:2).
[2015.04.24-04.34.37:588][  5]LogAssetRegistry: Asset discovery search completed in 22.3405 seconds
[2015.04.24-04.42.40:558][857]LogContentBrowser:Verbose: The content browser source was changed by the sources view to '/Game/StarterContent/Character'
[2015.04.24-04.43.18:551][684]LogContentBrowser:Verbose: The content browser source was changed by the sources view to '/Game/StarterContent/Character'
[2015.04.24-04.43.46:981][833]LogContentBrowser:Verbose: The content browser source was changed by the sources view to '/Game/StarterContent/Character'
[2015.04.24-04.44.09:263][ 59]LogMaterial: Missing cached shader map for material Character_Parent, compiling. 
[2015.04.24-04.44.09:305][ 59]LogActorComponent: UnregisterComponent: (/Engine/Transient.SkeletalMeshComponent_0) Not registered. Aborting.
[2015.04.24-04.44.09:346][ 59]LogActorComponent: UnregisterComponent: (/Engine/Transient.SkeletalMeshComponent_0) Not registered. Aborting.
[2015.04.24-04.44.09:346][ 59]LogActorComponent: RegisterComponentWithWorld: (/Engine/Transient.MaterialEditorMeshComponent_0) Already registered. Aborting.
[2015.04.24-04.44.09:349][ 59]LogMaterial: Missing cached shader map for material Character_Parent, compiling. 
[2015.04.24-04.44.09:355][ 59]LogMaterial: 0.000037 seconds spent updating 1 materials, 1 interfaces, 0 instances, 0 with static permutations.
[2015.04.24-04.44.14:523][342]MaterialEditorStats: Info Base pass shader with only dynamic lighting: 29 instructions
[2015.04.24-04.44.14:523][342]MaterialEditorStats: Info Vertex shader: 31 instructions
[2015.04.24-04.44.14:523][342]MaterialEditorStats: Info Texture samplers: 0/16
[2015.04.24-04.44.41:884][363]LogFileHelpers: Editor autosave (incl. sublevels) for '/Game/StarterContent/Maps/Minimal_Default' took 0.031
[2015.04.24-04.44.41:923][363]OBJ SavePackage: Generating thumbnails for [1] asset(s) in package [/Game/StarterContent/Character/Character_Parent] ([1] browsable assets)...
[2015.04.24-04.44.41:959][363]OBJ SavePackage:     Rendered thumbnail for [Material /Game/StarterContent/Character/Character_Parent.Character_Parent]
[2015.04.24-04.44.41:959][363]OBJ SavePackage: Finished generating thumbnails for package [/Game/StarterContent/Character/Character_Parent]
[2015.04.24-04.44.42:401][363]LogSavePackage: Save=435.944611ms
[2015.04.24-04.44.42:404][363]LogSavePackage: Moving '../../../../../../Users/Dean/Documents/Unreal Projects/MyThirdPersonGame/Saved/Character_Parent_Auto12DD69F17482F24C5F3F987B7F9DDBBFF.tmp' to '../../../../../../Users/Dean/Documents/Unreal Projects/MyThirdPersonGame/Saved/Autosaves/Game/StarterContent/Character/Character_Parent_Auto1.uasset'
[2015.04.24-04.44.42:429][363]LogFileHelpers: Auto-saving content packages took 0.545
[2015.04.24-04.45.04:234][165]LogMaterial: Missing cached shader map for material Character_Parent, compiling. 
[2015.04.24-04.45.04:239][165]LogMaterial: 0.000130 seconds spent updating 1 materials, 1 interfaces, 0 instances, 0 with static permutations.
[2015.04.24-04.45.04:240][165]LogMaterial: Missing cached shader map for material FMatExpressionPreview MaterialExpressionVectorParameter_0, compiling. 
[2015.04.24-04.45.07:386][348]MaterialEditorStats: Info Base pass shader with only dynamic lighting: 29 instructions
[2015.04.24-04.45.07:386][348]MaterialEditorStats: Info Vertex shader: 31 instructions
[2015.04.24-04.45.07:386][348]MaterialEditorStats: Info Texture samplers: 0/16
[2015.04.24-04.45.46:284][362]LogMaterial: Missing cached shader map for material Character_Parent, compiling. 
[2015.04.24-04.45.46:289][362]LogMaterial: 0.000142 seconds spent updating 1 materials, 1 interfaces, 0 instances, 0 with static permutations.
[2015.04.24-04.45.49:865][689]MaterialEditorStats: Info Base pass shader with only dynamic lighting: 29 instructions
[2015.04.24-04.45.49:865][689]MaterialEditorStats: Info Vertex shader: 31 instructions
[2015.04.24-04.45.49:865][689]MaterialEditorStats: Info Texture samplers: 0/16
[2015.04.24-04.45.57:122][390]LogMaterial: Missing cached shader map for material Character_Parent, compiling. 
[2015.04.24-04.45.57:127][390]LogMaterial: 0.000082 seconds spent updating 1 materials, 1 interfaces, 0 instances, 0 with static permutations.
[2015.04.24-04.45.57:127][390]LogMaterial: Missing cached shader map for material FMatExpressionPreview MaterialExpressionVectorParameter_1, compiling. 
[2015.04.24-04.45.59:199][551]MaterialEditorStats: Info Base pass shader with only dynamic lighting: 29 instructions
[2015.04.24-04.45.59:199][551]MaterialEditorStats: Info Vertex shader: 31 instructions
[2015.04.24-04.45.59:199][551]MaterialEditorStats: Info Texture samplers: 0/16
[2015.04.24-04.46.50:794][627]LogMaterial: Missing cached shader map for material Character_Parent, compiling. 
[2015.04.24-04.46.50:799][627]LogMaterial: 0.000081 seconds spent updating 1 materials, 1 interfaces, 0 instances, 0 with static permutations.
[2015.04.24-04.46.50:823][627]LogMaterial: Missing cached shader map for material FMatExpressionPreview MaterialExpressionVectorParameter_1, compiling. 
[2015.04.24-04.46.54:122][913]MaterialEditorStats: Info Base pass shader with only dynamic lighting: 29 instructions
[2015.04.24-04.46.54:122][913]MaterialEditorStats: Info Vertex shader: 31 instructions
[2015.04.24-04.46.54:122][913]MaterialEditorStats: Info Texture samplers: 0/16
[2015.04.24-04.47.40:872][494]LogMaterial: Missing cached shader map for material Character_Parent, compiling. 
[2015.04.24-04.47.40:877][494]LogMaterial: 0.000076 seconds spent updating 1 materials, 1 interfaces, 0 instances, 0 with static permutations.
[2015.04.24-04.47.40:904][494]LogMaterial: Missing cached shader map for material FMatExpressionPreview MaterialExpressionVectorParameter_1, compiling. 
[2015.04.24-04.47.44:386][777]MaterialEditorStats: Info Base pass shader with only dynamic lighting: 29 instructions
[2015.04.24-04.47.44:386][777]MaterialEditorStats: Info Vertex shader: 31 instructions
[2015.04.24-04.47.44:386][777]MaterialEditorStats: Info Texture samplers: 0/16
[2015.04.24-04.47.54:015][505]LogMaterial: Missing cached shader map for material Character_Parent, compiling. 
[2015.04.24-04.47.54:021][505]LogMaterial: 0.000072 seconds spent updating 1 materials, 1 interfaces, 0 instances, 0 with static permutations.
[2015.04.24-04.47.54:049][505]LogMaterial: Missing cached shader map for material FMatExpressionPreview MaterialExpressionVectorParameter_1, compiling. 
[2015.04.24-04.47.56:239][690]MaterialEditorStats: Info Base pass shader with only dynamic lighting: 29 instructions
[2015.04.24-04.47.56:239][690]MaterialEditorStats: Info Vertex shader: 31 instructions
[2015.04.24-04.47.56:239][690]MaterialEditorStats: Info Texture samplers: 0/16
[2015.04.24-04.48.53:735][834]LogMaterial: Missing cached shader map for material Character_Parent, compiling. 
[2015.04.24-04.48.53:740][834]LogMaterial: 0.000071 seconds spent updating 1 materials, 1 interfaces, 0 instances, 0 with static permutations.
[2015.04.24-04.48.53:767][834]LogMaterial: Missing cached shader map for material FMatExpressionPreview MaterialExpressionVectorParameter_1, compiling. 
[2015.04.24-04.48.58:449][246]MaterialEditorStats: Info Base pass shader with only dynamic lighting: 29 instructions
[2015.04.24-04.48.58:449][246]MaterialEditorStats: Info Vertex shader: 31 instructions
[2015.04.24-04.48.58:449][246]MaterialEditorStats: Info Texture samplers: 0/16
[2015.04.24-04.49.32:005][489]LogMaterial: Missing cached shader map for material Character_Parent, compiling. 
[2015.04.24-04.49.32:011][489]LogMaterial: 0.000145 seconds spent updating 1 materials, 1 interfaces, 0 instances, 0 with static permutations.
[2015.04.24-04.49.32:036][489]LogMaterial: Missing cached shader map for material FMatExpressionPreview MaterialExpressionVectorParameter_1, compiling. 
[2015.04.24-04.49.35:356][777]MaterialEditorStats: Info Base pass shader with only dynamic lighting: 29 instructions
[2015.04.24-04.49.35:356][777]MaterialEditorStats: Info Vertex shader: 31 instructions
[2015.04.24-04.49.35:356][777]MaterialEditorStats: Info Texture samplers: 0/16
[2015.04.24-04.49.44:348][459]LogMaterial: Missing cached shader map for material Character_Parent, compiling. 
[2015.04.24-04.49.44:353][459]LogMaterial: 0.000073 seconds spent updating 1 materials, 1 interfaces, 0 instances, 0 with static permutations.
[2015.04.24-04.49.44:380][459]LogMaterial: Missing cached shader map for material FMatExpressionPreview MaterialExpressionVectorParameter_1, compiling. 
[2015.04.24-04.49.46:641][696]MaterialEditorStats: Info Base pass shader with only dynamic lighting: 29 instructions
[2015.04.24-04.49.46:641][696]MaterialEditorStats: Info Vertex shader: 31 instructions
[2015.04.24-04.49.46:642][696]MaterialEditorStats: Info Texture samplers: 0/16
[2015.04.24-04.50.16:066][735]LogMaterial: Missing cached shader map for material Character_Parent, compiling. 
[2015.04.24-04.50.16:073][735]LogMaterial: 0.000077 seconds spent updating 1 materials, 1 interfaces, 0 instances, 0 with static permutations.
[2015.04.24-04.50.20:506][ 43]MaterialEditorStats: Info Base pass shader with only dynamic lighting: 29 instructions
[2015.04.24-04.50.20:506][ 43]MaterialEditorStats: Info Vertex shader: 31 instructions
[2015.04.24-04.50.20:506][ 43]MaterialEditorStats: Info Texture samplers: 0/16
[2015.04.24-04.50.49:733][ 66]LogMaterial: Missing cached shader map for material Character_Parent, compiling. 
[2015.04.24-04.50.49:739][ 66]LogMaterial: 0.000087 seconds spent updating 1 materials, 1 interfaces, 0 instances, 0 with static permutations.
[2015.04.24-04.50.53:201][436]MaterialEditorStats: Info Base pass shader with only dynamic lighting: 40 instructions
[2015.04.24-04.50.53:201][436]MaterialEditorStats: Info Vertex shader: 31 instructions
[2015.04.24-04.50.53:201][436]MaterialEditorStats: Info Texture samplers: 0/16
[2015.04.24-04.52.23:912][ 58]LogMaterial: Missing cached shader map for material Character_Parent, compiling. 
[2015.04.24-04.52.23:916][ 58]LogMaterial: 0.000091 seconds spent updating 1 materials, 1 interfaces, 0 instances, 0 with static permutations.
[2015.04.24-04.52.27:238][320]MaterialEditorStats: Info Base pass shader with only dynamic lighting: 40 instructions
[2015.04.24-04.52.27:238][320]MaterialEditorStats: Info Vertex shader: 31 instructions
[2015.04.24-04.52.27:238][320]MaterialEditorStats: Info Texture samplers: 0/16
[2015.04.24-04.52.29:788][617]LogMaterial: Missing cached shader map for material Character_Parent, compiling. 
[2015.04.24-04.52.29:793][617]LogMaterial: 0.000075 seconds spent updating 1 materials, 1 interfaces, 0 instances, 0 with static permutations.
[2015.04.24-04.52.32:110][865]MaterialEditorStats: Info Base pass shader with only dynamic lighting: 39 instructions
[2015.04.24-04.52.32:110][865]MaterialEditorStats: Info Vertex shader: 31 instructions
[2015.04.24-04.52.32:110][865]MaterialEditorStats: Info Texture samplers: 0/16
[2015.04.24-04.54.29:370][155]LogMaterial: Missing cached shader map for material Character_Parent, compiling. 
[2015.04.24-04.54.29:374][155]LogMaterial: 0.000087 seconds spent updating 1 materials, 1 interfaces, 0 instances, 0 with static permutations.
[2015.04.24-04.54.32:538][391]MaterialEditorStats: Info Base pass shader with only dynamic lighting: 39 instructions
[2015.04.24-04.54.32:538][391]MaterialEditorStats: Info Vertex shader: 31 instructions
[2015.04.24-04.54.32:538][391]MaterialEditorStats: Info Texture samplers: 0/16
[2015.04.24-04.54.38:411][877]LogMaterial: Missing cached shader map for material Character_Parent, compiling. 
[2015.04.24-04.54.38:416][877]LogMaterial: 0.000052 seconds spent updating 1 materials, 1 interfaces, 0 instances, 0 with static permutations.
[2015.04.24-04.54.40:674][ 87]MaterialEditorStats: Info Base pass shader with only dynamic lighting: 39 instructions
[2015.04.24-04.54.40:674][ 87]MaterialEditorStats: Info Vertex shader: 31 instructions
[2015.04.24-04.54.40:674][ 87]MaterialEditorStats: Info Texture samplers: 0/16
[2015.04.24-04.55.36:909][868]LogMaterial: Missing cached shader map for material Character_Parent, compiling. 
[2015.04.24-04.55.36:914][868]LogMaterial: 0.000174 seconds spent updating 1 materials, 1 interfaces, 0 instances, 0 with static permutations.
[2015.04.24-04.55.40:102][125]MaterialEditorStats: Info Base pass shader with only dynamic lighting: 39 instructions
[2015.04.24-04.55.40:102][125]MaterialEditorStats: Info Vertex shader: 31 instructions
[2015.04.24-04.55.40:102][125]MaterialEditorStats: Info Texture samplers: 0/16
[2015.04.24-04.55.45:312][590]LogMaterial: Missing cached shader map for material Character_Parent, compiling. 
[2015.04.24-04.55.45:317][590]LogMaterial: 0.000059 seconds spent updating 1 materials, 1 interfaces, 0 instances, 0 with static permutations.
[2015.04.24-04.55.45:346][590]LogMaterial: Missing cached shader map for material FMatExpressionPreview MaterialExpressionVectorParameter_1, compiling. 
[2015.04.24-04.55.47:283][758]MaterialEditorStats: Info Base pass shader with only dynamic lighting: 29 instructions
[2015.04.24-04.55.47:283][758]MaterialEditorStats: Info Vertex shader: 31 instructions
[2015.04.24-04.55.47:283][758]MaterialEditorStats: Info Texture samplers: 0/16
[2015.04.24-04.55.48:940][908]LogMaterial: Missing cached shader map for material Character_Parent, compiling. 
[2015.04.24-04.55.48:945][908]LogMaterial: 0.000073 seconds spent updating 1 materials, 1 interfaces, 0 instances, 0 with static permutations.
[2015.04.24-04.55.51:013][ 17]MaterialEditorStats: Info Base pass shader with only dynamic lighting: 39 instructions
[2015.04.24-04.55.51:013][ 17]MaterialEditorStats: Info Vertex shader: 31 instructions
[2015.04.24-04.55.51:013][ 17]MaterialEditorStats: Info Texture samplers: 0/16
[2015.04.24-04.55.57:022][353]LogMaterial: Missing cached shader map for material Character_Parent, compiling. 
[2015.04.24-04.55.57:026][353]LogMaterial: 0.000125 seconds spent updating 1 materials, 1 interfaces, 0 instances, 0 with static permutations.
[2015.04.24-04.55.59:034][557]MaterialEditorStats: Info Base pass shader with only dynamic lighting: 39 instructions
[2015.04.24-04.55.59:034][557]MaterialEditorStats: Info Vertex shader: 31 instructions
[2015.04.24-04.55.59:034][557]MaterialEditorStats: Info Texture samplers: 0/16
[2015.04.24-04.56.18:235][325]LogMaterial: Missing cached shader map for material Character_Parent, compiling. 
[2015.04.24-04.56.18:242][325]LogMaterial: 0.000080 seconds spent updating 1 materials, 1 interfaces, 0 instances, 0 with static permutations.
[2015.04.24-04.56.18:265][325]LogMaterial: Missing cached shader map for material FMatExpressionPreview MaterialExpressionVectorParameter_1, compiling. 
[2015.04.24-04.56.20:901][446]MaterialEditorStats: Info Base pass shader with only dynamic lighting: 39 instructions
[2015.04.24-04.56.20:901][446]MaterialEditorStats: Info Vertex shader: 31 instructions
[2015.04.24-04.56.20:901][446]MaterialEditorStats: Info Texture samplers: 0/16
[2015.04.24-04.56.28:396][692]LogMaterial: Missing cached shader map for material Character_Parent, compiling. 
[2015.04.24-04.56.28:402][692]LogMaterial: 0.000059 seconds spent updating 1 materials, 1 interfaces, 0 instances, 0 with static permutations.
[2015.04.24-04.56.30:878][910]MaterialEditorStats: Info Base pass shader with only dynamic lighting: 39 instructions
[2015.04.24-04.56.30:878][910]MaterialEditorStats: Info Vertex shader: 31 instructions
[2015.04.24-04.56.30:878][910]MaterialEditorStats: Info Texture samplers: 0/16
[2015.04.24-04.56.54:616][221]LogMaterial: Missing cached shader map for material Character_Parent, compiling. 
[2015.04.24-04.56.54:621][221]LogMaterial: 0.000142 seconds spent updating 1 materials, 1 interfaces, 0 instances, 0 with static permutations.
[2015.04.24-04.56.58:469][557]MaterialEditorStats: Info Base pass shader with only dynamic lighting: 39 instructions
[2015.04.24-04.56.58:469][557]MaterialEditorStats: Info Vertex shader: 31 instructions
[2015.04.24-04.56.58:470][557]MaterialEditorStats: Info Texture samplers: 0/16
[2015.04.24-04.57.00:284][726]LogMaterial: Missing cached shader map for material Character_Parent, compiling. 
[2015.04.24-04.57.00:289][726]LogMaterial: 0.000077 seconds spent updating 1 materials, 1 interfaces, 0 instances, 0 with static permutations.
[2015.04.24-04.57.02:496][918]MaterialEditorStats: Info Base pass shader with only dynamic lighting: 39 instructions
[2015.04.24-04.57.02:496][918]MaterialEditorStats: Info Vertex shader: 31 instructions
[2015.04.24-04.57.02:496][918]MaterialEditorStats: Info Texture samplers: 0/16
[2015.04.24-04.57.13:992][468]LogMaterial: Missing cached shader map for material Character_Parent, compiling. 
[2015.04.24-04.57.13:997][468]LogMaterial: 0.000086 seconds spent updating 1 materials, 1 interfaces, 0 instances, 0 with static permutations.
[2015.04.24-04.57.14:023][468]LogMaterial: Missing cached shader map for material FMatExpressionPreview MaterialExpressionVectorParameter_1, compiling. 
[2015.04.24-04.57.16:914][667]MaterialEditorStats: Info Base pass shader with only dynamic lighting: 39 instructions
[2015.04.24-04.57.16:914][667]MaterialEditorStats: Info Vertex shader: 31 instructions
[2015.04.24-04.57.16:914][667]MaterialEditorStats: Info Texture samplers: 0/16
[2015.04.24-04.57.23:339][196]LogMaterial: Missing cached shader map for material Character_Parent, compiling. 
[2015.04.24-04.57.23:344][196]LogMaterial: 0.000099 seconds spent updating 1 materials, 1 interfaces, 0 instances, 0 with static permutations.
[2015.04.24-04.57.26:276][481]MaterialEditorStats: Info Base pass shader with only dynamic lighting: 39 instructions
[2015.04.24-04.57.26:276][481]MaterialEditorStats: Info Vertex shader: 31 instructions
[2015.04.24-04.57.26:276][481]MaterialEditorStats: Info Texture samplers: 0/16
[2015.04.24-04.57.38:100][ 36]LogMaterial: Missing cached shader map for material Character_Parent, compiling. 
[2015.04.24-04.57.38:105][ 36]LogMaterial: 0.000091 seconds spent updating 1 materials, 1 interfaces, 0 instances, 0 with static permutations.
[2015.04.24-04.57.40:476][284]MaterialEditorStats: Info Base pass shader with only dynamic lighting: 42 instructions
[2015.04.24-04.57.40:476][284]MaterialEditorStats: Info Vertex shader: 31 instructions
[2015.04.24-04.57.40:476][284]MaterialEditorStats: Info Texture samplers: 0/16
[2015.04.24-04.58.16:156][318]LogMaterial: Missing cached shader map for material Character_Parent, compiling. 
[2015.04.24-04.58.16:163][318]LogMaterial: 0.000058 seconds spent updating 1 materials, 1 interfaces, 0 instances, 0 with static permutations.
[2015.04.24-04.58.19:917][533]MaterialEditorStats: Info Base pass shader with only dynamic lighting: 42 instructions
[2015.04.24-04.58.19:917][533]MaterialEditorStats: Info Vertex shader: 31 instructions
[2015.04.24-04.58.19:917][533]MaterialEditorStats: Info Texture samplers: 0/16
[2015.04.24-04.58.53:089][871]LogMaterial: Missing cached shader map for material Character_Parent, compiling. 
[2015.04.24-04.58.53:095][871]LogMaterial: 0.000141 seconds spent updating 1 materials, 1 interfaces, 0 instances, 0 with static permutations.
[2015.04.24-04.58.55:429][878]MaterialEditorStats: Info Base pass shader with only dynamic lighting: 42 instructions
[2015.04.24-04.58.55:429][878]MaterialEditorStats: Info Vertex shader: 31 instructions
[2015.04.24-04.58.55:429][878]MaterialEditorStats: Info Texture samplers: 0/16
[2015.04.24-04.59.05:922][173]LogMaterial: Missing cached shader map for material Character_Parent, compiling. 
[2015.04.24-04.59.05:927][173]LogMaterial: 0.000060 seconds spent updating 1 materials, 1 interfaces, 0 instances, 0 with static permutations.
[2015.04.24-04.59.08:007][344]MaterialEditorStats: Info Base pass shader with only dynamic lighting: 47 instructions
[2015.04.24-04.59.08:007][344]MaterialEditorStats: Info Vertex shader: 31 instructions
[2015.04.24-04.59.08:007][344]MaterialEditorStats: Info Texture samplers: 0/16
[2015.04.24-04.59.20:963][358]LogMaterial: Missing cached shader map for material Character_Parent, compiling. 
[2015.04.24-04.59.20:969][358]LogMaterial: 0.000221 seconds spent updating 1 materials, 1 interfaces, 0 instances, 0 with static permutations.
[2015.04.24-04.59.21:003][358]LogMaterial: Missing cached shader map for material FMatExpressionPreview MaterialExpressionVectorParameter_1, compiling. 
[2015.04.24-04.59.23:295][559]MaterialEditorStats: Info Base pass shader with only dynamic lighting: 47 instructions
[2015.04.24-04.59.23:295][559]MaterialEditorStats: Info Vertex shader: 31 instructions
[2015.04.24-04.59.23:295][559]MaterialEditorStats: Info Texture samplers: 0/16
[2015.04.24-04.59.55:718][905]LogMaterial: Missing cached shader map for material Character_Parent, compiling. 
[2015.04.24-04.59.55:723][905]LogMaterial: 0.000086 seconds spent updating 1 materials, 1 interfaces, 0 instances, 0 with static permutations.
[2015.04.24-04.59.55:750][905]LogMaterial: Missing cached shader map for material FMatExpressionPreview MaterialExpressionVectorParameter_1, compiling. 
[2015.04.24-04.59.59:667][330]MaterialEditorStats: Info Base pass shader with only dynamic lighting: 47 instructions
[2015.04.24-04.59.59:667][330]MaterialEditorStats: Info Vertex shader: 31 instructions
[2015.04.24-04.59.59:667][330]MaterialEditorStats: Info Texture samplers: 0/16
[2015.04.24-05.00.10:266][328]LogMaterial: Missing cached shader map for material Character_Parent, compiling. 
[2015.04.24-05.00.10:273][328]LogMaterial: 0.000047 seconds spent updating 1 materials, 1 interfaces, 0 instances, 0 with static permutations.
[2015.04.24-05.00.10:299][328]LogMaterial: Missing cached shader map for material FMatExpressionPreview MaterialExpressionVectorParameter_1, compiling. 
[2015.04.24-05.00.12:854][604]MaterialEditorStats: Info Base pass shader with only dynamic lighting: 47 instructions
[2015.04.24-05.00.12:855][604]MaterialEditorStats: Info Vertex shader: 31 instructions
[2015.04.24-05.00.12:855][604]MaterialEditorStats: Info Texture samplers: 0/16
[2015.04.24-05.00.53:823][809]LogMaterial: Missing cached shader map for material Character_Parent, compiling. 
[2015.04.24-05.00.53:829][809]LogMaterial: 0.000150 seconds spent updating 1 materials, 1 interfaces, 0 instances, 0 with static permutations.
[2015.04.24-05.00.53:856][809]LogMaterial: Missing cached shader map for material FMatExpressionPreview MaterialExpressionVectorParameter_1, compiling. 
[2015.04.24-05.00.57:913][246]MaterialEditorStats: Info Base pass shader with only dynamic lighting: 47 instructions
[2015.04.24-05.00.57:913][246]MaterialEditorStats: Info Vertex shader: 31 instructions
[2015.04.24-05.00.57:913][246]MaterialEditorStats: Info Texture samplers: 0/16
[2015.04.24-05.01.11:530][363]LogMaterial: Missing cached shader map for material Character_Parent, compiling. 
[2015.04.24-05.01.11:535][363]LogMaterial: 0.000063 seconds spent updating 1 materials, 1 interfaces, 0 instances, 0 with static permutations.
[2015.04.24-05.01.11:560][363]LogMaterial: Missing cached shader map for material FMatExpressionPreview MaterialExpressionVectorParameter_1, compiling. 
[2015.04.24-05.01.12:408][424]LogMaterial: Missing cached shader map for material Character_Parent, compiling. 
[2015.04.24-05.01.12:416][424]LogMaterial: 0.000041 seconds spent updating 1 materials, 1 interfaces, 0 instances, 0 with static permutations.
[2015.04.24-05.01.12:440][424]LogMaterial: Missing cached shader map for material FMatExpressionPreview MaterialExpressionVectorParameter_1, compiling. 
[2015.04.24-05.01.14:766][592]MaterialEditorStats: Info Base pass shader with only dynamic lighting: 47 instructions
[2015.04.24-05.01.14:766][592]MaterialEditorStats: Info Vertex shader: 31 instructions
[2015.04.24-05.01.14:766][592]MaterialEditorStats: Info Texture samplers: 0/16
[2015.04.24-05.01.15:751][666]LogMaterial: Missing cached shader map for material Character_Parent, compiling. 
[2015.04.24-05.01.15:756][666]LogMaterial: 0.000050 seconds spent updating 1 materials, 1 interfaces, 0 instances, 0 with static permutations.
[2015.04.24-05.01.15:781][666]LogMaterial: Missing cached shader map for material FMatExpressionPreview MaterialExpressionVectorParameter_1, compiling. 
[2015.04.24-05.01.17:903][841]LogMaterial: Missing cached shader map for material Character_Parent, compiling. 
[2015.04.24-05.01.17:911][841]LogMaterial: 0.000035 seconds spent updating 1 materials, 1 interfaces, 0 instances, 0 with static permutations.
[2015.04.24-05.01.17:936][841]LogMaterial: Missing cached shader map for material FMatExpressionPreview MaterialExpressionVectorParameter_1, compiling. 
[2015.04.24-05.01.18:110][853]MaterialEditorStats: Info Base pass shader with only dynamic lighting: 47 instructions
[2015.04.24-05.01.18:110][853]MaterialEditorStats: Info Vertex shader: 31 instructions
[2015.04.24-05.01.18:110][853]MaterialEditorStats: Info Texture samplers: 0/16
[2015.04.24-05.01.23:197][202]LogMaterial: Missing cached shader map for material Character_Parent, compiling. 
[2015.04.24-05.01.23:202][202]LogMaterial: 0.000092 seconds spent updating 1 materials, 1 interfaces, 0 instances, 0 with static permutations.
[2015.04.24-05.01.23:231][202]LogMaterial: Missing cached shader map for material FMatExpressionPreview MaterialExpressionVectorParameter_1, compiling. 
[2015.04.24-05.01.25:527][352]MaterialEditorStats: Info Base pass shader with only dynamic lighting: 47 instructions
[2015.04.24-05.01.25:527][352]MaterialEditorStats: Info Vertex shader: 31 instructions
[2015.04.24-05.01.25:527][352]MaterialEditorStats: Info Texture samplers: 0/16
[2015.04.24-05.01.27:770][505]LogMaterial: Missing cached shader map for material Character_Parent, compiling. 
[2015.04.24-05.01.27:776][505]LogMaterial: 0.000214 seconds spent updating 1 materials, 1 interfaces, 0 instances, 0 with static permutations.
[2015.04.24-05.01.27:804][505]LogMaterial: Missing cached shader map for material FMatExpressionPreview MaterialExpressionVectorParameter_1, compiling. 
[2015.04.24-05.01.30:099][660]MaterialEditorStats: Info Base pass shader with only dynamic lighting: 47 instructions
[2015.04.24-05.01.30:099][660]MaterialEditorStats: Info Vertex shader: 31 instructions
[2015.04.24-05.01.30:099][660]MaterialEditorStats: Info Texture samplers: 0/16
[2015.04.24-05.01.44:579][511]LogUObjectGlobals:Warning: Failed to find object 'Object None.'
[2015.04.24-05.01.44:585][511]LogMaterial: Missing cached shader map for material Character_Parent, compiling. 
[2015.04.24-05.01.44:590][511]LogMaterial: 0.000071 seconds spent updating 1 materials, 1 interfaces, 0 instances, 0 with static permutations.
[2015.04.24-05.01.46:431][653]MaterialEditorStats: Info Base pass shader with only dynamic lighting: 47 instructions
[2015.04.24-05.01.46:431][653]MaterialEditorStats: Info Vertex shader: 31 instructions
[2015.04.24-05.01.46:431][653]MaterialEditorStats: Info Texture samplers: 0/16
[2015.04.24-05.02.30:900][655]LogMaterial: Missing cached shader map for material Character_Parent, compiling. 
[2015.04.24-05.02.30:904][655]LogMaterial: 0.000084 seconds spent updating 1 materials, 1 interfaces, 0 instances, 0 with static permutations.
[2015.04.24-05.02.34:723][ 49]MaterialEditorStats: Info Base pass shader with only dynamic lighting: 47 instructions
[2015.04.24-05.02.34:723][ 49]MaterialEditorStats: Info Vertex shader: 31 instructions
[2015.04.24-05.02.34:723][ 49]MaterialEditorStats: Info Texture samplers: 0/16
[2015.04.24-05.02.43:989][408]LogMaterial: Missing cached shader map for material Character_Parent, compiling. 
[2015.04.24-05.02.43:995][408]LogMaterial: 0.000045 seconds spent updating 1 materials, 1 interfaces, 0 instances, 0 with static permutations.
[2015.04.24-05.02.46:719][634]MaterialEditorStats: Info Base pass shader with only dynamic lighting: 48 instructions
[2015.04.24-05.02.46:719][634]MaterialEditorStats: Info Vertex shader: 31 instructions
[2015.04.24-05.02.46:719][634]MaterialEditorStats: Info Texture samplers: 0/16
[2015.04.24-05.02.56:384][550]LogMaterial: Missing cached shader map for material Character_Parent, compiling. 
[2015.04.24-05.02.56:390][550]LogMaterial: 0.000067 seconds spent updating 1 materials, 1 interfaces, 0 instances, 0 with static permutations.
[2015.04.24-05.02.59:251][784]MaterialEditorStats: Info Base pass shader with only dynamic lighting: 48 instructions
[2015.04.24-05.02.59:251][784]MaterialEditorStats: Info Vertex shader: 31 instructions
[2015.04.24-05.02.59:251][784]MaterialEditorStats: Info Texture samplers: 0/16
[2015.04.24-05.03.33:191][ 11]LogMaterialEditor: Applying material Character_Parent
[2015.04.24-05.03.34:708][ 11]LogMaterial: Missing cached shader map for material Character_Parent, compiling. 
[2015.04.24-05.03.34:726][ 11]LogMaterial: 0.000080 seconds spent updating 1 materials, 1 interfaces, 0 instances, 0 with static permutations.
[2015.04.24-05.03.34:804][ 11]LogMaterial: Missing cached shader map for material Character_Parent, compiling. 
[2015.04.24-05.03.34:828][ 11]LogMaterial: Missing cached shader map for material Character_Parent, compiling. 
[2015.04.24-05.03.34:843][ 11]LogMaterial: 0.005591 seconds spent updating 1 materials, 1 interfaces, 0 instances, 0 with static permutations.
[2015.04.24-05.03.39:838][350]LogFileHelpers: Editor autosave (incl. sublevels) for '/Game/StarterContent/Maps/Minimal_Default' took 0.036
[2015.04.24-05.03.39:876][350]OBJ SavePackage: Generating thumbnails for [1] asset(s) in package [/Game/StarterContent/Character/Character_Parent] ([1] browsable assets)...
[2015.04.24-05.03.40:762][350]OBJ SavePackage:     Rendered thumbnail for [Material /Game/StarterContent/Character/Character_Parent.Character_Parent]
[2015.04.24-05.03.40:762][350]OBJ SavePackage: Finished generating thumbnails for package [/Game/StarterContent/Character/Character_Parent]
[2015.04.24-05.03.41:285][350]LogSavePackage: Save=515.732117ms
[2015.04.24-05.03.41:288][350]LogSavePackage: Moving '../../../../../../Users/Dean/Documents/Unreal Projects/MyThirdPersonGame/Saved/Character_Parent_Auto23CFE08E34E11AB38E595BDBD27689443.tmp' to '../../../../../../Users/Dean/Documents/Unreal Projects/MyThirdPersonGame/Saved/Autosaves/Game/StarterContent/Character/Character_Parent_Auto2.uasset'
[2015.04.24-05.03.41:311][350]LogFileHelpers: Auto-saving content packages took 1.474
[2015.04.24-05.03.41:320][351]MaterialEditorStats: Info Base pass shader with only dynamic lighting: 76 instructions
[2015.04.24-05.03.41:320][351]MaterialEditorStats: Info Vertex shader: 31 instructions
[2015.04.24-05.03.41:320][351]MaterialEditorStats: Info Texture samplers: 3/16
[2015.04.24-05.03.47:668][517]LogMaterialEditor: Saving and Compiling material Character_Parent
[2015.04.24-05.03.49:236][517]LogMaterial: Missing cached shader map for material Character_Parent, compiling. 
[2015.04.24-05.03.49:255][517]LogMaterial: 0.000092 seconds spent updating 1 materials, 1 interfaces, 0 instances, 0 with static permutations.
[2015.04.24-05.03.49:324][517]LogMaterial: Missing cached shader map for material Character_Parent, compiling. 
[2015.04.24-05.03.49:349][517]LogMaterial: Missing cached shader map for material Character_Parent, compiling. 
[2015.04.24-05.03.49:365][517]LogMaterial: 0.005257 seconds spent updating 1 materials, 1 interfaces, 0 instances, 0 with static permutations.
[2015.04.24-05.03.54:606][517]LogSavePackage: Save=425.327240ms
[2015.04.24-05.03.54:606][517]LogSavePackage: Moving '../../../../../../Users/Dean/Documents/Unreal Projects/MyThirdPersonGame/Saved/Character_ParentA744F35F484C68B90FEE0CA511E10DB5.tmp' to '../../../../../../Users/Dean/Documents/Unreal Projects/MyThirdPersonGame/Content/StarterContent/Character/Character_Parent.uasset'
[2015.04.24-05.04.24:482][404]LogContentBrowser:Verbose: The content browser source was changed by the sources view to '/Game/StarterContent/Character'
[2015.04.24-05.04.35:637][117]LogActorComponent: UnregisterComponent: (/Engine/Transient.SkeletalMeshComponent_1) Not registered. Aborting.
[2015.04.24-05.04.35:652][117]LogActorComponent: UnregisterComponent: (/Engine/Transient.SkeletalMeshComponent_1) Not registered. Aborting.
[2015.04.24-05.04.35:652][117]LogActorComponent: RegisterComponentWithWorld: (/Engine/Transient.MaterialEditorMeshComponent_1) Already registered. Aborting.
[2015.04.24-05.04.35:690][117]LogRenderer:Warning: Reallocating scene render targets to support 992x616 (Frame:65786).
[2015.04.24-05.06.19:428][275]LogSkeletalMesh: InitArticulated: Bodies already created (/Engine/Transient.DebugSkelMeshComponent_0) - call TermArticulated first.
[2015.04.24-05.06.19:538][275]LogLinker:Warning: Asset '../../../Engine/Content/Tutorial/SubEditors/PersonaAnimEditorTutorial.uasset' has been saved with empty engine version. The asset will be loaded but may be incompatible.
[2015.04.24-05.06.19:689][275]LogContentBrowser:Verbose: The majority of assets in the view are of type: AnimSequence
[2015.04.24-05.07.05:123][758]LogMaterial:Warning: Material /Game/StarterContent/Character/Character_Parent.Character_Parent needed to have new flag set bUsedWithSkeletalMesh !
[2015.04.24-05.07.05:126][758]LogMaterial: Missing cached shader map for material Character_Parent, compiling. 
[2015.04.24-05.07.05:143][758]LogMaterial: 0.000190 seconds spent updating 1 materials, 1 interfaces, 1 instances, 0 with static permutations.
[2015.04.24-05.07.45:483][286]LogParticles: Destroying 0 GPU particle simulations for FXSystem 0x00000034F7695260
[2015.04.24-05.07.45:490][286]LogParticles: Destroying 0 GPU particle simulations for FXSystem 0x00000034EF8D9EE0
[2015.04.24-05.07.45:571][286]LogSavePackage: Save=15.473825ms
[2015.04.24-05.07.45:571][286]LogSavePackage: Moving '../../../../../../Users/Dean/Documents/Unreal Projects/MyThirdPersonGame/Saved/Character_Parent8229D7E74A08138E94DEDFABB5759D60.tmp' to '../../../../../../Users/Dean/Documents/Unreal Projects/MyThirdPersonGame/Content/StarterContent/Character/Character_Parent.uasset'
[2015.04.24-05.07.46:023][286]LogSavePackage: Save=399.796265ms
[2015.04.24-05.07.46:023][286]LogSavePackage: Moving '../../../../../../Users/Dean/Documents/Unreal Projects/MyThirdPersonGame/Saved/Character_instance89D5F9AC44D2CC8EE2D6B98208F69783.tmp' to '../../../../../../Users/Dean/Documents/Unreal Projects/MyThirdPersonGame/Content/StarterContent/Character/Character_instance.uasset'
[2015.04.24-05.07.46:296][286]LogSavePackage: Save=215.921066ms
[2015.04.24-05.07.46:296][286]LogSavePackage: Moving '../../../../../../Users/Dean/Documents/Unreal Projects/MyThirdPersonGame/Saved/HeroTPP992291E845849F49001F01B23C132729.tmp' to '../../../../../../Users/Dean/Documents/Unreal Projects/MyThirdPersonGame/Content/StarterContent/Character/HeroTPP.uasset'
[2015.04.24-05.13.27:956][925]LogContentBrowser:Verbose: The majority of assets in the view are of type: AnimSequence
[2015.04.24-05.15.15:271][321]LogContentBrowser:Verbose: The content browser source was changed by the sources view to '/Game/StarterContent'
[2015.04.24-05.15.20:466][604]LogContentBrowser:Verbose: The content browser source was changed by the sources view to '/Game'
[2015.04.24-05.15.45:111][339]LogContentBrowser:Verbose: The content browser source was changed by the sources view to '/Game/StarterContent/Character/Animations'
[2015.04.24-05.17.26:881][853]LogContentBrowser:Verbose: The content browser source was changed by the sources view to '/Game/StarterContent/Character/Animations'
[2015.04.24-05.17.40:160][456]LogParticles: Destroying 0 GPU particle simulations for FXSystem 0x00000034F16482C0
[2015.04.24-05.17.40:167][456]LogFileHelpers: Editor autosave (incl. sublevels) for '/Game/StarterContent/Maps/Minimal_Default' took 0.035
[2015.04.24-05.17.40:223][456]OBJ SavePackage: Generating thumbnails for [1] asset(s) in package [/Game/StarterContent/Character/Animations/NewBlendSpace1D] ([1] browsable assets)...
[2015.04.24-05.17.40:257][456]OBJ SavePackage:     Rendered thumbnail for [BlendSpace1D /Game/StarterContent/Character/Animations/NewBlendSpace1D.NewBlendSpace1D]
[2015.04.24-05.17.40:257][456]OBJ SavePackage: Finished generating thumbnails for package [/Game/StarterContent/Character/Animations/NewBlendSpace1D]
[2015.04.24-05.17.40:616][456]LogSavePackage: Save=350.627960ms
[2015.04.24-05.17.40:619][456]LogSavePackage: Moving '../../../../../../Users/Dean/Documents/Unreal Projects/MyThirdPersonGame/Saved/NewBlendSpace1D_Auto3A9E9A57445F84888E62F3C83B1D116E2.tmp' to '../../../../../../Users/Dean/Documents/Unreal Projects/MyThirdPersonGame/Saved/Autosaves/Game/StarterContent/Character/Animations/NewBlendSpace1D_Auto3.uasset'
[2015.04.24-05.17.40:667][456]LogFileHelpers: Auto-saving content packages took 0.501
[2015.04.24-05.19.52:843][310]LogSavePackage: Save=196.340897ms
[2015.04.24-05.19.52:843][310]LogSavePackage: Moving '../../../../../../Users/Dean/Documents/Unreal Projects/MyThirdPersonGame/Saved/Idle_Walk_Run5524922841959578E96EA7AF171FF61C.tmp' to '../../../../../../Users/Dean/Documents/Unreal Projects/MyThirdPersonGame/Content/StarterContent/Character/Animations/Idle_Walk_Run.uasset'
[2015.04.24-05.19.52:946][310]LogParticles: Destroying 0 GPU particle simulations for FXSystem 0x00000034F1636480
[2015.04.24-05.19.52:946][310]LogParticles: Destroying 0 GPU particle simulations for FXSystem 0x00000034F1635D00
[2015.04.24-05.19.52:965][311]LogParticles: Destroying 0 GPU particle simulations for FXSystem 0x000000348394E2A0
[2015.04.24-05.19.56:670][674]LogSkeletalMesh: InitArticulated: Bodies already created (/Engine/Transient.DebugSkelMeshComponent_3) - call TermArticulated first.
[2015.04.24-05.19.56:759][674]LogContentBrowser:Verbose: The majority of assets in the view are of type: AnimSequence
[2015.04.24-05.20.26:737][149]LogSavePackage: Save=8.039906ms
[2015.04.24-05.20.26:737][149]LogSavePackage: Moving '../../../../../../Users/Dean/Documents/Unreal Projects/MyThirdPersonGame/Saved/Idle_Walk_Run93617D46432B3A0EFA60E090F50671C4.tmp' to '../../../../../../Users/Dean/Documents/Unreal Projects/MyThirdPersonGame/Content/StarterContent/Character/Animations/Idle_Walk_Run.uasset'
[2015.04.24-05.24.02:427][363]LogSkeletalMesh: InitArticulated: Bodies already created (/Engine/Transient.DebugSkelMeshComponent_7) - call TermArticulated first.
[2015.04.24-05.24.02:529][363]LogContentBrowser:Verbose: The majority of assets in the view are of type: AnimSequence
[2015.04.24-05.27.42:070][125]LogParticles: Destroying 0 GPU particle simulations for FXSystem 0x000000348E2FBEC0
[2015.04.24-05.27.42:071][125]LogParticles: Destroying 0 GPU particle simulations for FXSystem 0x00000034F1D4ECA0
[2015.04.24-05.27.42:088][125]LogParticles: Destroying 0 GPU particle simulations for FXSystem 0x00000034EB7FD800
[2015.04.24-05.27.42:088][125]LogFileHelpers: Editor autosave (incl. sublevels) for '/Game/StarterContent/Maps/Minimal_Default' took 0.127
[2015.04.24-05.27.42:555][125]LogSavePackage: Save=438.037994ms
[2015.04.24-05.27.42:563][125]LogSavePackage: Moving '../../../../../../Users/Dean/Documents/Unreal Projects/MyThirdPersonGame/Saved/NewBlendSpace1D_Auto4341325A7471B7803710FBC93341A199A.tmp' to '../../../../../../Users/Dean/Documents/Unreal Projects/MyThirdPersonGame/Saved/Autosaves/Game/StarterContent/Character/Animations/NewBlendSpace1D_Auto4.uasset'
[2015.04.24-05.27.42:714][125]OBJ SavePackage: Generating thumbnails for [0] asset(s) in package [/Game/StarterContent/Character/Animations/Idle_Walk_Run] ([1] browsable assets)...
[2015.04.24-05.27.42:714][125]OBJ SavePackage: Finished generating thumbnails for package [/Game/StarterContent/Character/Animations/Idle_Walk_Run]
[2015.04.24-05.27.43:301][125]LogSavePackage: Save=477.344574ms
[2015.04.24-05.27.43:321][125]LogSavePackage: Moving '../../../../../../Users/Dean/Documents/Unreal Projects/MyThirdPersonGame/Saved/Idle_Walk_Run_Auto4ECC689624762DAC50860E8BB0D750B3C.tmp' to '../../../../../../Users/Dean/Documents/Unreal Projects/MyThirdPersonGame/Saved/Autosaves/Game/StarterContent/Character/Animations/Idle_Walk_Run_Auto4.uasset'
[2015.04.24-05.27.43:530][125]LogFileHelpers: Auto-saving content packages took 1.442
[2015.04.24-05.29.21:487][216]LogContentBrowser:Verbose: The content browser source was changed by the sources view to '/Game/StarterContent/Character'
[2015.04.24-05.29.56:262][484]LogSavePackage: Save=24.484077ms
[2015.04.24-05.29.56:262][484]LogSavePackage: Moving '../../../../../../Users/Dean/Documents/Unreal Projects/MyThirdPersonGame/Saved/Idle_Walk_Run4E416DE24474ED541AADB08D7A4AD23A.tmp' to '../../../../../../Users/Dean/Documents/Unreal Projects/MyThirdPersonGame/Content/StarterContent/Character/Animations/Idle_Walk_Run.uasset'
[2015.04.24-05.30.09:020][780]LogSavePackage: Save=19.039608ms
[2015.04.24-05.30.09:020][780]LogSavePackage: Moving '../../../../../../Users/Dean/Documents/Unreal Projects/MyThirdPersonGame/Saved/Idle_Walk_Run2AA26C454B88D931E262F29C733D31AB.tmp' to '../../../../../../Users/Dean/Documents/Unreal Projects/MyThirdPersonGame/Content/StarterContent/Character/Animations/Idle_Walk_Run.uasset'
[2015.04.24-05.30.51:081][194]LogContentBrowser:Verbose: The content browser source was changed by the sources view to '/Game/StarterContent/Character'
[2015.04.24-05.31.31:092][702]LogParticles: Destroying 0 GPU particle simulations for FXSystem 0x00000034EB77FE20
[2015.04.24-05.31.31:092][702]LogParticles: Destroying 0 GPU particle simulations for FXSystem 0x00000034F14F74C0
[2015.04.24-05.31.31:093][702]LogParticles: Destroying 0 GPU particle simulations for FXSystem 0x00000034F14F59E0
[2015.04.24-05.31.31:094][702]LogParticles: Destroying 0 GPU particle simulations for FXSystem 0x00000034EB58D800
[2015.04.24-05.31.31:094][702]LogParticles: Destroying 0 GPU particle simulations for FXSystem 0x000000348DB039C0
[2015.04.24-05.31.31:105][702]LogParticles: Destroying 0 GPU particle simulations for FXSystem 0x000000348DB032E0
[2015.04.24-05.31.31:105][702]LogMetaData: Removing '/Game/StarterContent/Character/CharacterAnimBP.CharacterAnimBP:AnimGraph.AnimGraphNode_Root_0' ref from Metadata '/Game/StarterContent/Character/NewAnimBlueprint.PackageMetaData'
[2015.04.24-05.31.31:105][702]LogMetaData: Removing '/Game/StarterContent/Character/CharacterAnimBP.CharacterAnimBP:EventGraph.K2Node_CallFunction_2' ref from Metadata '/Game/StarterContent/Character/NewAnimBlueprint.PackageMetaData'
[2015.04.24-05.31.31:105][702]LogMetaData: Removing '/Game/StarterContent/Character/CharacterAnimBP.SKEL_CharacterAnimBP_C' ref from Metadata '/Game/StarterContent/Character/NewAnimBlueprint.PackageMetaData'
[2015.04.24-05.31.31:105][702]LogMetaData: Removing '/Game/StarterContent/Character/CharacterAnimBP.CharacterAnimBP_C' ref from Metadata '/Game/StarterContent/Character/NewAnimBlueprint.PackageMetaData'
[2015.04.24-05.31.31:105][702]LogMetaData: Removing '/Game/StarterContent/Character/CharacterAnimBP.CharacterAnimBP:EventGraph.K2Node_Event_0' ref from Metadata '/Game/StarterContent/Character/NewAnimBlueprint.PackageMetaData'
[2015.04.24-05.31.32:084][702]LogSavePackage: Save=791.073242ms
[2015.04.24-05.31.32:084][702]LogSavePackage: Moving '../../../../../../Users/Dean/Documents/Unreal Projects/MyThirdPersonGame/Saved/CharacterAnimBPCB97C3CD4DA99B07F43AD1B5201903D4.tmp' to '../../../../../../Users/Dean/Documents/Unreal Projects/MyThirdPersonGame/Content/StarterContent/Character/CharacterAnimBP.uasset'
[2015.04.24-05.31.45:623][815]LogSkeletalMesh: InitArticulated: Bodies already created (/Engine/Transient.DebugSkelMeshComponent_10) - call TermArticulated first.
[2015.04.24-05.31.56:359][149]LogContentBrowser:Verbose: The majority of assets in the view are of type: AnimSequence
[2015.04.24-05.32.40:010][885]LogContentBrowser:Verbose: The majority of assets in the view are of type: AnimSequence
[2015.04.24-05.35.50:141][ 81]LogSavePackage: Save=57.085037ms
[2015.04.24-05.35.50:141][ 81]LogSavePackage: Moving '../../../../../../Users/Dean/Documents/Unreal Projects/MyThirdPersonGame/Saved/CharacterAnimBPCB1AA8AD47F2B84EDA559CA4CCEE7FB8.tmp' to '../../../../../../Users/Dean/Documents/Unreal Projects/MyThirdPersonGame/Content/StarterContent/Character/CharacterAnimBP.uasset'
[2015.04.24-05.36.04:198][736]LogPlayLevel: PIE:  No blueprints needed recompiling
[2015.04.24-05.36.04:198][736]PIE: New page: PIE session: Minimal_Default (Apr 23, 2015, 3:36:04 PM)
[2015.04.24-05.36.04:218][736]LogPlayLevel: PIE: StaticDuplicateObject took: (0.018965s)
[2015.04.24-05.36.04:221][736]LogPlayLevel: PIE: World Init took: (0.002506s)
[2015.04.24-05.36.04:221][736]LogPlayLevel: PIE: Created PIE world by copying editor world from /Game/StarterContent/Maps/Minimal_Default.Minimal_Default to /Game/StarterContent/Maps/UEDPIE_0_Minimal_Default.Minimal_Default (0.022047s)
[2015.04.24-05.36.04:445][736]LogWorld: Game class is 'GameMode'
[2015.04.24-05.36.04:450][736]LogAIModule: Creating AISystem for world Minimal_Default
[2015.04.24-05.36.04:463][736]LogWorld: Bringing World /Game/StarterContent/Maps/UEDPIE_0_Minimal_Default.Minimal_Default up for play (max tick rate 60) at 2015.04.23-22.36.04
[2015.04.24-05.36.04:466][736]LogWorld: Bringing up level for play took: 0.014262
[2015.04.24-05.36.04:474][736]PIE: Info Play in editor start time for /Game/StarterContent/Maps/UEDPIE_0_Minimal_Default 0.493
[2015.04.24-05.36.31:404][ 96]LogParticles: Destroying 0 GPU particle simulations for FXSystem 0x00000034FA6B19E0
[2015.04.24-05.36.31:405][ 96]LogParticles: Destroying 0 GPU particle simulations for FXSystem 0x000000348B4EF420
[2015.04.24-05.36.31:406][ 96]LogParticles: Destroying 0 GPU particle simulations for FXSystem 0x00000034F80DC7C0
[2015.04.24-05.36.31:408][ 96]LogParticles: Destroying 0 GPU particle simulations for FXSystem 0x00000034F7ED67A0
[2015.04.24-05.36.31:408][ 96]LogParticles: Destroying 0 GPU particle simulations for FXSystem 0x0000003495BE9D00
[2015.04.24-05.36.31:409][ 96]LogParticles: Destroying 0 GPU particle simulations for FXSystem 0x0000003490348400
[2015.04.24-05.37.01:761][337]LogPlayLevel: PIE:  No blueprints needed recompiling
[2015.04.24-05.37.01:761][337]PIE: New page: PIE session: Minimal_Default (Apr 23, 2015, 3:37:01 PM)
[2015.04.24-05.37.01:784][337]LogPlayLevel: PIE: StaticDuplicateObject took: (0.021003s)
[2015.04.24-05.37.01:786][337]LogPlayLevel: PIE: World Init took: (0.002626s)
[2015.04.24-05.37.01:787][337]LogPlayLevel: PIE: Created PIE world by copying editor world from /Game/StarterContent/Maps/Minimal_Default.Minimal_Default to /Game/StarterContent/Maps/UEDPIE_0_Minimal_Default.Minimal_Default (0.024356s)
[2015.04.24-05.37.01:854][337]LogWorld: Game class is 'GameMode'
[2015.04.24-05.37.01:858][337]LogAIModule: Creating AISystem for world Minimal_Default
[2015.04.24-05.37.01:872][337]LogWorld: Bringing World /Game/StarterContent/Maps/UEDPIE_0_Minimal_Default.Minimal_Default up for play (max tick rate 60) at 2015.04.23-22.37.01
[2015.04.24-05.37.01:874][337]LogWorld: Bringing up level for play took: 0.013875
[2015.04.24-05.37.01:881][337]PIE: Info Play in editor start time for /Game/StarterContent/Maps/UEDPIE_0_Minimal_Default -0.1
[2015.04.24-05.37.48:806][865]LogParticles: Destroying 0 GPU particle simulations for FXSystem 0x0000003490D12A20
[2015.04.24-05.38.00:671][231]LogSavePackage: Save=12.455866ms
[2015.04.24-05.38.00:671][231]LogSavePackage: Moving '../../../../../../Users/Dean/Documents/Unreal Projects/MyThirdPersonGame/Saved/NewBlendSpace1D6BEB71924461C069865E18B298D1B5DB.tmp' to '../../../../../../Users/Dean/Documents/Unreal Projects/MyThirdPersonGame/Content/StarterContent/Character/Animations/NewBlendSpace1D.uasset'
[2015.04.24-05.38.00:758][231]LogSavePackage: Save=17.860136ms
[2015.04.24-05.38.00:758][231]LogSavePackage: Moving '../../../../../../Users/Dean/Documents/Unreal Projects/MyThirdPersonGame/Saved/NewAnimBlueprint378CC35240BD57030023A98B022555D1.tmp' to '../../../../../../Users/Dean/Documents/Unreal Projects/MyThirdPersonGame/Content/StarterContent/Character/NewAnimBlueprint.uasset'
[2015.04.24-05.38.02:449][232]Cmd: QUIT_EDITOR
[2015.04.24-05.38.03:344][232]LogExit: Preparing to exit.
[2015.04.24-05.38.04:335][232]LogExit: Editor shut down
[2015.04.24-05.38.04:336][232]LogExit: Transaction tracking system shut down
[2015.04.24-05.38.04:338][232]LogParticles: Destroying 0 GPU particle simulations for FXSystem 0x00000034F7844CC0
[2015.04.24-05.38.04:340][232]LogParticles: Destroying 0 GPU particle simulations for FXSystem 0x00000034EB58D580
[2015.04.24-05.38.04:341][232]LogParticles: Destroying 0 GPU particle simulations for FXSystem 0x000000348B9811C0
[2015.04.24-05.38.04:346][232]LogParticles: Destroying 0 GPU particle simulations for FXSystem 0x00000034F8576C00
[2015.04.24-05.38.04:390][232]LogParticles: Destroying 0 GPU particle simulations for FXSystem 0x00000034E8B0F6A0
[2015.04.24-05.38.04:391][232]LogParticles: Destroying 0 GPU particle simulations for FXSystem 0x00000034EB58C5E0
[2015.04.24-05.38.04:657][232]LogParticles: Destroying 0 GPU particle simulations for FXSystem 0x0000003485904EA0
[2015.04.24-05.38.04:657][232]LogExit: Object subsystem successfully closed.
[2015.04.24-05.38.04:878][232]LogModuleManager: Shutting down and abandoning module MaterialEditor (179)
[2015.04.24-05.38.04:878][232]LogModuleManager: Shutting down and abandoning module ExternalImagePicker (178)
[2015.04.24-05.38.04:878][232]LogModuleManager: Shutting down and abandoning module CrashTracker (177)
[2015.04.24-05.38.04:878][232]LogModuleManager: Shutting down and abandoning module SuperSearch (176)
[2015.04.24-05.38.04:878][232]LogModuleManager: Shutting down and abandoning module SceneOutliner (175)
[2015.04.24-05.38.04:878][232]LogModuleManager: Shutting down and abandoning module EditorWidgets (174)
[2015.04.24-05.38.04:878][232]LogModuleManager: Shutting down and abandoning module CollectionManager (173)
[2015.04.24-05.38.04:879][232]LogModuleManager: Shutting down and abandoning module StatsViewer (172)
[2015.04.24-05.38.04:879][232]LogModuleManager: Shutting down and abandoning module FoliageEdit (171)
[2015.04.24-05.38.04:879][232]LogModuleManager: Shutting down and abandoning module LandscapeEditor (170)
[2015.04.24-05.38.04:880][232]LogModuleManager: Shutting down and abandoning module MeshPaint (169)
[2015.04.24-05.38.04:880][232]LogModuleManager: Shutting down and abandoning module ActorPickerMode (168)
[2015.04.24-05.38.04:880][232]LogModuleManager: Shutting down and abandoning module GeometryMode (167)
[2015.04.24-05.38.04:880][232]LogModuleManager: Shutting down and abandoning module TextureAlignMode (166)
[2015.04.24-05.38.04:880][232]LogModuleManager: Shutting down and abandoning module BspMode (165)
[2015.04.24-05.38.04:880][232]LogModuleManager: Shutting down and abandoning module PlacementMode (164)
[2015.04.24-05.38.04:880][232]LogModuleManager: Shutting down and abandoning module AutomationWorker (163)
[2015.04.24-05.38.04:880][232]LogModuleManager: Shutting down and abandoning module CharacterAI (162)
[2015.04.24-05.38.04:880][232]LogModuleManager: Shutting down and abandoning module SmartSnapping (161)
[2015.04.24-05.38.04:880][232]LogModuleManager: Shutting down and abandoning module ViewportSnapping (160)
[2015.04.24-05.38.04:880][232]LogModuleManager: Shutting down and abandoning module LogVisualizer (159)
[2015.04.24-05.38.04:881][232]LogModuleManager: Shutting down and abandoning module GameProjectGeneration (158)
[2015.04.24-05.38.04:882][232]LogModuleManager: Shutting down and abandoning module IntroTutorials (157)
[2015.04.24-05.38.04:882][232]LogModuleManager: Shutting down and abandoning module EditorLiveStreaming (156)
[2015.04.24-05.38.04:882][232]LogModuleManager: Shutting down and abandoning module HardwareTargeting (155)
[2015.04.24-05.38.04:882][232]LogModuleManager: Shutting down and abandoning module DeviceProfileEditor (154)
[2015.04.24-05.38.04:882][232]LogModuleManager: Shutting down and abandoning module UndoHistory (153)
[2015.04.24-05.38.04:882][232]LogModuleManager: Shutting down and abandoning module GameplayTagsEditor (152)
[2015.04.24-05.38.04:882][232]LogModuleManager: Shutting down and abandoning module UserFeedback (151)
[2015.04.24-05.38.04:882][232]LogModuleManager: Shutting down and abandoning module XmlParser (150)
[2015.04.24-05.38.04:882][232]LogModuleManager: Shutting down and abandoning module Blutility (149)
[2015.04.24-05.38.04:883][232]LogModuleManager: Shutting down and abandoning module IOSPlatformEditor (148)
[2015.04.24-05.38.04:883][232]LogModuleManager: Shutting down and abandoning module IOSRuntimeSettings (147)
[2015.04.24-05.38.04:883][232]LogModuleManager: Shutting down and abandoning module AndroidDeviceDetection (146)
[2015.04.24-05.38.05:202][232]LogModuleManager: Shutting down and abandoning module AndroidPlatformEditor (145)
[2015.04.24-05.38.05:202][232]LogModuleManager: Shutting down and abandoning module AndroidRuntimeSettings (144)
[2015.04.24-05.38.05:202][232]LogModuleManager: Shutting down and abandoning module ProjectTargetPlatformEditor (143)
[2015.04.24-05.38.05:202][232]LogModuleManager: Shutting down and abandoning module ProjectSettingsViewer (142)
[2015.04.24-05.38.05:203][232]LogModuleManager: Shutting down and abandoning module InputBindingEditor (141)
[2015.04.24-05.38.05:203][232]LogModuleManager: Shutting down and abandoning module EditorSettingsViewer (140)
[2015.04.24-05.38.05:203][232]LogModuleManager: Shutting down and abandoning module SettingsEditor (139)
[2015.04.24-05.38.05:203][232]LogModuleManager: Shutting down and abandoning module ProjectLauncher (138)
[2015.04.24-05.38.05:203][232]LogModuleManager: Shutting down and abandoning module SessionFrontend (137)
[2015.04.24-05.38.05:203][232]LogModuleManager: Shutting down and abandoning module ProfilerClient (136)
[2015.04.24-05.38.05:203][232]LogModuleManager: Shutting down and abandoning module TargetDeviceServices (135)
[2015.04.24-05.38.05:203][232]LogModuleManager: Shutting down and abandoning module DeviceManager (134)
[2015.04.24-05.38.05:204][232]LogModuleManager: Shutting down and abandoning module AutomationController (133)
[2015.04.24-05.38.05:204][232]LogModuleManager: Shutting down and abandoning module AutomationWindow (132)
[2015.04.24-05.38.05:204][232]LogModuleManager: Shutting down and abandoning module Layers (131)
[2015.04.24-05.38.05:204][232]LogModuleManager: Shutting down and abandoning module ComponentVisualizers (130)
[2015.04.24-05.38.05:204][232]LogModuleManager: Shutting down and abandoning module DetailCustomizations (129)
[2015.04.24-05.38.05:204][232]LogModuleManager: Shutting down and abandoning module PackagesDialog (128)
[2015.04.24-05.38.05:205][232]LogModuleManager: Shutting down and abandoning module AssetRegistry (127)
[2015.04.24-05.38.05:382][232]LogModuleManager: Shutting down and abandoning module Persona (126)
[2015.04.24-05.38.05:382][232]LogModuleManager: Shutting down and abandoning module SlateReflector (125)
[2015.04.24-05.38.05:382][232]LogModuleManager: Shutting down and abandoning module LevelEditor (124)
[2015.04.24-05.38.05:384][232]LogModuleManager: Shutting down and abandoning module Kismet (123)
[2015.04.24-05.38.05:384][232]LogModuleManager: Shutting down and abandoning module GraphEditor (122)
[2015.04.24-05.38.05:385][232]LogModuleManager: Shutting down and abandoning module ClassViewer (121)
[2015.04.24-05.38.05:385][232]LogModuleManager: Shutting down and abandoning module Toolbox (120)
[2015.04.24-05.38.05:385][232]LogModuleManager: Shutting down and abandoning module ModuleUI (119)
[2015.04.24-05.38.05:385][232]LogModuleManager: Shutting down and abandoning module MovieSceneTools (118)
[2015.04.24-05.38.05:385][232]LogModuleManager: Shutting down and abandoning module OutputLog (117)
[2015.04.24-05.38.05:385][232]LogModuleManager: Shutting down and abandoning module GammaUI (116)
[2015.04.24-05.38.05:385][232]LogModuleManager: Shutting down and abandoning module Documentation (115)
[2015.04.24-05.38.05:385][232]LogModuleManager: Shutting down and abandoning module GameLiveStreaming (114)
[2015.04.24-05.38.05:385][232]LogModuleManager: Shutting down and abandoning module StreamingPauseRendering (113)
[2015.04.24-05.38.05:385][232]LogModuleManager: Shutting down and abandoning module HTTP (112)
[2015.04.24-05.38.05:385][232]LogModuleManager: Shutting down and abandoning module AnalyticsET (111)
[2015.04.24-05.38.05:385][232]LogModuleManager: Shutting down and abandoning module Analytics (110)
[2015.04.24-05.38.05:385][232]LogModuleManager: Shutting down and abandoning module AITestSuite (109)
[2015.04.24-05.38.05:386][232]LogModuleManager: Shutting down and abandoning module GameplayDebugger (108)
[2015.04.24-05.38.05:386][232]LogModuleManager: Shutting down and abandoning module AIModule (107)
[2015.04.24-05.38.05:386][232]LogModuleManager: Shutting down and abandoning module ProfilerService (106)
[2015.04.24-05.38.05:636][232]LogModuleManager: Shutting down and abandoning module TaskGraph (105)
[2015.04.24-05.38.05:636][232]LogModuleManager: Shutting down and abandoning module SlateRemote (104)
[2015.04.24-05.38.05:636][232]LogModuleManager: Shutting down and abandoning module ScriptEditorPlugin (103)
[2015.04.24-05.38.05:637][232]LogModuleManager: Shutting down and abandoning module CustomMeshComponent (102)
[2015.04.24-05.38.05:637][232]LogModuleManager: Shutting down and abandoning module CableComponent (101)
[2015.04.24-05.38.05:637][232]LogModuleManager: Shutting down and abandoning module MessagingDebugger (100)
[2015.04.24-05.38.05:637][232]LogModuleManager: Shutting down and abandoning module MediaPlayerEditor (99)
[2015.04.24-05.38.05:637][232]LogModuleManager: Shutting down and abandoning module SpeedTreeImporter (98)
[2015.04.24-05.38.05:637][232]LogModuleManager: Shutting down and abandoning module PluginsEditor (97)
[2015.04.24-05.38.05:637][232]LogModuleManager: Shutting down and abandoning module MainFrame (96)
[2015.04.24-05.38.05:637][232]LogModuleManager: Shutting down and abandoning module EpicSurvey (95)
[2015.04.24-05.38.05:637][232]LogModuleManager: Shutting down and abandoning module DesktopPlatform (94)
[2015.04.24-05.38.05:637][232]LogModuleManager: Shutting down and abandoning module DirectoryWatcher (93)
[2015.04.24-05.38.05:640][232]LogModuleManager: Shutting down and abandoning module HotReload (92)
[2015.04.24-05.38.05:640][232]LogModuleManager: Shutting down and abandoning module VisualStudioSourceCodeAccess (91)
[2015.04.24-05.38.05:640][232]LogModuleManager: Shutting down and abandoning module UObjectPlugin (90)
[2015.04.24-05.38.05:640][232]LogModuleManager: Shutting down and abandoning module SubversionSourceControl (89)
[2015.04.24-05.38.05:640][232]LogModuleManager: Shutting down and abandoning module PerforceSourceControl (88)
[2015.04.24-05.38.05:640][232]LogModuleManager: Shutting down and abandoning module SourceControl (87)
[2015.04.24-05.38.05:640][232]LogModuleManager: Shutting down and abandoning module GitSourceControl (86)
[2015.04.24-05.38.05:641][232]LogModuleManager: Shutting down and abandoning module BlankPlugin (85)
[2015.04.24-05.38.05:641][232]LogModuleManager: Shutting down and abandoning module PaperTiledImporter (84)
[2015.04.24-05.38.05:641][232]LogModuleManager: Shutting down and abandoning module PaperJsonImporter (83)
[2015.04.24-05.38.05:641][232]LogModuleManager: Shutting down and abandoning module ContentBrowser (82)
[2015.04.24-05.38.05:644][232]LogModuleManager: Shutting down and abandoning module Paper2DEditor (81)
[2015.04.24-05.38.05:644][232]LogModuleManager: Shutting down and abandoning module ScriptPlugin (80)
[2015.04.24-05.38.05:644][232]LogModuleManager: Shutting down and abandoning module UdpMessaging (79)
[2015.04.24-05.38.05:745][232]LogModuleManager: Shutting down and abandoning module Paper2D (78)
[2015.04.24-05.38.05:745][232]LogModuleManager: Shutting down and abandoning module WindowsMoviePlayer (77)
[2015.04.24-05.38.05:745][232]LogModuleManager: Shutting down and abandoning module Media (76)
[2015.04.24-05.38.05:745][232]LogModuleManager: Shutting down and abandoning module WmfMedia (75)
[2015.04.24-05.38.05:746][232]LogModuleManager: Shutting down and abandoning module OnlineBlueprintSupport (74)
[2015.04.24-05.38.05:746][232]LogModuleManager: Shutting down and abandoning module PropertyEditor (73)
[2015.04.24-05.38.05:746][232]LogModuleManager: Shutting down and abandoning module BehaviorTreeEditor (72)
[2015.04.24-05.38.05:746][232]LogModuleManager: Shutting down and abandoning module FunctionalTesting (71)
[2015.04.24-05.38.05:746][232]LogModuleManager: Shutting down and abandoning module CollisionAnalyzer (70)
[2015.04.24-05.38.05:746][232]LogModuleManager: Shutting down and abandoning module WorkspaceMenuStructure (69)
[2015.04.24-05.38.05:746][232]LogModuleManager: Shutting down and abandoning module MessageLog (68)
[2015.04.24-05.38.05:746][232]LogModuleManager: Shutting down and abandoning module Sequencer (67)
[2015.04.24-05.38.05:747][232]LogModuleManager: Shutting down and abandoning module AssetTools (66)
[2015.04.24-05.38.05:747][232]LogModuleManager: Shutting down and abandoning module UMGEditor (65)
[2015.04.24-05.38.05:747][232]LogModuleManager: Shutting down and abandoning module UMG (64)
[2015.04.24-05.38.05:747][232]LogModuleManager: Shutting down and abandoning module Slate (63)
[2015.04.24-05.38.05:747][232]LogModuleManager: Shutting down and abandoning module EditorStyle (62)
[2015.04.24-05.38.05:767][232]LogModuleManager: Shutting down and abandoning module SessionServices (61)
[2015.04.24-05.38.05:767][232]LogModuleManager: Shutting down and abandoning module SourceCodeAccess (60)
[2015.04.24-05.38.05:767][232]LogModuleManager: Shutting down and abandoning module HeadMountedDisplay (59)
[2015.04.24-05.38.05:767][232]LogModuleManager: Shutting down and abandoning module XAudio2 (58)
[2015.04.24-05.38.05:767][232]LogModuleManager: Shutting down and abandoning module Networking (56)
[2015.04.24-05.38.05:767][232]LogModuleManager: Shutting down and abandoning module Core (55)
[2015.04.24-05.38.05:768][232]LogModuleManager: Shutting down and abandoning module KismetCompiler (54)
[2015.04.24-05.38.05:768][232]LogModuleManager: Shutting down and abandoning module PhysXFormats (53)
[2015.04.24-05.38.05:768][232]LogModuleManager: Shutting down and abandoning module MeshUtilities (52)
[2015.04.24-05.38.05:768][232]LogModuleManager: Shutting down and abandoning module DerivedDataCache (51)
[2015.04.24-05.38.05:805][232]LogDerivedDataCache: Shutdown
[2015.04.24-05.38.05:805][232]LogModuleManager: Shutting down and abandoning module ShaderFormatOpenGL (50)
[2015.04.24-05.38.05:805][232]LogModuleManager: Shutting down and abandoning module ShaderFormatD3D (49)
[2015.04.24-05.38.05:805][232]LogModuleManager: Shutting down and abandoning module MetalShaderFormat (48)
[2015.04.24-05.38.05:805][232]LogModuleManager: Shutting down and abandoning module TextureFormatUncompressed (47)
[2015.04.24-05.38.05:805][232]LogModuleManager: Shutting down and abandoning module TextureFormatPVR (46)
[2015.04.24-05.38.05:805][232]LogModuleManager: Shutting down and abandoning module TextureFormatIntelISPCTexComp (45)
[2015.04.24-05.38.05:805][232]LogModuleManager: Shutting down and abandoning module TextureFormatDXT (44)
[2015.04.24-05.38.05:805][232]LogModuleManager: Shutting down and abandoning module ImageWrapper (43)
[2015.04.24-05.38.05:805][232]LogModuleManager: Shutting down and abandoning module TextureFormatASTC (42)
[2015.04.24-05.38.05:805][232]LogModuleManager: Shutting down and abandoning module TextureFormatAndroid (41)
[2015.04.24-05.38.05:805][232]LogModuleManager: Shutting down and abandoning module AudioFormatOpus (40)
[2015.04.24-05.38.05:805][232]LogModuleManager: Shutting down and abandoning module AudioFormatOgg (39)
[2015.04.24-05.38.05:805][232]LogModuleManager: Shutting down and abandoning module AudioFormatADPCM (38)
[2015.04.24-05.38.05:805][232]LogModuleManager: Shutting down and abandoning module LinuxTargetPlatform (37)
[2015.04.24-05.38.05:806][232]LogModuleManager: Shutting down and abandoning module LinuxServerTargetPlatform (36)
[2015.04.24-05.38.05:806][232]LogModuleManager: Shutting down and abandoning module LinuxNoEditorTargetPlatform (35)
[2015.04.24-05.38.05:806][232]LogModuleManager: Shutting down and abandoning module Messaging (34)
[2015.04.24-05.38.05:806][232]LogModuleManager: Shutting down and abandoning module IOSTargetPlatform (33)
[2015.04.24-05.38.05:806][232]LogModuleManager: Shutting down and abandoning module HTML5TargetPlatform (32)
[2015.04.24-05.38.05:806][232]LogModuleManager: Shutting down and abandoning module Android_PVRTCTargetPlatform (31)
[2015.04.24-05.38.05:806][232]LogModuleManager: Shutting down and abandoning module Android_ETC2TargetPlatform (30)
[2015.04.24-05.38.05:806][232]LogModuleManager: Shutting down and abandoning module Android_ETC1TargetPlatform (29)
[2015.04.24-05.38.05:806][232]LogModuleManager: Shutting down and abandoning module Android_ES31TargetPlatform (28)
[2015.04.24-05.38.05:806][232]LogModuleManager: Shutting down and abandoning module Android_DXTTargetPlatform (27)
[2015.04.24-05.38.05:806][232]LogModuleManager: Shutting down and abandoning module Android_ATCTargetPlatform (26)
[2015.04.24-05.38.05:806][232]LogModuleManager: Shutting down and abandoning module AndroidTargetPlatform (25)
[2015.04.24-05.38.05:806][232]LogModuleManager: Shutting down and abandoning module WindowsTargetPlatform (24)
[2015.04.24-05.38.05:807][232]LogModuleManager: Shutting down and abandoning module WindowsServerTargetPlatform (23)
[2015.04.24-05.38.05:807][232]LogModuleManager: Shutting down and abandoning module WindowsNoEditorTargetPlatform (22)
[2015.04.24-05.38.05:807][232]LogModuleManager: Shutting down and abandoning module WindowsClientTargetPlatform (21)
[2015.04.24-05.38.05:807][232]LogModuleManager: Shutting down and abandoning module TargetPlatform (20)
[2015.04.24-05.38.05:807][232]LogModuleManager: Shutting down and abandoning module InputCore (19)
[2015.04.24-05.38.05:807][232]LogModuleManager: Shutting down and abandoning module Settings (18)
[2015.04.24-05.38.05:807][232]LogModuleManager: Shutting down and abandoning module OnlineSubsystem (16)
[2015.04.24-05.38.05:807][232]LogModuleManager: Shutting down and abandoning module OculusRift (15)
[2015.04.24-05.38.05:807][232]LogModuleManager: Shutting down and abandoning module ExampleDeviceProfileSelector (14)
[2015.04.24-05.38.05:807][232]LogModuleManager: Shutting down and abandoning module TextureCompressor (13)
[2015.04.24-05.38.05:807][232]LogModuleManager: Shutting down and abandoning module ShaderCore (12)
[2015.04.24-05.38.05:808][232]LogModuleManager: Shutting down and abandoning module Landscape (11)
[2015.04.24-05.38.05:808][232]LogModuleManager: Shutting down and abandoning module SlateRHIRenderer (10)
[2015.04.24-05.38.05:821][232]LogModuleManager: Shutting down and abandoning module OpenGLDrv (9)
[2015.04.24-05.38.05:821][232]LogModuleManager: Shutting down and abandoning module D3D11RHI (8)
[2015.04.24-05.38.05:821][232]LogModuleManager: Shutting down and abandoning module Renderer (7)
[2015.04.24-05.38.05:821][232]LogModuleManager: Shutting down and abandoning module Engine (6)
[2015.04.24-05.38.05:821][232]LogModuleManager: Shutting down and abandoning module CoreUObject (5)
[2015.04.24-05.38.05:821][232]LogModuleManager: Shutting down and abandoning module NetworkFile (4)
[2015.04.24-05.38.05:822][232]LogModuleManager: Shutting down and abandoning module StreamingFile (3)
[2015.04.24-05.38.05:822][232]LogModuleManager: Shutting down and abandoning module SandboxFile (2)
[2015.04.24-05.38.05:822][232]LogModuleManager: Shutting down and abandoning module PakFile (1)
[2015.04.24-05.38.05:824][232]LogExit: Exiting.
[2015.04.24-05.38.05:905][232]Log file closed, 04/23/15 22:38:05
