Log file open, 04/28/15 12:31:17
LogInit:Display: Running engine for game: DeadMeat
LogInit: Version: 4.7.6-2513093+++depot+UE4-Releases+4.7
LogInit: API Version: 2455222
LogInit: Compiled (64-bit): Apr 15 2015 12:09:54
LogInit: Compiled with Visual C++: 18.00.21005.01
LogInit: Build Configuration: Development
LogInit: Branch Name: ++depot+UE4-Releases+4.7
LogInit: Command line: 
LogInit: Base directory: C:/Program Files/Epic Games/4.7/Engine/Binaries/Win64/
LogInit: Rocket: 1
[2015.04.28-19.31.17:941][  0]LogTaskGraph: Started task graph with 3 named threads and 4 total threads.
[2015.04.28-19.31.17:990][  0]LogOnline:Warning: No default platform service specified for OnlineSubsystem
[2015.04.28-19.31.18:016][  0]LogInit: Presizing for 0 objects not considered by GC, pre-allocating 0 bytes.
[2015.04.28-19.31.18:038][  0]LogInit: Object subsystem initialized
[2015.04.28-19.31.18:042][  0]LogConsoleResponse:Warning: Skipping Unknown console variable: 'TranslucentSortAxis = (X=0.000000,Y=-1.000000,Z=0.000000)'
[2015.04.28-19.31.18:042][  0]LogConsoleResponse:Warning:   Found in ini file 'C:/Users/Brian/Documents/GitHub/DeadMeat/Saved/Config/Windows/Engine.ini', in section '[/Script/Engine.RendererSettings]'
[2015.04.28-19.31.18:042][  0]LogConsoleResponse:Warning: Skipping Unknown console variable: 'UIScaleRule = ShortestSide'
[2015.04.28-19.31.18:042][  0]LogConsoleResponse:Warning:   Found in ini file 'C:/Users/Brian/Documents/GitHub/DeadMeat/Saved/Config/Windows/Engine.ini', in section '[/Script/Engine.RendererSettings]'
[2015.04.28-19.31.18:042][  0]LogConsoleResponse:Warning: Skipping Unknown console variable: 'UIScaleCurve = (EditorCurveData=(Keys=),ExternalCurve=None)'
[2015.04.28-19.31.18:042][  0]LogConsoleResponse:Warning:   Found in ini file 'C:/Users/Brian/Documents/GitHub/DeadMeat/Saved/Config/Windows/Engine.ini', in section '[/Script/Engine.RendererSettings]'
[2015.04.28-19.31.18:043][  0]LogInit: Selected Device Profile: [Windows]
[2015.04.28-19.31.18:043][  0]LogInit: Applying CVar settings loaded from the selected device profile: [Windows]
[2015.04.28-19.31.18:056][  0]LogInit: Computer: TURBO
[2015.04.28-19.31.18:056][  0]LogInit: User: Brian
[2015.04.28-19.31.18:056][  0]LogInit: CPU Page size=4096, Cores=2
[2015.04.28-19.31.18:056][  0]LogInit: High frequency timer resolution =2.078129 MHz
[2015.04.28-19.31.18:057][  0]LogMemory: Memory total: Physical=3.9GB (4GB approx) Virtual=131072.0GB
[2015.04.28-19.31.18:057][  0]LogMemory: Platform Memory Stats for Windows
[2015.04.28-19.31.18:057][  0]LogMemory: Process Physical Memory: 45.99 MB used, 45.99 MB peak
[2015.04.28-19.31.18:057][  0]LogMemory: Process Virtual Memory: 26.38 MB used, 26.38 MB peak
[2015.04.28-19.31.18:057][  0]LogMemory: Physical Memory: 2116.73 MB used, 4014.09 MB total
[2015.04.28-19.31.18:057][  0]LogMemory: Virtual Memory: 296.94 MB used, 134217728.00 MB total
[2015.04.28-19.31.18:146][  0]LogD3D11RHI: Found D3D11 adapter 0: NVIDIA GeForce 310M  (Feature Level 10_0)
[2015.04.28-19.31.18:146][  0]LogD3D11RHI: Adapter has 219MB of dedicated video memory, 0MB of dedicated system memory, and 2007MB of shared system memory, 1 output[s]
[2015.04.28-19.31.18:148][  0]LogD3D11RHI: Found D3D11 adapter 1: Microsoft Basic Render Driver (Feature Level 11_0)
[2015.04.28-19.31.18:148][  0]LogD3D11RHI: Adapter has 0MB of dedicated video memory, 0MB of dedicated system memory, and 256MB of shared system memory, 0 output[s]
[2015.04.28-19.31.18:148][  0]LogD3D11RHI: Chosen D3D11 Adapter Id = 0
[2015.04.28-19.31.18:157][  0]LogRHI: Texture pool is 153 MB (70% of 219 MB)
[2015.04.28-19.31.18:209][  0]LogD3D11RHI: Async texture creation enabled
[2015.04.28-19.31.18:290][  0]LogTextLocalizationManager: The requested culture ('en_US') has no localization data; parent culture's ('en') localization data will be used.
[2015.04.28-19.31.18:421][  0]LogTextLocalizationManager:Warning: Loading localization resources contain conflicting entries for (Namespace:UICommands, Key:Save_ToolTip):
Resource: (C:/Program Files/Epic Games/4.7/Engine/Content/Localization/Editor/en/Editor.locres) Hash: (-29098895) String: (Saves the current level to disk)
Resource: (C:/Program Files/Epic Games/4.7/Engine/Content/Localization/Engine/en/Engine.locres) Hash: (-1280300587) String: (Save selected data to vlog file)
[2015.04.28-19.31.18:422][  0]LogTextLocalizationManager:Warning: Loading localization resources contain conflicting entries for (Namespace:ContentBrowser, Key:ImportAssetToolTip):
Resource: (C:/Program Files/Epic Games/4.7/Engine/Content/Localization/Editor/en/Editor.locres) Hash: (-630476809) String: (Import to {0}...)
Resource: (C:/Program Files/Epic Games/4.7/Engine/Content/Localization/Editor/en/Editor.locres) Hash: (1271782899) String: (Imports an asset from file to this folder.)
[2015.04.28-19.31.18:576][  0]LogContentStreaming: Texture pool size is 0.000000MB
[2015.04.28-19.31.23:107][  0]LogTargetPlatformManager:Display: Building Assets For Windows
[2015.04.28-19.31.24:126][  0]LogTargetPlatformManager:Display: Building Assets For Windows
[2015.04.28-19.31.24:254][  0]LogDerivedDataCache:Display: Max Cache Size: 512 MB
[2015.04.28-19.31.24:345][  0]LogDerivedDataCache: Loaded boot cache 0.09s 36MB C:/Users/Brian/AppData/Local/UnrealEngine/4.7/DerivedDataCache/Boot.ddc.
[2015.04.28-19.31.24:345][  0]LogDerivedDataCache:Display: Loaded Boot cache: C:/Users/Brian/AppData/Local/UnrealEngine/4.7/DerivedDataCache/Boot.ddc
[2015.04.28-19.31.24:346][  0]LogDerivedDataCache: FDerivedDataBackendGraph:  Pak pak cache file ../../../../../../Users/Brian/Documents/GitHub/DeadMeat/DerivedDataCache/DDC.ddp not found, will not use a pak cache.
[2015.04.28-19.31.24:346][  0]LogDerivedDataCache: Unable to find inner node Pak for hierarchical cache Hierarchy.
[2015.04.28-19.31.24:561][  0]LogDerivedDataCache:Display: Pak cache opened for reading ../../../Engine/DerivedDataCache/Compressed.ddp.
[2015.04.28-19.31.24:574][  0]LogDerivedDataCache: Using Local data cache path C:/Users/Brian/AppData/Local/UnrealEngine/Common/DerivedDataCache: Writable
[2015.04.28-19.31.25:204][  0]LogMeshUtilities: No automatic mesh reduction module available
[2015.04.28-19.31.25:204][  0]LogMeshUtilities: No automatic mesh merging module available
[2015.04.28-19.31.26:029][  0]LogInit: WinSock: version 1.1 (2.2), MaxSocks=32767, MaxUdp=65467
[2015.04.28-19.31.26:177][  0]LogSlate:Warning: Failed to load font data from '../../../Engine/Content/Slate/Fonts/Roboto-Italic.ttf'
[2015.04.28-19.31.27:827][  0]UdpMessaging: Initializing bridge on interface 0.0.0.0:0 to multicast group 230.0.0.1:6666.
[2015.04.28-19.31.28:213][  0]SourceControl: Info Source control is disabled
[2015.04.28-19.31.28:213][  0]SourceControl: Info Source control is disabled
[2015.04.28-19.31.28:213][  0]SourceControl: Info Source control is disabled
[2015.04.28-19.31.28:213][  0]LogSourceControl: RunCommandInternalRaw: 'git version'
[2015.04.28-19.31.28:213][  0]LogSourceControl: RunCommandInternalRaw: ExecProcess ReturnCode=2 OutResults=''
[2015.04.28-19.31.28:239][  0]SourceControl: Info Source control is disabled
[2015.04.28-19.31.28:618][  0]LogObj: 24232 objects as part of root set at end of initial load.
[2015.04.28-19.31.28:618][  0]LogUObjectAllocator: 5137176 out of 0 bytes used by permanent object pool.
[2015.04.28-19.31.28:769][  0]LogEngine: Initializing Engine...
[2015.04.28-19.31.31:063][  0]LogInit: XAudio2 using 'Speaker/HP (Realtek High Definition Audio)' : 2 channels at 44.1 kHz using 16 bits per sample (channel mask 0x3)
[2015.04.28-19.31.31:139][  0]LogInit: FAudioDevice initialized.
[2015.04.28-19.31.31:209][  0]LogAIModule: Creating AISystem for world NewWorld
[2015.04.28-19.31.31:247][  0]LogDerivedDataCache: Saved boot cache 0.04s 36MB C:/Users/Brian/AppData/Local/UnrealEngine/4.7/DerivedDataCache/Boot.ddc.
[2015.04.28-19.31.31:259][  0]LogInit: Texture streaming: Enabled
[2015.04.28-19.31.31:443][  0]LogAnalytics: Creating configured Analytics provider AnalyticsET
[2015.04.28-19.31.31:443][  0]LogAnalytics: ET APIKey = Rocket.Release. APIServer = http://et2.epicgames.com/ET2/. AppVersion = 4.7.6-2513093+++depot+UE4-Releases+4.7
[2015.04.28-19.31.31:443][  0]LogAnalytics: ET APIKey = Rocket.Release. DataRouterUploadURL = https://datarouter-public-service-gamedev.ol.epicgames.net/datarouter/api/v1/public/data. AppVersion = 4.7.6-2513093+++depot+UE4-Releases+4.7
[2015.04.28-19.31.31:443][  0]LogAnalytics: SetUserId 039035e14c8e9d220e59148d5877f05f|e8656d09852647b49881f0a48450bd87|f3584a5b-a23b-47d4-85f5-cd2f8323e8ab
[2015.04.28-19.31.31:444][  0]LogAnalytics: AnalyticsET::StartSession [Rocket.Release]
[2015.04.28-19.31.31:490][  0]LogInit: Transaction tracking system initialized
[2015.04.28-19.31.31:824][  0]BlueprintLog: New page: Editor Load
[2015.04.28-19.31.31:882][  0]LogAssetRegistry: FAssetRegistry took 0.0107 seconds to start up
[2015.04.28-19.31.31:883][  0]LogDirectoryWatcher:Warning: Failed to begin reading directory changes for ../../../Engine/Plugins/Experimental/CharacterAI/Content/. Error: 0
[2015.04.28-19.31.32:974][  0]LogTargetPlatformManager:Display: Building Assets For Windows
[2015.04.28-19.31.33:719][  0]LogTargetPlatformManager:Display: Building Assets For Windows
[2015.04.28-19.31.34:207][  0]LogSlate:Warning: Failed to load font data from '../../../Engine/Content/Editor/Slate/Fonts/Roboto-Regular.ttf'
[2015.04.28-19.31.34:208][  0]LogSlate:Warning: Failed to load font data from '../../../Engine/Content/Editor/Slate/Fonts/Roboto-Bold.ttf'
[2015.04.28-19.31.34:398][  0]LogConsoleResponse:Display: 
[2015.04.28-19.31.34:933][  0]LogCook:Display: Done creating registry. It took  0.00s.
[2015.04.28-19.31.35:572][  0]SourceControl: Info Source control is disabled
[2015.04.28-19.31.35:572][  0]Cmd: MAP LOAD FILE="../../../../../../Users/Brian/Documents/GitHub/DeadMeat/Content/FirstPersonBP/Maps/FirstPersonExampleMap.umap" TEMPLATE=0 SHOWPROGRESS=1 FEATURELEVEL=2
[2015.04.28-19.31.35:584][  0]LightingResults: New page: Lighting Build
[2015.04.28-19.31.35:610][  0]MapCheck: New page: Map Check
[2015.04.28-19.31.35:610][  0]LightingResults: New page: Lighting Build
[2015.04.28-19.31.35:639][  0]LogParticles: Destroying 0 GPU particle simulations for FXSystem 0x00000051A7B17060
[2015.04.28-19.31.35:804][  0]LogLinker:Warning: Asset '../../../Engine/Content/EngineMeshes/Humanoid.uasset' has been saved with empty engine version. The asset will be loaded but may be incompatible.
[2015.04.28-19.31.40:997][  0]LogAudioDerivedData:Display: Building compressed audio format OGG wave FirstPerson_WeaponFire...
[2015.04.28-19.31.42:155][  0]LogMaterial: Missing cached shader map for material CubeMaterial, compiling. 
[2015.04.28-19.31.43:300][  0]LogTexture:Display: Building textures: HQ_Lightmap0_1 (AutoDXT)
[2015.04.28-19.31.54:355][  0]LogTexture:Display: Building textures: HQ_Lightmap0_2 (AutoDXT)
[2015.04.28-19.31.57:387][  0]LogTexture:Display: Building textures: HQ_Lightmap0_3 (AutoDXT)
[2015.04.28-19.31.59:911][  0]LogTexture:Display: Building textures: HQ_Lightmap0_4 (AutoDXT)
[2015.04.28-19.32.02:623][  0]LogTexture:Display: Building textures: HQ_Lightmap0_5 (AutoDXT)
[2015.04.28-19.32.05:427][  0]LogTexture:Display: Building textures: HQ_Lightmap0_6 (AutoDXT)
[2015.04.28-19.32.08:045][  0]LogTexture:Display: Building textures: HQ_Lightmap0_7 (AutoDXT)
[2015.04.28-19.32.10:049][  0]LogTexture:Display: Building textures: HQ_Lightmap0_8 (AutoDXT)
[2015.04.28-19.32.10:142][  0]LogTexture:Display: Building textures: LQ_Lightmap_0_2 (DXT1)
[2015.04.28-19.32.10:926][  0]LogTexture:Display: Building textures: LQ_Lightmap_0_3 (DXT1)
[2015.04.28-19.32.11:529][  0]LogTexture:Display: Building textures: LQ_Lightmap_0_4 (DXT1)
[2015.04.28-19.32.12:119][  0]LogTexture:Display: Building textures: LQ_Lightmap_0_5 (DXT1)
[2015.04.28-19.32.12:815][  0]LogTexture:Display: Building textures: LQ_Lightmap_0_6 (DXT1)
[2015.04.28-19.32.13:525][  0]LogTexture:Display: Building textures: LQ_Lightmap_0_7 (DXT1)
[2015.04.28-19.32.14:004][  0]LogTexture:Display: Building textures: LQ_Lightmap_0_8 (DXT1)
[2015.04.28-19.32.14:375][  0]LogTexture:Display: Building textures: LQ_Lightmap_1_1 (DXT1)
[2015.04.28-19.32.16:979][  0]LogTexture:Display: Building textures: ShadowMapTexture2D_0 (BGRA8)
[2015.04.28-19.32.17:973][  0]LogTexture:Display: Building textures: ShadowMapTexture2D_1 (BGRA8)
[2015.04.28-19.32.18:241][  0]LogTexture:Display: Building textures: ShadowMapTexture2D_2 (BGRA8)
[2015.04.28-19.32.18:511][  0]LogTexture:Display: Building textures: ShadowMapTexture2D_3 (BGRA8)
[2015.04.28-19.32.18:760][  0]LogTexture:Display: Building textures: ShadowMapTexture2D_4 (BGRA8)
[2015.04.28-19.32.19:007][  0]LogTexture:Display: Building textures: ShadowMapTexture2D_5 (BGRA8)
[2015.04.28-19.32.19:302][  0]LogTexture:Display: Building textures: ShadowMapTexture2D_6 (BGRA8)
[2015.04.28-19.32.19:497][  0]LogTexture:Display: Building textures: ShadowMapTexture2D_7 (BGRA8)
[2015.04.28-19.32.21:405][  0]LogEditorServer: Finished looking for orphan Actors (0.000 secs)
[2015.04.28-19.32.21:429][  0]LogAIModule: Creating AISystem for world FirstPersonExampleMap
[2015.04.28-19.32.21:430][  0]Cmd: MAP CHECKDEP
[2015.04.28-19.32.21:430][  0]MapCheck: New page: FirstPersonExampleMap - Apr 28, 2015, 5:32:21 AM
[2015.04.28-19.32.22:241][  0]MapCheck: Info Map check complete: 0 Error(s), 0 Warning(s), took 810.133ms to complete.
[2015.04.28-19.32.22:241][  0]LogFileHelpers: Loading map 'FirstPersonExampleMap' took 46.669
[2015.04.28-19.32.24:098][  0]LogCollectionManager: Loaded 0 collections in 0.006231 seconds
[2015.04.28-19.32.24:697][  0]LogContentBrowser: Native class hierarchy populated in 0.5864 seconds. Added 1696 classes and 261 folders.
[2015.04.28-19.32.25:308][  0]LogContentBrowser: Native class hierarchy updated for 'SceneOutliner' in 0.0046 seconds. Added 1 classes and 2 folders.
[2015.04.28-19.32.26:831][  0]LogCrashTracker: Crashtracker disabled due to settings.
[2015.04.28-19.32.27:290][  0]LogSlate:Warning: Failed to load font data from 'Veranda'
[2015.04.28-19.32.27:473][  0]LogUObjectGlobals:Warning: Failed to find object 'Class None.'
[2015.04.28-19.32.27:582][  0]LogLoad: Full Startup: 72.21 seconds (BP compile: 1.86 seconds)
[2015.04.28-19.32.27:669][  0]LogContentBrowser:Verbose: The content browser source was changed by the sources view to '/Game/FirstPersonBP'
[2015.04.28-19.32.29:407][  0]LogRenderer:Warning: Reallocating scene render targets to support 856x376 (Frame:2).
[2015.04.28-19.32.32:165][ 11]LogAssetRegistry: Asset discovery search completed in 60.2951 seconds
[2015.04.28-19.33.29:148][228]LogEditorViewport: Clicking on Actor (context menu): StaticMeshActor (Wall1)
[2015.04.28-19.33.42:521][473]LogEditorViewport: Clicking on Actor (LMB): StaticMeshActor (Wall8)
[2015.04.28-19.34.43:980][825]LogContentBrowser:Verbose: The content browser source was changed by the sources view to '/Game'
[2015.04.28-19.36.47:303][146]LogEditorViewport: Clicking on Actor (LMB): FirstPersonCharacter_C (FirstPersonCharacter)
[2015.04.28-19.39.03:492][ 17]LogTexture:Display: Building textures: FirstPersonCrosshair (AutoDXT)
[2015.04.28-19.59.40:392][989]LogHttp:Warning: Timeout processing Http request. 000000519F5CA5C0 url=http://et2.epicgames.com/ET2/CollectData.1?SessionID=%7BB621F7F4-41A3-E26B-B4C9-BCA9EE2C70B8%7D&AppID=Rocket.Release&AppVersion=4.7.6-2513093%2B%2B%2Bdepot%2BUE4-Releases%2B4.7&UserID=039035e14c8e9d220e59148d5877f05f%7Ce8656d09852647b49881f0a48450bd87%7Cf3584a5b-a23b-47d4-85f5-cd2f8323e8ab&IsEditor=1
[2015.04.28-19.59.40:414][990]LogHttp:Warning: InternetStatusCallbackWinInet: on invalid request 000000519F5CA5C0. 
[2015.04.28-19.59.40:414][990]LogHttp:Warning: InternetStatusCallbackWinInet: on invalid request 000000519F5CA5C0. 
[2015.04.28-19.59.40:414][990]LogHttp:Warning: InternetStatusCallbackWinInet: on invalid request 000000519F5CA5C0. 
[2015.04.28-19.59.40:414][990]LogHttp:Warning: InternetStatusCallbackWinInet: on invalid request 000000519F5CA5C0. 
[2015.04.28-19.59.40:414][990]LogHttp:Warning: InternetStatusCallbackWinInet: on invalid request 000000519F5CA5C0. 
[2015.04.28-19.59.40:414][990]LogHttp:Warning: InternetStatusCallbackWinInet: on invalid request 000000519F5CA5C0. 
[2015.04.28-19.59.44:595][ 65]LogActorComponent: UnregisterComponent: (/Engine/Transient.CharMoveComp) Not registered. Aborting.
[2015.04.28-19.59.44:595][ 65]LogActorComponent: UnregisterComponent: (/Engine/Transient.ProjectileMovementComponent_40__A6522401) Not registered. Aborting.
[2015.04.28-19.59.46:106][ 66]Cmd: QUIT_EDITOR
[2015.04.28-19.59.46:563][ 66]LogExit: Preparing to exit.
[2015.04.28-19.59.47:606][ 66]LogExit: Editor shut down
[2015.04.28-19.59.47:606][ 66]LogExit: Transaction tracking system shut down
[2015.04.28-19.59.47:608][ 66]LogParticles: Destroying 0 GPU particle simulations for FXSystem 0x00000051A1EEC7C0
[2015.04.28-19.59.47:610][ 66]LogParticles: Destroying 0 GPU particle simulations for FXSystem 0x00000051C7720FE0
[2015.04.28-19.59.48:133][ 66]LogParticles: Destroying 0 GPU particle simulations for FXSystem 0x00000051C78EA020
[2015.04.28-19.59.48:133][ 66]LogParticles: Destroying 0 GPU particle simulations for FXSystem 0x00000051C78EB740
[2015.04.28-19.59.48:133][ 66]LogParticles: Destroying 0 GPU particle simulations for FXSystem 0x00000051A1562E80
[2015.04.28-19.59.48:133][ 66]LogExit: Object subsystem successfully closed.
[2015.04.28-19.59.48:371][ 66]LogModuleManager: Shutting down and abandoning module CrashTracker (177)
[2015.04.28-19.59.48:371][ 66]LogModuleManager: Shutting down and abandoning module SuperSearch (176)
[2015.04.28-19.59.48:371][ 66]LogModuleManager: Shutting down and abandoning module SceneOutliner (175)
[2015.04.28-19.59.48:387][ 66]LogModuleManager: Shutting down and abandoning module EditorWidgets (174)
[2015.04.28-19.59.48:387][ 66]LogModuleManager: Shutting down and abandoning module CollectionManager (173)
[2015.04.28-19.59.48:406][ 66]LogModuleManager: Shutting down and abandoning module StatsViewer (172)
[2015.04.28-19.59.48:406][ 66]LogModuleManager: Shutting down and abandoning module FoliageEdit (171)
[2015.04.28-19.59.48:406][ 66]LogModuleManager: Shutting down and abandoning module LandscapeEditor (170)
[2015.04.28-19.59.48:406][ 66]LogModuleManager: Shutting down and abandoning module MeshPaint (169)
[2015.04.28-19.59.48:406][ 66]LogModuleManager: Shutting down and abandoning module ActorPickerMode (168)
[2015.04.28-19.59.48:406][ 66]LogModuleManager: Shutting down and abandoning module GeometryMode (167)
[2015.04.28-19.59.48:406][ 66]LogModuleManager: Shutting down and abandoning module TextureAlignMode (166)
[2015.04.28-19.59.48:406][ 66]LogModuleManager: Shutting down and abandoning module BspMode (165)
[2015.04.28-19.59.48:406][ 66]LogModuleManager: Shutting down and abandoning module PlacementMode (164)
[2015.04.28-19.59.48:406][ 66]LogModuleManager: Shutting down and abandoning module AutomationWorker (163)
[2015.04.28-19.59.48:406][ 66]LogModuleManager: Shutting down and abandoning module CharacterAI (162)
[2015.04.28-19.59.48:406][ 66]LogModuleManager: Shutting down and abandoning module SmartSnapping (161)
[2015.04.28-19.59.48:406][ 66]LogModuleManager: Shutting down and abandoning module ViewportSnapping (160)
[2015.04.28-19.59.48:406][ 66]LogModuleManager: Shutting down and abandoning module LogVisualizer (159)
[2015.04.28-19.59.48:407][ 66]LogModuleManager: Shutting down and abandoning module GameProjectGeneration (158)
[2015.04.28-19.59.48:407][ 66]LogModuleManager: Shutting down and abandoning module IntroTutorials (157)
[2015.04.28-19.59.48:407][ 66]LogModuleManager: Shutting down and abandoning module EditorLiveStreaming (156)
[2015.04.28-19.59.48:407][ 66]LogModuleManager: Shutting down and abandoning module HardwareTargeting (155)
[2015.04.28-19.59.48:407][ 66]LogModuleManager: Shutting down and abandoning module DeviceProfileEditor (154)
[2015.04.28-19.59.48:407][ 66]LogModuleManager: Shutting down and abandoning module UndoHistory (153)
[2015.04.28-19.59.48:407][ 66]LogModuleManager: Shutting down and abandoning module GameplayTagsEditor (152)
[2015.04.28-19.59.48:407][ 66]LogModuleManager: Shutting down and abandoning module UserFeedback (151)
[2015.04.28-19.59.48:407][ 66]LogModuleManager: Shutting down and abandoning module XmlParser (150)
[2015.04.28-19.59.48:407][ 66]LogModuleManager: Shutting down and abandoning module Blutility (149)
[2015.04.28-19.59.48:407][ 66]LogModuleManager: Shutting down and abandoning module IOSPlatformEditor (148)
[2015.04.28-19.59.48:407][ 66]LogModuleManager: Shutting down and abandoning module IOSRuntimeSettings (147)
[2015.04.28-19.59.48:408][ 66]LogModuleManager: Shutting down and abandoning module AndroidDeviceDetection (146)
[2015.04.28-19.59.49:345][ 66]LogModuleManager: Shutting down and abandoning module AndroidPlatformEditor (145)
[2015.04.28-19.59.49:345][ 66]LogModuleManager: Shutting down and abandoning module AndroidRuntimeSettings (144)
[2015.04.28-19.59.49:345][ 66]LogModuleManager: Shutting down and abandoning module ProjectTargetPlatformEditor (143)
[2015.04.28-19.59.49:345][ 66]LogModuleManager: Shutting down and abandoning module ProjectSettingsViewer (142)
[2015.04.28-19.59.49:345][ 66]LogModuleManager: Shutting down and abandoning module InputBindingEditor (141)
[2015.04.28-19.59.49:346][ 66]LogModuleManager: Shutting down and abandoning module EditorSettingsViewer (140)
[2015.04.28-19.59.49:346][ 66]LogModuleManager: Shutting down and abandoning module SettingsEditor (139)
[2015.04.28-19.59.49:346][ 66]LogModuleManager: Shutting down and abandoning module ProjectLauncher (138)
[2015.04.28-19.59.49:346][ 66]LogModuleManager: Shutting down and abandoning module SessionFrontend (137)
[2015.04.28-19.59.49:346][ 66]LogModuleManager: Shutting down and abandoning module ProfilerClient (136)
[2015.04.28-19.59.49:346][ 66]LogModuleManager: Shutting down and abandoning module TargetDeviceServices (135)
[2015.04.28-19.59.49:346][ 66]LogModuleManager: Shutting down and abandoning module DeviceManager (134)
[2015.04.28-19.59.49:346][ 66]LogModuleManager: Shutting down and abandoning module AutomationController (133)
[2015.04.28-19.59.49:346][ 66]LogModuleManager: Shutting down and abandoning module AutomationWindow (132)
[2015.04.28-19.59.49:346][ 66]LogModuleManager: Shutting down and abandoning module Layers (131)
[2015.04.28-19.59.49:346][ 66]LogModuleManager: Shutting down and abandoning module ComponentVisualizers (130)
[2015.04.28-19.59.49:346][ 66]LogModuleManager: Shutting down and abandoning module DetailCustomizations (129)
[2015.04.28-19.59.49:346][ 66]LogModuleManager: Shutting down and abandoning module PackagesDialog (128)
[2015.04.28-19.59.49:346][ 66]LogModuleManager: Shutting down and abandoning module AssetRegistry (127)
[2015.04.28-19.59.49:413][ 66]LogModuleManager: Shutting down and abandoning module Persona (126)
[2015.04.28-19.59.49:413][ 66]LogModuleManager: Shutting down and abandoning module SlateReflector (125)
[2015.04.28-19.59.49:413][ 66]LogModuleManager: Shutting down and abandoning module LevelEditor (124)
[2015.04.28-19.59.49:414][ 66]LogModuleManager: Shutting down and abandoning module Kismet (123)
[2015.04.28-19.59.49:414][ 66]LogModuleManager: Shutting down and abandoning module GraphEditor (122)
[2015.04.28-19.59.49:414][ 66]LogModuleManager: Shutting down and abandoning module ClassViewer (121)
[2015.04.28-19.59.49:414][ 66]LogModuleManager: Shutting down and abandoning module Toolbox (120)
[2015.04.28-19.59.49:414][ 66]LogModuleManager: Shutting down and abandoning module ModuleUI (119)
[2015.04.28-19.59.49:414][ 66]LogModuleManager: Shutting down and abandoning module MovieSceneTools (118)
[2015.04.28-19.59.49:414][ 66]LogModuleManager: Shutting down and abandoning module OutputLog (117)
[2015.04.28-19.59.49:415][ 66]LogModuleManager: Shutting down and abandoning module GammaUI (116)
[2015.04.28-19.59.49:415][ 66]LogModuleManager: Shutting down and abandoning module Documentation (115)
[2015.04.28-19.59.49:415][ 66]LogModuleManager: Shutting down and abandoning module GameLiveStreaming (114)
[2015.04.28-19.59.49:415][ 66]LogModuleManager: Shutting down and abandoning module StreamingPauseRendering (113)
[2015.04.28-19.59.49:415][ 66]LogModuleManager: Shutting down and abandoning module HTTP (112)
[2015.04.28-19.59.49:415][ 66]LogModuleManager: Shutting down and abandoning module AnalyticsET (111)
[2015.04.28-19.59.49:415][ 66]LogModuleManager: Shutting down and abandoning module Analytics (110)
[2015.04.28-19.59.49:415][ 66]LogModuleManager: Shutting down and abandoning module AITestSuite (109)
[2015.04.28-19.59.49:415][ 66]LogModuleManager: Shutting down and abandoning module GameplayDebugger (108)
[2015.04.28-19.59.49:415][ 66]LogModuleManager: Shutting down and abandoning module AIModule (107)
[2015.04.28-19.59.49:415][ 66]LogModuleManager: Shutting down and abandoning module ProfilerService (106)
[2015.04.28-19.59.49:469][ 66]LogModuleManager: Shutting down and abandoning module TaskGraph (105)
[2015.04.28-19.59.49:469][ 66]LogModuleManager: Shutting down and abandoning module SlateRemote (104)
[2015.04.28-19.59.49:469][ 66]LogModuleManager: Shutting down and abandoning module ScriptEditorPlugin (103)
[2015.04.28-19.59.49:469][ 66]LogModuleManager: Shutting down and abandoning module CustomMeshComponent (102)
[2015.04.28-19.59.49:469][ 66]LogModuleManager: Shutting down and abandoning module CableComponent (101)
[2015.04.28-19.59.49:469][ 66]LogModuleManager: Shutting down and abandoning module MessagingDebugger (100)
[2015.04.28-19.59.49:469][ 66]LogModuleManager: Shutting down and abandoning module MediaPlayerEditor (99)
[2015.04.28-19.59.49:469][ 66]LogModuleManager: Shutting down and abandoning module SpeedTreeImporter (98)
[2015.04.28-19.59.49:469][ 66]LogModuleManager: Shutting down and abandoning module PluginsEditor (97)
[2015.04.28-19.59.49:469][ 66]LogModuleManager: Shutting down and abandoning module MainFrame (96)
[2015.04.28-19.59.49:469][ 66]LogModuleManager: Shutting down and abandoning module EpicSurvey (95)
[2015.04.28-19.59.49:483][ 66]LogModuleManager: Shutting down and abandoning module DesktopPlatform (94)
[2015.04.28-19.59.49:483][ 66]LogModuleManager: Shutting down and abandoning module DirectoryWatcher (93)
[2015.04.28-19.59.49:485][ 66]LogModuleManager: Shutting down and abandoning module HotReload (92)
[2015.04.28-19.59.49:485][ 66]LogModuleManager: Shutting down and abandoning module VisualStudioSourceCodeAccess (91)
[2015.04.28-19.59.49:485][ 66]LogModuleManager: Shutting down and abandoning module UObjectPlugin (90)
[2015.04.28-19.59.49:485][ 66]LogModuleManager: Shutting down and abandoning module SubversionSourceControl (89)
[2015.04.28-19.59.49:485][ 66]LogModuleManager: Shutting down and abandoning module PerforceSourceControl (88)
[2015.04.28-19.59.49:485][ 66]LogModuleManager: Shutting down and abandoning module SourceControl (87)
[2015.04.28-19.59.49:485][ 66]LogModuleManager: Shutting down and abandoning module GitSourceControl (86)
[2015.04.28-19.59.49:485][ 66]LogModuleManager: Shutting down and abandoning module BlankPlugin (85)
[2015.04.28-19.59.49:485][ 66]LogModuleManager: Shutting down and abandoning module PaperTiledImporter (84)
[2015.04.28-19.59.49:485][ 66]LogModuleManager: Shutting down and abandoning module PaperJsonImporter (83)
[2015.04.28-19.59.49:485][ 66]LogModuleManager: Shutting down and abandoning module ContentBrowser (82)
[2015.04.28-19.59.49:487][ 66]LogModuleManager: Shutting down and abandoning module Paper2DEditor (81)
[2015.04.28-19.59.49:487][ 66]LogModuleManager: Shutting down and abandoning module ScriptPlugin (80)
[2015.04.28-19.59.49:487][ 66]LogModuleManager: Shutting down and abandoning module UdpMessaging (79)
[2015.04.28-19.59.49:588][ 66]LogModuleManager: Shutting down and abandoning module Paper2D (78)
[2015.04.28-19.59.49:588][ 66]LogModuleManager: Shutting down and abandoning module WindowsMoviePlayer (77)
[2015.04.28-19.59.49:594][ 66]LogModuleManager: Shutting down and abandoning module Media (76)
[2015.04.28-19.59.49:594][ 66]LogModuleManager: Shutting down and abandoning module WmfMedia (75)
[2015.04.28-19.59.49:594][ 66]LogModuleManager: Shutting down and abandoning module OnlineBlueprintSupport (74)
[2015.04.28-19.59.49:594][ 66]LogModuleManager: Shutting down and abandoning module PropertyEditor (73)
[2015.04.28-19.59.49:594][ 66]LogModuleManager: Shutting down and abandoning module BehaviorTreeEditor (72)
[2015.04.28-19.59.49:594][ 66]LogModuleManager: Shutting down and abandoning module FunctionalTesting (71)
[2015.04.28-19.59.49:595][ 66]LogModuleManager: Shutting down and abandoning module CollisionAnalyzer (70)
[2015.04.28-19.59.49:595][ 66]LogModuleManager: Shutting down and abandoning module WorkspaceMenuStructure (69)
[2015.04.28-19.59.49:595][ 66]LogModuleManager: Shutting down and abandoning module MessageLog (68)
[2015.04.28-19.59.49:595][ 66]LogModuleManager: Shutting down and abandoning module Sequencer (67)
[2015.04.28-19.59.49:595][ 66]LogModuleManager: Shutting down and abandoning module AssetTools (66)
[2015.04.28-19.59.49:595][ 66]LogModuleManager: Shutting down and abandoning module UMGEditor (65)
[2015.04.28-19.59.49:595][ 66]LogModuleManager: Shutting down and abandoning module UMG (64)
[2015.04.28-19.59.49:595][ 66]LogModuleManager: Shutting down and abandoning module Slate (63)
[2015.04.28-19.59.49:595][ 66]LogModuleManager: Shutting down and abandoning module EditorStyle (62)
[2015.04.28-19.59.49:609][ 66]LogModuleManager: Shutting down and abandoning module SessionServices (61)
[2015.04.28-19.59.49:609][ 66]LogModuleManager: Shutting down and abandoning module SourceCodeAccess (60)
[2015.04.28-19.59.49:609][ 66]LogModuleManager: Shutting down and abandoning module HeadMountedDisplay (59)
[2015.04.28-19.59.49:609][ 66]LogModuleManager: Shutting down and abandoning module XAudio2 (58)
[2015.04.28-19.59.49:609][ 66]LogModuleManager: Shutting down and abandoning module Networking (56)
[2015.04.28-19.59.49:609][ 66]LogModuleManager: Shutting down and abandoning module Core (55)
[2015.04.28-19.59.49:609][ 66]LogModuleManager: Shutting down and abandoning module KismetCompiler (54)
[2015.04.28-19.59.49:609][ 66]LogModuleManager: Shutting down and abandoning module PhysXFormats (53)
[2015.04.28-19.59.49:609][ 66]LogModuleManager: Shutting down and abandoning module MeshUtilities (52)
[2015.04.28-19.59.49:610][ 66]LogModuleManager: Shutting down and abandoning module DerivedDataCache (51)
[2015.04.28-19.59.49:653][ 66]LogDerivedDataCache: Shutdown
[2015.04.28-19.59.49:653][ 66]LogModuleManager: Shutting down and abandoning module ShaderFormatOpenGL (50)
[2015.04.28-19.59.49:653][ 66]LogModuleManager: Shutting down and abandoning module ShaderFormatD3D (49)
[2015.04.28-19.59.49:653][ 66]LogModuleManager: Shutting down and abandoning module MetalShaderFormat (48)
[2015.04.28-19.59.49:653][ 66]LogModuleManager: Shutting down and abandoning module TextureFormatUncompressed (47)
[2015.04.28-19.59.49:653][ 66]LogModuleManager: Shutting down and abandoning module TextureFormatPVR (46)
[2015.04.28-19.59.49:653][ 66]LogModuleManager: Shutting down and abandoning module TextureFormatIntelISPCTexComp (45)
[2015.04.28-19.59.49:653][ 66]LogModuleManager: Shutting down and abandoning module TextureFormatDXT (44)
[2015.04.28-19.59.49:653][ 66]LogModuleManager: Shutting down and abandoning module ImageWrapper (43)
[2015.04.28-19.59.49:653][ 66]LogModuleManager: Shutting down and abandoning module TextureFormatASTC (42)
[2015.04.28-19.59.49:653][ 66]LogModuleManager: Shutting down and abandoning module TextureFormatAndroid (41)
[2015.04.28-19.59.49:653][ 66]LogModuleManager: Shutting down and abandoning module AudioFormatOpus (40)
[2015.04.28-19.59.49:653][ 66]LogModuleManager: Shutting down and abandoning module AudioFormatOgg (39)
[2015.04.28-19.59.49:653][ 66]LogModuleManager: Shutting down and abandoning module AudioFormatADPCM (38)
[2015.04.28-19.59.49:653][ 66]LogModuleManager: Shutting down and abandoning module LinuxTargetPlatform (37)
[2015.04.28-19.59.49:654][ 66]LogModuleManager: Shutting down and abandoning module LinuxServerTargetPlatform (36)
[2015.04.28-19.59.49:654][ 66]LogModuleManager: Shutting down and abandoning module LinuxNoEditorTargetPlatform (35)
[2015.04.28-19.59.49:654][ 66]LogModuleManager: Shutting down and abandoning module Messaging (34)
[2015.04.28-19.59.49:654][ 66]LogModuleManager: Shutting down and abandoning module IOSTargetPlatform (33)
[2015.04.28-19.59.49:654][ 66]LogModuleManager: Shutting down and abandoning module HTML5TargetPlatform (32)
[2015.04.28-19.59.49:654][ 66]LogModuleManager: Shutting down and abandoning module Android_PVRTCTargetPlatform (31)
[2015.04.28-19.59.49:654][ 66]LogModuleManager: Shutting down and abandoning module Android_ETC2TargetPlatform (30)
[2015.04.28-19.59.49:654][ 66]LogModuleManager: Shutting down and abandoning module Android_ETC1TargetPlatform (29)
[2015.04.28-19.59.49:654][ 66]LogModuleManager: Shutting down and abandoning module Android_ES31TargetPlatform (28)
[2015.04.28-19.59.49:654][ 66]LogModuleManager: Shutting down and abandoning module Android_DXTTargetPlatform (27)
[2015.04.28-19.59.49:654][ 66]LogModuleManager: Shutting down and abandoning module Android_ATCTargetPlatform (26)
[2015.04.28-19.59.49:654][ 66]LogModuleManager: Shutting down and abandoning module AndroidTargetPlatform (25)
[2015.04.28-19.59.49:654][ 66]LogModuleManager: Shutting down and abandoning module WindowsTargetPlatform (24)
[2015.04.28-19.59.49:654][ 66]LogModuleManager: Shutting down and abandoning module WindowsServerTargetPlatform (23)
[2015.04.28-19.59.49:654][ 66]LogModuleManager: Shutting down and abandoning module WindowsNoEditorTargetPlatform (22)
[2015.04.28-19.59.49:654][ 66]LogModuleManager: Shutting down and abandoning module WindowsClientTargetPlatform (21)
[2015.04.28-19.59.49:654][ 66]LogModuleManager: Shutting down and abandoning module TargetPlatform (20)
[2015.04.28-19.59.49:654][ 66]LogModuleManager: Shutting down and abandoning module InputCore (19)
[2015.04.28-19.59.49:654][ 66]LogModuleManager: Shutting down and abandoning module Settings (18)
[2015.04.28-19.59.49:654][ 66]LogModuleManager: Shutting down and abandoning module OnlineSubsystem (16)
[2015.04.28-19.59.49:654][ 66]LogModuleManager: Shutting down and abandoning module OculusRift (15)
[2015.04.28-19.59.49:654][ 66]LogModuleManager: Shutting down and abandoning module ExampleDeviceProfileSelector (14)
[2015.04.28-19.59.49:654][ 66]LogModuleManager: Shutting down and abandoning module TextureCompressor (13)
[2015.04.28-19.59.49:654][ 66]LogModuleManager: Shutting down and abandoning module ShaderCore (12)
[2015.04.28-19.59.49:654][ 66]LogModuleManager: Shutting down and abandoning module Landscape (11)
[2015.04.28-19.59.49:654][ 66]LogModuleManager: Shutting down and abandoning module SlateRHIRenderer (10)
[2015.04.28-19.59.49:670][ 66]LogModuleManager: Shutting down and abandoning module OpenGLDrv (9)
[2015.04.28-19.59.49:670][ 66]LogModuleManager: Shutting down and abandoning module D3D11RHI (8)
[2015.04.28-19.59.49:670][ 66]LogModuleManager: Shutting down and abandoning module Renderer (7)
[2015.04.28-19.59.49:670][ 66]LogModuleManager: Shutting down and abandoning module Engine (6)
[2015.04.28-19.59.49:670][ 66]LogModuleManager: Shutting down and abandoning module CoreUObject (5)
[2015.04.28-19.59.49:670][ 66]LogModuleManager: Shutting down and abandoning module NetworkFile (4)
[2015.04.28-19.59.49:670][ 66]LogModuleManager: Shutting down and abandoning module StreamingFile (3)
[2015.04.28-19.59.49:670][ 66]LogModuleManager: Shutting down and abandoning module SandboxFile (2)
[2015.04.28-19.59.49:670][ 66]LogModuleManager: Shutting down and abandoning module PakFile (1)
[2015.04.28-19.59.49:671][ 66]LogExit: Exiting.
[2015.04.28-19.59.49:719][ 66]Log file closed, 04/28/15 12:59:49
