Log file open, 04/27/15 10:51:46
LogInit:Display: Running engine for game: DeadMeat
LogInit: Version: 4.7.5-2503383+++depot+UE4-Releases+4.7
LogInit: API Version: 2455222
LogInit: Compiled (64-bit): Apr  6 2015 23:21:51
LogInit: Compiled with Visual C++: 18.00.21005.01
LogInit: Build Configuration: Development
LogInit: Branch Name: ++depot+UE4-Releases+4.7
LogInit: Command line: 
LogInit: Base directory: C:/Program Files/Epic Games/4.7/Engine/Binaries/Win64/
LogInit: Rocket: 1
[2015.04.27-17.51.46:162][  0]LogTaskGraph: Started task graph with 3 named threads and 6 total threads.
[2015.04.27-17.51.46:241][  0]LogOnline:Warning: No default platform service specified for OnlineSubsystem
[2015.04.27-17.51.46:260][  0]LogInit: Presizing for 0 objects not considered by GC, pre-allocating 0 bytes.
[2015.04.27-17.51.46:272][  0]LogInit: Object subsystem initialized
[2015.04.27-17.51.46:274][  0]LogConsoleResponse:Warning: Skipping Unknown console variable: 'TranslucentSortAxis = (X=0.000000,Y=-1.000000,Z=0.000000)'
[2015.04.27-17.51.46:274][  0]LogConsoleResponse:Warning:   Found in ini file 'C:/Users/Flavio/Desktop/DeadMeat/Saved/Config/Windows/Engine.ini', in section '[/Script/Engine.RendererSettings]'
[2015.04.27-17.51.46:274][  0]LogConsoleResponse:Warning: Skipping Unknown console variable: 'UIScaleRule = ShortestSide'
[2015.04.27-17.51.46:274][  0]LogConsoleResponse:Warning:   Found in ini file 'C:/Users/Flavio/Desktop/DeadMeat/Saved/Config/Windows/Engine.ini', in section '[/Script/Engine.RendererSettings]'
[2015.04.27-17.51.46:274][  0]LogConsoleResponse:Warning: Skipping Unknown console variable: 'UIScaleCurve = (EditorCurveData=(Keys=),ExternalCurve=None)'
[2015.04.27-17.51.46:274][  0]LogConsoleResponse:Warning:   Found in ini file 'C:/Users/Flavio/Desktop/DeadMeat/Saved/Config/Windows/Engine.ini', in section '[/Script/Engine.RendererSettings]'
[2015.04.27-17.51.46:274][  0]LogInit: Selected Device Profile: [Windows]
[2015.04.27-17.51.46:274][  0]LogInit: Applying CVar settings loaded from the selected device profile: [Windows]
[2015.04.27-17.51.46:281][  0]LogInit: Computer: FLAVIO
[2015.04.27-17.51.46:281][  0]LogInit: User: Flavio
[2015.04.27-17.51.46:281][  0]LogInit: CPU Page size=4096, Cores=4
[2015.04.27-17.51.46:281][  0]LogInit: High frequency timer resolution =2.143577 MHz
[2015.04.27-17.51.46:281][  0]LogMemory: Memory total: Physical=7.9GB (8GB approx) Virtual=131072.0GB
[2015.04.27-17.51.46:281][  0]LogMemory: Platform Memory Stats for Windows
[2015.04.27-17.51.46:281][  0]LogMemory: Process Physical Memory: 46.72 MB used, 46.72 MB peak
[2015.04.27-17.51.46:282][  0]LogMemory: Process Virtual Memory: 26.90 MB used, 26.90 MB peak
[2015.04.27-17.51.46:282][  0]LogMemory: Physical Memory: 2202.50 MB used, 8086.16 MB total
[2015.04.27-17.51.46:282][  0]LogMemory: Virtual Memory: 298.75 MB used, 134217728.00 MB total
[2015.04.27-17.51.46:311][  0]LogD3D11RHI: Found D3D11 adapter 0: NVIDIA GeForce GT 540M (Feature Level 11_0)
[2015.04.27-17.51.46:311][  0]LogD3D11RHI: Adapter has 1994MB of dedicated video memory, 0MB of dedicated system memory, and 2047MB of shared system memory, 1 output[s]
[2015.04.27-17.51.46:330][  0]LogD3D11RHI: Found D3D11 adapter 1: NVIDIA GeForce GT 540M (Feature Level 11_0)
[2015.04.27-17.51.46:330][  0]LogD3D11RHI: Adapter has 1994MB of dedicated video memory, 0MB of dedicated system memory, and 2047MB of shared system memory, 0 output[s]
[2015.04.27-17.51.46:331][  0]LogD3D11RHI: Found D3D11 adapter 2: Microsoft Basic Render Driver (Feature Level 11_0)
[2015.04.27-17.51.46:331][  0]LogD3D11RHI: Adapter has 1994MB of dedicated video memory, 0MB of dedicated system memory, and 2047MB of shared system memory, 0 output[s]
[2015.04.27-17.51.46:331][  0]LogD3D11RHI: Chosen D3D11 Adapter Id = 0
[2015.04.27-17.51.46:334][  0]LogRHI: Texture pool is 1361 MB (70% of 1945 MB)
[2015.04.27-17.51.46:346][  0]LogD3D11RHI: Async texture creation enabled
[2015.04.27-17.51.46:414][  0]LogTextLocalizationManager: The requested culture ('en_US') has no localization data; parent culture's ('en') localization data will be used.
[2015.04.27-17.51.46:479][  0]LogTextLocalizationManager:Warning: Loading localization resources contain conflicting entries for (Namespace:UICommands, Key:Save_ToolTip):
Resource: (C:/Program Files/Epic Games/4.7/Engine/Content/Localization/Editor/en/Editor.locres) Hash: (-29098895) String: (Saves the current level to disk)
Resource: (C:/Program Files/Epic Games/4.7/Engine/Content/Localization/Engine/en/Engine.locres) Hash: (-1280300587) String: (Save selected data to vlog file)
[2015.04.27-17.51.46:479][  0]LogTextLocalizationManager:Warning: Loading localization resources contain conflicting entries for (Namespace:ContentBrowser, Key:ImportAssetToolTip):
Resource: (C:/Program Files/Epic Games/4.7/Engine/Content/Localization/Editor/en/Editor.locres) Hash: (-630476809) String: (Import to {0}...)
Resource: (C:/Program Files/Epic Games/4.7/Engine/Content/Localization/Editor/en/Editor.locres) Hash: (1271782899) String: (Imports an asset from file to this folder.)
[2015.04.27-17.51.46:564][  0]LogContentStreaming: Texture pool size is 0.000000MB
[2015.04.27-17.51.49:134][  0]LogTargetPlatformManager:Display: Building Assets For Windows
[2015.04.27-17.51.49:751][  0]LogTargetPlatformManager:Display: Building Assets For Windows
[2015.04.27-17.51.49:821][  0]LogDerivedDataCache:Display: Max Cache Size: 512 MB
[2015.04.27-17.51.49:870][  0]LogDerivedDataCache: Loaded boot cache 0.05s 39MB C:/Users/Flavio/AppData/Local/UnrealEngine/4.7/DerivedDataCache/Boot.ddc.
[2015.04.27-17.51.49:870][  0]LogDerivedDataCache:Display: Loaded Boot cache: C:/Users/Flavio/AppData/Local/UnrealEngine/4.7/DerivedDataCache/Boot.ddc
[2015.04.27-17.51.49:870][  0]LogDerivedDataCache: FDerivedDataBackendGraph:  Pak pak cache file ../../../../../../Users/Flavio/Desktop/DeadMeat/DerivedDataCache/DDC.ddp not found, will not use a pak cache.
[2015.04.27-17.51.49:870][  0]LogDerivedDataCache: Unable to find inner node Pak for hierarchical cache Hierarchy.
[2015.04.27-17.51.50:006][  0]LogDerivedDataCache:Display: Pak cache opened for reading ../../../Engine/DerivedDataCache/Compressed.ddp.
[2015.04.27-17.51.50:018][  0]LogDerivedDataCache: Using Local data cache path C:/Users/Flavio/AppData/Local/UnrealEngine/Common/DerivedDataCache: Writable
[2015.04.27-17.51.50:355][  0]LogMeshUtilities: No automatic mesh reduction module available
[2015.04.27-17.51.50:355][  0]LogMeshUtilities: No automatic mesh merging module available
[2015.04.27-17.51.50:939][  0]LogInit: WinSock: version 1.1 (2.2), MaxSocks=32767, MaxUdp=65467
[2015.04.27-17.51.51:025][  0]LogSlate:Warning: Failed to load font data from '../../../Engine/Content/Slate/Fonts/Roboto-Italic.ttf'
[2015.04.27-17.51.51:966][  0]UdpMessaging: Initializing bridge on interface 0.0.0.0:0 to multicast group 230.0.0.1:6666.
[2015.04.27-17.51.52:202][  0]SourceControl: Info Source control is disabled
[2015.04.27-17.51.52:202][  0]SourceControl: Info Source control is disabled
[2015.04.27-17.51.52:202][  0]SourceControl: Info Source control is disabled
[2015.04.27-17.51.52:202][  0]LogSourceControl: RunCommandInternalRaw: 'git version'
[2015.04.27-17.51.52:203][  0]LogSourceControl: RunCommandInternalRaw: ExecProcess ReturnCode=2 OutResults=''
[2015.04.27-17.51.52:212][  0]SourceControl: Info Source control is disabled
[2015.04.27-17.51.52:414][  0]LogObj: 24232 objects as part of root set at end of initial load.
[2015.04.27-17.51.52:414][  0]LogUObjectAllocator: 5137176 out of 0 bytes used by permanent object pool.
[2015.04.27-17.51.52:506][  0]LogEngine: Initializing Engine...
[2015.04.27-17.51.54:714][  0]LogInit: XAudio2 using 'Speakers / Headphones (Realtek High Definition Audio)' : 2 channels at 48 kHz using 32 bits per sample (channel mask 0x3)
[2015.04.27-17.51.54:736][  0]LogInit: FAudioDevice initialized.
[2015.04.27-17.51.54:779][  0]LogAIModule: Creating AISystem for world NewWorld
[2015.04.27-17.51.54:801][  0]LogDerivedDataCache: Saved boot cache 0.02s 39MB C:/Users/Flavio/AppData/Local/UnrealEngine/4.7/DerivedDataCache/Boot.ddc.
[2015.04.27-17.51.54:808][  0]LogInit: Texture streaming: Enabled
[2015.04.27-17.51.54:913][  0]LogAnalytics: Creating configured Analytics provider AnalyticsET
[2015.04.27-17.51.54:913][  0]LogAnalytics: ET APIKey = Rocket.Release. APIServer = http://et2.epicgames.com/ET2/. AppVersion = 4.7.5-2503383+++depot+UE4-Releases+4.7
[2015.04.27-17.51.54:913][  0]LogAnalytics: ET APIKey = Rocket.Release. DataRouterUploadURL = https://datarouter-public-service-gamedev.ol.epicgames.net/datarouter/api/v1/public/data. AppVersion = 4.7.5-2503383+++depot+UE4-Releases+4.7
[2015.04.27-17.51.54:913][  0]LogAnalytics: SetUserId 4e83ebe942835539779746b43e4f93f7|14919f3d0643489ba6ad3048feb4b89e|058e2274-dff7-494e-b518-f874ec975a59
[2015.04.27-17.51.54:913][  0]LogAnalytics: AnalyticsET::StartSession [Rocket.Release]
[2015.04.27-17.51.54:936][  0]LogInit: Transaction tracking system initialized
[2015.04.27-17.51.55:129][  0]BlueprintLog: New page: Editor Load
[2015.04.27-17.51.55:167][  0]LogAssetRegistry: FAssetRegistry took 0.0110 seconds to start up
[2015.04.27-17.51.55:167][  0]LogDirectoryWatcher:Warning: Failed to begin reading directory changes for ../../../Engine/Plugins/Experimental/CharacterAI/Content/. Error: 0
[2015.04.27-17.51.55:804][  0]LogTargetPlatformManager:Display: Building Assets For Windows
[2015.04.27-17.51.56:252][  0]LogTargetPlatformManager:Display: Building Assets For Windows
[2015.04.27-17.51.56:510][  0]LogLinker:Warning: Asset '../../../Engine/Content/Tutorial/Mobile/SettingUpAndroidTutorial.uasset' has been saved with empty engine version. The asset will be loaded but may be incompatible.
[2015.04.27-17.51.56:549][  0]LogSlate:Warning: Failed to load font data from '../../../Engine/Content/Editor/Slate/Fonts/Roboto-Regular.ttf'
[2015.04.27-17.51.56:550][  0]LogSlate:Warning: Failed to load font data from '../../../Engine/Content/Editor/Slate/Fonts/Roboto-Bold.ttf'
[2015.04.27-17.51.56:555][  0]LogConsoleResponse:Display: 
[2015.04.27-17.51.56:708][  0]LogCook:Display: Done creating registry. It took  0.00s.
[2015.04.27-17.51.56:867][  0]SourceControl: Info Source control is disabled
[2015.04.27-17.51.56:867][  0]Cmd: MAP LOAD FILE="../../../../../../Users/Flavio/Desktop/DeadMeat/Content/FirstPersonBP/Maps/FirstPersonExampleMap.umap" TEMPLATE=0 SHOWPROGRESS=1 FEATURELEVEL=3
[2015.04.27-17.51.56:870][  0]LightingResults: New page: Lighting Build
[2015.04.27-17.51.56:884][  0]MapCheck: New page: Map Check
[2015.04.27-17.51.56:884][  0]LightingResults: New page: Lighting Build
[2015.04.27-17.51.56:893][  0]LogParticles: Destroying 0 GPU particle simulations for FXSystem 0x0000001763C4E980
[2015.04.27-17.51.56:915][  0]LogLinker:Warning: Asset '../../../Engine/Content/EngineMeshes/Humanoid.uasset' has been saved with empty engine version. The asset will be loaded but may be incompatible.
[2015.04.27-17.51.58:826][  0]LogEditorServer: Finished looking for orphan Actors (0.000 secs)
[2015.04.27-17.51.59:857][  0]LogAIModule: Creating AISystem for world FirstPersonExampleMap
[2015.04.27-17.51.59:858][  0]Cmd: MAP CHECKDEP
[2015.04.27-17.51.59:858][  0]MapCheck: New page: FirstPersonExampleMap - Apr 27, 2015, 3:51:59 AM
[2015.04.27-17.51.59:953][  0]MapCheck: Info Map check complete: 0 Error(s), 0 Warning(s), took 94.981ms to complete.
[2015.04.27-17.51.59:953][  0]LogFileHelpers: Loading map 'FirstPersonExampleMap' took 3.086
[2015.04.27-17.52.00:100][  0]LogCollectionManager: Loaded 0 collections in 0.001752 seconds
[2015.04.27-17.52.00:111][  0]LogContentBrowser: Native class hierarchy populated in 0.0108 seconds. Added 1696 classes and 261 folders.
[2015.04.27-17.52.00:148][  0]LogContentBrowser: Native class hierarchy updated for 'SceneOutliner' in 0.0023 seconds. Added 1 classes and 2 folders.
[2015.04.27-17.52.00:359][  0]LogCrashTracker: Crashtracker disabled due to settings.
[2015.04.27-17.52.00:361][  0]LogSlate:Warning: Failed to load font data from 'Veranda'
[2015.04.27-17.52.00:368][  0]LogUObjectGlobals:Warning: Failed to find object 'Class None.'
[2015.04.27-17.52.00:396][  0]LogLoad: Full Startup: 16.30 seconds (BP compile: 0.66 seconds)
[2015.04.27-17.52.00:438][  0]LogContentBrowser:Verbose: The content browser source was changed by the sources view to '/Game/FirstPersonBP'
[2015.04.27-17.52.00:800][  0]LogRenderer:Warning: Reallocating scene render targets to support 856x376 (Frame:2).
[2015.04.27-17.52.01:599][  8]LogAssetRegistry: Asset discovery search completed in 6.4434 seconds
[2015.04.27-17.52.13:935][360]Cmd: SELECT NONE
[2015.04.27-17.52.29:976][813]LogEditorViewport: Clicking on Actor (LMB): FirstPersonCharacter_C (FirstPersonCharacter)
[2015.04.27-17.52.41:526][ 66]Cmd: TRANSACTION UNDO
[2015.04.27-17.52.41:526][ 66]LogEditorTransaction: Undo Move Actors
[2015.04.27-17.52.42:258][ 86]LogEditorViewport: Clicking on Actor (LMB): StaticMeshActor (Wall8)
[2015.04.27-17.52.43:946][130]LogEditorViewport: Clicking on Actor (LMB): FirstPersonCharacter_C (FirstPersonCharacter)
[2015.04.27-17.52.49:820][257]LogEditorViewport: Clicking on Actor (LMB): StaticMeshActor (Floor2)
[2015.04.27-17.52.51:210][294]LogEditorViewport: Clicking on Actor (LMB): FirstPersonCharacter_C (FirstPersonCharacter)
[2015.04.27-17.52.56:920][421]Cmd: TRANSACTION UNDO
[2015.04.27-17.52.56:920][421]LogEditorTransaction: Undo Move Actors
[2015.04.27-17.53.14:863][852]LogEditorViewport: Clicking on Actor (LMB): FirstPersonCharacter_C (FirstPersonCharacter)
[2015.04.27-17.53.23:190][ 29]LogContentBrowser:Verbose: The content browser source was changed by the sources view to '/Game/FirstPersonBP/Character'
[2015.04.27-17.53.33:714][119]LogLinker:Warning: Asset '../../../Engine/Content/Tutorial/SubEditors/PersonaAnimEditorTutorial.uasset' has been saved with empty engine version. The asset will be loaded but may be incompatible.
[2015.04.27-17.53.33:876][120]LogRenderer:Warning: Reallocating scene render targets to support 856x568 (Frame:3309).
[2015.04.27-17.53.44:635][486]LogEditorViewport: Clicking on Actor (LMB): StaticMeshActor (Floor2)
[2015.04.27-17.53.47:357][547]Cmd: SELECT NONE
[2015.04.27-17.53.49:254][602]LogEditorViewport: Clicking on Actor (LMB): FirstPersonCharacter_C (FirstPersonCharacter)
[2015.04.27-17.53.57:171][771]LogEditorViewport: Clicking on Actor (context menu): StaticMeshActor (Floor2)
[2015.04.27-17.53.58:817][853]LogEditorViewport: Clicking on Actor (context menu): FirstPersonCharacter_C (FirstPersonCharacter)
[2015.04.27-17.54.11:084][362]LogEditorViewport: Clicking on Actor (LMB): StaticMeshActor (Floor2)
[2015.04.27-17.54.12:360][394]LogEditorViewport: Clicking on Actor (LMB): FirstPersonCharacter_C (FirstPersonCharacter)
[2015.04.27-17.54.33:321][850]LogEditorViewport: Clicking on Actor (LMB): StaticMeshActor (Floor2)
[2015.04.27-17.54.35:320][906]Cmd: SELECT NONE
[2015.04.27-17.54.42:142][ 64]LogContentBrowser:Verbose: The content browser source was changed by the sources view to '/Game/FirstPersonBP/Animations'
[2015.04.27-17.54.46:712][113]LogContentBrowser:Verbose: The content browser source was changed by the sources view to '/Game/FirstPersonBP'
[2015.04.27-17.54.50:677][221]LogContentBrowser:Verbose: The content browser source was changed by the sources view to '/Game/FirstPersonBP/Character'
[2015.04.27-17.55.01:547][423]LogContentBrowser:Verbose: The content browser source was changed by the sources view to '/Game/FirstPersonBP/Meshes'
[2015.04.27-17.55.07:212][499]LogContentBrowser:Verbose: The content browser source was changed by the sources view to '/Game/FirstPersonBP'
[2015.04.27-17.55.09:874][579]LogContentBrowser:Verbose: The content browser source was changed by the sources view to '/Game/FirstPersonBP/Textures'
[2015.04.27-17.55.13:246][677]LogContentBrowser:Verbose: The content browser source was changed by the sources view to '/Game/FirstPersonBP'
[2015.04.27-17.55.16:830][783]LogContentBrowser:Verbose: The content browser source was changed by the sources view to '/Game/FirstPersonBP/Character'
[2015.04.27-17.55.26:685][980]LogContentBrowser:Verbose: The content browser source was changed by the sources view to '/Game/MixamoAnimPack/Mixamo_Adam/Anims'
[2015.04.27-17.55.33:010][137]LogTexture:Display: Building textures: GC_Clothes_COL_2k (AutoDXT)
[2015.04.27-17.55.35:494][137]LogTexture:Display: Building textures: GC_Clothes_mask_2k (AutoDXT)
[2015.04.27-17.55.36:945][137]LogTexture:Display: Building textures: GC_Clothes_NM_2k (BC5)
[2015.04.27-17.55.37:503][137]LogMaterial: Missing cached shader map for material M_Maximo_Adam_Body, compiling. 
[2015.04.27-17.55.37:782][137]LogTexture:Display: Building textures: GC_Skin_COL_2k_diffuse (AutoDXT)
[2015.04.27-17.55.42:560][137]LogTexture:Display: Building textures: GC_Skin_NM_2k (BC5)
[2015.04.27-17.55.43:435][137]LogTexture:Display: Building textures: GC_Skin_Mask_2k (AutoDXT)
[2015.04.27-17.55.45:973][137]LogMaterial: Missing cached shader map for material M_Maximo_Adam_Face, compiling. 
[2015.04.27-17.55.46:353][137]LogEditorViewport: Clicking on Actor (LMB): StaticMeshActor (Floor2)
[2015.04.27-17.55.52:506][301]LogEditorViewport: Clicking on Actor (context menu): StaticMeshActor (Floor2)
[2015.04.27-17.55.55:305][424]LogPlayLevel: PIE:  No blueprints needed recompiling
[2015.04.27-17.55.55:305][424]PIE: New page: PIE session: FirstPersonExampleMap (Apr 27, 2015, 3:55:55 AM)
[2015.04.27-17.55.55:336][424]LogPlayLevel: PIE: StaticDuplicateObject took: (0.029640s)
[2015.04.27-17.55.55:339][424]LogPlayLevel: PIE: World Init took: (0.003492s)
[2015.04.27-17.55.55:339][424]LogPlayLevel: PIE: Created PIE world by copying editor world from /Game/FirstPersonBP/Maps/FirstPersonExampleMap.FirstPersonExampleMap to /Game/FirstPersonBP/Maps/UEDPIE_0_FirstPersonExampleMap.FirstPersonExampleMap (0.033481s)
[2015.04.27-17.55.55:683][424]LogWorld: Game class is 'FirstPersonGameMode_C'
[2015.04.27-17.55.55:686][424]LogAIModule: Creating AISystem for world FirstPersonExampleMap
[2015.04.27-17.55.55:697][424]LogWorld: Bringing World /Game/FirstPersonBP/Maps/UEDPIE_0_FirstPersonExampleMap.FirstPersonExampleMap up for play (max tick rate 60) at 2015.04.27-10.55.55
[2015.04.27-17.55.55:698][424]LogWorld: Bringing up level for play took: 0.011486
[2015.04.27-17.55.55:701][424]PIE: Info Play in editor start time for /Game/FirstPersonBP/Maps/UEDPIE_0_FirstPersonExampleMap 0.212
[2015.04.27-17.56.14:968][ 84]LogParticles: Destroying 0 GPU particle simulations for FXSystem 0x000000170D669080
[2015.04.27-17.56.14:968][ 84]LogParticles: Destroying 0 GPU particle simulations for FXSystem 0x000000170D66AC00
[2015.04.27-17.56.14:968][ 84]LogParticles: Destroying 0 GPU particle simulations for FXSystem 0x00000017215B8540
[2015.04.27-17.56.14:969][ 84]LogParticles: Destroying 0 GPU particle simulations for FXSystem 0x000000171BD4B7E0
[2015.04.27-17.56.16:159][117]LogEditorViewport: Clicking on Actor (LMB): SkeletalMeshActor (Maximo_Adam)
[2015.04.27-17.56.17:675][156]Cmd: DELETE
[2015.04.27-17.56.17:675][156]Cmd: ACTOR DELETE
[2015.04.27-17.56.17:724][156]LogEditorActor: Deleted Actor: SkeletalMeshActor
[2015.04.27-17.56.17:802][156]LogEditorActor: Deleted 1 Actors (0.118 secs)
[2015.04.27-17.56.29:834][503]LogContentBrowser:Verbose: The content browser source was changed by the sources view to '/Game/MixamoAnimPack/Mixamo_Kachujin/Mesh'
[2015.04.27-17.56.32:991][584]LogContentBrowser:Verbose: The content browser source was changed by the sources view to '/Game/MixamoAnimPack/Mixamo_Kachujin/Materials'
[2015.04.27-17.56.34:666][627]LogContentBrowser:Verbose: The content browser source was changed by the sources view to '/Game/MixamoAnimPack/Mixamo_Kachujin/Anims'
[2015.04.27-17.56.37:594][702]LogContentBrowser:Verbose: The content browser source was changed by the sources view to '/Game/MixamoAnimPack/Mixamo_Kachujin/Materials'
[2015.04.27-17.56.38:893][739]LogContentBrowser:Verbose: The content browser source was changed by the sources view to '/Game/MixamoAnimPack/Mixamo_Kachujin/Mesh'
[2015.04.27-17.56.46:452][924]LogTexture:Display: Building textures: Kachujin_diffuse (AutoDXT)
[2015.04.27-17.56.51:534][924]LogTexture:Display: Building textures: Kachujin_Mask (AutoDXT)
[2015.04.27-17.56.56:225][924]LogTexture:Display: Building textures: Kachujin_normal (BC5)
[2015.04.27-17.56.56:842][924]LogMaterial: Missing cached shader map for material Kachujin_Mat, compiling. 
[2015.04.27-17.57.02:511][ 42]Cmd: SELECT NONE
[2015.04.27-17.57.09:644][183]LogContentBrowser:Verbose: The content browser source was changed by the sources view to '/Game/MixamoAnimPack/Mixamo_Maria'
[2015.04.27-17.57.13:012][232]LogTexture:Display: Building textures: maria_diffuse (AutoDXT)
[2015.04.27-17.57.16:831][232]LogTexture:Display: Building textures: maria_mask (AutoDXT)
[2015.04.27-17.57.19:177][232]LogTexture:Display: Building textures: maria_normal (BC5)
[2015.04.27-17.57.19:774][232]LogMaterial: Missing cached shader map for material Maria_Mat, compiling. 
[2015.04.27-17.57.33:349][446]LogContentBrowser:Verbose: The content browser source was changed by the sources view to '/Game/MixamoAnimPack/Mixamo_Vampire/Anims'
[2015.04.27-17.57.36:293][493]LogTexture:Display: Building textures: Vampire_diffuse (AutoDXT)
[2015.04.27-17.57.40:436][493]LogTexture:Display: Building textures: Vampire_emission (AutoDXT)
[2015.04.27-17.57.40:672][493]LogTexture:Display: Building textures: Vampire_masks (AutoDXT)
[2015.04.27-17.57.42:606][493]LogTexture:Display: Building textures: Vampire_normal (BC5)
[2015.04.27-17.57.43:191][493]LogMaterial: Missing cached shader map for material Vamp_Mat, compiling. 
[2015.04.27-17.57.43:213][493]LogMaterial: Missing cached shader map for material Vamp_alpha_Mat, compiling. 
[2015.04.27-17.58.00:510][938]LogEditorViewport: Clicking on Actor (context menu): StaticMeshActor (Floor2)
[2015.04.27-17.58.02:176][967]LogPlayLevel: PIE:  No blueprints needed recompiling
[2015.04.27-17.58.02:176][967]PIE: New page: PIE session: FirstPersonExampleMap (Apr 27, 2015, 3:58:02 AM)
[2015.04.27-17.58.02:208][967]LogPlayLevel: PIE: StaticDuplicateObject took: (0.031190s)
[2015.04.27-17.58.02:211][967]LogPlayLevel: PIE: World Init took: (0.003405s)
[2015.04.27-17.58.02:211][967]LogPlayLevel: PIE: Created PIE world by copying editor world from /Game/FirstPersonBP/Maps/FirstPersonExampleMap.FirstPersonExampleMap to /Game/FirstPersonBP/Maps/UEDPIE_0_FirstPersonExampleMap.FirstPersonExampleMap (0.034878s)
[2015.04.27-17.58.02:301][967]LogWorld: Game class is 'FirstPersonGameMode_C'
[2015.04.27-17.58.02:304][967]LogAIModule: Creating AISystem for world FirstPersonExampleMap
[2015.04.27-17.58.02:316][967]LogWorld: Bringing World /Game/FirstPersonBP/Maps/UEDPIE_0_FirstPersonExampleMap.FirstPersonExampleMap up for play (max tick rate 60) at 2015.04.27-10.58.02
[2015.04.27-17.58.02:453][967]LogWorld: Bringing up level for play took: 0.147719
[2015.04.27-17.58.02:459][967]PIE: Info Play in editor start time for /Game/FirstPersonBP/Maps/UEDPIE_0_FirstPersonExampleMap 0.971
[2015.04.27-17.58.05:122][ 57]Cmd: LevelEditor.ToggleImmersive
[2015.04.27-17.58.05:350][ 58]LogRenderer:Warning: Reallocating scene render targets to support 1296x680 (Frame:10312).
[2015.04.27-17.58.05:485][ 59]LogRenderer:Warning: Reallocating scene render targets to support 1368x728 (Frame:10314).
[2015.04.27-17.58.48:298][838]LogActorComponent: UnregisterComponent: (/Engine/Transient.CharMoveComp) Not registered. Aborting.
[2015.04.27-17.58.48:349][838]LogParticles: Destroying 0 GPU particle simulations for FXSystem 0x000000175D41CE00
[2015.04.27-17.58.56:289][992]LogContentBrowser:Verbose: The content browser source was changed by the sources view to 'None'
[2015.04.27-17.59.04:645][203]LogContentBrowser:Verbose: The content browser source was changed by the sources view to '/Game/MixamoAnimPack/Mixamo_Zoe/Anims'
[2015.04.27-17.59.08:699][290]LogTexture:Display: Building textures: Zoe_Skin_COL (AutoDXT)
[2015.04.27-17.59.10:663][290]LogTexture:Display: Building textures: Zoe_Skin_Mask (AutoDXT)
[2015.04.27-17.59.11:828][290]LogTexture:Display: Building textures: Zoe_Skin_NM (BC5)
[2015.04.27-17.59.12:364][290]LogMaterial: Missing cached shader map for material Zoe_body_mat, compiling. 
[2015.04.27-17.59.12:613][290]LogTexture:Display: Building textures: Zoe_Clothes_COL (AutoDXT)
[2015.04.27-17.59.17:169][290]LogTexture:Display: Building textures: Zoe_Clothes_Mask (AutoDXT)
[2015.04.27-17.59.19:069][290]LogTexture:Display: Building textures: Zoe_Clothes_NM (BC5)
[2015.04.27-17.59.19:794][290]LogMaterial: Missing cached shader map for material Zoe_Skin_Mat, compiling. 
[2015.04.27-17.59.40:179][807]LogContentBrowser:Verbose: The content browser source was changed by the sources view to '/Game/MixamoAnimPack/Mixamo_Goblin/Anims'
[2015.04.27-17.59.42:001][841]LogTexture:Display: Building textures: goblin_diffuse (AutoDXT)
[2015.04.27-17.59.46:115][841]LogTexture:Display: Building textures: goblin_mask (AutoDXT)
[2015.04.27-17.59.48:229][841]LogTexture:Display: Building textures: goblin_normal (BC5)
[2015.04.27-17.59.48:863][841]LogMaterial: Missing cached shader map for material Goblin_mat, compiling. 
[2015.04.27-17.59.52:869][942]LogEditorViewport: Clicking on Actor (LMB): StaticMeshActor (Floor2)
[2015.04.27-17.59.53:961][969]LogEditorViewport: Clicking on Actor (context menu): StaticMeshActor (Floor2)
[2015.04.27-17.59.56:452][  8]LogPlayLevel: PIE:  No blueprints needed recompiling
[2015.04.27-17.59.56:452][  8]PIE: New page: PIE session: FirstPersonExampleMap (Apr 27, 2015, 3:59:56 AM)
[2015.04.27-17.59.56:485][  8]LogPlayLevel: PIE: StaticDuplicateObject took: (0.032056s)
[2015.04.27-17.59.56:488][  8]LogPlayLevel: PIE: World Init took: (0.003426s)
[2015.04.27-17.59.56:489][  8]LogPlayLevel: PIE: Created PIE world by copying editor world from /Game/FirstPersonBP/Maps/FirstPersonExampleMap.FirstPersonExampleMap to /Game/FirstPersonBP/Maps/UEDPIE_0_FirstPersonExampleMap.FirstPersonExampleMap (0.035805s)
[2015.04.27-17.59.56:588][  8]LogWorld: Game class is 'FirstPersonGameMode_C'
[2015.04.27-17.59.56:591][  8]LogAIModule: Creating AISystem for world FirstPersonExampleMap
[2015.04.27-17.59.56:606][  8]LogWorld: Bringing World /Game/FirstPersonBP/Maps/UEDPIE_0_FirstPersonExampleMap.FirstPersonExampleMap up for play (max tick rate 60) at 2015.04.27-10.59.56
[2015.04.27-17.59.56:608][  8]LogWorld: Bringing up level for play took: 0.016518
[2015.04.27-17.59.56:610][  8]PIE: Info Play in editor start time for /Game/FirstPersonBP/Maps/UEDPIE_0_FirstPersonExampleMap 1.122
[2015.04.27-17.59.59:286][ 92]Cmd: LevelEditor.ToggleImmersive
[2015.04.27-18.00.39:921][821]LogActorComponent: UnregisterComponent: (/Engine/Transient.CharMoveComp) Not registered. Aborting.
[2015.04.27-18.00.39:946][821]LogParticles: Destroying 0 GPU particle simulations for FXSystem 0x000000170D5707C0
[2015.04.27-18.00.49:159][997]LogContentBrowser:Verbose: The content browser source was changed by the sources view to '/Game/MixamoAnimPack/Mixamo_Goblin/Mesh'
[2015.04.27-18.01.04:231][255]LogContentBrowser:Verbose: The content browser source was changed by the sources view to '/Game/MixamoAnimPack/Mixamo_Goblin/Anims'
[2015.04.27-18.01.16:563][536]LogEditorViewport: Clicking on Actor (LMB): SkeletalMeshActor (Mixamo_Goblin2)
[2015.04.27-18.01.17:656][563]Cmd: DELETE
[2015.04.27-18.01.17:656][563]Cmd: ACTOR DELETE
[2015.04.27-18.01.17:658][563]LogEditorActor: Deleted Actor: SkeletalMeshActor
[2015.04.27-18.01.17:660][563]LogActorComponent: UnregisterComponent: (/Engine/Transient.CharMoveComp) Not registered. Aborting.
[2015.04.27-18.01.17:700][563]LogEditorActor: Deleted 1 Actors (0.044 secs)
[2015.04.27-18.01.19:165][601]LogEditorViewport: Clicking on Actor (LMB): SkeletalMeshActor (Goblin_PhysicsAsset)
[2015.04.27-18.01.19:550][611]Cmd: DELETE
[2015.04.27-18.01.19:550][611]Cmd: ACTOR DELETE
[2015.04.27-18.01.19:551][611]LogEditorActor: Deleted Actor: SkeletalMeshActor
[2015.04.27-18.01.19:586][611]LogEditorActor: Deleted 1 Actors (0.036 secs)
[2015.04.27-18.01.23:966][724]LogEditorViewport: Clicking on Actor (LMB): StaticMeshActor (Floor2)
[2015.04.27-18.01.24:761][742]LogEditorViewport: Clicking on Actor (LMB): SkeletalMeshActor (Mixamo_Goblin)
[2015.04.27-18.01.25:541][760]Cmd: DELETE
[2015.04.27-18.01.25:541][760]Cmd: ACTOR DELETE
[2015.04.27-18.01.25:543][760]LogEditorActor: Deleted Actor: SkeletalMeshActor
[2015.04.27-18.01.25:580][760]LogEditorActor: Deleted 1 Actors (0.039 secs)
[2015.04.27-18.01.27:369][808]LogEditorViewport: Clicking on Actor (context menu): StaticMeshActor (BigWall)
[2015.04.27-18.01.29:577][846]LogPlayLevel: PIE:  No blueprints needed recompiling
[2015.04.27-18.01.29:577][846]PIE: New page: PIE session: FirstPersonExampleMap (Apr 27, 2015, 4:01:29 AM)
[2015.04.27-18.01.29:612][846]LogPlayLevel: PIE: StaticDuplicateObject took: (0.034777s)
[2015.04.27-18.01.29:614][846]LogPlayLevel: PIE: World Init took: (0.002097s)
[2015.04.27-18.01.29:615][846]LogPlayLevel: PIE: Created PIE world by copying editor world from /Game/FirstPersonBP/Maps/FirstPersonExampleMap.FirstPersonExampleMap to /Game/FirstPersonBP/Maps/UEDPIE_0_FirstPersonExampleMap.FirstPersonExampleMap (0.037210s)
[2015.04.27-18.01.29:718][846]LogWorld: Game class is 'FirstPersonGameMode_C'
[2015.04.27-18.01.29:725][846]LogAIModule: Creating AISystem for world FirstPersonExampleMap
[2015.04.27-18.01.29:749][846]LogWorld: Bringing World /Game/FirstPersonBP/Maps/UEDPIE_0_FirstPersonExampleMap.FirstPersonExampleMap up for play (max tick rate 60) at 2015.04.27-11.01.29
[2015.04.27-18.01.29:752][846]LogWorld: Bringing up level for play took: 0.025549
[2015.04.27-18.01.29:755][846]PIE: Info Play in editor start time for /Game/FirstPersonBP/Maps/UEDPIE_0_FirstPersonExampleMap 0.266
[2015.04.27-18.01.34:001][988]Cmd: LevelEditor.ToggleImmersive
[2015.04.27-18.01.51:332][294]LogParticles: Destroying 0 GPU particle simulations for FXSystem 0x000000175D4A6340
[2015.04.27-18.01.52:929][316]LogEditorViewport: Clicking on Actor (LMB): StaticMeshActor (Wall9)
[2015.04.27-18.01.54:169][333]LogEditorViewport: Clicking on Actor (LMB): Mixamo_Maria_C (Mixamo_Maria)
[2015.04.27-18.01.54:709][337]LogEditorViewport: Clicking on Actor (context menu): Mixamo_Maria_C (Mixamo_Maria)
[2015.04.27-18.01.57:135][359]LogEditorViewport: Clicking on Actor (LMB): StaticMeshActor (Floor2)
[2015.04.27-18.01.57:429][364]Cmd: DELETE
[2015.04.27-18.01.57:429][364]Cmd: ACTOR DELETE
[2015.04.27-18.01.57:430][364]LogEditorActor: Deleted Actor: StaticMeshActor
[2015.04.27-18.01.57:501][364]LogEditorActor: Deleted 1 Actors (0.072 secs)
[2015.04.27-18.01.58:796][383]Cmd: TRANSACTION UNDO
[2015.04.27-18.01.58:796][383]LogEditorTransaction: Undo Delete Actors
[2015.04.27-18.02.01:801][427]LogEditorViewport: Clicking on Actor (LMB): Mixamo_Maria_C (Mixamo_Maria)
[2015.04.27-18.02.03:129][449]Cmd: DELETE
[2015.04.27-18.02.03:129][449]Cmd: ACTOR DELETE
[2015.04.27-18.02.03:132][449]LogEditorActor: Deleted Actor: Mixamo_Maria_C
[2015.04.27-18.02.03:212][449]LogEditorActor: Deleted 1 Actors (0.083 secs)
[2015.04.27-18.02.04:232][476]LogEditorViewport: Clicking on Actor (LMB): SkeletalMeshActor (Vampire_A_Lusth)
[2015.04.27-18.02.04:698][486]Cmd: DELETE
[2015.04.27-18.02.04:698][486]Cmd: ACTOR DELETE
[2015.04.27-18.02.04:700][486]LogEditorActor: Deleted Actor: SkeletalMeshActor
[2015.04.27-18.02.04:742][486]LogEditorActor: Deleted 1 Actors (0.045 secs)
[2015.04.27-18.02.06:986][546]LogEditorViewport: Clicking on Actor (LMB): SkeletalMeshActor (Kachujin_G_Rosales)
[2015.04.27-18.02.07:428][556]Cmd: DELETE
[2015.04.27-18.02.07:428][556]Cmd: ACTOR DELETE
[2015.04.27-18.02.07:430][556]LogEditorActor: Deleted Actor: SkeletalMeshActor
[2015.04.27-18.02.07:466][556]LogEditorActor: Deleted 1 Actors (0.038 secs)
[2015.04.27-18.02.09:931][622]LogEditorViewport: Clicking on Actor (LMB): FirstPersonCharacter_C (FirstPersonCharacter)
[2015.04.27-18.02.23:340][813]LogContentBrowser:Verbose: The content browser source was changed by the sources view to '/Game/MixamoAnimPack/Mixamo_Adam/Anims'
[2015.04.27-18.02.41:113][129]LogContentBrowser:Verbose: The content browser source was changed by the sources view to '/Game/MixamoAnimPack/Mixamo_Alpha/Anims'
[2015.04.27-18.02.50:000][349]LogMaterial: Missing cached shader map for material Alpha_Body_MAT, compiling. 
[2015.04.27-18.02.50:018][349]LogMaterial: Missing cached shader map for material Alpha_Joints_MAT, compiling. 
[2015.04.27-18.03.06:878][612]LogContentBrowser:Verbose: The content browser source was changed by the sources view to '/Game/MixamoAnimPack/Mixamo_ExoRed/Anims'
[2015.04.27-18.03.15:560][804]LogTexture:Display: Building textures: EXO_normal (BC5)
[2015.04.27-18.03.16:320][804]LogTexture:Display: Building textures: RED_EXO_diffuse (AutoDXT)
[2015.04.27-18.03.18:685][804]LogTexture:Display: Building textures: RED_EXO_mask (AutoDXT)
[2015.04.27-18.03.20:358][804]LogMaterial: Missing cached shader map for material Exo_Red_Armor, compiling. 
[2015.04.27-18.03.20:567][804]LogTexture:Display: Building textures: BODY_mask (AutoDXT)
[2015.04.27-18.03.26:721][804]LogTexture:Display: Building textures: BODY_normal (BC5)
[2015.04.27-18.03.27:764][804]LogTexture:Display: Building textures: RED_BODY_diffuse (AutoDXT)
[2015.04.27-18.03.34:072][804]LogMaterial: Missing cached shader map for material Exo_Red_Bod, compiling. 
[2015.04.27-18.04.01:184][364]LogContentBrowser:Verbose: The content browser source was changed by the sources view to '/Game/MixamoAnimPack/Mixamo_Heraklios/Anims'
[2015.04.27-18.04.05:925][445]LogTexture:Display: Building textures: battalion-leader-heraklios_diffuse (AutoDXT)
[2015.04.27-18.04.10:318][445]LogTexture:Display: Building textures: battalion-leader-heraklios_mask (AutoDXT)
[2015.04.27-18.04.11:836][445]LogTexture:Display: Building textures: battalion-leader-heraklios_normal (BC5)
[2015.04.27-18.04.12:441][445]LogMaterial: Missing cached shader map for material Heraklios_Mat, compiling. 
[2015.04.27-18.04.12:852][446]LogActorComponent: UnregisterComponent: (/Engine/Transient.CharMoveComp) Not registered. Aborting.
[2015.04.27-18.04.16:979][446]LogSavePackage: Save=3977.459229ms
[2015.04.27-18.04.16:979][446]LogSavePackage: Moving '../../../../../../Users/Flavio/Desktop/DeadMeat/Saved/FirstPersonExampleMap_Auto1C8A1F3A6443C1098BD52DA8ED9F61AFB.tmp' to '../../../../../../Users/Flavio/Desktop/DeadMeat/Saved/Autosaves/Game/FirstPersonBP/Maps/FirstPersonExampleMap_Auto1.umap'
[2015.04.27-18.04.16:992][446]LogFileHelpers: Editor autosave (incl. sublevels) for '/Game/FirstPersonBP/Maps/FirstPersonExampleMap' took 4.139
[2015.04.27-18.04.16:992][446]LogFileHelpers: Editor autosave (incl. sublevels) for all levels took 4.139
[2015.04.27-18.04.30:066][692]LogContentBrowser:Verbose: The content browser source was changed by the sources view to '/Game/MixamoAnimPack/Mixamo_Mortimer'
[2015.04.27-18.04.35:027][814]LogContentBrowser:Verbose: The content browser source was changed by the sources view to '/Game/MixamoAnimPack/Mixamo_Mortimer/Anims'
[2015.04.27-18.04.38:302][881]LogTexture:Display: Building textures: Mortimer_diffuse (AutoDXT)
[2015.04.27-18.04.43:151][881]LogTexture:Display: Building textures: Mortimer_normal (BC5)
[2015.04.27-18.04.43:766][881]LogMaterial: Missing cached shader map for material Mort_Alpha, compiling. 
[2015.04.27-18.04.43:979][881]LogTexture:Display: Building textures: Mortimer_mask (AutoDXT)
[2015.04.27-18.04.48:331][881]LogMaterial: Missing cached shader map for material Mort_Mat, compiling. 
[2015.04.27-18.04.59:655][ 90]LogContentBrowser:Verbose: The content browser source was changed by the sources view to '/Game/MixamoAnimPack/Mixamo_SWAT/Anims'
[2015.04.27-18.05.05:246][217]LogTexture:Display: Building textures: Swat_new_diffuse (AutoDXT)
[2015.04.27-18.05.05:970][217]LogTexture:Display: Building textures: Swat_new_mask (AutoDXT)
[2015.04.27-18.05.06:546][217]LogMaterial: Missing cached shader map for material Swat_Mat, compiling. 
[2015.04.27-18.05.23:677][545]LogActorComponent: UnregisterComponent: (/Engine/Transient.CharMoveComp) Not registered. Aborting.
[2015.04.27-18.05.26:097][545]LogSavePackage: Save=2379.781006ms
[2015.04.27-18.05.26:097][545]LogSavePackage: Moving '../../../../../../Users/Flavio/Desktop/DeadMeat/Saved/FirstPersonExampleMap4C7768A3478E49F64F2E4EA23861D1AA.tmp' to '../../../../../../Users/Flavio/Desktop/DeadMeat/Content/FirstPersonBP/Maps/FirstPersonExampleMap.umap'
[2015.04.27-18.05.31:276][669]LogEditorViewport: Clicking on Actor (context menu): StaticMeshActor (Floor2)
[2015.04.27-18.05.33:806][711]LogPlayLevel: PIE:  No blueprints needed recompiling
[2015.04.27-18.05.33:806][711]PIE: New page: PIE session: FirstPersonExampleMap (Apr 27, 2015, 4:05:33 AM)
[2015.04.27-18.05.33:840][711]LogPlayLevel: PIE: StaticDuplicateObject took: (0.033415s)
[2015.04.27-18.05.33:842][711]LogPlayLevel: PIE: World Init took: (0.002346s)
[2015.04.27-18.05.33:843][711]LogPlayLevel: PIE: Created PIE world by copying editor world from /Game/FirstPersonBP/Maps/FirstPersonExampleMap.FirstPersonExampleMap to /Game/FirstPersonBP/Maps/UEDPIE_0_FirstPersonExampleMap.FirstPersonExampleMap (0.036084s)
[2015.04.27-18.05.33:936][711]LogWorld: Game class is 'FirstPersonGameMode_C'
[2015.04.27-18.05.33:939][711]LogAIModule: Creating AISystem for world FirstPersonExampleMap
[2015.04.27-18.05.33:952][711]LogWorld: Bringing World /Game/FirstPersonBP/Maps/UEDPIE_0_FirstPersonExampleMap.FirstPersonExampleMap up for play (max tick rate 60) at 2015.04.27-11.05.33
[2015.04.27-18.05.33:953][711]LogWorld: Bringing up level for play took: 0.013760
[2015.04.27-18.05.33:955][711]PIE: Info Play in editor start time for /Game/FirstPersonBP/Maps/UEDPIE_0_FirstPersonExampleMap 0.466
[2015.04.27-18.05.35:037][741]Cmd: LevelEditor.ToggleImmersive
[2015.04.27-18.05.41:099][839]LogCharacterMovement: FirstPersonCharacter_18 is stuck and failed to move!
[2015.04.27-18.05.41:100][839]LogCharacterMovement: FirstPersonCharacter_18 is stuck and failed to move!
[2015.04.27-18.05.41:162][840]LogCharacterMovement: FirstPersonCharacter_18 is stuck and failed to move!
[2015.04.27-18.05.41:162][840]LogCharacterMovement: FirstPersonCharacter_18 is stuck and failed to move!
[2015.04.27-18.05.41:224][841]LogCharacterMovement: FirstPersonCharacter_18 is stuck and failed to move!
[2015.04.27-18.05.41:284][842]LogCharacterMovement: FirstPersonCharacter_18 is stuck and failed to move!
[2015.04.27-18.05.41:713][849]LogCharacterMovement: FirstPersonCharacter_18 is stuck and failed to move!
[2015.04.27-18.05.41:713][849]LogCharacterMovement: FirstPersonCharacter_18 is stuck and failed to move!
[2015.04.27-18.05.41:777][850]LogCharacterMovement: FirstPersonCharacter_18 is stuck and failed to move!
[2015.04.27-18.05.41:836][851]LogCharacterMovement: FirstPersonCharacter_18 is stuck and failed to move!
[2015.04.27-18.05.41:898][852]LogCharacterMovement: FirstPersonCharacter_18 is stuck and failed to move!
[2015.04.27-18.05.41:960][853]LogCharacterMovement: FirstPersonCharacter_18 is stuck and failed to move!
[2015.04.27-18.05.42:205][857]LogCharacterMovement: FirstPersonCharacter_18 is stuck and failed to move!
[2015.04.27-18.05.42:265][858]LogCharacterMovement: FirstPersonCharacter_18 is stuck and failed to move!
[2015.04.27-18.05.42:324][859]LogCharacterMovement: FirstPersonCharacter_18 is stuck and failed to move!
[2015.04.27-18.05.42:388][860]LogCharacterMovement: FirstPersonCharacter_18 is stuck and failed to move!
[2015.04.27-18.05.42:448][861]LogCharacterMovement: FirstPersonCharacter_18 is stuck and failed to move!
[2015.04.27-18.05.42:624][864]LogCharacterMovement: FirstPersonCharacter_18 is stuck and failed to move!
[2015.04.27-18.05.43:050][871]LogCharacterMovement: FirstPersonCharacter_18 is stuck and failed to move!
[2015.04.27-18.05.44:252][889]LogCharacterMovement: FirstPersonCharacter_18 is stuck and failed to move!
[2015.04.27-18.05.44:253][889]LogCharacterMovement: FirstPersonCharacter_18 is stuck and failed to move!
[2015.04.27-18.06.25:319][572]LogParticles: Destroying 0 GPU particle simulations for FXSystem 0x0000001723154400
[2015.04.27-18.18.44:144][344]LogEditorViewport: Clicking on Actor (context menu): StaticMeshActor (Floor2)
[2015.04.27-18.18.46:892][402]LogPlayLevel: PIE:  No blueprints needed recompiling
[2015.04.27-18.18.46:892][402]PIE: New page: PIE session: FirstPersonExampleMap (Apr 27, 2015, 4:18:46 AM)
[2015.04.27-18.18.46:927][402]LogPlayLevel: PIE: StaticDuplicateObject took: (0.034165s)
[2015.04.27-18.18.46:930][402]LogPlayLevel: PIE: World Init took: (0.003218s)
[2015.04.27-18.18.46:930][402]LogPlayLevel: PIE: Created PIE world by copying editor world from /Game/FirstPersonBP/Maps/FirstPersonExampleMap.FirstPersonExampleMap to /Game/FirstPersonBP/Maps/UEDPIE_0_FirstPersonExampleMap.FirstPersonExampleMap (0.037803s)
[2015.04.27-18.18.47:016][402]LogWorld: Game class is 'FirstPersonGameMode_C'
[2015.04.27-18.18.47:019][402]LogAIModule: Creating AISystem for world FirstPersonExampleMap
[2015.04.27-18.18.47:032][402]LogWorld: Bringing World /Game/FirstPersonBP/Maps/UEDPIE_0_FirstPersonExampleMap.FirstPersonExampleMap up for play (max tick rate 60) at 2015.04.27-11.18.47
[2015.04.27-18.18.47:034][402]LogWorld: Bringing up level for play took: 0.014236
[2015.04.27-18.18.47:036][402]PIE: Info Play in editor start time for /Game/FirstPersonBP/Maps/UEDPIE_0_FirstPersonExampleMap -0.453
[2015.04.27-18.18.51:644][535]Cmd: LevelEditor.ToggleImmersive
[2015.04.27-18.19.06:056][774]LogParticles: Destroying 0 GPU particle simulations for FXSystem 0x000000175FDC5D00
[2015.04.27-18.19.08:403][804]LogEditorViewport: Clicking on Actor (LMB): SkeletalMeshActor (Exo_Running_Jump_Copy)
[2015.04.27-18.19.39:547][212]LogEditorViewport: Clicking on Actor (LMB): SkeletalMeshActor (Mixamo_Adam_Sword_Slash)
[2015.04.27-18.19.56:555][432]LogEditorViewport: Clicking on Actor (LMB): BP_Sky_Sphere_C (SkySphereBlueprint)
[2015.04.27-18.20.04:259][537]LogEditorViewport: Clicking on Actor (context menu): StaticMeshActor (Floor2)
[2015.04.27-18.20.06:058][553]LogPlayLevel: PIE:  No blueprints needed recompiling
[2015.04.27-18.20.06:059][553]PIE: New page: PIE session: FirstPersonExampleMap (Apr 27, 2015, 4:20:06 AM)
[2015.04.27-18.20.06:107][553]LogPlayLevel: PIE: StaticDuplicateObject took: (0.046639s)
[2015.04.27-18.20.06:110][553]LogPlayLevel: PIE: World Init took: (0.002459s)
[2015.04.27-18.20.06:110][553]LogPlayLevel: PIE: Created PIE world by copying editor world from /Game/FirstPersonBP/Maps/FirstPersonExampleMap.FirstPersonExampleMap to /Game/FirstPersonBP/Maps/UEDPIE_0_FirstPersonExampleMap.FirstPersonExampleMap (0.049468s)
[2015.04.27-18.20.06:181][553]LogWorld: Game class is 'FirstPersonGameMode_C'
[2015.04.27-18.20.06:184][553]LogAIModule: Creating AISystem for world FirstPersonExampleMap
[2015.04.27-18.20.06:197][553]LogWorld: Bringing World /Game/FirstPersonBP/Maps/UEDPIE_0_FirstPersonExampleMap.FirstPersonExampleMap up for play (max tick rate 60) at 2015.04.27-11.20.06
[2015.04.27-18.20.06:199][553]LogWorld: Bringing up level for play took: 0.013804
[2015.04.27-18.20.06:200][553]PIE: Info Play in editor start time for /Game/FirstPersonBP/Maps/UEDPIE_0_FirstPersonExampleMap 0.712
[2015.04.27-18.20.29:771][974]LogParticles: Destroying 0 GPU particle simulations for FXSystem 0x000000170FCFBCE0
[2015.04.27-18.20.31:303][995]LogEditorViewport: Clicking on Actor (context menu): StaticMeshActor (Wall7)
[2015.04.27-18.20.33:049][ 13]LogPlayLevel: PIE:  No blueprints needed recompiling
[2015.04.27-18.20.33:050][ 13]PIE: New page: PIE session: FirstPersonExampleMap (Apr 27, 2015, 4:20:33 AM)
[2015.04.27-18.20.33:102][ 13]LogPlayLevel: PIE: StaticDuplicateObject took: (0.050670s)
[2015.04.27-18.20.33:105][ 13]LogPlayLevel: PIE: World Init took: (0.003326s)
[2015.04.27-18.20.33:105][ 13]LogPlayLevel: PIE: Created PIE world by copying editor world from /Game/FirstPersonBP/Maps/FirstPersonExampleMap.FirstPersonExampleMap to /Game/FirstPersonBP/Maps/UEDPIE_0_FirstPersonExampleMap.FirstPersonExampleMap (0.054391s)
[2015.04.27-18.20.33:194][ 13]LogWorld: Game class is 'FirstPersonGameMode_C'
[2015.04.27-18.20.33:196][ 13]LogAIModule: Creating AISystem for world FirstPersonExampleMap
[2015.04.27-18.20.33:209][ 13]LogWorld: Bringing World /Game/FirstPersonBP/Maps/UEDPIE_0_FirstPersonExampleMap.FirstPersonExampleMap up for play (max tick rate 60) at 2015.04.27-11.20.33
[2015.04.27-18.20.33:210][ 13]LogWorld: Bringing up level for play took: 0.013773
[2015.04.27-18.20.33:212][ 13]PIE: Info Play in editor start time for /Game/FirstPersonBP/Maps/UEDPIE_0_FirstPersonExampleMap -0.277
[2015.04.27-18.20.54:388][380]LogParticles: Destroying 0 GPU particle simulations for FXSystem 0x0000001739761440
[2015.04.27-18.20.55:664][395]LogEditorViewport: Clicking on Actor (LMB): StaticMeshActor (Cube01)
[2015.04.27-18.21.11:708][602]LogEditorViewport: Clicking on Actor (LMB): SkeletalMeshActor (Exo_Running_Jump_Copy)
[2015.04.27-18.21.20:356][714]LogEditorViewport: Clicking on Actor (LMB): StaticMeshActor (Cube01)
[2015.04.27-18.21.24:838][771]LogEditorViewport: Clicking on Actor (LMB): SkeletalMeshActor (Mixamo_Adam_Sword_Slash)
[2015.04.27-18.22.22:582][533]LogEditorViewport: Clicking on Actor (LMB): StaticMeshActor (Cube01)
[2015.04.27-18.22.35:653][715]LogEditorViewport: Clicking on Actor (LMB): BP_Sky_Sphere_C (SkySphereBlueprint)
[2015.04.27-18.22.37:595][741]LogEditorViewport: Clicking on Actor (context menu): StaticMeshActor (Wall8)
[2015.04.27-18.22.39:207][758]LogPlayLevel: PIE:  No blueprints needed recompiling
[2015.04.27-18.22.39:207][758]PIE: New page: PIE session: FirstPersonExampleMap (Apr 27, 2015, 4:22:39 AM)
[2015.04.27-18.22.39:255][758]LogPlayLevel: PIE: StaticDuplicateObject took: (0.046609s)
[2015.04.27-18.22.39:259][758]LogPlayLevel: PIE: World Init took: (0.003524s)
[2015.04.27-18.22.39:259][758]LogPlayLevel: PIE: Created PIE world by copying editor world from /Game/FirstPersonBP/Maps/FirstPersonExampleMap.FirstPersonExampleMap to /Game/FirstPersonBP/Maps/UEDPIE_0_FirstPersonExampleMap.FirstPersonExampleMap (0.050517s)
[2015.04.27-18.22.39:351][758]LogWorld: Game class is 'FirstPersonGameMode_C'
[2015.04.27-18.22.39:354][758]LogAIModule: Creating AISystem for world FirstPersonExampleMap
[2015.04.27-18.22.39:372][758]LogWorld: Bringing World /Game/FirstPersonBP/Maps/UEDPIE_0_FirstPersonExampleMap.FirstPersonExampleMap up for play (max tick rate 60) at 2015.04.27-11.22.39
[2015.04.27-18.22.39:376][758]LogWorld: Bringing up level for play took: 0.021515
[2015.04.27-18.22.39:381][758]PIE: Info Play in editor start time for /Game/FirstPersonBP/Maps/UEDPIE_0_FirstPersonExampleMap -0.108
[2015.04.27-18.22.44:694][846]LogParticles: Destroying 0 GPU particle simulations for FXSystem 0x0000001739A58220
[2015.04.27-18.22.46:324][866]LogEditorViewport: Clicking on Actor (LMB): StaticMeshActor (Cube01)
[2015.04.27-18.22.51:412][932]LogEditorViewport: Clicking on Actor (LMB): StaticMeshActor (Cube01)
[2015.04.27-18.23.14:801][235]LogEditorViewport: Clicking on Actor (context menu): StaticMeshActor (Floor2)
[2015.04.27-18.23.16:420][252]LogPlayLevel: PIE:  No blueprints needed recompiling
[2015.04.27-18.23.16:420][252]PIE: New page: PIE session: FirstPersonExampleMap (Apr 27, 2015, 4:23:16 AM)
[2015.04.27-18.23.16:461][252]LogPlayLevel: PIE: StaticDuplicateObject took: (0.040571s)
[2015.04.27-18.23.16:463][252]LogPlayLevel: PIE: World Init took: (0.001977s)
[2015.04.27-18.23.16:463][252]LogPlayLevel: PIE: Created PIE world by copying editor world from /Game/FirstPersonBP/Maps/FirstPersonExampleMap.FirstPersonExampleMap to /Game/FirstPersonBP/Maps/UEDPIE_0_FirstPersonExampleMap.FirstPersonExampleMap (0.042864s)
[2015.04.27-18.23.16:552][252]LogWorld: Game class is 'FirstPersonGameMode_C'
[2015.04.27-18.23.16:554][252]LogAIModule: Creating AISystem for world FirstPersonExampleMap
[2015.04.27-18.23.16:567][252]LogWorld: Bringing World /Game/FirstPersonBP/Maps/UEDPIE_0_FirstPersonExampleMap.FirstPersonExampleMap up for play (max tick rate 60) at 2015.04.27-11.23.16
[2015.04.27-18.23.16:569][252]LogWorld: Bringing up level for play took: 0.013730
[2015.04.27-18.23.16:570][252]PIE: Info Play in editor start time for /Game/FirstPersonBP/Maps/UEDPIE_0_FirstPersonExampleMap 1.081
[2015.04.27-18.23.20:561][317]LogParticles: Destroying 0 GPU particle simulations for FXSystem 0x0000001734C9EB60
[2015.04.27-18.23.24:633][371]LogEditorViewport: Clicking on Actor (LMB): StaticMeshActor (Cube01)
[2015.04.27-18.23.28:320][419]LogEditorViewport: Clicking on Actor (context menu): StaticMeshActor (Floor2)
[2015.04.27-18.23.30:929][447]LogPlayLevel: PIE:  No blueprints needed recompiling
[2015.04.27-18.23.30:929][447]PIE: New page: PIE session: FirstPersonExampleMap (Apr 27, 2015, 4:23:30 AM)
[2015.04.27-18.23.30:973][447]LogPlayLevel: PIE: StaticDuplicateObject took: (0.042948s)
[2015.04.27-18.23.30:977][447]LogPlayLevel: PIE: World Init took: (0.003566s)
[2015.04.27-18.23.30:977][447]LogPlayLevel: PIE: Created PIE world by copying editor world from /Game/FirstPersonBP/Maps/FirstPersonExampleMap.FirstPersonExampleMap to /Game/FirstPersonBP/Maps/UEDPIE_0_FirstPersonExampleMap.FirstPersonExampleMap (0.046907s)
[2015.04.27-18.23.31:075][447]LogWorld: Game class is 'FirstPersonGameMode_C'
[2015.04.27-18.23.31:078][447]LogAIModule: Creating AISystem for world FirstPersonExampleMap
[2015.04.27-18.23.31:099][447]LogWorld: Bringing World /Game/FirstPersonBP/Maps/UEDPIE_0_FirstPersonExampleMap.FirstPersonExampleMap up for play (max tick rate 60) at 2015.04.27-11.23.31
[2015.04.27-18.23.31:102][447]LogWorld: Bringing up level for play took: 0.023856
[2015.04.27-18.23.31:106][447]PIE: Info Play in editor start time for /Game/FirstPersonBP/Maps/UEDPIE_0_FirstPersonExampleMap -0.382
[2015.04.27-18.23.43:037][652]LogParticles: Destroying 0 GPU particle simulations for FXSystem 0x000000172BB537E0
[2015.04.27-18.23.43:874][663]LogEditorViewport: Clicking on Actor (LMB): StaticMeshActor (Cube01)
[2015.04.27-18.23.48:386][725]Cmd: SELECT NONE
[2015.04.27-18.23.51:434][765]Cmd: SELECT NONE
[2015.04.27-18.23.52:705][783]LogEditorViewport: Clicking on Actor (context menu): StaticMeshActor (Floor2)
[2015.04.27-18.23.55:058][806]LogPlayLevel: PIE:  No blueprints needed recompiling
[2015.04.27-18.23.55:059][806]PIE: New page: PIE session: FirstPersonExampleMap (Apr 27, 2015, 4:23:55 AM)
[2015.04.27-18.23.55:101][806]LogPlayLevel: PIE: StaticDuplicateObject took: (0.042046s)
[2015.04.27-18.23.55:104][806]LogPlayLevel: PIE: World Init took: (0.002674s)
[2015.04.27-18.23.55:104][806]LogPlayLevel: PIE: Created PIE world by copying editor world from /Game/FirstPersonBP/Maps/FirstPersonExampleMap.FirstPersonExampleMap to /Game/FirstPersonBP/Maps/UEDPIE_0_FirstPersonExampleMap.FirstPersonExampleMap (0.045091s)
[2015.04.27-18.23.55:186][806]LogWorld: Game class is 'FirstPersonGameMode_C'
[2015.04.27-18.23.55:193][806]LogAIModule: Creating AISystem for world FirstPersonExampleMap
[2015.04.27-18.23.55:217][806]LogWorld: Bringing World /Game/FirstPersonBP/Maps/UEDPIE_0_FirstPersonExampleMap.FirstPersonExampleMap up for play (max tick rate 60) at 2015.04.27-11.23.55
[2015.04.27-18.23.55:219][806]LogWorld: Bringing up level for play took: 0.025550
[2015.04.27-18.23.55:222][806]PIE: Info Play in editor start time for /Game/FirstPersonBP/Maps/UEDPIE_0_FirstPersonExampleMap -0.267
[2015.04.27-18.24.47:982][702]LogParticles: Destroying 0 GPU particle simulations for FXSystem 0x000000172319F380
[2015.04.27-18.24.52:266][765]LogEditorViewport: Clicking on Actor (LMB): SkeletalMeshActor (Mixamo_Adam_Sword_Slash)
[2015.04.27-18.24.58:258][880]Cmd: SELECT NONE
[2015.04.27-18.24.59:505][910]LogEditorViewport: Clicking on Actor (LMB): SkeletalMeshActor (Mixamo_Adam_Sword_Slash)
[2015.04.27-18.24.59:675][913]LogEditorViewport: Clicking on Component (LMB): SkeletalMeshComponent (SkeletalMeshComponent0)
[2015.04.27-18.25.17:863][235]LogContentBrowser:Verbose: The content browser source was changed by the sources view to '/Game/MixamoAnimPack/Mixamo_Adam/Mesh'
[2015.04.27-18.25.19:653][261]LogContentBrowser:Verbose: The content browser source was changed by the sources view to '/Game/MixamoAnimPack/Mixamo_Adam/Anims'
[2015.04.27-18.25.44:608][614]LogEditorViewport: Clicking on Actor (context menu): StaticMeshActor (Floor2)
[2015.04.27-18.25.46:918][645]LogPlayLevel: PIE:  No blueprints needed recompiling
[2015.04.27-18.25.46:918][645]PIE: New page: PIE session: FirstPersonExampleMap (Apr 27, 2015, 4:25:46 AM)
[2015.04.27-18.25.46:953][645]LogPlayLevel: PIE: StaticDuplicateObject took: (0.034121s)
[2015.04.27-18.25.46:954][645]LogPlayLevel: PIE: World Init took: (0.001087s)
[2015.04.27-18.25.46:954][645]LogPlayLevel: PIE: Created PIE world by copying editor world from /Game/FirstPersonBP/Maps/FirstPersonExampleMap.FirstPersonExampleMap to /Game/FirstPersonBP/Maps/UEDPIE_0_FirstPersonExampleMap.FirstPersonExampleMap (0.035583s)
[2015.04.27-18.25.47:044][645]LogWorld: Game class is 'FirstPersonGameMode_C'
[2015.04.27-18.25.47:050][645]LogAIModule: Creating AISystem for world FirstPersonExampleMap
[2015.04.27-18.25.47:077][645]LogWorld: Bringing World /Game/FirstPersonBP/Maps/UEDPIE_0_FirstPersonExampleMap.FirstPersonExampleMap up for play (max tick rate 60) at 2015.04.27-11.25.47
[2015.04.27-18.25.47:078][645]LogWorld: Bringing up level for play took: 0.027703
[2015.04.27-18.25.47:080][645]PIE: Info Play in editor start time for /Game/FirstPersonBP/Maps/UEDPIE_0_FirstPersonExampleMap -0.408
[2015.04.27-18.25.57:504][  2]Cmd: LevelEditor.ToggleImmersive
[2015.04.27-18.26.40:135][677]LogSynthBenchmark:Display: FSynthBenchmark (V0.95):  requested WorkScale=1.00
[2015.04.27-18.26.40:135][677]LogSynthBenchmark:Display: ===============
[2015.04.27-18.26.40:135][677]LogSynthBenchmark:Display: Main Processor:
[2015.04.27-18.26.40:219][677]LogSynthBenchmark:Display:          ... 0.052273 s/Run 'RayIntersect'
[2015.04.27-18.26.40:219][677]LogSynthBenchmark:Display:          ... 0.031646 s/Run 'Fractal'
[2015.04.27-18.26.40:219][677]LogSynthBenchmark:Display: 
[2015.04.27-18.26.40:219][677]LogSynthBenchmark:Display:   CompiledTarget_x_Bits: 64
[2015.04.27-18.26.40:219][677]LogSynthBenchmark:Display:   UE_BUILD_SHIPPING: 0
[2015.04.27-18.26.40:219][677]LogSynthBenchmark:Display:   UE_BUILD_TEST: 0
[2015.04.27-18.26.40:219][677]LogSynthBenchmark:Display:   UE_BUILD_DEBUG: 0
[2015.04.27-18.26.40:219][677]LogSynthBenchmark:Display:   TotalPhysicalGBRam: 8
[2015.04.27-18.26.40:219][677]LogSynthBenchmark:Display:   NumberOfCores (physical): 4
[2015.04.27-18.26.40:219][677]LogSynthBenchmark:Display:   NumberOfCores (logical): 8
[2015.04.27-18.26.40:219][677]LogSynthBenchmark:Display:   CPU Perf Index 0: 49.0
[2015.04.27-18.26.40:219][677]LogSynthBenchmark:Display:   CPU Perf Index 1: 90.4
[2015.04.27-18.26.40:219][677]LogSynthBenchmark:Display:  
[2015.04.27-18.26.40:219][677]LogSynthBenchmark:Display: Graphics:
[2015.04.27-18.26.40:219][677]LogSynthBenchmark:Display:   Adapter Name: 'Intel(R) HD Graphics 3000'
[2015.04.27-18.26.40:219][677]LogSynthBenchmark:Display:   (On Optimus the name might be wrong, memory should be ok)
[2015.04.27-18.26.40:219][677]LogSynthBenchmark:Display:   Vendor Id: 0x8086
[2015.04.27-18.26.40:219][677]LogSynthBenchmark:Display:   GPU Memory: 1995/0/2048 MB
[2015.04.27-18.26.40:244][677]LogSynthBenchmark:Display:   GPU first test: 0.02s
[2015.04.27-18.26.40:244][677]LogSynthBenchmark:Display:          ... 0.448 GigaPix/s, Confidence=100% 'ALUHeavyNoise' (likely to be very inaccurate)
[2015.04.27-18.26.40:244][677]LogSynthBenchmark:Display:          ... 0.505 GigaPix/s, Confidence=100% 'TexHeavy' (likely to be very inaccurate)
[2015.04.27-18.26.40:244][677]LogSynthBenchmark:Display:          ... 0.362 GigaPix/s, Confidence=100% 'DepTexHeavy' (likely to be very inaccurate)
[2015.04.27-18.26.40:244][677]LogSynthBenchmark:Display:          ... 1.361 GigaPix/s, Confidence=100% 'FillOnly' (likely to be very inaccurate)
[2015.04.27-18.26.40:244][677]LogSynthBenchmark:Display:          ... 0.082 GigaPix/s, Confidence=100% 'Bandwidth' (likely to be very inaccurate)
[2015.04.27-18.26.40:391][677]LogSynthBenchmark:Display:   GPU second test: 0.14s
[2015.04.27-18.26.40:391][677]LogSynthBenchmark:Display:          ... 0.553 GigaPix/s, Confidence=100% 'ALUHeavyNoise' (likely to be inaccurate)
[2015.04.27-18.26.40:391][677]LogSynthBenchmark:Display:          ... 0.642 GigaPix/s, Confidence=100% 'TexHeavy' (likely to be inaccurate)
[2015.04.27-18.26.40:391][677]LogSynthBenchmark:Display:          ... 0.398 GigaPix/s, Confidence=100% 'DepTexHeavy' (likely to be inaccurate)
[2015.04.27-18.26.40:391][677]LogSynthBenchmark:Display:          ... 2.412 GigaPix/s, Confidence=100% 'FillOnly' (likely to be inaccurate)
[2015.04.27-18.26.40:391][677]LogSynthBenchmark:Display:          ... 0.079 GigaPix/s, Confidence=100% 'Bandwidth' (likely to be inaccurate)
[2015.04.27-18.26.40:391][677]LogSynthBenchmark:Display:          ... 0.553 GigaPix/s, Confidence=100% 'ALUHeavyNoise'
[2015.04.27-18.26.40:391][677]LogSynthBenchmark:Display:          ... 0.642 GigaPix/s, Confidence=100% 'TexHeavy'
[2015.04.27-18.26.40:391][677]LogSynthBenchmark:Display:          ... 0.398 GigaPix/s, Confidence=100% 'DepTexHeavy'
[2015.04.27-18.26.40:391][677]LogSynthBenchmark:Display:          ... 2.412 GigaPix/s, Confidence=100% 'FillOnly'
[2015.04.27-18.26.40:391][677]LogSynthBenchmark:Display:          ... 0.079 GigaPix/s, Confidence=100% 'Bandwidth'
[2015.04.27-18.26.40:391][677]LogSynthBenchmark:Display: 
[2015.04.27-18.26.40:391][677]LogSynthBenchmark:Display:   GPU Perf Index 0: 12.0
[2015.04.27-18.26.40:391][677]LogSynthBenchmark:Display:   GPU Perf Index 1: 8.6
[2015.04.27-18.26.40:391][677]LogSynthBenchmark:Display:   GPU Perf Index 2: 10.3
[2015.04.27-18.26.40:391][677]LogSynthBenchmark:Display:   GPU Perf Index 3: 9.5
[2015.04.27-18.26.40:391][677]LogSynthBenchmark:Display:   GPU Perf Index 4: 7.4
[2015.04.27-18.26.40:391][677]LogSynthBenchmark:Display:   CPUIndex: 49.0
[2015.04.27-18.26.40:391][677]LogSynthBenchmark:Display:   GPUIndex: 12.0
[2015.04.27-18.26.40:391][677]LogSynthBenchmark:Display: 
[2015.04.27-18.26.40:391][677]LogSynthBenchmark:Display:          ... Total Time: 0.271657 sec
[2015.04.27-18.26.40:392][677]LogConsoleManager:Warning: Console variable 'r.Streaming.PoolSize' wasn't set (Priority Code < Scalability)
[2015.04.27-18.26.40:392][677]LogConsoleManager:Warning: Console variable 'r.MaterialQualityLevel' wasn't set (Priority Console < Scalability)
[2015.04.27-18.26.40:399][677]LogConsoleManager:Warning: Console variable 'r.Streaming.PoolSize' wasn't set (Priority Code < Scalability)
[2015.04.27-18.26.40:399][677]LogConsoleManager:Warning: Console variable 'r.MaterialQualityLevel' wasn't set (Priority Console < Scalability)
[2015.04.27-18.26.40:407][678]LogRenderer:Warning: Reallocating scene render targets to support 1368x728 (Frame:29285).
[2015.04.27-18.26.40:468][678]LogRenderer:Warning: Reallocating scene render targets to support 1368x728 (Frame:29286).
[2015.04.27-18.26.47:802][117]LogActorComponent: UnregisterComponent: (/Engine/Transient.CharMoveComp) Not registered. Aborting.
[2015.04.27-18.26.51:737][343]LogParticles: Destroying 0 GPU particle simulations for FXSystem 0x0000001739762CA0
[2015.04.27-18.26.51:840][345]Cmd: SELECT NONE
[2015.04.27-18.26.58:667][587]LogSavePackage: Save=2306.912109ms
[2015.04.27-18.26.58:667][587]LogSavePackage: Moving '../../../../../../Users/Flavio/Desktop/DeadMeat/Saved/FirstPersonExampleMap4DDE8C9D422192C85027198170BA9200.tmp' to '../../../../../../Users/Flavio/Desktop/DeadMeat/Content/FirstPersonBP/Maps/FirstPersonExampleMap.umap'
[2015.04.27-18.28.21:392][444]Cmd: SELECT NONE
[2015.04.27-18.28.24:241][575]Cmd: QUIT_EDITOR
[2015.04.27-18.28.24:504][575]LogExit: Preparing to exit.
[2015.04.27-18.28.25:296][575]LogExit: Editor shut down
[2015.04.27-18.28.25:297][575]LogExit: Transaction tracking system shut down
[2015.04.27-18.28.25:299][575]LogParticles: Destroying 0 GPU particle simulations for FXSystem 0x000000171BF8A520
[2015.04.27-18.28.25:301][575]LogParticles: Destroying 0 GPU particle simulations for FXSystem 0x000000175E46FEC0
[2015.04.27-18.28.25:302][575]LogParticles: Destroying 0 GPU particle simulations for FXSystem 0x00000017684ECF40
[2015.04.27-18.28.25:302][575]LogParticles: Destroying 0 GPU particle simulations for FXSystem 0x000000175B8B9300
[2015.04.27-18.28.25:303][575]LogParticles: Destroying 0 GPU particle simulations for FXSystem 0x000000175B8B91C0
[2015.04.27-18.28.25:303][575]LogParticles: Destroying 0 GPU particle simulations for FXSystem 0x000000175B8BB6A0
[2015.04.27-18.28.25:303][575]LogParticles: Destroying 0 GPU particle simulations for FXSystem 0x000000175B8B9E40
[2015.04.27-18.28.25:309][575]LogParticles: Destroying 0 GPU particle simulations for FXSystem 0x000000170D5EB6A0
[2015.04.27-18.28.25:520][575]LogExit: Object subsystem successfully closed.
[2015.04.27-18.28.25:582][575]LogModuleManager: Shutting down and abandoning module SynthBenchmark (178)
[2015.04.27-18.28.25:582][575]LogModuleManager: Shutting down and abandoning module CrashTracker (177)
[2015.04.27-18.28.25:582][575]LogModuleManager: Shutting down and abandoning module SuperSearch (176)
[2015.04.27-18.28.25:582][575]LogModuleManager: Shutting down and abandoning module SceneOutliner (175)
[2015.04.27-18.28.25:582][575]LogModuleManager: Shutting down and abandoning module EditorWidgets (174)
[2015.04.27-18.28.25:582][575]LogModuleManager: Shutting down and abandoning module CollectionManager (173)
[2015.04.27-18.28.25:582][575]LogModuleManager: Shutting down and abandoning module StatsViewer (172)
[2015.04.27-18.28.25:582][575]LogModuleManager: Shutting down and abandoning module FoliageEdit (171)
[2015.04.27-18.28.25:582][575]LogModuleManager: Shutting down and abandoning module LandscapeEditor (170)
[2015.04.27-18.28.25:582][575]LogModuleManager: Shutting down and abandoning module MeshPaint (169)
[2015.04.27-18.28.25:582][575]LogModuleManager: Shutting down and abandoning module ActorPickerMode (168)
[2015.04.27-18.28.25:582][575]LogModuleManager: Shutting down and abandoning module GeometryMode (167)
[2015.04.27-18.28.25:582][575]LogModuleManager: Shutting down and abandoning module TextureAlignMode (166)
[2015.04.27-18.28.25:583][575]LogModuleManager: Shutting down and abandoning module BspMode (165)
[2015.04.27-18.28.25:583][575]LogModuleManager: Shutting down and abandoning module PlacementMode (164)
[2015.04.27-18.28.25:583][575]LogModuleManager: Shutting down and abandoning module AutomationWorker (163)
[2015.04.27-18.28.25:583][575]LogModuleManager: Shutting down and abandoning module CharacterAI (162)
[2015.04.27-18.28.25:583][575]LogModuleManager: Shutting down and abandoning module SmartSnapping (161)
[2015.04.27-18.28.25:583][575]LogModuleManager: Shutting down and abandoning module ViewportSnapping (160)
[2015.04.27-18.28.25:583][575]LogModuleManager: Shutting down and abandoning module LogVisualizer (159)
[2015.04.27-18.28.25:583][575]LogModuleManager: Shutting down and abandoning module GameProjectGeneration (158)
[2015.04.27-18.28.25:583][575]LogModuleManager: Shutting down and abandoning module IntroTutorials (157)
[2015.04.27-18.28.25:583][575]LogModuleManager: Shutting down and abandoning module EditorLiveStreaming (156)
[2015.04.27-18.28.25:583][575]LogModuleManager: Shutting down and abandoning module HardwareTargeting (155)
[2015.04.27-18.28.25:583][575]LogModuleManager: Shutting down and abandoning module DeviceProfileEditor (154)
[2015.04.27-18.28.25:583][575]LogModuleManager: Shutting down and abandoning module UndoHistory (153)
[2015.04.27-18.28.25:583][575]LogModuleManager: Shutting down and abandoning module GameplayTagsEditor (152)
[2015.04.27-18.28.25:583][575]LogModuleManager: Shutting down and abandoning module UserFeedback (151)
[2015.04.27-18.28.25:583][575]LogModuleManager: Shutting down and abandoning module XmlParser (150)
[2015.04.27-18.28.25:583][575]LogModuleManager: Shutting down and abandoning module Blutility (149)
[2015.04.27-18.28.25:583][575]LogModuleManager: Shutting down and abandoning module IOSPlatformEditor (148)
[2015.04.27-18.28.25:583][575]LogModuleManager: Shutting down and abandoning module IOSRuntimeSettings (147)
[2015.04.27-18.28.25:583][575]LogModuleManager: Shutting down and abandoning module AndroidDeviceDetection (146)
[2015.04.27-18.28.26:123][575]LogModuleManager: Shutting down and abandoning module AndroidPlatformEditor (145)
[2015.04.27-18.28.26:123][575]LogModuleManager: Shutting down and abandoning module AndroidRuntimeSettings (144)
[2015.04.27-18.28.26:123][575]LogModuleManager: Shutting down and abandoning module ProjectTargetPlatformEditor (143)
[2015.04.27-18.28.26:123][575]LogModuleManager: Shutting down and abandoning module ProjectSettingsViewer (142)
[2015.04.27-18.28.26:123][575]LogModuleManager: Shutting down and abandoning module InputBindingEditor (141)
[2015.04.27-18.28.26:123][575]LogModuleManager: Shutting down and abandoning module EditorSettingsViewer (140)
[2015.04.27-18.28.26:123][575]LogModuleManager: Shutting down and abandoning module SettingsEditor (139)
[2015.04.27-18.28.26:123][575]LogModuleManager: Shutting down and abandoning module ProjectLauncher (138)
[2015.04.27-18.28.26:123][575]LogModuleManager: Shutting down and abandoning module SessionFrontend (137)
[2015.04.27-18.28.26:124][575]LogModuleManager: Shutting down and abandoning module ProfilerClient (136)
[2015.04.27-18.28.26:124][575]LogModuleManager: Shutting down and abandoning module TargetDeviceServices (135)
[2015.04.27-18.28.26:124][575]LogModuleManager: Shutting down and abandoning module DeviceManager (134)
[2015.04.27-18.28.26:124][575]LogModuleManager: Shutting down and abandoning module AutomationController (133)
[2015.04.27-18.28.26:124][575]LogModuleManager: Shutting down and abandoning module AutomationWindow (132)
[2015.04.27-18.28.26:124][575]LogModuleManager: Shutting down and abandoning module Layers (131)
[2015.04.27-18.28.26:124][575]LogModuleManager: Shutting down and abandoning module ComponentVisualizers (130)
[2015.04.27-18.28.26:124][575]LogModuleManager: Shutting down and abandoning module DetailCustomizations (129)
[2015.04.27-18.28.26:124][575]LogModuleManager: Shutting down and abandoning module PackagesDialog (128)
[2015.04.27-18.28.26:124][575]LogModuleManager: Shutting down and abandoning module AssetRegistry (127)
[2015.04.27-18.28.26:177][575]LogModuleManager: Shutting down and abandoning module Persona (126)
[2015.04.27-18.28.26:178][575]LogModuleManager: Shutting down and abandoning module SlateReflector (125)
[2015.04.27-18.28.26:178][575]LogModuleManager: Shutting down and abandoning module LevelEditor (124)
[2015.04.27-18.28.26:179][575]LogModuleManager: Shutting down and abandoning module Kismet (123)
[2015.04.27-18.28.26:179][575]LogModuleManager: Shutting down and abandoning module GraphEditor (122)
[2015.04.27-18.28.26:179][575]LogModuleManager: Shutting down and abandoning module ClassViewer (121)
[2015.04.27-18.28.26:179][575]LogModuleManager: Shutting down and abandoning module Toolbox (120)
[2015.04.27-18.28.26:179][575]LogModuleManager: Shutting down and abandoning module ModuleUI (119)
[2015.04.27-18.28.26:179][575]LogModuleManager: Shutting down and abandoning module MovieSceneTools (118)
[2015.04.27-18.28.26:179][575]LogModuleManager: Shutting down and abandoning module OutputLog (117)
[2015.04.27-18.28.26:179][575]LogModuleManager: Shutting down and abandoning module GammaUI (116)
[2015.04.27-18.28.26:180][575]LogModuleManager: Shutting down and abandoning module Documentation (115)
[2015.04.27-18.28.26:180][575]LogModuleManager: Shutting down and abandoning module GameLiveStreaming (114)
[2015.04.27-18.28.26:180][575]LogModuleManager: Shutting down and abandoning module StreamingPauseRendering (113)
[2015.04.27-18.28.26:180][575]LogModuleManager: Shutting down and abandoning module HTTP (112)
[2015.04.27-18.28.26:180][575]LogModuleManager: Shutting down and abandoning module AnalyticsET (111)
[2015.04.27-18.28.26:180][575]LogModuleManager: Shutting down and abandoning module Analytics (110)
[2015.04.27-18.28.26:180][575]LogModuleManager: Shutting down and abandoning module AITestSuite (109)
[2015.04.27-18.28.26:180][575]LogModuleManager: Shutting down and abandoning module GameplayDebugger (108)
[2015.04.27-18.28.26:180][575]LogModuleManager: Shutting down and abandoning module AIModule (107)
[2015.04.27-18.28.26:180][575]LogModuleManager: Shutting down and abandoning module ProfilerService (106)
[2015.04.27-18.28.26:231][575]LogModuleManager: Shutting down and abandoning module TaskGraph (105)
[2015.04.27-18.28.26:231][575]LogModuleManager: Shutting down and abandoning module SlateRemote (104)
[2015.04.27-18.28.26:231][575]LogModuleManager: Shutting down and abandoning module ScriptEditorPlugin (103)
[2015.04.27-18.28.26:231][575]LogModuleManager: Shutting down and abandoning module CustomMeshComponent (102)
[2015.04.27-18.28.26:231][575]LogModuleManager: Shutting down and abandoning module CableComponent (101)
[2015.04.27-18.28.26:231][575]LogModuleManager: Shutting down and abandoning module MessagingDebugger (100)
[2015.04.27-18.28.26:231][575]LogModuleManager: Shutting down and abandoning module MediaPlayerEditor (99)
[2015.04.27-18.28.26:231][575]LogModuleManager: Shutting down and abandoning module SpeedTreeImporter (98)
[2015.04.27-18.28.26:231][575]LogModuleManager: Shutting down and abandoning module PluginsEditor (97)
[2015.04.27-18.28.26:231][575]LogModuleManager: Shutting down and abandoning module MainFrame (96)
[2015.04.27-18.28.26:231][575]LogModuleManager: Shutting down and abandoning module EpicSurvey (95)
[2015.04.27-18.28.26:231][575]LogModuleManager: Shutting down and abandoning module DesktopPlatform (94)
[2015.04.27-18.28.26:231][575]LogModuleManager: Shutting down and abandoning module DirectoryWatcher (93)
[2015.04.27-18.28.26:232][575]LogModuleManager: Shutting down and abandoning module HotReload (92)
[2015.04.27-18.28.26:232][575]LogModuleManager: Shutting down and abandoning module VisualStudioSourceCodeAccess (91)
[2015.04.27-18.28.26:232][575]LogModuleManager: Shutting down and abandoning module UObjectPlugin (90)
[2015.04.27-18.28.26:232][575]LogModuleManager: Shutting down and abandoning module SubversionSourceControl (89)
[2015.04.27-18.28.26:232][575]LogModuleManager: Shutting down and abandoning module PerforceSourceControl (88)
[2015.04.27-18.28.26:232][575]LogModuleManager: Shutting down and abandoning module SourceControl (87)
[2015.04.27-18.28.26:232][575]LogModuleManager: Shutting down and abandoning module GitSourceControl (86)
[2015.04.27-18.28.26:232][575]LogModuleManager: Shutting down and abandoning module BlankPlugin (85)
[2015.04.27-18.28.26:232][575]LogModuleManager: Shutting down and abandoning module PaperTiledImporter (84)
[2015.04.27-18.28.26:232][575]LogModuleManager: Shutting down and abandoning module PaperJsonImporter (83)
[2015.04.27-18.28.26:232][575]LogModuleManager: Shutting down and abandoning module ContentBrowser (82)
[2015.04.27-18.28.26:233][575]LogModuleManager: Shutting down and abandoning module Paper2DEditor (81)
[2015.04.27-18.28.26:233][575]LogModuleManager: Shutting down and abandoning module ScriptPlugin (80)
[2015.04.27-18.28.26:234][575]LogModuleManager: Shutting down and abandoning module UdpMessaging (79)
[2015.04.27-18.28.26:334][575]LogModuleManager: Shutting down and abandoning module Paper2D (78)
[2015.04.27-18.28.26:334][575]LogModuleManager: Shutting down and abandoning module WindowsMoviePlayer (77)
[2015.04.27-18.28.26:339][575]LogModuleManager: Shutting down and abandoning module Media (76)
[2015.04.27-18.28.26:339][575]LogModuleManager: Shutting down and abandoning module WmfMedia (75)
[2015.04.27-18.28.26:339][575]LogModuleManager: Shutting down and abandoning module OnlineBlueprintSupport (74)
[2015.04.27-18.28.26:339][575]LogModuleManager: Shutting down and abandoning module PropertyEditor (73)
[2015.04.27-18.28.26:339][575]LogModuleManager: Shutting down and abandoning module BehaviorTreeEditor (72)
[2015.04.27-18.28.26:339][575]LogModuleManager: Shutting down and abandoning module FunctionalTesting (71)
[2015.04.27-18.28.26:339][575]LogModuleManager: Shutting down and abandoning module CollisionAnalyzer (70)
[2015.04.27-18.28.26:339][575]LogModuleManager: Shutting down and abandoning module WorkspaceMenuStructure (69)
[2015.04.27-18.28.26:339][575]LogModuleManager: Shutting down and abandoning module MessageLog (68)
[2015.04.27-18.28.26:339][575]LogModuleManager: Shutting down and abandoning module Sequencer (67)
[2015.04.27-18.28.26:339][575]LogModuleManager: Shutting down and abandoning module AssetTools (66)
[2015.04.27-18.28.26:340][575]LogModuleManager: Shutting down and abandoning module UMGEditor (65)
[2015.04.27-18.28.26:340][575]LogModuleManager: Shutting down and abandoning module UMG (64)
[2015.04.27-18.28.26:340][575]LogModuleManager: Shutting down and abandoning module Slate (63)
[2015.04.27-18.28.26:340][575]LogModuleManager: Shutting down and abandoning module EditorStyle (62)
[2015.04.27-18.28.26:347][575]LogModuleManager: Shutting down and abandoning module SessionServices (61)
[2015.04.27-18.28.26:347][575]LogModuleManager: Shutting down and abandoning module SourceCodeAccess (60)
[2015.04.27-18.28.26:347][575]LogModuleManager: Shutting down and abandoning module HeadMountedDisplay (59)
[2015.04.27-18.28.26:347][575]LogModuleManager: Shutting down and abandoning module XAudio2 (58)
[2015.04.27-18.28.26:347][575]LogModuleManager: Shutting down and abandoning module Networking (56)
[2015.04.27-18.28.26:347][575]LogModuleManager: Shutting down and abandoning module Core (55)
[2015.04.27-18.28.26:347][575]LogModuleManager: Shutting down and abandoning module KismetCompiler (54)
[2015.04.27-18.28.26:347][575]LogModuleManager: Shutting down and abandoning module PhysXFormats (53)
[2015.04.27-18.28.26:347][575]LogModuleManager: Shutting down and abandoning module MeshUtilities (52)
[2015.04.27-18.28.26:347][575]LogModuleManager: Shutting down and abandoning module DerivedDataCache (51)
[2015.04.27-18.28.26:396][575]LogDerivedDataCache: Shutdown
[2015.04.27-18.28.26:396][575]LogModuleManager: Shutting down and abandoning module ShaderFormatOpenGL (50)
[2015.04.27-18.28.26:396][575]LogModuleManager: Shutting down and abandoning module ShaderFormatD3D (49)
[2015.04.27-18.28.26:396][575]LogModuleManager: Shutting down and abandoning module MetalShaderFormat (48)
[2015.04.27-18.28.26:396][575]LogModuleManager: Shutting down and abandoning module TextureFormatUncompressed (47)
[2015.04.27-18.28.26:396][575]LogModuleManager: Shutting down and abandoning module TextureFormatPVR (46)
[2015.04.27-18.28.26:396][575]LogModuleManager: Shutting down and abandoning module TextureFormatIntelISPCTexComp (45)
[2015.04.27-18.28.26:396][575]LogModuleManager: Shutting down and abandoning module TextureFormatDXT (44)
[2015.04.27-18.28.26:396][575]LogModuleManager: Shutting down and abandoning module ImageWrapper (43)
[2015.04.27-18.28.26:396][575]LogModuleManager: Shutting down and abandoning module TextureFormatASTC (42)
[2015.04.27-18.28.26:396][575]LogModuleManager: Shutting down and abandoning module TextureFormatAndroid (41)
[2015.04.27-18.28.26:396][575]LogModuleManager: Shutting down and abandoning module AudioFormatOpus (40)
[2015.04.27-18.28.26:396][575]LogModuleManager: Shutting down and abandoning module AudioFormatOgg (39)
[2015.04.27-18.28.26:396][575]LogModuleManager: Shutting down and abandoning module AudioFormatADPCM (38)
[2015.04.27-18.28.26:396][575]LogModuleManager: Shutting down and abandoning module LinuxTargetPlatform (37)
[2015.04.27-18.28.26:396][575]LogModuleManager: Shutting down and abandoning module LinuxServerTargetPlatform (36)
[2015.04.27-18.28.26:396][575]LogModuleManager: Shutting down and abandoning module LinuxNoEditorTargetPlatform (35)
[2015.04.27-18.28.26:396][575]LogModuleManager: Shutting down and abandoning module Messaging (34)
[2015.04.27-18.28.26:396][575]LogModuleManager: Shutting down and abandoning module IOSTargetPlatform (33)
[2015.04.27-18.28.26:396][575]LogModuleManager: Shutting down and abandoning module HTML5TargetPlatform (32)
[2015.04.27-18.28.26:396][575]LogModuleManager: Shutting down and abandoning module Android_PVRTCTargetPlatform (31)
[2015.04.27-18.28.26:396][575]LogModuleManager: Shutting down and abandoning module Android_ETC2TargetPlatform (30)
[2015.04.27-18.28.26:396][575]LogModuleManager: Shutting down and abandoning module Android_ETC1TargetPlatform (29)
[2015.04.27-18.28.26:396][575]LogModuleManager: Shutting down and abandoning module Android_ES31TargetPlatform (28)
[2015.04.27-18.28.26:396][575]LogModuleManager: Shutting down and abandoning module Android_DXTTargetPlatform (27)
[2015.04.27-18.28.26:396][575]LogModuleManager: Shutting down and abandoning module Android_ATCTargetPlatform (26)
[2015.04.27-18.28.26:396][575]LogModuleManager: Shutting down and abandoning module AndroidTargetPlatform (25)
[2015.04.27-18.28.26:396][575]LogModuleManager: Shutting down and abandoning module WindowsTargetPlatform (24)
[2015.04.27-18.28.26:397][575]LogModuleManager: Shutting down and abandoning module WindowsServerTargetPlatform (23)
[2015.04.27-18.28.26:397][575]LogModuleManager: Shutting down and abandoning module WindowsNoEditorTargetPlatform (22)
[2015.04.27-18.28.26:397][575]LogModuleManager: Shutting down and abandoning module WindowsClientTargetPlatform (21)
[2015.04.27-18.28.26:397][575]LogModuleManager: Shutting down and abandoning module TargetPlatform (20)
[2015.04.27-18.28.26:397][575]LogModuleManager: Shutting down and abandoning module InputCore (19)
[2015.04.27-18.28.26:397][575]LogModuleManager: Shutting down and abandoning module Settings (18)
[2015.04.27-18.28.26:397][575]LogModuleManager: Shutting down and abandoning module OnlineSubsystem (16)
[2015.04.27-18.28.26:397][575]LogModuleManager: Shutting down and abandoning module OculusRift (15)
[2015.04.27-18.28.26:397][575]LogModuleManager: Shutting down and abandoning module ExampleDeviceProfileSelector (14)
[2015.04.27-18.28.26:397][575]LogModuleManager: Shutting down and abandoning module TextureCompressor (13)
[2015.04.27-18.28.26:397][575]LogModuleManager: Shutting down and abandoning module ShaderCore (12)
[2015.04.27-18.28.26:397][575]LogModuleManager: Shutting down and abandoning module Landscape (11)
[2015.04.27-18.28.26:397][575]LogModuleManager: Shutting down and abandoning module SlateRHIRenderer (10)
[2015.04.27-18.28.26:402][575]LogModuleManager: Shutting down and abandoning module OpenGLDrv (9)
[2015.04.27-18.28.26:402][575]LogModuleManager: Shutting down and abandoning module D3D11RHI (8)
[2015.04.27-18.28.26:402][575]LogModuleManager: Shutting down and abandoning module Renderer (7)
[2015.04.27-18.28.26:402][575]LogModuleManager: Shutting down and abandoning module Engine (6)
[2015.04.27-18.28.26:402][575]LogModuleManager: Shutting down and abandoning module CoreUObject (5)
[2015.04.27-18.28.26:402][575]LogModuleManager: Shutting down and abandoning module NetworkFile (4)
[2015.04.27-18.28.26:402][575]LogModuleManager: Shutting down and abandoning module StreamingFile (3)
[2015.04.27-18.28.26:402][575]LogModuleManager: Shutting down and abandoning module SandboxFile (2)
[2015.04.27-18.28.26:402][575]LogModuleManager: Shutting down and abandoning module PakFile (1)
[2015.04.27-18.28.26:403][575]LogExit: Exiting.
[2015.04.27-18.28.26:488][575]Log file closed, 04/27/15 11:28:26
