Log file open, 04/27/15 10:33:48
LogInit:Display: Running engine for game: DeadMeat
LogInit: Version: 4.7.5-2503383+++depot+UE4-Releases+4.7
LogInit: API Version: 2455222
LogInit: Compiled (64-bit): Apr  6 2015 23:21:51
LogInit: Compiled with Visual C++: 18.00.21005.01
LogInit: Build Configuration: Development
LogInit: Branch Name: ++depot+UE4-Releases+4.7
LogInit: Command line:  
LogInit: Base directory: C:/Program Files/Epic Games/4.7/Engine/Binaries/Win64/
LogInit: Rocket: 1
[2015.04.27-17.33.48:479][  0]LogTaskGraph: Started task graph with 3 named threads and 6 total threads.
[2015.04.27-17.33.48:561][  0]LogOnline:Warning: No default platform service specified for OnlineSubsystem
[2015.04.27-17.33.48:673][  0]LogInit: Presizing for 0 objects not considered by GC, pre-allocating 0 bytes.
[2015.04.27-17.33.48:684][  0]LogInit: Object subsystem initialized
[2015.04.27-17.33.48:686][  0]LogConsoleResponse:Warning: Skipping Unknown console variable: 'TranslucentSortAxis = (X=0.000000,Y=-1.000000,Z=0.000000)'
[2015.04.27-17.33.48:686][  0]LogConsoleResponse:Warning:   Found in ini file 'C:/Users/Flavio/Desktop/DeadMeat/Saved/Config/Windows/Engine.ini', in section '[/Script/Engine.RendererSettings]'
[2015.04.27-17.33.48:686][  0]LogConsoleResponse:Warning: Skipping Unknown console variable: 'UIScaleRule = ShortestSide'
[2015.04.27-17.33.48:686][  0]LogConsoleResponse:Warning:   Found in ini file 'C:/Users/Flavio/Desktop/DeadMeat/Saved/Config/Windows/Engine.ini', in section '[/Script/Engine.RendererSettings]'
[2015.04.27-17.33.48:686][  0]LogConsoleResponse:Warning: Skipping Unknown console variable: 'UIScaleCurve = (EditorCurveData=(Keys=),ExternalCurve=None)'
[2015.04.27-17.33.48:686][  0]LogConsoleResponse:Warning:   Found in ini file 'C:/Users/Flavio/Desktop/DeadMeat/Saved/Config/Windows/Engine.ini', in section '[/Script/Engine.RendererSettings]'
[2015.04.27-17.33.48:687][  0]LogInit: Selected Device Profile: [Windows]
[2015.04.27-17.33.48:687][  0]LogInit: Applying CVar settings loaded from the selected device profile: [Windows]
[2015.04.27-17.33.48:698][  0]LogInit: Computer: FLAVIO
[2015.04.27-17.33.48:698][  0]LogInit: User: Flavio
[2015.04.27-17.33.48:698][  0]LogInit: CPU Page size=4096, Cores=4
[2015.04.27-17.33.48:698][  0]LogInit: High frequency timer resolution =2.143577 MHz
[2015.04.27-17.33.48:698][  0]LogMemory: Memory total: Physical=7.9GB (8GB approx) Virtual=131072.0GB
[2015.04.27-17.33.48:699][  0]LogMemory: Platform Memory Stats for Windows
[2015.04.27-17.33.48:699][  0]LogMemory: Process Physical Memory: 46.54 MB used, 46.54 MB peak
[2015.04.27-17.33.48:699][  0]LogMemory: Process Virtual Memory: 24.91 MB used, 24.91 MB peak
[2015.04.27-17.33.48:699][  0]LogMemory: Physical Memory: 2966.64 MB used, 8086.16 MB total
[2015.04.27-17.33.48:699][  0]LogMemory: Virtual Memory: 296.81 MB used, 134217728.00 MB total
[2015.04.27-17.33.49:675][  0]LogD3D11RHI: Found D3D11 adapter 0: NVIDIA GeForce GT 540M (Feature Level 11_0)
[2015.04.27-17.33.49:675][  0]LogD3D11RHI: Adapter has 1994MB of dedicated video memory, 0MB of dedicated system memory, and 2047MB of shared system memory, 1 output[s]
[2015.04.27-17.33.49:693][  0]LogD3D11RHI: Found D3D11 adapter 1: NVIDIA GeForce GT 540M (Feature Level 11_0)
[2015.04.27-17.33.49:693][  0]LogD3D11RHI: Adapter has 1994MB of dedicated video memory, 0MB of dedicated system memory, and 2047MB of shared system memory, 0 output[s]
[2015.04.27-17.33.49:694][  0]LogD3D11RHI: Found D3D11 adapter 2: Microsoft Basic Render Driver (Feature Level 11_0)
[2015.04.27-17.33.49:694][  0]LogD3D11RHI: Adapter has 1994MB of dedicated video memory, 0MB of dedicated system memory, and 2047MB of shared system memory, 0 output[s]
[2015.04.27-17.33.49:695][  0]LogD3D11RHI: Chosen D3D11 Adapter Id = 0
[2015.04.27-17.33.49:698][  0]LogRHI: Texture pool is 1361 MB (70% of 1945 MB)
[2015.04.27-17.33.49:710][  0]LogD3D11RHI: Async texture creation enabled
[2015.04.27-17.33.50:473][  0]LogTextLocalizationManager: The requested culture ('en_US') has no localization data; parent culture's ('en') localization data will be used.
[2015.04.27-17.33.50:549][  0]LogTextLocalizationManager:Warning: Loading localization resources contain conflicting entries for (Namespace:UICommands, Key:Save_ToolTip):
Resource: (C:/Program Files/Epic Games/4.7/Engine/Content/Localization/Editor/en/Editor.locres) Hash: (-29098895) String: (Saves the current level to disk)
Resource: (C:/Program Files/Epic Games/4.7/Engine/Content/Localization/Engine/en/Engine.locres) Hash: (-1280300587) String: (Save selected data to vlog file)
[2015.04.27-17.33.50:549][  0]LogTextLocalizationManager:Warning: Loading localization resources contain conflicting entries for (Namespace:ContentBrowser, Key:ImportAssetToolTip):
Resource: (C:/Program Files/Epic Games/4.7/Engine/Content/Localization/Editor/en/Editor.locres) Hash: (-630476809) String: (Import to {0}...)
Resource: (C:/Program Files/Epic Games/4.7/Engine/Content/Localization/Editor/en/Editor.locres) Hash: (1271782899) String: (Imports an asset from file to this folder.)
[2015.04.27-17.33.50:636][  0]LogContentStreaming: Texture pool size is 0.000000MB
[2015.04.27-17.33.54:527][  0]LogTargetPlatformManager:Display: Building Assets For Windows
[2015.04.27-17.33.55:807][  0]LogTargetPlatformManager:Display: Building Assets For Windows
[2015.04.27-17.33.55:919][  0]LogDerivedDataCache:Display: Max Cache Size: 512 MB
[2015.04.27-17.33.56:304][  0]LogDerivedDataCache: Loaded boot cache 0.39s 39MB C:/Users/Flavio/AppData/Local/UnrealEngine/4.7/DerivedDataCache/Boot.ddc.
[2015.04.27-17.33.56:304][  0]LogDerivedDataCache:Display: Loaded Boot cache: C:/Users/Flavio/AppData/Local/UnrealEngine/4.7/DerivedDataCache/Boot.ddc
[2015.04.27-17.33.56:305][  0]LogDerivedDataCache: FDerivedDataBackendGraph:  Pak pak cache file ../../../../../../Users/Flavio/Desktop/DeadMeat/DerivedDataCache/DDC.ddp not found, will not use a pak cache.
[2015.04.27-17.33.56:305][  0]LogDerivedDataCache: Unable to find inner node Pak for hierarchical cache Hierarchy.
[2015.04.27-17.33.56:474][  0]LogDerivedDataCache:Display: Pak cache opened for reading ../../../Engine/DerivedDataCache/Compressed.ddp.
[2015.04.27-17.33.56:486][  0]LogDerivedDataCache: Using Local data cache path C:/Users/Flavio/AppData/Local/UnrealEngine/Common/DerivedDataCache: Writable
[2015.04.27-17.34.05:507][  0]LogMeshUtilities: No automatic mesh reduction module available
[2015.04.27-17.34.05:507][  0]LogMeshUtilities: No automatic mesh merging module available
[2015.04.27-17.34.07:098][  0]LogInit: WinSock: version 1.1 (2.2), MaxSocks=32767, MaxUdp=65467
[2015.04.27-17.34.07:200][  0]LogSlate:Warning: Failed to load font data from '../../../Engine/Content/Slate/Fonts/Roboto-Italic.ttf'
[2015.04.27-17.34.09:073][  0]UdpMessaging: Initializing bridge on interface 0.0.0.0:0 to multicast group 230.0.0.1:6666.
[2015.04.27-17.34.09:324][  0]SourceControl: Info Source control is disabled
[2015.04.27-17.34.09:324][  0]SourceControl: Info Source control is disabled
[2015.04.27-17.34.09:324][  0]SourceControl: Info Source control is disabled
[2015.04.27-17.34.09:324][  0]LogSourceControl: RunCommandInternalRaw: 'git version'
[2015.04.27-17.34.09:325][  0]LogSourceControl: RunCommandInternalRaw: ExecProcess ReturnCode=2 OutResults=''
[2015.04.27-17.34.09:334][  0]SourceControl: Info Source control is disabled
[2015.04.27-17.34.09:670][  0]LogObj: 24232 objects as part of root set at end of initial load.
[2015.04.27-17.34.09:670][  0]LogUObjectAllocator: 5137176 out of 0 bytes used by permanent object pool.
[2015.04.27-17.34.09:837][  0]LogEngine: Initializing Engine...
[2015.04.27-17.34.12:445][  0]LogInit: XAudio2 using 'Speakers / Headphones (Realtek High Definition Audio)' : 2 channels at 48 kHz using 32 bits per sample (channel mask 0x3)
[2015.04.27-17.34.12:652][  0]LogInit: FAudioDevice initialized.
[2015.04.27-17.34.12:697][  0]LogAIModule: Creating AISystem for world NewWorld
[2015.04.27-17.34.12:717][  0]LogDerivedDataCache: Saved boot cache 0.02s 39MB C:/Users/Flavio/AppData/Local/UnrealEngine/4.7/DerivedDataCache/Boot.ddc.
[2015.04.27-17.34.12:725][  0]LogInit: Texture streaming: Enabled
[2015.04.27-17.34.13:951][  0]LogAnalytics: Creating configured Analytics provider AnalyticsET
[2015.04.27-17.34.13:951][  0]LogAnalytics: ET APIKey = Rocket.Release. APIServer = http://et2.epicgames.com/ET2/. AppVersion = 4.7.5-2503383+++depot+UE4-Releases+4.7
[2015.04.27-17.34.13:951][  0]LogAnalytics: ET APIKey = Rocket.Release. DataRouterUploadURL = https://datarouter-public-service-gamedev.ol.epicgames.net/datarouter/api/v1/public/data. AppVersion = 4.7.5-2503383+++depot+UE4-Releases+4.7
[2015.04.27-17.34.13:951][  0]LogAnalytics: SetUserId 4e83ebe942835539779746b43e4f93f7|14919f3d0643489ba6ad3048feb4b89e|058e2274-dff7-494e-b518-f874ec975a59
[2015.04.27-17.34.13:951][  0]LogAnalytics: AnalyticsET::StartSession [Rocket.Release]
[2015.04.27-17.34.14:032][  0]LogInit: Transaction tracking system initialized
[2015.04.27-17.34.14:232][  0]BlueprintLog: New page: Editor Load
[2015.04.27-17.34.14:270][  0]LogAssetRegistry: FAssetRegistry took 0.0105 seconds to start up
[2015.04.27-17.34.14:270][  0]LogDirectoryWatcher:Warning: Failed to begin reading directory changes for ../../../Engine/Plugins/Experimental/CharacterAI/Content/. Error: 0
[2015.04.27-17.34.14:935][  0]LogTargetPlatformManager:Display: Building Assets For Windows
[2015.04.27-17.34.15:420][  0]LogTargetPlatformManager:Display: Building Assets For Windows
[2015.04.27-17.34.15:728][  0]LogLinker:Warning: Asset '../../../Engine/Content/Tutorial/Mobile/SettingUpAndroidTutorial.uasset' has been saved with empty engine version. The asset will be loaded but may be incompatible.
[2015.04.27-17.34.15:800][  0]LogSlate:Warning: Failed to load font data from '../../../Engine/Content/Editor/Slate/Fonts/Roboto-Regular.ttf'
[2015.04.27-17.34.15:801][  0]LogSlate:Warning: Failed to load font data from '../../../Engine/Content/Editor/Slate/Fonts/Roboto-Bold.ttf'
[2015.04.27-17.34.15:809][  0]LogConsoleResponse:Display: 
[2015.04.27-17.34.17:659][  0]LogCook:Display: Done creating registry. It took  0.00s.
[2015.04.27-17.34.17:848][  0]SourceControl: Info Source control is disabled
[2015.04.27-17.34.17:849][  0]Cmd: MAP LOAD FILE="../../../../../../Users/Flavio/Desktop/DeadMeat/Content/FirstPersonBP/Maps/FirstPersonExampleMap.umap" TEMPLATE=0 SHOWPROGRESS=1 FEATURELEVEL=3
[2015.04.27-17.34.17:849][  0]LightingResults: New page: Lighting Build
[2015.04.27-17.34.17:864][  0]MapCheck: New page: Map Check
[2015.04.27-17.34.17:864][  0]LightingResults: New page: Lighting Build
[2015.04.27-17.34.17:877][  0]LogParticles: Destroying 0 GPU particle simulations for FXSystem 0x0000003993B52980
[2015.04.27-17.34.17:907][  0]LogLinker:Warning: Asset '../../../Engine/Content/EngineMeshes/Humanoid.uasset' has been saved with empty engine version. The asset will be loaded but may be incompatible.
[2015.04.27-17.34.21:340][  0]LogMaterial: Missing cached shader map for material CubeMaterial, compiling. 
[2015.04.27-17.34.21:804][  0]LogTexture:Display: Building textures: HQ_Lightmap0_1 (AutoDXT)
[2015.04.27-17.34.25:195][  0]LogTexture:Display: Building textures: HQ_Lightmap0_2 (AutoDXT)
[2015.04.27-17.34.26:519][  0]LogTexture:Display: Building textures: HQ_Lightmap0_3 (AutoDXT)
[2015.04.27-17.34.27:483][  0]LogTexture:Display: Building textures: HQ_Lightmap0_4 (AutoDXT)
[2015.04.27-17.34.28:275][  0]LogTexture:Display: Building textures: HQ_Lightmap0_5 (AutoDXT)
[2015.04.27-17.34.29:185][  0]LogTexture:Display: Building textures: HQ_Lightmap0_6 (AutoDXT)
[2015.04.27-17.34.30:040][  0]LogTexture:Display: Building textures: HQ_Lightmap0_7 (AutoDXT)
[2015.04.27-17.34.30:674][  0]LogTexture:Display: Building textures: HQ_Lightmap0_8 (AutoDXT)
[2015.04.27-17.34.30:724][  0]LogTexture:Display: Building textures: LQ_Lightmap_0_2 (DXT1)
[2015.04.27-17.34.31:007][  0]LogTexture:Display: Building textures: LQ_Lightmap_0_3 (DXT1)
[2015.04.27-17.34.31:287][  0]LogTexture:Display: Building textures: LQ_Lightmap_0_4 (DXT1)
[2015.04.27-17.34.31:565][  0]LogTexture:Display: Building textures: LQ_Lightmap_0_5 (DXT1)
[2015.04.27-17.34.31:869][  0]LogTexture:Display: Building textures: LQ_Lightmap_0_6 (DXT1)
[2015.04.27-17.34.32:191][  0]LogTexture:Display: Building textures: LQ_Lightmap_0_7 (DXT1)
[2015.04.27-17.34.32:434][  0]LogTexture:Display: Building textures: LQ_Lightmap_0_8 (DXT1)
[2015.04.27-17.34.32:627][  0]LogTexture:Display: Building textures: LQ_Lightmap_1_1 (DXT1)
[2015.04.27-17.34.33:840][  0]LogTexture:Display: Building textures: ShadowMapTexture2D_0 (BGRA8)
[2015.04.27-17.34.34:494][  0]LogTexture:Display: Building textures: ShadowMapTexture2D_1 (BGRA8)
[2015.04.27-17.34.34:668][  0]LogTexture:Display: Building textures: ShadowMapTexture2D_2 (BGRA8)
[2015.04.27-17.34.34:838][  0]LogTexture:Display: Building textures: ShadowMapTexture2D_3 (BGRA8)
[2015.04.27-17.34.35:012][  0]LogTexture:Display: Building textures: ShadowMapTexture2D_4 (BGRA8)
[2015.04.27-17.34.35:187][  0]LogTexture:Display: Building textures: ShadowMapTexture2D_5 (BGRA8)
[2015.04.27-17.34.35:361][  0]LogTexture:Display: Building textures: ShadowMapTexture2D_6 (BGRA8)
[2015.04.27-17.34.35:498][  0]LogTexture:Display: Building textures: ShadowMapTexture2D_7 (BGRA8)
[2015.04.27-17.34.35:615][  0]LogEditorServer: Finished looking for orphan Actors (0.000 secs)
[2015.04.27-17.34.35:625][  0]LogAIModule: Creating AISystem for world FirstPersonExampleMap
[2015.04.27-17.34.35:625][  0]Cmd: MAP CHECKDEP
[2015.04.27-17.34.35:626][  0]MapCheck: New page: FirstPersonExampleMap - Apr 27, 2015, 3:34:35 AM
[2015.04.27-17.34.35:725][  0]MapCheck: Info Map check complete: 0 Error(s), 0 Warning(s), took 99.892ms to complete.
[2015.04.27-17.34.35:726][  0]LogFileHelpers: Loading map 'FirstPersonExampleMap' took 17.877
[2015.04.27-17.34.36:021][  0]LogCollectionManager: Loaded 0 collections in 0.001929 seconds
[2015.04.27-17.34.36:033][  0]LogContentBrowser: Native class hierarchy populated in 0.0116 seconds. Added 1696 classes and 261 folders.
[2015.04.27-17.34.36:070][  0]LogContentBrowser: Native class hierarchy updated for 'SceneOutliner' in 0.0024 seconds. Added 1 classes and 2 folders.
[2015.04.27-17.34.36:208][  0]LogCrashTracker: Crashtracker disabled due to settings.
[2015.04.27-17.34.36:209][  0]LogSlate:Warning: Failed to load font data from 'Veranda'
[2015.04.27-17.34.36:216][  0]LogUObjectGlobals:Warning: Failed to find object 'Class None.'
[2015.04.27-17.34.36:245][  0]LogLoad: Full Startup: 52.18 seconds (BP compile: 0.83 seconds)
[2015.04.27-17.34.36:625][  0]LogContentBrowser:Verbose: The content browser source was changed by the sources view to '/Game/FirstPersonBP'
[2015.04.27-17.34.37:034][  0]LogRenderer:Warning: Reallocating scene render targets to support 856x376 (Frame:2).
[2015.04.27-17.34.39:301][  6]LogAssetRegistry: Asset discovery search completed in 25.0422 seconds
[2015.04.27-17.35.21:689][336]LogEditorViewport: Clicking on Actor (context menu): StaticMeshActor (Floor2)
[2015.04.27-17.35.26:006][521]LogPlayLevel: PIE:  No blueprints needed recompiling
[2015.04.27-17.35.26:043][521]PIE: New page: PIE session: FirstPersonExampleMap (Apr 27, 2015, 3:35:26 AM)
[2015.04.27-17.35.26:133][521]LogPlayLevel: PIE: StaticDuplicateObject took: (0.089104s)
[2015.04.27-17.35.26:137][521]LogPlayLevel: PIE: World Init took: (0.003925s)
[2015.04.27-17.35.26:156][521]LogPlayLevel: PIE: Created PIE world by copying editor world from /Game/FirstPersonBP/Maps/FirstPersonExampleMap.FirstPersonExampleMap to /Game/FirstPersonBP/Maps/UEDPIE_0_FirstPersonExampleMap.FirstPersonExampleMap (0.111636s)
[2015.04.27-17.35.26:531][521]LogTexture:Display: Building textures: FirstPersonCrosshair (AutoDXT)
[2015.04.27-17.35.26:550][521]LogWorld: Game class is 'FirstPersonGameMode_C'
[2015.04.27-17.35.26:674][521]LogAIModule: Creating AISystem for world FirstPersonExampleMap
[2015.04.27-17.35.26:703][521]LogWorld: Bringing World /Game/FirstPersonBP/Maps/UEDPIE_0_FirstPersonExampleMap.FirstPersonExampleMap up for play (max tick rate 60) at 2015.04.27-10.35.26
[2015.04.27-17.35.26:741][521]LogWorld: Bringing up level for play took: 0.065665
[2015.04.27-17.35.26:866][521]PIE: Info Play in editor start time for /Game/FirstPersonBP/Maps/UEDPIE_0_FirstPersonExampleMap 1.377
[2015.04.27-17.36.02:942][872]LogParticles: Destroying 0 GPU particle simulations for FXSystem 0x00000039A274A7A0
[2015.04.27-17.36.45:146][918]LogEditorViewport: Clicking on Actor (context menu): BP_Sky_Sphere_C (SkySphereBlueprint)
[2015.04.27-17.36.47:267][962]LogPlayLevel: PIE:  No blueprints needed recompiling
[2015.04.27-17.36.47:267][962]PIE: New page: PIE session: FirstPersonExampleMap (Apr 27, 2015, 3:36:47 AM)
[2015.04.27-17.36.47:289][962]LogPlayLevel: PIE: StaticDuplicateObject took: (0.021078s)
[2015.04.27-17.36.47:291][962]LogPlayLevel: PIE: World Init took: (0.001706s)
[2015.04.27-17.36.47:291][962]LogPlayLevel: PIE: Created PIE world by copying editor world from /Game/FirstPersonBP/Maps/FirstPersonExampleMap.FirstPersonExampleMap to /Game/FirstPersonBP/Maps/UEDPIE_0_FirstPersonExampleMap.FirstPersonExampleMap (0.023133s)
[2015.04.27-17.36.47:406][962]LogWorld: Game class is 'FirstPersonGameMode_C'
[2015.04.27-17.36.47:414][962]LogAIModule: Creating AISystem for world FirstPersonExampleMap
[2015.04.27-17.36.47:439][962]LogWorld: Bringing World /Game/FirstPersonBP/Maps/UEDPIE_0_FirstPersonExampleMap.FirstPersonExampleMap up for play (max tick rate 60) at 2015.04.27-10.36.47
[2015.04.27-17.36.47:442][962]LogWorld: Bringing up level for play took: 0.026682
[2015.04.27-17.36.47:446][962]PIE: Info Play in editor start time for /Game/FirstPersonBP/Maps/UEDPIE_0_FirstPersonExampleMap -0.043
[2015.04.27-17.36.49:483][ 33]Cmd: LevelEditor.ToggleImmersive
[2015.04.27-17.36.49:754][ 34]LogRenderer:Warning: Reallocating scene render targets to support 1360x720 (Frame:2757).
[2015.04.27-17.36.49:892][ 35]LogRenderer:Warning: Reallocating scene render targets to support 1368x728 (Frame:2759).
[2015.04.27-17.37.27:657][772]LogParticles: Destroying 0 GPU particle simulations for FXSystem 0x00000039A32C5760
[2015.04.27-17.38.28:525][447]Cmd: SELECT NONE
[2015.04.27-17.38.29:213][465]Cmd: SELECT NONE
[2015.04.27-17.38.46:466][928]Cmd: QUIT_EDITOR
[2015.04.27-17.38.46:744][928]LogExit: Preparing to exit.
[2015.04.27-17.38.47:350][928]LogExit: Editor shut down
[2015.04.27-17.38.47:351][928]LogExit: Transaction tracking system shut down
[2015.04.27-17.38.47:352][928]LogParticles: Destroying 0 GPU particle simulations for FXSystem 0x000000399BFE0360
[2015.04.27-17.38.47:353][928]LogParticles: Destroying 0 GPU particle simulations for FXSystem 0x00000039CE71B600
[2015.04.27-17.38.47:353][928]LogParticles: Destroying 0 GPU particle simulations for FXSystem 0x00000039A15D18A0
[2015.04.27-17.38.47:353][928]LogParticles: Destroying 0 GPU particle simulations for FXSystem 0x00000039A15D1940
[2015.04.27-17.38.47:512][928]LogExit: Object subsystem successfully closed.
[2015.04.27-17.38.47:565][928]LogModuleManager: Shutting down and abandoning module CrashTracker (177)
[2015.04.27-17.38.47:565][928]LogModuleManager: Shutting down and abandoning module SuperSearch (176)
[2015.04.27-17.38.47:565][928]LogModuleManager: Shutting down and abandoning module SceneOutliner (175)
[2015.04.27-17.38.47:565][928]LogModuleManager: Shutting down and abandoning module EditorWidgets (174)
[2015.04.27-17.38.47:565][928]LogModuleManager: Shutting down and abandoning module CollectionManager (173)
[2015.04.27-17.38.47:565][928]LogModuleManager: Shutting down and abandoning module StatsViewer (172)
[2015.04.27-17.38.47:565][928]LogModuleManager: Shutting down and abandoning module FoliageEdit (171)
[2015.04.27-17.38.47:565][928]LogModuleManager: Shutting down and abandoning module LandscapeEditor (170)
[2015.04.27-17.38.47:565][928]LogModuleManager: Shutting down and abandoning module MeshPaint (169)
[2015.04.27-17.38.47:565][928]LogModuleManager: Shutting down and abandoning module ActorPickerMode (168)
[2015.04.27-17.38.47:565][928]LogModuleManager: Shutting down and abandoning module GeometryMode (167)
[2015.04.27-17.38.47:565][928]LogModuleManager: Shutting down and abandoning module TextureAlignMode (166)
[2015.04.27-17.38.47:566][928]LogModuleManager: Shutting down and abandoning module BspMode (165)
[2015.04.27-17.38.47:566][928]LogModuleManager: Shutting down and abandoning module PlacementMode (164)
[2015.04.27-17.38.47:566][928]LogModuleManager: Shutting down and abandoning module AutomationWorker (163)
[2015.04.27-17.38.47:566][928]LogModuleManager: Shutting down and abandoning module CharacterAI (162)
[2015.04.27-17.38.47:566][928]LogModuleManager: Shutting down and abandoning module SmartSnapping (161)
[2015.04.27-17.38.47:566][928]LogModuleManager: Shutting down and abandoning module ViewportSnapping (160)
[2015.04.27-17.38.47:566][928]LogModuleManager: Shutting down and abandoning module LogVisualizer (159)
[2015.04.27-17.38.47:566][928]LogModuleManager: Shutting down and abandoning module GameProjectGeneration (158)
[2015.04.27-17.38.47:566][928]LogModuleManager: Shutting down and abandoning module IntroTutorials (157)
[2015.04.27-17.38.47:566][928]LogModuleManager: Shutting down and abandoning module EditorLiveStreaming (156)
[2015.04.27-17.38.47:566][928]LogModuleManager: Shutting down and abandoning module HardwareTargeting (155)
[2015.04.27-17.38.47:566][928]LogModuleManager: Shutting down and abandoning module DeviceProfileEditor (154)
[2015.04.27-17.38.47:566][928]LogModuleManager: Shutting down and abandoning module UndoHistory (153)
[2015.04.27-17.38.47:566][928]LogModuleManager: Shutting down and abandoning module GameplayTagsEditor (152)
[2015.04.27-17.38.47:566][928]LogModuleManager: Shutting down and abandoning module UserFeedback (151)
[2015.04.27-17.38.47:566][928]LogModuleManager: Shutting down and abandoning module XmlParser (150)
[2015.04.27-17.38.47:566][928]LogModuleManager: Shutting down and abandoning module Blutility (149)
[2015.04.27-17.38.47:566][928]LogModuleManager: Shutting down and abandoning module IOSPlatformEditor (148)
[2015.04.27-17.38.47:566][928]LogModuleManager: Shutting down and abandoning module IOSRuntimeSettings (147)
[2015.04.27-17.38.47:566][928]LogModuleManager: Shutting down and abandoning module AndroidDeviceDetection (146)
[2015.04.27-17.38.48:089][928]LogModuleManager: Shutting down and abandoning module AndroidPlatformEditor (145)
[2015.04.27-17.38.48:089][928]LogModuleManager: Shutting down and abandoning module AndroidRuntimeSettings (144)
[2015.04.27-17.38.48:089][928]LogModuleManager: Shutting down and abandoning module ProjectTargetPlatformEditor (143)
[2015.04.27-17.38.48:090][928]LogModuleManager: Shutting down and abandoning module ProjectSettingsViewer (142)
[2015.04.27-17.38.48:090][928]LogModuleManager: Shutting down and abandoning module InputBindingEditor (141)
[2015.04.27-17.38.48:090][928]LogModuleManager: Shutting down and abandoning module EditorSettingsViewer (140)
[2015.04.27-17.38.48:090][928]LogModuleManager: Shutting down and abandoning module SettingsEditor (139)
[2015.04.27-17.38.48:090][928]LogModuleManager: Shutting down and abandoning module ProjectLauncher (138)
[2015.04.27-17.38.48:090][928]LogModuleManager: Shutting down and abandoning module SessionFrontend (137)
[2015.04.27-17.38.48:091][928]LogModuleManager: Shutting down and abandoning module ProfilerClient (136)
[2015.04.27-17.38.48:091][928]LogModuleManager: Shutting down and abandoning module TargetDeviceServices (135)
[2015.04.27-17.38.48:091][928]LogModuleManager: Shutting down and abandoning module DeviceManager (134)
[2015.04.27-17.38.48:091][928]LogModuleManager: Shutting down and abandoning module AutomationController (133)
[2015.04.27-17.38.48:091][928]LogModuleManager: Shutting down and abandoning module AutomationWindow (132)
[2015.04.27-17.38.48:091][928]LogModuleManager: Shutting down and abandoning module Layers (131)
[2015.04.27-17.38.48:091][928]LogModuleManager: Shutting down and abandoning module ComponentVisualizers (130)
[2015.04.27-17.38.48:091][928]LogModuleManager: Shutting down and abandoning module DetailCustomizations (129)
[2015.04.27-17.38.48:091][928]LogModuleManager: Shutting down and abandoning module PackagesDialog (128)
[2015.04.27-17.38.48:092][928]LogModuleManager: Shutting down and abandoning module AssetRegistry (127)
[2015.04.27-17.38.48:168][928]LogModuleManager: Shutting down and abandoning module Persona (126)
[2015.04.27-17.38.48:168][928]LogModuleManager: Shutting down and abandoning module SlateReflector (125)
[2015.04.27-17.38.48:168][928]LogModuleManager: Shutting down and abandoning module LevelEditor (124)
[2015.04.27-17.38.48:169][928]LogModuleManager: Shutting down and abandoning module Kismet (123)
[2015.04.27-17.38.48:169][928]LogModuleManager: Shutting down and abandoning module GraphEditor (122)
[2015.04.27-17.38.48:169][928]LogModuleManager: Shutting down and abandoning module ClassViewer (121)
[2015.04.27-17.38.48:169][928]LogModuleManager: Shutting down and abandoning module Toolbox (120)
[2015.04.27-17.38.48:169][928]LogModuleManager: Shutting down and abandoning module ModuleUI (119)
[2015.04.27-17.38.48:169][928]LogModuleManager: Shutting down and abandoning module MovieSceneTools (118)
[2015.04.27-17.38.48:169][928]LogModuleManager: Shutting down and abandoning module OutputLog (117)
[2015.04.27-17.38.48:169][928]LogModuleManager: Shutting down and abandoning module GammaUI (116)
[2015.04.27-17.38.48:169][928]LogModuleManager: Shutting down and abandoning module Documentation (115)
[2015.04.27-17.38.48:169][928]LogModuleManager: Shutting down and abandoning module GameLiveStreaming (114)
[2015.04.27-17.38.48:169][928]LogModuleManager: Shutting down and abandoning module StreamingPauseRendering (113)
[2015.04.27-17.38.48:169][928]LogModuleManager: Shutting down and abandoning module HTTP (112)
[2015.04.27-17.38.48:169][928]LogModuleManager: Shutting down and abandoning module AnalyticsET (111)
[2015.04.27-17.38.48:169][928]LogModuleManager: Shutting down and abandoning module Analytics (110)
[2015.04.27-17.38.48:169][928]LogModuleManager: Shutting down and abandoning module AITestSuite (109)
[2015.04.27-17.38.48:169][928]LogModuleManager: Shutting down and abandoning module GameplayDebugger (108)
[2015.04.27-17.38.48:169][928]LogModuleManager: Shutting down and abandoning module AIModule (107)
[2015.04.27-17.38.48:169][928]LogModuleManager: Shutting down and abandoning module ProfilerService (106)
[2015.04.27-17.38.48:187][928]LogModuleManager: Shutting down and abandoning module TaskGraph (105)
[2015.04.27-17.38.48:187][928]LogModuleManager: Shutting down and abandoning module SlateRemote (104)
[2015.04.27-17.38.48:187][928]LogModuleManager: Shutting down and abandoning module ScriptEditorPlugin (103)
[2015.04.27-17.38.48:187][928]LogModuleManager: Shutting down and abandoning module CustomMeshComponent (102)
[2015.04.27-17.38.48:187][928]LogModuleManager: Shutting down and abandoning module CableComponent (101)
[2015.04.27-17.38.48:187][928]LogModuleManager: Shutting down and abandoning module MessagingDebugger (100)
[2015.04.27-17.38.48:187][928]LogModuleManager: Shutting down and abandoning module MediaPlayerEditor (99)
[2015.04.27-17.38.48:187][928]LogModuleManager: Shutting down and abandoning module SpeedTreeImporter (98)
[2015.04.27-17.38.48:187][928]LogModuleManager: Shutting down and abandoning module PluginsEditor (97)
[2015.04.27-17.38.48:187][928]LogModuleManager: Shutting down and abandoning module MainFrame (96)
[2015.04.27-17.38.48:187][928]LogModuleManager: Shutting down and abandoning module EpicSurvey (95)
[2015.04.27-17.38.48:187][928]LogModuleManager: Shutting down and abandoning module DesktopPlatform (94)
[2015.04.27-17.38.48:187][928]LogModuleManager: Shutting down and abandoning module DirectoryWatcher (93)
[2015.04.27-17.38.48:188][928]LogModuleManager: Shutting down and abandoning module HotReload (92)
[2015.04.27-17.38.48:188][928]LogModuleManager: Shutting down and abandoning module VisualStudioSourceCodeAccess (91)
[2015.04.27-17.38.48:188][928]LogModuleManager: Shutting down and abandoning module UObjectPlugin (90)
[2015.04.27-17.38.48:188][928]LogModuleManager: Shutting down and abandoning module SubversionSourceControl (89)
[2015.04.27-17.38.48:188][928]LogModuleManager: Shutting down and abandoning module PerforceSourceControl (88)
[2015.04.27-17.38.48:188][928]LogModuleManager: Shutting down and abandoning module SourceControl (87)
[2015.04.27-17.38.48:188][928]LogModuleManager: Shutting down and abandoning module GitSourceControl (86)
[2015.04.27-17.38.48:188][928]LogModuleManager: Shutting down and abandoning module BlankPlugin (85)
[2015.04.27-17.38.48:188][928]LogModuleManager: Shutting down and abandoning module PaperTiledImporter (84)
[2015.04.27-17.38.48:188][928]LogModuleManager: Shutting down and abandoning module PaperJsonImporter (83)
[2015.04.27-17.38.48:188][928]LogModuleManager: Shutting down and abandoning module ContentBrowser (82)
[2015.04.27-17.38.48:188][928]LogModuleManager: Shutting down and abandoning module Paper2DEditor (81)
[2015.04.27-17.38.48:189][928]LogModuleManager: Shutting down and abandoning module ScriptPlugin (80)
[2015.04.27-17.38.48:189][928]LogModuleManager: Shutting down and abandoning module UdpMessaging (79)
[2015.04.27-17.38.48:289][928]LogModuleManager: Shutting down and abandoning module Paper2D (78)
[2015.04.27-17.38.48:289][928]LogModuleManager: Shutting down and abandoning module WindowsMoviePlayer (77)
[2015.04.27-17.38.48:296][928]LogModuleManager: Shutting down and abandoning module Media (76)
[2015.04.27-17.38.48:296][928]LogModuleManager: Shutting down and abandoning module WmfMedia (75)
[2015.04.27-17.38.48:297][928]LogModuleManager: Shutting down and abandoning module OnlineBlueprintSupport (74)
[2015.04.27-17.38.48:297][928]LogModuleManager: Shutting down and abandoning module PropertyEditor (73)
[2015.04.27-17.38.48:297][928]LogModuleManager: Shutting down and abandoning module BehaviorTreeEditor (72)
[2015.04.27-17.38.48:297][928]LogModuleManager: Shutting down and abandoning module FunctionalTesting (71)
[2015.04.27-17.38.48:297][928]LogModuleManager: Shutting down and abandoning module CollisionAnalyzer (70)
[2015.04.27-17.38.48:297][928]LogModuleManager: Shutting down and abandoning module WorkspaceMenuStructure (69)
[2015.04.27-17.38.48:297][928]LogModuleManager: Shutting down and abandoning module MessageLog (68)
[2015.04.27-17.38.48:297][928]LogModuleManager: Shutting down and abandoning module Sequencer (67)
[2015.04.27-17.38.48:297][928]LogModuleManager: Shutting down and abandoning module AssetTools (66)
[2015.04.27-17.38.48:298][928]LogModuleManager: Shutting down and abandoning module UMGEditor (65)
[2015.04.27-17.38.48:298][928]LogModuleManager: Shutting down and abandoning module UMG (64)
[2015.04.27-17.38.48:298][928]LogModuleManager: Shutting down and abandoning module Slate (63)
[2015.04.27-17.38.48:298][928]LogModuleManager: Shutting down and abandoning module EditorStyle (62)
[2015.04.27-17.38.48:312][928]LogModuleManager: Shutting down and abandoning module SessionServices (61)
[2015.04.27-17.38.48:312][928]LogModuleManager: Shutting down and abandoning module SourceCodeAccess (60)
[2015.04.27-17.38.48:312][928]LogModuleManager: Shutting down and abandoning module HeadMountedDisplay (59)
[2015.04.27-17.38.48:312][928]LogModuleManager: Shutting down and abandoning module XAudio2 (58)
[2015.04.27-17.38.48:312][928]LogModuleManager: Shutting down and abandoning module Networking (56)
[2015.04.27-17.38.48:312][928]LogModuleManager: Shutting down and abandoning module Core (55)
[2015.04.27-17.38.48:312][928]LogModuleManager: Shutting down and abandoning module KismetCompiler (54)
[2015.04.27-17.38.48:312][928]LogModuleManager: Shutting down and abandoning module PhysXFormats (53)
[2015.04.27-17.38.48:312][928]LogModuleManager: Shutting down and abandoning module MeshUtilities (52)
[2015.04.27-17.38.48:312][928]LogModuleManager: Shutting down and abandoning module DerivedDataCache (51)
[2015.04.27-17.38.48:411][928]LogDerivedDataCache: Shutdown
[2015.04.27-17.38.48:411][928]LogModuleManager: Shutting down and abandoning module ShaderFormatOpenGL (50)
[2015.04.27-17.38.48:411][928]LogModuleManager: Shutting down and abandoning module ShaderFormatD3D (49)
[2015.04.27-17.38.48:411][928]LogModuleManager: Shutting down and abandoning module MetalShaderFormat (48)
[2015.04.27-17.38.48:411][928]LogModuleManager: Shutting down and abandoning module TextureFormatUncompressed (47)
[2015.04.27-17.38.48:411][928]LogModuleManager: Shutting down and abandoning module TextureFormatPVR (46)
[2015.04.27-17.38.48:411][928]LogModuleManager: Shutting down and abandoning module TextureFormatIntelISPCTexComp (45)
[2015.04.27-17.38.48:411][928]LogModuleManager: Shutting down and abandoning module TextureFormatDXT (44)
[2015.04.27-17.38.48:411][928]LogModuleManager: Shutting down and abandoning module ImageWrapper (43)
[2015.04.27-17.38.48:411][928]LogModuleManager: Shutting down and abandoning module TextureFormatASTC (42)
[2015.04.27-17.38.48:412][928]LogModuleManager: Shutting down and abandoning module TextureFormatAndroid (41)
[2015.04.27-17.38.48:412][928]LogModuleManager: Shutting down and abandoning module AudioFormatOpus (40)
[2015.04.27-17.38.48:412][928]LogModuleManager: Shutting down and abandoning module AudioFormatOgg (39)
[2015.04.27-17.38.48:412][928]LogModuleManager: Shutting down and abandoning module AudioFormatADPCM (38)
[2015.04.27-17.38.48:412][928]LogModuleManager: Shutting down and abandoning module LinuxTargetPlatform (37)
[2015.04.27-17.38.48:412][928]LogModuleManager: Shutting down and abandoning module LinuxServerTargetPlatform (36)
[2015.04.27-17.38.48:412][928]LogModuleManager: Shutting down and abandoning module LinuxNoEditorTargetPlatform (35)
[2015.04.27-17.38.48:412][928]LogModuleManager: Shutting down and abandoning module Messaging (34)
[2015.04.27-17.38.48:412][928]LogModuleManager: Shutting down and abandoning module IOSTargetPlatform (33)
[2015.04.27-17.38.48:412][928]LogModuleManager: Shutting down and abandoning module HTML5TargetPlatform (32)
[2015.04.27-17.38.48:412][928]LogModuleManager: Shutting down and abandoning module Android_PVRTCTargetPlatform (31)
[2015.04.27-17.38.48:412][928]LogModuleManager: Shutting down and abandoning module Android_ETC2TargetPlatform (30)
[2015.04.27-17.38.48:412][928]LogModuleManager: Shutting down and abandoning module Android_ETC1TargetPlatform (29)
[2015.04.27-17.38.48:412][928]LogModuleManager: Shutting down and abandoning module Android_ES31TargetPlatform (28)
[2015.04.27-17.38.48:412][928]LogModuleManager: Shutting down and abandoning module Android_DXTTargetPlatform (27)
[2015.04.27-17.38.48:412][928]LogModuleManager: Shutting down and abandoning module Android_ATCTargetPlatform (26)
[2015.04.27-17.38.48:412][928]LogModuleManager: Shutting down and abandoning module AndroidTargetPlatform (25)
[2015.04.27-17.38.48:412][928]LogModuleManager: Shutting down and abandoning module WindowsTargetPlatform (24)
[2015.04.27-17.38.48:412][928]LogModuleManager: Shutting down and abandoning module WindowsServerTargetPlatform (23)
[2015.04.27-17.38.48:412][928]LogModuleManager: Shutting down and abandoning module WindowsNoEditorTargetPlatform (22)
[2015.04.27-17.38.48:412][928]LogModuleManager: Shutting down and abandoning module WindowsClientTargetPlatform (21)
[2015.04.27-17.38.48:412][928]LogModuleManager: Shutting down and abandoning module TargetPlatform (20)
[2015.04.27-17.38.48:413][928]LogModuleManager: Shutting down and abandoning module InputCore (19)
[2015.04.27-17.38.48:413][928]LogModuleManager: Shutting down and abandoning module Settings (18)
[2015.04.27-17.38.48:413][928]LogModuleManager: Shutting down and abandoning module OnlineSubsystem (16)
[2015.04.27-17.38.48:413][928]LogModuleManager: Shutting down and abandoning module OculusRift (15)
[2015.04.27-17.38.48:413][928]LogModuleManager: Shutting down and abandoning module ExampleDeviceProfileSelector (14)
[2015.04.27-17.38.48:413][928]LogModuleManager: Shutting down and abandoning module TextureCompressor (13)
[2015.04.27-17.38.48:413][928]LogModuleManager: Shutting down and abandoning module ShaderCore (12)
[2015.04.27-17.38.48:413][928]LogModuleManager: Shutting down and abandoning module Landscape (11)
[2015.04.27-17.38.48:413][928]LogModuleManager: Shutting down and abandoning module SlateRHIRenderer (10)
[2015.04.27-17.38.48:418][928]LogModuleManager: Shutting down and abandoning module OpenGLDrv (9)
[2015.04.27-17.38.48:418][928]LogModuleManager: Shutting down and abandoning module D3D11RHI (8)
[2015.04.27-17.38.48:418][928]LogModuleManager: Shutting down and abandoning module Renderer (7)
[2015.04.27-17.38.48:418][928]LogModuleManager: Shutting down and abandoning module Engine (6)
[2015.04.27-17.38.48:418][928]LogModuleManager: Shutting down and abandoning module CoreUObject (5)
[2015.04.27-17.38.48:418][928]LogModuleManager: Shutting down and abandoning module NetworkFile (4)
[2015.04.27-17.38.48:419][928]LogModuleManager: Shutting down and abandoning module StreamingFile (3)
[2015.04.27-17.38.48:419][928]LogModuleManager: Shutting down and abandoning module SandboxFile (2)
[2015.04.27-17.38.48:419][928]LogModuleManager: Shutting down and abandoning module PakFile (1)
[2015.04.27-17.38.48:420][928]LogExit: Exiting.
[2015.04.27-17.38.48:436][928]Log file closed, 04/27/15 10:38:48
