Log file open, 04/27/15 11:30:59
LogInit:Display: Running engine for game: DeadMeat
LogInit: Version: 4.7.5-2503383+++depot+UE4-Releases+4.7
LogInit: API Version: 2455222
LogInit: Compiled (64-bit): Apr  6 2015 23:21:51
LogInit: Compiled with Visual C++: 18.00.21005.01
LogInit: Build Configuration: Development
LogInit: Branch Name: ++depot+UE4-Releases+4.7
LogInit: Command line: 
LogInit: Base directory: C:/Program Files/Epic Games/4.7/Engine/Binaries/Win64/
LogInit: Rocket: 1
[2015.04.27-18.30.59:582][  0]LogTaskGraph: Started task graph with 3 named threads and 6 total threads.
[2015.04.27-18.30.59:647][  0]LogOnline:Warning: No default platform service specified for OnlineSubsystem
[2015.04.27-18.30.59:663][  0]LogInit: Presizing for 0 objects not considered by GC, pre-allocating 0 bytes.
[2015.04.27-18.30.59:675][  0]LogInit: Object subsystem initialized
[2015.04.27-18.30.59:677][  0]LogConsoleResponse:Warning: Skipping Unknown console variable: 'TranslucentSortAxis = (X=0.000000,Y=-1.000000,Z=0.000000)'
[2015.04.27-18.30.59:677][  0]LogConsoleResponse:Warning:   Found in ini file 'C:/Users/Flavio/Desktop/DeadMeat/Saved/Config/Windows/Engine.ini', in section '[/Script/Engine.RendererSettings]'
[2015.04.27-18.30.59:677][  0]LogConsoleResponse:Warning: Skipping Unknown console variable: 'UIScaleRule = ShortestSide'
[2015.04.27-18.30.59:677][  0]LogConsoleResponse:Warning:   Found in ini file 'C:/Users/Flavio/Desktop/DeadMeat/Saved/Config/Windows/Engine.ini', in section '[/Script/Engine.RendererSettings]'
[2015.04.27-18.30.59:677][  0]LogConsoleResponse:Warning: Skipping Unknown console variable: 'UIScaleCurve = (EditorCurveData=(Keys=),ExternalCurve=None)'
[2015.04.27-18.30.59:677][  0]LogConsoleResponse:Warning:   Found in ini file 'C:/Users/Flavio/Desktop/DeadMeat/Saved/Config/Windows/Engine.ini', in section '[/Script/Engine.RendererSettings]'
[2015.04.27-18.30.59:678][  0]LogInit: Selected Device Profile: [Windows]
[2015.04.27-18.30.59:678][  0]LogInit: Applying CVar settings loaded from the selected device profile: [Windows]
[2015.04.27-18.30.59:685][  0]LogInit: Computer: FLAVIO
[2015.04.27-18.30.59:685][  0]LogInit: User: Flavio
[2015.04.27-18.30.59:685][  0]LogInit: CPU Page size=4096, Cores=4
[2015.04.27-18.30.59:685][  0]LogInit: High frequency timer resolution =2.143577 MHz
[2015.04.27-18.30.59:685][  0]LogMemory: Memory total: Physical=7.9GB (8GB approx) Virtual=131072.0GB
[2015.04.27-18.30.59:685][  0]LogMemory: Platform Memory Stats for Windows
[2015.04.27-18.30.59:685][  0]LogMemory: Process Physical Memory: 46.68 MB used, 46.68 MB peak
[2015.04.27-18.30.59:685][  0]LogMemory: Process Virtual Memory: 26.91 MB used, 26.91 MB peak
[2015.04.27-18.30.59:685][  0]LogMemory: Physical Memory: 2438.03 MB used, 8086.16 MB total
[2015.04.27-18.30.59:685][  0]LogMemory: Virtual Memory: 298.75 MB used, 134217728.00 MB total
[2015.04.27-18.30.59:717][  0]LogD3D11RHI: Found D3D11 adapter 0: NVIDIA GeForce GT 540M (Feature Level 11_0)
[2015.04.27-18.30.59:717][  0]LogD3D11RHI: Adapter has 1994MB of dedicated video memory, 0MB of dedicated system memory, and 2047MB of shared system memory, 1 output[s]
[2015.04.27-18.30.59:734][  0]LogD3D11RHI: Found D3D11 adapter 1: NVIDIA GeForce GT 540M (Feature Level 11_0)
[2015.04.27-18.30.59:734][  0]LogD3D11RHI: Adapter has 1994MB of dedicated video memory, 0MB of dedicated system memory, and 2047MB of shared system memory, 0 output[s]
[2015.04.27-18.30.59:735][  0]LogD3D11RHI: Found D3D11 adapter 2: Microsoft Basic Render Driver (Feature Level 11_0)
[2015.04.27-18.30.59:735][  0]LogD3D11RHI: Adapter has 1994MB of dedicated video memory, 0MB of dedicated system memory, and 2047MB of shared system memory, 0 output[s]
[2015.04.27-18.30.59:735][  0]LogD3D11RHI: Chosen D3D11 Adapter Id = 0
[2015.04.27-18.30.59:739][  0]LogRHI: Texture pool is 1361 MB (70% of 1945 MB)
[2015.04.27-18.30.59:749][  0]LogD3D11RHI: Async texture creation enabled
[2015.04.27-18.30.59:816][  0]LogTextLocalizationManager: The requested culture ('en_US') has no localization data; parent culture's ('en') localization data will be used.
[2015.04.27-18.30.59:882][  0]LogTextLocalizationManager:Warning: Loading localization resources contain conflicting entries for (Namespace:UICommands, Key:Save_ToolTip):
Resource: (C:/Program Files/Epic Games/4.7/Engine/Content/Localization/Editor/en/Editor.locres) Hash: (-29098895) String: (Saves the current level to disk)
Resource: (C:/Program Files/Epic Games/4.7/Engine/Content/Localization/Engine/en/Engine.locres) Hash: (-1280300587) String: (Save selected data to vlog file)
[2015.04.27-18.30.59:882][  0]LogTextLocalizationManager:Warning: Loading localization resources contain conflicting entries for (Namespace:ContentBrowser, Key:ImportAssetToolTip):
Resource: (C:/Program Files/Epic Games/4.7/Engine/Content/Localization/Editor/en/Editor.locres) Hash: (-630476809) String: (Import to {0}...)
Resource: (C:/Program Files/Epic Games/4.7/Engine/Content/Localization/Editor/en/Editor.locres) Hash: (1271782899) String: (Imports an asset from file to this folder.)
[2015.04.27-18.30.59:969][  0]LogContentStreaming: Texture pool size is 0.000000MB
[2015.04.27-18.31.02:593][  0]LogTargetPlatformManager:Display: Building Assets For Windows
[2015.04.27-18.31.03:206][  0]LogTargetPlatformManager:Display: Building Assets For Windows
[2015.04.27-18.31.03:279][  0]LogDerivedDataCache:Display: Max Cache Size: 512 MB
[2015.04.27-18.31.03:326][  0]LogDerivedDataCache: Loaded boot cache 0.05s 39MB C:/Users/Flavio/AppData/Local/UnrealEngine/4.7/DerivedDataCache/Boot.ddc.
[2015.04.27-18.31.03:326][  0]LogDerivedDataCache:Display: Loaded Boot cache: C:/Users/Flavio/AppData/Local/UnrealEngine/4.7/DerivedDataCache/Boot.ddc
[2015.04.27-18.31.03:326][  0]LogDerivedDataCache: FDerivedDataBackendGraph:  Pak pak cache file ../../../../../../Users/Flavio/Desktop/DeadMeat/DerivedDataCache/DDC.ddp not found, will not use a pak cache.
[2015.04.27-18.31.03:326][  0]LogDerivedDataCache: Unable to find inner node Pak for hierarchical cache Hierarchy.
[2015.04.27-18.31.03:459][  0]LogDerivedDataCache:Display: Pak cache opened for reading ../../../Engine/DerivedDataCache/Compressed.ddp.
[2015.04.27-18.31.03:471][  0]LogDerivedDataCache: Using Local data cache path C:/Users/Flavio/AppData/Local/UnrealEngine/Common/DerivedDataCache: Writable
[2015.04.27-18.31.03:819][  0]LogMeshUtilities: No automatic mesh reduction module available
[2015.04.27-18.31.03:819][  0]LogMeshUtilities: No automatic mesh merging module available
[2015.04.27-18.31.04:381][  0]LogInit: WinSock: version 1.1 (2.2), MaxSocks=32767, MaxUdp=65467
[2015.04.27-18.31.04:470][  0]LogSlate:Warning: Failed to load font data from '../../../Engine/Content/Slate/Fonts/Roboto-Italic.ttf'
[2015.04.27-18.31.05:431][  0]UdpMessaging: Initializing bridge on interface 0.0.0.0:0 to multicast group 230.0.0.1:6666.
[2015.04.27-18.31.05:689][  0]SourceControl: Info Source control is disabled
[2015.04.27-18.31.05:689][  0]SourceControl: Info Source control is disabled
[2015.04.27-18.31.05:689][  0]SourceControl: Info Source control is disabled
[2015.04.27-18.31.05:689][  0]LogSourceControl: RunCommandInternalRaw: 'git version'
[2015.04.27-18.31.05:689][  0]LogSourceControl: RunCommandInternalRaw: ExecProcess ReturnCode=2 OutResults=''
[2015.04.27-18.31.05:699][  0]SourceControl: Info Source control is disabled
[2015.04.27-18.31.05:910][  0]LogObj: 24232 objects as part of root set at end of initial load.
[2015.04.27-18.31.05:910][  0]LogUObjectAllocator: 5137176 out of 0 bytes used by permanent object pool.
[2015.04.27-18.31.06:007][  0]LogEngine: Initializing Engine...
[2015.04.27-18.31.08:216][  0]LogInit: XAudio2 using 'Speakers / Headphones (Realtek High Definition Audio)' : 2 channels at 48 kHz using 32 bits per sample (channel mask 0x3)
[2015.04.27-18.31.08:238][  0]LogInit: FAudioDevice initialized.
[2015.04.27-18.31.08:282][  0]LogAIModule: Creating AISystem for world NewWorld
[2015.04.27-18.31.08:307][  0]LogDerivedDataCache: Saved boot cache 0.02s 39MB C:/Users/Flavio/AppData/Local/UnrealEngine/4.7/DerivedDataCache/Boot.ddc.
[2015.04.27-18.31.08:314][  0]LogInit: Texture streaming: Enabled
[2015.04.27-18.31.08:420][  0]LogAnalytics: Creating configured Analytics provider AnalyticsET
[2015.04.27-18.31.08:420][  0]LogAnalytics: ET APIKey = Rocket.Release. APIServer = http://et2.epicgames.com/ET2/. AppVersion = 4.7.5-2503383+++depot+UE4-Releases+4.7
[2015.04.27-18.31.08:420][  0]LogAnalytics: ET APIKey = Rocket.Release. DataRouterUploadURL = https://datarouter-public-service-gamedev.ol.epicgames.net/datarouter/api/v1/public/data. AppVersion = 4.7.5-2503383+++depot+UE4-Releases+4.7
[2015.04.27-18.31.08:420][  0]LogAnalytics: SetUserId 4e83ebe942835539779746b43e4f93f7|14919f3d0643489ba6ad3048feb4b89e|058e2274-dff7-494e-b518-f874ec975a59
[2015.04.27-18.31.08:421][  0]LogAnalytics: AnalyticsET::StartSession [Rocket.Release]
[2015.04.27-18.31.08:444][  0]LogInit: Transaction tracking system initialized
[2015.04.27-18.31.08:638][  0]BlueprintLog: New page: Editor Load
[2015.04.27-18.31.08:677][  0]LogAssetRegistry: FAssetRegistry took 0.0111 seconds to start up
[2015.04.27-18.31.08:677][  0]LogDirectoryWatcher:Warning: Failed to begin reading directory changes for ../../../Engine/Plugins/Experimental/CharacterAI/Content/. Error: 0
[2015.04.27-18.31.09:336][  0]LogTargetPlatformManager:Display: Building Assets For Windows
[2015.04.27-18.31.09:785][  0]LogTargetPlatformManager:Display: Building Assets For Windows
[2015.04.27-18.31.10:048][  0]LogLinker:Warning: Asset '../../../Engine/Content/Tutorial/Mobile/SettingUpAndroidTutorial.uasset' has been saved with empty engine version. The asset will be loaded but may be incompatible.
[2015.04.27-18.31.10:089][  0]LogSlate:Warning: Failed to load font data from '../../../Engine/Content/Editor/Slate/Fonts/Roboto-Regular.ttf'
[2015.04.27-18.31.10:089][  0]LogSlate:Warning: Failed to load font data from '../../../Engine/Content/Editor/Slate/Fonts/Roboto-Bold.ttf'
[2015.04.27-18.31.10:144][  0]LogConsoleResponse:Display: 
[2015.04.27-18.31.10:296][  0]LogCook:Display: Done creating registry. It took  0.00s.
[2015.04.27-18.31.10:459][  0]SourceControl: Info Source control is disabled
[2015.04.27-18.31.10:459][  0]Cmd: MAP LOAD FILE="../../../../../../Users/Flavio/Desktop/DeadMeat/Content/FirstPersonBP/Maps/FirstPersonExampleMap.umap" TEMPLATE=0 SHOWPROGRESS=1 FEATURELEVEL=3
[2015.04.27-18.31.10:460][  0]LightingResults: New page: Lighting Build
[2015.04.27-18.31.10:474][  0]MapCheck: New page: Map Check
[2015.04.27-18.31.10:474][  0]LightingResults: New page: Lighting Build
[2015.04.27-18.31.10:482][  0]LogParticles: Destroying 0 GPU particle simulations for FXSystem 0x0000009A802BE980
[2015.04.27-18.31.10:519][  0]LogLinker:Warning: Asset '../../../Engine/Content/EngineMeshes/Humanoid.uasset' has been saved with empty engine version. The asset will be loaded but may be incompatible.
[2015.04.27-18.31.12:567][  0]LogEditorServer: Finished looking for orphan Actors (0.000 secs)
[2015.04.27-18.31.13:617][  0]LogAIModule: Creating AISystem for world FirstPersonExampleMap
[2015.04.27-18.31.13:618][  0]Cmd: MAP CHECKDEP
[2015.04.27-18.31.13:619][  0]MapCheck: New page: FirstPersonExampleMap - Apr 27, 2015, 4:31:13 AM
[2015.04.27-18.31.13:751][  0]MapCheck: Info Map check complete: 0 Error(s), 0 Warning(s), took 132.327ms to complete.
[2015.04.27-18.31.13:751][  0]LogFileHelpers: Loading map 'FirstPersonExampleMap' took 3.292
[2015.04.27-18.31.13:886][  0]LogCollectionManager: Loaded 0 collections in 0.001884 seconds
[2015.04.27-18.31.13:898][  0]LogContentBrowser: Native class hierarchy populated in 0.0113 seconds. Added 1696 classes and 261 folders.
[2015.04.27-18.31.13:934][  0]LogContentBrowser: Native class hierarchy updated for 'SceneOutliner' in 0.0023 seconds. Added 1 classes and 2 folders.
[2015.04.27-18.31.13:992][  0]LogCrashTracker: Crashtracker disabled due to settings.
[2015.04.27-18.31.13:993][  0]LogSlate:Warning: Failed to load font data from 'Veranda'
[2015.04.27-18.31.14:000][  0]LogUObjectGlobals:Warning: Failed to find object 'Class None.'
[2015.04.27-18.31.14:027][  0]LogLoad: Full Startup: 16.39 seconds (BP compile: 0.68 seconds)
[2015.04.27-18.31.14:070][  0]LogContentBrowser:Verbose: The content browser source was changed by the sources view to '/Game/MixamoAnimPack/Mixamo_Adam/Anims'
[2015.04.27-18.31.14:209][  0]LogRenderer:Warning: Reallocating scene render targets to support 32x32 (Frame:2).
[2015.04.27-18.31.14:313][  0]LogRenderer:Warning: Reallocating scene render targets to support 856x376 (Frame:4).
[2015.04.27-18.31.15:191][  7]LogAssetRegistry: Asset discovery search completed in 6.5249 seconds
[2015.04.27-18.31.28:518][795]LogEditorViewport: Clicking on Actor (context menu): StaticMeshActor (Floor2)
[2015.04.27-18.31.30:093][856]LogPlayLevel: PIE:  No blueprints needed recompiling
[2015.04.27-18.31.30:093][856]PIE: New page: PIE session: FirstPersonExampleMap (Apr 27, 2015, 4:31:30 AM)
[2015.04.27-18.31.30:116][856]LogPlayLevel: PIE: StaticDuplicateObject took: (0.022339s)
[2015.04.27-18.31.30:117][856]LogPlayLevel: PIE: World Init took: (0.001111s)
[2015.04.27-18.31.30:118][856]LogPlayLevel: PIE: Created PIE world by copying editor world from /Game/FirstPersonBP/Maps/FirstPersonExampleMap.FirstPersonExampleMap to /Game/FirstPersonBP/Maps/UEDPIE_0_FirstPersonExampleMap.FirstPersonExampleMap (0.024556s)
[2015.04.27-18.31.30:308][856]LogWorld: Game class is 'FirstPersonGameMode_C'
[2015.04.27-18.31.30:311][856]LogAIModule: Creating AISystem for world FirstPersonExampleMap
[2015.04.27-18.31.30:324][856]LogWorld: Bringing World /Game/FirstPersonBP/Maps/UEDPIE_0_FirstPersonExampleMap.FirstPersonExampleMap up for play (max tick rate 60) at 2015.04.27-11.31.30
[2015.04.27-18.31.30:326][856]LogWorld: Bringing up level for play took: 0.014661
[2015.04.27-18.31.30:328][856]PIE: Info Play in editor start time for /Game/FirstPersonBP/Maps/UEDPIE_0_FirstPersonExampleMap 0.839
[2015.04.27-18.31.37:835][295]LogParticles: Destroying 0 GPU particle simulations for FXSystem 0x0000009AADA52480
[2015.04.27-18.31.40:492][449]LogEditorViewport: Clicking on Actor (LMB): SkeletalMeshActor (Mixamo_Adam_Sword_Slash)
[2015.04.27-18.33.11:751][900]LogEditorViewport: Clicking on Actor (context menu): StaticMeshActor (Wall1)
[2015.04.27-18.33.13:307][967]LogPlayLevel: PIE:  No blueprints needed recompiling
[2015.04.27-18.33.13:307][967]PIE: New page: PIE session: FirstPersonExampleMap (Apr 27, 2015, 4:33:13 AM)
[2015.04.27-18.33.13:329][967]LogPlayLevel: PIE: StaticDuplicateObject took: (0.021325s)
[2015.04.27-18.33.13:332][967]LogPlayLevel: PIE: World Init took: (0.003498s)
[2015.04.27-18.33.13:333][967]LogPlayLevel: PIE: Created PIE world by copying editor world from /Game/FirstPersonBP/Maps/FirstPersonExampleMap.FirstPersonExampleMap to /Game/FirstPersonBP/Maps/UEDPIE_0_FirstPersonExampleMap.FirstPersonExampleMap (0.025163s)
[2015.04.27-18.33.13:408][967]LogWorld: Game class is 'FirstPersonGameMode_C'
[2015.04.27-18.33.13:411][967]LogAIModule: Creating AISystem for world FirstPersonExampleMap
[2015.04.27-18.33.13:424][967]LogWorld: Bringing World /Game/FirstPersonBP/Maps/UEDPIE_0_FirstPersonExampleMap.FirstPersonExampleMap up for play (max tick rate 60) at 2015.04.27-11.33.13
[2015.04.27-18.33.13:426][967]LogWorld: Bringing up level for play took: 0.014757
[2015.04.27-18.33.13:428][967]PIE: Info Play in editor start time for /Game/FirstPersonBP/Maps/UEDPIE_0_FirstPersonExampleMap -0.06
[2015.04.27-18.33.31:065][ 17]LogParticles: Destroying 0 GPU particle simulations for FXSystem 0x0000009AB2ED9E40
[2015.04.27-18.34.11:420][427]LogRenderer:Warning: Reallocating scene render targets to support 1048x504 (Frame:1575).
[2015.04.27-18.34.11:522][428]LogRenderer:Warning: Reallocating scene render targets to support 1368x728 (Frame:1577).
[2015.04.27-18.35.05:644][671]LogEditorViewport: Clicking on Actor (context menu): StaticMeshActor (Floor2)
[2015.04.27-18.35.25:889][822]LogPlayLevel: PIE:  No blueprints needed recompiling
[2015.04.27-18.35.25:889][822]PIE: New page: PIE session: FirstPersonExampleMap (Apr 27, 2015, 4:35:25 AM)
[2015.04.27-18.35.25:917][822]LogPlayLevel: PIE: StaticDuplicateObject took: (0.027052s)
[2015.04.27-18.35.25:920][822]LogPlayLevel: PIE: World Init took: (0.003786s)
[2015.04.27-18.35.25:921][822]LogPlayLevel: PIE: Created PIE world by copying editor world from /Game/FirstPersonBP/Maps/FirstPersonExampleMap.FirstPersonExampleMap to /Game/FirstPersonBP/Maps/UEDPIE_0_FirstPersonExampleMap.FirstPersonExampleMap (0.031205s)
[2015.04.27-18.35.26:024][822]LogWorld: Game class is 'FirstPersonGameMode_C'
[2015.04.27-18.35.26:031][822]LogAIModule: Creating AISystem for world FirstPersonExampleMap
[2015.04.27-18.35.26:060][822]LogWorld: Bringing World /Game/FirstPersonBP/Maps/UEDPIE_0_FirstPersonExampleMap.FirstPersonExampleMap up for play (max tick rate 60) at 2015.04.27-11.35.26
[2015.04.27-18.35.26:062][822]LogWorld: Bringing up level for play took: 0.029744
[2015.04.27-18.35.26:065][822]PIE: Info Play in editor start time for /Game/FirstPersonBP/Maps/UEDPIE_0_FirstPersonExampleMap 0.576
[2015.04.27-18.39.16:633][633]LogParticles: Destroying 0 GPU particle simulations for FXSystem 0x0000009AF99D05E0
[2015.04.27-18.39.24:999][ 73]LogLinker:Warning: Asset '../../../Engine/Content/Tutorial/SubEditors/PersonaAnimEditorTutorial.uasset' has been saved with empty engine version. The asset will be loaded but may be incompatible.
[2015.04.27-18.40.19:070][142]LogParticles: Destroying 0 GPU particle simulations for FXSystem 0x0000009AADA531A0
[2015.04.27-18.40.19:070][142]LogParticles: Destroying 0 GPU particle simulations for FXSystem 0x0000009AADA516C0
[2015.04.27-18.40.21:397][142]LogSavePackage: Save=2298.625977ms
[2015.04.27-18.40.21:397][142]LogSavePackage: Moving '../../../../../../Users/Flavio/Desktop/DeadMeat/Saved/FirstPersonExampleMap8FB6D7244BF3BF691ACF40BA31EDA4C1.tmp' to '../../../../../../Users/Flavio/Desktop/DeadMeat/Content/FirstPersonBP/Maps/FirstPersonExampleMap.umap'
[2015.04.27-18.40.46:693][657]LogEditorViewport: Clicking on Actor (context menu): StaticMeshActor (Wall7)
[2015.04.27-18.40.48:453][740]LogPlayLevel: PIE:  No blueprints needed recompiling
[2015.04.27-18.40.48:453][740]PIE: New page: PIE session: FirstPersonExampleMap (Apr 27, 2015, 4:40:48 AM)
[2015.04.27-18.40.48:488][740]LogPlayLevel: PIE: StaticDuplicateObject took: (0.034477s)
[2015.04.27-18.40.48:491][740]LogPlayLevel: PIE: World Init took: (0.003000s)
[2015.04.27-18.40.48:491][740]LogPlayLevel: PIE: Created PIE world by copying editor world from /Game/FirstPersonBP/Maps/FirstPersonExampleMap.FirstPersonExampleMap to /Game/FirstPersonBP/Maps/UEDPIE_0_FirstPersonExampleMap.FirstPersonExampleMap (0.037773s)
[2015.04.27-18.40.48:570][740]LogWorld: Game class is 'FirstPersonGameMode_C'
[2015.04.27-18.40.48:573][740]LogAIModule: Creating AISystem for world FirstPersonExampleMap
[2015.04.27-18.40.48:587][740]LogWorld: Bringing World /Game/FirstPersonBP/Maps/UEDPIE_0_FirstPersonExampleMap.FirstPersonExampleMap up for play (max tick rate 60) at 2015.04.27-11.40.48
[2015.04.27-18.40.48:588][740]LogWorld: Bringing up level for play took: 0.014771
[2015.04.27-18.40.48:590][740]PIE: Info Play in editor start time for /Game/FirstPersonBP/Maps/UEDPIE_0_FirstPersonExampleMap 1.102
[2015.04.27-18.40.49:805][811]Cmd: LevelEditor.ToggleImmersive
[2015.04.27-18.41.40:014][806]LogParticles: Destroying 0 GPU particle simulations for FXSystem 0x0000009A80175BC0
[2015.04.27-18.41.58:612][845]LogEditorViewport: Clicking on Actor (LMB): SkeletalMeshActor (Mixamo_Adam_Running_Jump)
[2015.04.27-18.42.07:581][341]Cmd: QUIT_EDITOR
[2015.04.27-18.42.07:935][341]LogExit: Preparing to exit.
[2015.04.27-18.42.08:826][341]LogExit: Editor shut down
[2015.04.27-18.42.08:826][341]LogExit: Transaction tracking system shut down
[2015.04.27-18.42.08:828][341]LogParticles: Destroying 0 GPU particle simulations for FXSystem 0x0000009A87D96C00
[2015.04.27-18.42.08:828][341]LogParticles: Destroying 0 GPU particle simulations for FXSystem 0x0000009AADFF7420
[2015.04.27-18.42.08:828][341]LogParticles: Destroying 0 GPU particle simulations for FXSystem 0x0000009AAEE099E0
[2015.04.27-18.42.08:829][341]LogParticles: Destroying 0 GPU particle simulations for FXSystem 0x0000009AAEE09760
[2015.04.27-18.42.08:829][341]LogParticles: Destroying 0 GPU particle simulations for FXSystem 0x0000009A871AF9C0
[2015.04.27-18.42.08:829][341]LogParticles: Destroying 0 GPU particle simulations for FXSystem 0x0000009A871AF880
[2015.04.27-18.42.09:039][341]LogExit: Object subsystem successfully closed.
[2015.04.27-18.42.09:089][341]LogModuleManager: Shutting down and abandoning module CrashTracker (177)
[2015.04.27-18.42.09:089][341]LogModuleManager: Shutting down and abandoning module SuperSearch (176)
[2015.04.27-18.42.09:089][341]LogModuleManager: Shutting down and abandoning module SceneOutliner (175)
[2015.04.27-18.42.09:089][341]LogModuleManager: Shutting down and abandoning module EditorWidgets (174)
[2015.04.27-18.42.09:089][341]LogModuleManager: Shutting down and abandoning module CollectionManager (173)
[2015.04.27-18.42.09:089][341]LogModuleManager: Shutting down and abandoning module StatsViewer (172)
[2015.04.27-18.42.09:089][341]LogModuleManager: Shutting down and abandoning module FoliageEdit (171)
[2015.04.27-18.42.09:089][341]LogModuleManager: Shutting down and abandoning module LandscapeEditor (170)
[2015.04.27-18.42.09:089][341]LogModuleManager: Shutting down and abandoning module MeshPaint (169)
[2015.04.27-18.42.09:089][341]LogModuleManager: Shutting down and abandoning module ActorPickerMode (168)
[2015.04.27-18.42.09:089][341]LogModuleManager: Shutting down and abandoning module GeometryMode (167)
[2015.04.27-18.42.09:089][341]LogModuleManager: Shutting down and abandoning module TextureAlignMode (166)
[2015.04.27-18.42.09:089][341]LogModuleManager: Shutting down and abandoning module BspMode (165)
[2015.04.27-18.42.09:089][341]LogModuleManager: Shutting down and abandoning module PlacementMode (164)
[2015.04.27-18.42.09:089][341]LogModuleManager: Shutting down and abandoning module AutomationWorker (163)
[2015.04.27-18.42.09:089][341]LogModuleManager: Shutting down and abandoning module CharacterAI (162)
[2015.04.27-18.42.09:089][341]LogModuleManager: Shutting down and abandoning module SmartSnapping (161)
[2015.04.27-18.42.09:089][341]LogModuleManager: Shutting down and abandoning module ViewportSnapping (160)
[2015.04.27-18.42.09:089][341]LogModuleManager: Shutting down and abandoning module LogVisualizer (159)
[2015.04.27-18.42.09:089][341]LogModuleManager: Shutting down and abandoning module GameProjectGeneration (158)
[2015.04.27-18.42.09:089][341]LogModuleManager: Shutting down and abandoning module IntroTutorials (157)
[2015.04.27-18.42.09:090][341]LogModuleManager: Shutting down and abandoning module EditorLiveStreaming (156)
[2015.04.27-18.42.09:090][341]LogModuleManager: Shutting down and abandoning module HardwareTargeting (155)
[2015.04.27-18.42.09:090][341]LogModuleManager: Shutting down and abandoning module DeviceProfileEditor (154)
[2015.04.27-18.42.09:090][341]LogModuleManager: Shutting down and abandoning module UndoHistory (153)
[2015.04.27-18.42.09:090][341]LogModuleManager: Shutting down and abandoning module GameplayTagsEditor (152)
[2015.04.27-18.42.09:090][341]LogModuleManager: Shutting down and abandoning module UserFeedback (151)
[2015.04.27-18.42.09:090][341]LogModuleManager: Shutting down and abandoning module XmlParser (150)
[2015.04.27-18.42.09:090][341]LogModuleManager: Shutting down and abandoning module Blutility (149)
[2015.04.27-18.42.09:090][341]LogModuleManager: Shutting down and abandoning module IOSPlatformEditor (148)
[2015.04.27-18.42.09:090][341]LogModuleManager: Shutting down and abandoning module IOSRuntimeSettings (147)
[2015.04.27-18.42.09:090][341]LogModuleManager: Shutting down and abandoning module AndroidDeviceDetection (146)
[2015.04.27-18.42.09:477][341]LogModuleManager: Shutting down and abandoning module AndroidPlatformEditor (145)
[2015.04.27-18.42.09:477][341]LogModuleManager: Shutting down and abandoning module AndroidRuntimeSettings (144)
[2015.04.27-18.42.09:477][341]LogModuleManager: Shutting down and abandoning module ProjectTargetPlatformEditor (143)
[2015.04.27-18.42.09:477][341]LogModuleManager: Shutting down and abandoning module ProjectSettingsViewer (142)
[2015.04.27-18.42.09:477][341]LogModuleManager: Shutting down and abandoning module InputBindingEditor (141)
[2015.04.27-18.42.09:477][341]LogModuleManager: Shutting down and abandoning module EditorSettingsViewer (140)
[2015.04.27-18.42.09:477][341]LogModuleManager: Shutting down and abandoning module SettingsEditor (139)
[2015.04.27-18.42.09:477][341]LogModuleManager: Shutting down and abandoning module ProjectLauncher (138)
[2015.04.27-18.42.09:477][341]LogModuleManager: Shutting down and abandoning module SessionFrontend (137)
[2015.04.27-18.42.09:477][341]LogModuleManager: Shutting down and abandoning module ProfilerClient (136)
[2015.04.27-18.42.09:477][341]LogModuleManager: Shutting down and abandoning module TargetDeviceServices (135)
[2015.04.27-18.42.09:477][341]LogModuleManager: Shutting down and abandoning module DeviceManager (134)
[2015.04.27-18.42.09:477][341]LogModuleManager: Shutting down and abandoning module AutomationController (133)
[2015.04.27-18.42.09:477][341]LogModuleManager: Shutting down and abandoning module AutomationWindow (132)
[2015.04.27-18.42.09:477][341]LogModuleManager: Shutting down and abandoning module Layers (131)
[2015.04.27-18.42.09:478][341]LogModuleManager: Shutting down and abandoning module ComponentVisualizers (130)
[2015.04.27-18.42.09:478][341]LogModuleManager: Shutting down and abandoning module DetailCustomizations (129)
[2015.04.27-18.42.09:478][341]LogModuleManager: Shutting down and abandoning module PackagesDialog (128)
[2015.04.27-18.42.09:478][341]LogModuleManager: Shutting down and abandoning module AssetRegistry (127)
[2015.04.27-18.42.09:589][341]LogModuleManager: Shutting down and abandoning module Persona (126)
[2015.04.27-18.42.09:589][341]LogModuleManager: Shutting down and abandoning module SlateReflector (125)
[2015.04.27-18.42.09:589][341]LogModuleManager: Shutting down and abandoning module LevelEditor (124)
[2015.04.27-18.42.09:590][341]LogModuleManager: Shutting down and abandoning module Kismet (123)
[2015.04.27-18.42.09:590][341]LogModuleManager: Shutting down and abandoning module GraphEditor (122)
[2015.04.27-18.42.09:590][341]LogModuleManager: Shutting down and abandoning module ClassViewer (121)
[2015.04.27-18.42.09:590][341]LogModuleManager: Shutting down and abandoning module Toolbox (120)
[2015.04.27-18.42.09:590][341]LogModuleManager: Shutting down and abandoning module ModuleUI (119)
[2015.04.27-18.42.09:590][341]LogModuleManager: Shutting down and abandoning module MovieSceneTools (118)
[2015.04.27-18.42.09:590][341]LogModuleManager: Shutting down and abandoning module OutputLog (117)
[2015.04.27-18.42.09:590][341]LogModuleManager: Shutting down and abandoning module GammaUI (116)
[2015.04.27-18.42.09:590][341]LogModuleManager: Shutting down and abandoning module Documentation (115)
[2015.04.27-18.42.09:590][341]LogModuleManager: Shutting down and abandoning module GameLiveStreaming (114)
[2015.04.27-18.42.09:590][341]LogModuleManager: Shutting down and abandoning module StreamingPauseRendering (113)
[2015.04.27-18.42.09:590][341]LogModuleManager: Shutting down and abandoning module HTTP (112)
[2015.04.27-18.42.09:591][341]LogModuleManager: Shutting down and abandoning module AnalyticsET (111)
[2015.04.27-18.42.09:591][341]LogModuleManager: Shutting down and abandoning module Analytics (110)
[2015.04.27-18.42.09:591][341]LogModuleManager: Shutting down and abandoning module AITestSuite (109)
[2015.04.27-18.42.09:591][341]LogModuleManager: Shutting down and abandoning module GameplayDebugger (108)
[2015.04.27-18.42.09:591][341]LogModuleManager: Shutting down and abandoning module AIModule (107)
[2015.04.27-18.42.09:591][341]LogModuleManager: Shutting down and abandoning module ProfilerService (106)
[2015.04.27-18.42.09:717][341]LogModuleManager: Shutting down and abandoning module TaskGraph (105)
[2015.04.27-18.42.09:717][341]LogModuleManager: Shutting down and abandoning module SlateRemote (104)
[2015.04.27-18.42.09:717][341]LogModuleManager: Shutting down and abandoning module ScriptEditorPlugin (103)
[2015.04.27-18.42.09:717][341]LogModuleManager: Shutting down and abandoning module CustomMeshComponent (102)
[2015.04.27-18.42.09:717][341]LogModuleManager: Shutting down and abandoning module CableComponent (101)
[2015.04.27-18.42.09:717][341]LogModuleManager: Shutting down and abandoning module MessagingDebugger (100)
[2015.04.27-18.42.09:717][341]LogModuleManager: Shutting down and abandoning module MediaPlayerEditor (99)
[2015.04.27-18.42.09:717][341]LogModuleManager: Shutting down and abandoning module SpeedTreeImporter (98)
[2015.04.27-18.42.09:717][341]LogModuleManager: Shutting down and abandoning module PluginsEditor (97)
[2015.04.27-18.42.09:717][341]LogModuleManager: Shutting down and abandoning module MainFrame (96)
[2015.04.27-18.42.09:717][341]LogModuleManager: Shutting down and abandoning module EpicSurvey (95)
[2015.04.27-18.42.09:717][341]LogModuleManager: Shutting down and abandoning module DesktopPlatform (94)
[2015.04.27-18.42.09:717][341]LogModuleManager: Shutting down and abandoning module DirectoryWatcher (93)
[2015.04.27-18.42.09:717][341]LogModuleManager: Shutting down and abandoning module HotReload (92)
[2015.04.27-18.42.09:717][341]LogModuleManager: Shutting down and abandoning module VisualStudioSourceCodeAccess (91)
[2015.04.27-18.42.09:718][341]LogModuleManager: Shutting down and abandoning module UObjectPlugin (90)
[2015.04.27-18.42.09:718][341]LogModuleManager: Shutting down and abandoning module SubversionSourceControl (89)
[2015.04.27-18.42.09:718][341]LogModuleManager: Shutting down and abandoning module PerforceSourceControl (88)
[2015.04.27-18.42.09:718][341]LogModuleManager: Shutting down and abandoning module SourceControl (87)
[2015.04.27-18.42.09:718][341]LogModuleManager: Shutting down and abandoning module GitSourceControl (86)
[2015.04.27-18.42.09:718][341]LogModuleManager: Shutting down and abandoning module BlankPlugin (85)
[2015.04.27-18.42.09:718][341]LogModuleManager: Shutting down and abandoning module PaperTiledImporter (84)
[2015.04.27-18.42.09:718][341]LogModuleManager: Shutting down and abandoning module PaperJsonImporter (83)
[2015.04.27-18.42.09:718][341]LogModuleManager: Shutting down and abandoning module ContentBrowser (82)
[2015.04.27-18.42.09:719][341]LogModuleManager: Shutting down and abandoning module Paper2DEditor (81)
[2015.04.27-18.42.09:719][341]LogModuleManager: Shutting down and abandoning module ScriptPlugin (80)
[2015.04.27-18.42.09:719][341]LogModuleManager: Shutting down and abandoning module UdpMessaging (79)
[2015.04.27-18.42.09:820][341]LogModuleManager: Shutting down and abandoning module Paper2D (78)
[2015.04.27-18.42.09:820][341]LogModuleManager: Shutting down and abandoning module WindowsMoviePlayer (77)
[2015.04.27-18.42.09:823][341]LogModuleManager: Shutting down and abandoning module Media (76)
[2015.04.27-18.42.09:823][341]LogModuleManager: Shutting down and abandoning module WmfMedia (75)
[2015.04.27-18.42.09:823][341]LogModuleManager: Shutting down and abandoning module OnlineBlueprintSupport (74)
[2015.04.27-18.42.09:823][341]LogModuleManager: Shutting down and abandoning module PropertyEditor (73)
[2015.04.27-18.42.09:823][341]LogModuleManager: Shutting down and abandoning module BehaviorTreeEditor (72)
[2015.04.27-18.42.09:823][341]LogModuleManager: Shutting down and abandoning module FunctionalTesting (71)
[2015.04.27-18.42.09:823][341]LogModuleManager: Shutting down and abandoning module CollisionAnalyzer (70)
[2015.04.27-18.42.09:823][341]LogModuleManager: Shutting down and abandoning module WorkspaceMenuStructure (69)
[2015.04.27-18.42.09:823][341]LogModuleManager: Shutting down and abandoning module MessageLog (68)
[2015.04.27-18.42.09:823][341]LogModuleManager: Shutting down and abandoning module Sequencer (67)
[2015.04.27-18.42.09:823][341]LogModuleManager: Shutting down and abandoning module AssetTools (66)
[2015.04.27-18.42.09:823][341]LogModuleManager: Shutting down and abandoning module UMGEditor (65)
[2015.04.27-18.42.09:823][341]LogModuleManager: Shutting down and abandoning module UMG (64)
[2015.04.27-18.42.09:823][341]LogModuleManager: Shutting down and abandoning module Slate (63)
[2015.04.27-18.42.09:823][341]LogModuleManager: Shutting down and abandoning module EditorStyle (62)
[2015.04.27-18.42.09:827][341]LogModuleManager: Shutting down and abandoning module SessionServices (61)
[2015.04.27-18.42.09:827][341]LogModuleManager: Shutting down and abandoning module SourceCodeAccess (60)
[2015.04.27-18.42.09:827][341]LogModuleManager: Shutting down and abandoning module HeadMountedDisplay (59)
[2015.04.27-18.42.09:827][341]LogModuleManager: Shutting down and abandoning module XAudio2 (58)
[2015.04.27-18.42.09:827][341]LogModuleManager: Shutting down and abandoning module Networking (56)
[2015.04.27-18.42.09:827][341]LogModuleManager: Shutting down and abandoning module Core (55)
[2015.04.27-18.42.09:827][341]LogModuleManager: Shutting down and abandoning module KismetCompiler (54)
[2015.04.27-18.42.09:827][341]LogModuleManager: Shutting down and abandoning module PhysXFormats (53)
[2015.04.27-18.42.09:827][341]LogModuleManager: Shutting down and abandoning module MeshUtilities (52)
[2015.04.27-18.42.09:827][341]LogModuleManager: Shutting down and abandoning module DerivedDataCache (51)
[2015.04.27-18.42.09:847][341]LogDerivedDataCache: Shutdown
[2015.04.27-18.42.09:847][341]LogModuleManager: Shutting down and abandoning module ShaderFormatOpenGL (50)
[2015.04.27-18.42.09:847][341]LogModuleManager: Shutting down and abandoning module ShaderFormatD3D (49)
[2015.04.27-18.42.09:847][341]LogModuleManager: Shutting down and abandoning module MetalShaderFormat (48)
[2015.04.27-18.42.09:847][341]LogModuleManager: Shutting down and abandoning module TextureFormatUncompressed (47)
[2015.04.27-18.42.09:847][341]LogModuleManager: Shutting down and abandoning module TextureFormatPVR (46)
[2015.04.27-18.42.09:847][341]LogModuleManager: Shutting down and abandoning module TextureFormatIntelISPCTexComp (45)
[2015.04.27-18.42.09:847][341]LogModuleManager: Shutting down and abandoning module TextureFormatDXT (44)
[2015.04.27-18.42.09:847][341]LogModuleManager: Shutting down and abandoning module ImageWrapper (43)
[2015.04.27-18.42.09:847][341]LogModuleManager: Shutting down and abandoning module TextureFormatASTC (42)
[2015.04.27-18.42.09:847][341]LogModuleManager: Shutting down and abandoning module TextureFormatAndroid (41)
[2015.04.27-18.42.09:847][341]LogModuleManager: Shutting down and abandoning module AudioFormatOpus (40)
[2015.04.27-18.42.09:848][341]LogModuleManager: Shutting down and abandoning module AudioFormatOgg (39)
[2015.04.27-18.42.09:848][341]LogModuleManager: Shutting down and abandoning module AudioFormatADPCM (38)
[2015.04.27-18.42.09:848][341]LogModuleManager: Shutting down and abandoning module LinuxTargetPlatform (37)
[2015.04.27-18.42.09:848][341]LogModuleManager: Shutting down and abandoning module LinuxServerTargetPlatform (36)
[2015.04.27-18.42.09:848][341]LogModuleManager: Shutting down and abandoning module LinuxNoEditorTargetPlatform (35)
[2015.04.27-18.42.09:848][341]LogModuleManager: Shutting down and abandoning module Messaging (34)
[2015.04.27-18.42.09:848][341]LogModuleManager: Shutting down and abandoning module IOSTargetPlatform (33)
[2015.04.27-18.42.09:848][341]LogModuleManager: Shutting down and abandoning module HTML5TargetPlatform (32)
[2015.04.27-18.42.09:848][341]LogModuleManager: Shutting down and abandoning module Android_PVRTCTargetPlatform (31)
[2015.04.27-18.42.09:848][341]LogModuleManager: Shutting down and abandoning module Android_ETC2TargetPlatform (30)
[2015.04.27-18.42.09:848][341]LogModuleManager: Shutting down and abandoning module Android_ETC1TargetPlatform (29)
[2015.04.27-18.42.09:848][341]LogModuleManager: Shutting down and abandoning module Android_ES31TargetPlatform (28)
[2015.04.27-18.42.09:848][341]LogModuleManager: Shutting down and abandoning module Android_DXTTargetPlatform (27)
[2015.04.27-18.42.09:848][341]LogModuleManager: Shutting down and abandoning module Android_ATCTargetPlatform (26)
[2015.04.27-18.42.09:848][341]LogModuleManager: Shutting down and abandoning module AndroidTargetPlatform (25)
[2015.04.27-18.42.09:848][341]LogModuleManager: Shutting down and abandoning module WindowsTargetPlatform (24)
[2015.04.27-18.42.09:848][341]LogModuleManager: Shutting down and abandoning module WindowsServerTargetPlatform (23)
[2015.04.27-18.42.09:848][341]LogModuleManager: Shutting down and abandoning module WindowsNoEditorTargetPlatform (22)
[2015.04.27-18.42.09:848][341]LogModuleManager: Shutting down and abandoning module WindowsClientTargetPlatform (21)
[2015.04.27-18.42.09:849][341]LogModuleManager: Shutting down and abandoning module TargetPlatform (20)
[2015.04.27-18.42.09:849][341]LogModuleManager: Shutting down and abandoning module InputCore (19)
[2015.04.27-18.42.09:849][341]LogModuleManager: Shutting down and abandoning module Settings (18)
[2015.04.27-18.42.09:849][341]LogModuleManager: Shutting down and abandoning module OnlineSubsystem (16)
[2015.04.27-18.42.09:849][341]LogModuleManager: Shutting down and abandoning module OculusRift (15)
[2015.04.27-18.42.09:849][341]LogModuleManager: Shutting down and abandoning module ExampleDeviceProfileSelector (14)
[2015.04.27-18.42.09:849][341]LogModuleManager: Shutting down and abandoning module TextureCompressor (13)
[2015.04.27-18.42.09:849][341]LogModuleManager: Shutting down and abandoning module ShaderCore (12)
[2015.04.27-18.42.09:849][341]LogModuleManager: Shutting down and abandoning module Landscape (11)
[2015.04.27-18.42.09:849][341]LogModuleManager: Shutting down and abandoning module SlateRHIRenderer (10)
[2015.04.27-18.42.09:854][341]LogModuleManager: Shutting down and abandoning module OpenGLDrv (9)
[2015.04.27-18.42.09:854][341]LogModuleManager: Shutting down and abandoning module D3D11RHI (8)
[2015.04.27-18.42.09:854][341]LogModuleManager: Shutting down and abandoning module Renderer (7)
[2015.04.27-18.42.09:854][341]LogModuleManager: Shutting down and abandoning module Engine (6)
[2015.04.27-18.42.09:854][341]LogModuleManager: Shutting down and abandoning module CoreUObject (5)
[2015.04.27-18.42.09:854][341]LogModuleManager: Shutting down and abandoning module NetworkFile (4)
[2015.04.27-18.42.09:854][341]LogModuleManager: Shutting down and abandoning module StreamingFile (3)
[2015.04.27-18.42.09:855][341]LogModuleManager: Shutting down and abandoning module SandboxFile (2)
[2015.04.27-18.42.09:855][341]LogModuleManager: Shutting down and abandoning module PakFile (1)
[2015.04.27-18.42.09:856][341]LogExit: Exiting.
[2015.04.27-18.42.09:872][341]Log file closed, 04/27/15 11:42:09
